<?xml version="1.0" encoding="UTF-8"?>
<robot generator="Robot 6.0.1 (Python 3.11.1 on win32)" generated="20230315 11:42:04.926" rpa="false" schemaversion="3">
<suite id="s1" name="projet3-ACCESSOIRES DE CABLAGES- Filtre" source="C:\Users\Ilham BOURHAIM\PycharmProjects\pythonProject13\projet3-ACCESSOIRES DE CABLAGES- Filtre">
<suite id="s1-s1" name="test1-Collier" source="C:\Users\Ilham BOURHAIM\PycharmProjects\pythonProject13\projet3-ACCESSOIRES DE CABLAGES- Filtre\test1-Collier.robot">
<test id="s1-s1-t1" name="Cables et fils electrique-ACCESSOIRES DE CÂBLAGES" line="8">
<kw name="open the browser with URL" library="resources">
<kw name="Create Webdriver" library="SeleniumLibrary">
<arg>Chrome</arg>
<doc>Creates an instance of Selenium WebDriver.</doc>
<msg timestamp="20230315 11:42:05.320" level="INFO">Creating an instance of the Chrome WebDriver.</msg>
<status status="PASS" starttime="20230315 11:42:05.304" endtime="20230315 11:42:07.561"/>
</kw>
<kw name="Go To" library="SeleniumLibrary">
<arg>${URL}</arg>
<doc>Navigates the current browser window to the provided ``url``.</doc>
<msg timestamp="20230315 11:42:07.561" level="INFO">Opening url 'http://192.168.31.31/'</msg>
<status status="PASS" starttime="20230315 11:42:07.561" endtime="20230315 11:42:09.841"/>
</kw>
<kw name="Maximize Browser Window" library="SeleniumLibrary">
<doc>Maximizes current browser window.</doc>
<status status="PASS" starttime="20230315 11:42:09.841" endtime="20230315 11:42:10.001"/>
</kw>
<kw name="Sleep" library="BuiltIn">
<arg>6</arg>
<doc>Pauses the test executed for the given time.</doc>
<msg timestamp="20230315 11:42:16.002" level="INFO">Slept 6 seconds</msg>
<status status="PASS" starttime="20230315 11:42:10.001" endtime="20230315 11:42:16.002"/>
</kw>
<status status="PASS" starttime="20230315 11:42:05.304" endtime="20230315 11:42:16.002"/>
</kw>
<kw name="clicker sur Cables et fils electrique - ACCESSOIRES DE CÂBLAGES - Collier" library="test1-Access-filtre">
<arg>${Categories}</arg>
<arg>${Câbles_fils_electrique}</arg>
<arg>${Access_Cab}</arg>
<arg>${Collier}</arg>
<kw name="Click Element" library="SeleniumLibrary">
<arg>${Categories3}</arg>
<doc>Click the element identified by ``locator``.</doc>
<msg timestamp="20230315 11:42:16.004" level="INFO">Clicking element 'xpath://span[contains(text(),'Categories')]'.</msg>
<status status="PASS" starttime="20230315 11:42:16.003" endtime="20230315 11:42:16.084"/>
</kw>
<kw name="Sleep" library="BuiltIn">
<arg>4</arg>
<doc>Pauses the test executed for the given time.</doc>
<msg timestamp="20230315 11:42:20.086" level="INFO">Slept 4 seconds</msg>
<status status="PASS" starttime="20230315 11:42:16.084" endtime="20230315 11:42:20.086"/>
</kw>
<kw name="Click Element" library="SeleniumLibrary">
<arg>${Câbles_fils_electrique}</arg>
<doc>Click the element identified by ``locator``.</doc>
<msg timestamp="20230315 11:42:20.086" level="INFO">Clicking element 'xpath://header/div[1]/div[2]/div[1]/div[1]/ul[1]/li[2]/div[2]/div[1]/ul[1]/li[2]/a[1]'.</msg>
<status status="PASS" starttime="20230315 11:42:20.086" endtime="20230315 11:42:21.144"/>
</kw>
<kw name="Sleep" library="BuiltIn">
<arg>5</arg>
<doc>Pauses the test executed for the given time.</doc>
<msg timestamp="20230315 11:42:26.145" level="INFO">Slept 5 seconds</msg>
<status status="PASS" starttime="20230315 11:42:21.145" endtime="20230315 11:42:26.145"/>
</kw>
<kw name="Click Element" library="SeleniumLibrary">
<arg>${Access_Cab}</arg>
<doc>Click the element identified by ``locator``.</doc>
<msg timestamp="20230315 11:42:26.149" level="INFO">Clicking element 'css:body.page-template-default.page.page-id-837.theme-flatsome.woocommerce-js.yith-wcan-pro.lightbox.nav-dropdown-has-shadow.nav-dropdown-has-border.page-template-blank.page-template-blank-php:nth-child(2) div.content-area section.section:nth-child(3) div.section-content.relative:nth-child(2) div.row div.col.medium-4.small-12.large-4:nth-child(5) div.col-inner.box-shadow-3:nth-child(1) div.row.row-collapse div.col.medium-8.large-8:nth-child(2) div.col-inner h3:nth-child(2) &gt; a:nth-child(1)'.</msg>
<status status="PASS" starttime="20230315 11:42:26.145" endtime="20230315 11:42:28.112"/>
</kw>
<kw name="Sleep" library="BuiltIn">
<arg>4</arg>
<doc>Pauses the test executed for the given time.</doc>
<msg timestamp="20230315 11:42:32.114" level="INFO">Slept 4 seconds</msg>
<status status="PASS" starttime="20230315 11:42:28.112" endtime="20230315 11:42:32.114"/>
</kw>
<kw name="Click Element" library="SeleniumLibrary">
<arg>${Collier}</arg>
<doc>Click the element identified by ``locator``.</doc>
<msg timestamp="20230315 11:42:32.116" level="INFO">Clicking element 'xpath://body/div[@id='wrapper']/main[@id='main']/div[1]/div[2]/div[1]/div[1]/div[2]/div[1]/div[1]/a[1]/div[1]/div[2]'.</msg>
<status status="PASS" starttime="20230315 11:42:32.114" endtime="20230315 11:42:33.237"/>
</kw>
<kw name="Sleep" library="BuiltIn">
<arg>4</arg>
<doc>Pauses the test executed for the given time.</doc>
<msg timestamp="20230315 11:42:37.239" level="INFO">Slept 4 seconds</msg>
<status status="PASS" starttime="20230315 11:42:33.238" endtime="20230315 11:42:37.239"/>
</kw>
<status status="PASS" starttime="20230315 11:42:16.002" endtime="20230315 11:42:37.239"/>
</kw>
<kw name="filtrer les produits by attribute" library="test1-Access-filtre">
<arg>${Fabricant}</arg>
<arg>${Couleur}</arg>
<arg>${Matériel}</arg>
<arg>${Taille-Dimension}</arg>
<kw name="Select From List By Index" library="SeleniumLibrary">
<arg>${Fabricant3}</arg>
<arg>${Fabricant}</arg>
<doc>Selects options from selection list ``locator`` by ``indexes``.</doc>
<msg timestamp="20230315 11:42:37.239" level="INFO">Selecting options from selection list 'xpath://body/div[@id='wrapper']/main[@id='main']/div[1]/div[1]/div[1]/aside[1]/div[2]/div[1]/div[2]/select[1]' by index 1.</msg>
<status status="PASS" starttime="20230315 11:42:37.239" endtime="20230315 11:42:37.476"/>
</kw>
<kw name="Sleep" library="BuiltIn">
<arg>7</arg>
<doc>Pauses the test executed for the given time.</doc>
<msg timestamp="20230315 11:42:44.478" level="INFO">Slept 7 seconds</msg>
<status status="PASS" starttime="20230315 11:42:37.476" endtime="20230315 11:42:44.478"/>
</kw>
<kw name="Select From List By Index" library="SeleniumLibrary">
<arg>${Couleur3}</arg>
<arg>${Couleur}</arg>
<doc>Selects options from selection list ``locator`` by ``indexes``.</doc>
<msg timestamp="20230315 11:42:44.478" level="INFO">Selecting options from selection list 'xpath://body/div[@id='wrapper']/main[@id='main']/div[1]/div[1]/div[1]/aside[1]/div[2]/div[2]/div[2]/select[1]' by index 1.</msg>
<status status="PASS" starttime="20230315 11:42:44.478" endtime="20230315 11:42:44.599"/>
</kw>
<kw name="Sleep" library="BuiltIn">
<arg>7</arg>
<doc>Pauses the test executed for the given time.</doc>
<msg timestamp="20230315 11:42:51.600" level="INFO">Slept 7 seconds</msg>
<status status="PASS" starttime="20230315 11:42:44.599" endtime="20230315 11:42:51.600"/>
</kw>
<kw name="Select From List By Index" library="SeleniumLibrary">
<arg>${Matériel3}</arg>
<arg>${Matériel}</arg>
<doc>Selects options from selection list ``locator`` by ``indexes``.</doc>
<msg timestamp="20230315 11:42:51.600" level="INFO">Selecting options from selection list 'xpath://body/div[@id='wrapper']/main[@id='main']/div[1]/div[1]/div[1]/aside[1]/div[2]/div[3]/div[2]/select[1]' by index 1.</msg>
<status status="PASS" starttime="20230315 11:42:51.600" endtime="20230315 11:42:51.743"/>
</kw>
<kw name="Sleep" library="BuiltIn">
<arg>7</arg>
<doc>Pauses the test executed for the given time.</doc>
<msg timestamp="20230315 11:42:58.744" level="INFO">Slept 7 seconds</msg>
<status status="PASS" starttime="20230315 11:42:51.743" endtime="20230315 11:42:58.744"/>
</kw>
<kw name="Select From List By Index" library="SeleniumLibrary">
<arg>${Taille_Dimension3}</arg>
<arg>${Taille-Dimension}</arg>
<doc>Selects options from selection list ``locator`` by ``indexes``.</doc>
<msg timestamp="20230315 11:42:58.744" level="INFO">Selecting options from selection list 'xpath://body/div[@id='wrapper']/main[@id='main']/div[1]/div[1]/div[1]/aside[1]/div[2]/div[4]/div[2]/select[1]' by index 1.</msg>
<status status="PASS" starttime="20230315 11:42:58.744" endtime="20230315 11:42:58.886"/>
</kw>
<kw name="Sleep" library="BuiltIn">
<arg>7</arg>
<doc>Pauses the test executed for the given time.</doc>
<msg timestamp="20230315 11:43:05.938" level="INFO">Slept 7 seconds</msg>
<status status="PASS" starttime="20230315 11:42:58.887" endtime="20230315 11:43:05.939"/>
</kw>
<kw name="Click Element" library="SeleniumLibrary">
<arg>${Filtre_Button}</arg>
<doc>Click the element identified by ``locator``.</doc>
<msg timestamp="20230315 11:43:05.941" level="INFO">Clicking element 'xpath://button[contains(text(),'Filtre')]'.</msg>
<status status="PASS" starttime="20230315 11:43:05.940" endtime="20230315 11:43:08.276"/>
</kw>
<kw name="Sleep" library="BuiltIn">
<arg>9</arg>
<doc>Pauses the test executed for the given time.</doc>
<msg timestamp="20230315 11:43:17.276" level="INFO">Slept 9 seconds</msg>
<status status="PASS" starttime="20230315 11:43:08.276" endtime="20230315 11:43:17.276"/>
</kw>
<kw name="Wait Until Element Is Visible" library="SeleniumLibrary">
<arg>${Produit_Access_3}</arg>
<doc>Waits until the element ``locator`` is visible.</doc>
<status status="PASS" starttime="20230315 11:43:17.276" endtime="20230315 11:43:17.330"/>
</kw>
<status status="PASS" starttime="20230315 11:42:37.239" endtime="20230315 11:43:17.330"/>
</kw>
<status status="PASS" starttime="20230315 11:42:05.304" endtime="20230315 11:43:17.331"/>
</test>
<doc>Cables et fils electrique-ACCESSOIRES DE CÂBLAGES_Partie des filtre</doc>
<status status="PASS" starttime="20230315 11:42:04.958" endtime="20230315 11:43:17.332"/>
</suite>
<suite id="s1-s2" name="test1-Collier Acc" source="C:\Users\Ilham BOURHAIM\PycharmProjects\pythonProject13\projet3-ACCESSOIRES DE CABLAGES- Filtre\test1-Collier_Acc.robot">
<test id="s1-s2-t1" name="Cables et fils electrique-ACCESSOIRES DE CÂBLAGES" line="8">
<kw name="open the browser with URL" library="resources">
<kw name="Create Webdriver" library="SeleniumLibrary">
<arg>Chrome</arg>
<doc>Creates an instance of Selenium WebDriver.</doc>
<msg timestamp="20230315 11:43:17.351" level="INFO">Creating an instance of the Chrome WebDriver.</msg>
<status status="PASS" starttime="20230315 11:43:17.351" endtime="20230315 11:43:19.187"/>
</kw>
<kw name="Go To" library="SeleniumLibrary">
<arg>${URL}</arg>
<doc>Navigates the current browser window to the provided ``url``.</doc>
<msg timestamp="20230315 11:43:19.187" level="INFO">Opening url 'http://192.168.31.31/'</msg>
<status status="PASS" starttime="20230315 11:43:19.187" endtime="20230315 11:43:22.751"/>
</kw>
<kw name="Maximize Browser Window" library="SeleniumLibrary">
<doc>Maximizes current browser window.</doc>
<status status="PASS" starttime="20230315 11:43:22.751" endtime="20230315 11:43:23.197"/>
</kw>
<kw name="Sleep" library="BuiltIn">
<arg>6</arg>
<doc>Pauses the test executed for the given time.</doc>
<msg timestamp="20230315 11:43:29.204" level="INFO">Slept 6 seconds</msg>
<status status="PASS" starttime="20230315 11:43:23.198" endtime="20230315 11:43:29.204"/>
</kw>
<status status="PASS" starttime="20230315 11:43:17.350" endtime="20230315 11:43:29.205"/>
</kw>
<kw name="clicker sur Cables et fils electrique - ACCESSOIRES DE CÂBLAGES - Collier" library="test1-Access_Acc-filtre">
<arg>${Câbles_fils_electrique3}</arg>
<arg>${Access_Cab3}</arg>
<arg>${Collier3}</arg>
<kw name="Sleep" library="BuiltIn">
<arg>6</arg>
<doc>Pauses the test executed for the given time.</doc>
<msg timestamp="20230315 11:43:35.214" level="INFO">Slept 6 seconds</msg>
<status status="PASS" starttime="20230315 11:43:29.212" endtime="20230315 11:43:35.214"/>
</kw>
<kw name="Click Element" library="SeleniumLibrary">
<arg>${Câbles_fils_electrique3}</arg>
<doc>Click the element identified by ``locator``.</doc>
<msg timestamp="20230315 11:43:35.279" level="INFO">Clicking element 'xpath://span[contains(text(),'et fils electrique')]'.</msg>
<status status="PASS" starttime="20230315 11:43:35.215" endtime="20230315 11:43:38.438"/>
</kw>
<kw name="Sleep" library="BuiltIn">
<arg>5</arg>
<doc>Pauses the test executed for the given time.</doc>
<msg timestamp="20230315 11:43:43.438" level="INFO">Slept 5 seconds</msg>
<status status="PASS" starttime="20230315 11:43:38.438" endtime="20230315 11:43:43.438"/>
</kw>
<kw name="Click Element" library="SeleniumLibrary">
<arg>${Access_Cab3}</arg>
<doc>Click the element identified by ``locator``.</doc>
<msg timestamp="20230315 11:43:43.438" level="INFO">Clicking element 'css:body.page-template-default.page.page-id-837.theme-flatsome.woocommerce-js.yith-wcan-pro.lightbox.nav-dropdown-has-shadow.nav-dropdown-has-border.page-template-blank.page-template-blank-php:nth-child(2) div.content-area section.section:nth-child(3) div.section-content.relative:nth-child(2) div.row div.col.medium-4.small-12.large-4:nth-child(5) div.col-inner.box-shadow-3:nth-child(1) div.row.row-collapse div.col.medium-8.large-8:nth-child(2) div.col-inner h3:nth-child(2) &gt; a:nth-child(1)'.</msg>
<status status="PASS" starttime="20230315 11:43:43.438" endtime="20230315 11:43:45.053"/>
</kw>
<kw name="Sleep" library="BuiltIn">
<arg>4</arg>
<doc>Pauses the test executed for the given time.</doc>
<msg timestamp="20230315 11:43:49.067" level="INFO">Slept 4 seconds</msg>
<status status="PASS" starttime="20230315 11:43:45.053" endtime="20230315 11:43:49.067"/>
</kw>
<kw name="Click Element" library="SeleniumLibrary">
<arg>${Collier3}</arg>
<doc>Click the element identified by ``locator``.</doc>
<msg timestamp="20230315 11:43:49.067" level="INFO">Clicking element 'xpath://body/div[@id='wrapper']/main[@id='main']/div[1]/div[2]/div[1]/div[1]/div[2]/div[1]/div[1]/a[1]/div[1]/div[2]'.</msg>
<status status="PASS" starttime="20230315 11:43:49.067" endtime="20230315 11:43:51.464"/>
</kw>
<kw name="Sleep" library="BuiltIn">
<arg>4</arg>
<doc>Pauses the test executed for the given time.</doc>
<msg timestamp="20230315 11:43:55.465" level="INFO">Slept 4 seconds</msg>
<status status="PASS" starttime="20230315 11:43:51.464" endtime="20230315 11:43:55.465"/>
</kw>
<status status="PASS" starttime="20230315 11:43:29.211" endtime="20230315 11:43:55.465"/>
</kw>
<kw name="filtrer les produits by attribute" library="test1-Access_Acc-filtre">
<arg>${Fabricant}</arg>
<arg>${Couleur}</arg>
<arg>${Matériel}</arg>
<arg>${Taille-Dimension}</arg>
<kw name="Select From List By Index" library="SeleniumLibrary">
<arg>${Fabricant3}</arg>
<arg>${Fabricant}</arg>
<doc>Selects options from selection list ``locator`` by ``indexes``.</doc>
<msg timestamp="20230315 11:43:55.467" level="INFO">Selecting options from selection list 'xpath://body/div[@id='wrapper']/main[@id='main']/div[1]/div[1]/div[1]/aside[1]/div[2]/div[1]/div[2]/select[1]' by index 1.</msg>
<status status="PASS" starttime="20230315 11:43:55.466" endtime="20230315 11:43:55.784"/>
</kw>
<kw name="Sleep" library="BuiltIn">
<arg>7</arg>
<doc>Pauses the test executed for the given time.</doc>
<msg timestamp="20230315 11:44:02.785" level="INFO">Slept 7 seconds</msg>
<status status="PASS" starttime="20230315 11:43:55.784" endtime="20230315 11:44:02.785"/>
</kw>
<kw name="Select From List By Index" library="SeleniumLibrary">
<arg>${Couleur3}</arg>
<arg>${Couleur}</arg>
<doc>Selects options from selection list ``locator`` by ``indexes``.</doc>
<msg timestamp="20230315 11:44:02.787" level="INFO">Selecting options from selection list 'xpath://body/div[@id='wrapper']/main[@id='main']/div[1]/div[1]/div[1]/aside[1]/div[2]/div[2]/div[2]/select[1]' by index 1.</msg>
<status status="PASS" starttime="20230315 11:44:02.786" endtime="20230315 11:44:02.907"/>
</kw>
<kw name="Sleep" library="BuiltIn">
<arg>7</arg>
<doc>Pauses the test executed for the given time.</doc>
<msg timestamp="20230315 11:44:09.909" level="INFO">Slept 7 seconds</msg>
<status status="PASS" starttime="20230315 11:44:02.908" endtime="20230315 11:44:09.909"/>
</kw>
<kw name="Select From List By Index" library="SeleniumLibrary">
<arg>${Matériel3}</arg>
<arg>${Matériel}</arg>
<doc>Selects options from selection list ``locator`` by ``indexes``.</doc>
<msg timestamp="20230315 11:44:09.909" level="INFO">Selecting options from selection list 'xpath://body/div[@id='wrapper']/main[@id='main']/div[1]/div[1]/div[1]/aside[1]/div[2]/div[3]/div[2]/select[1]' by index 1.</msg>
<status status="PASS" starttime="20230315 11:44:09.909" endtime="20230315 11:44:10.042"/>
</kw>
<kw name="Sleep" library="BuiltIn">
<arg>7</arg>
<doc>Pauses the test executed for the given time.</doc>
<msg timestamp="20230315 11:44:17.043" level="INFO">Slept 7 seconds</msg>
<status status="PASS" starttime="20230315 11:44:10.043" endtime="20230315 11:44:17.043"/>
</kw>
<kw name="Select From List By Index" library="SeleniumLibrary">
<arg>${Taille_Dimension3}</arg>
<arg>${Taille-Dimension}</arg>
<doc>Selects options from selection list ``locator`` by ``indexes``.</doc>
<msg timestamp="20230315 11:44:17.043" level="INFO">Selecting options from selection list 'xpath://body/div[@id='wrapper']/main[@id='main']/div[1]/div[1]/div[1]/aside[1]/div[2]/div[4]/div[2]/select[1]' by index 1.</msg>
<status status="PASS" starttime="20230315 11:44:17.043" endtime="20230315 11:44:17.164"/>
</kw>
<kw name="Sleep" library="BuiltIn">
<arg>7</arg>
<doc>Pauses the test executed for the given time.</doc>
<msg timestamp="20230315 11:44:24.164" level="INFO">Slept 7 seconds</msg>
<status status="PASS" starttime="20230315 11:44:17.164" endtime="20230315 11:44:24.164"/>
</kw>
<kw name="Click Element" library="SeleniumLibrary">
<arg>${Filtre_Button}</arg>
<doc>Click the element identified by ``locator``.</doc>
<msg timestamp="20230315 11:44:24.164" level="INFO">Clicking element 'xpath://button[contains(text(),'Filtre')]'.</msg>
<status status="PASS" starttime="20230315 11:44:24.164" endtime="20230315 11:44:25.584"/>
</kw>
<kw name="Sleep" library="BuiltIn">
<arg>9</arg>
<doc>Pauses the test executed for the given time.</doc>
<msg timestamp="20230315 11:44:34.585" level="INFO">Slept 9 seconds</msg>
<status status="PASS" starttime="20230315 11:44:25.584" endtime="20230315 11:44:34.585"/>
</kw>
<kw name="Wait Until Element Is Visible" library="SeleniumLibrary">
<arg>${Produit_Access_3}</arg>
<doc>Waits until the element ``locator`` is visible.</doc>
<status status="PASS" starttime="20230315 11:44:34.585" endtime="20230315 11:44:34.636"/>
</kw>
<status status="PASS" starttime="20230315 11:43:55.465" endtime="20230315 11:44:34.636"/>
</kw>
<status status="PASS" starttime="20230315 11:43:17.350" endtime="20230315 11:44:34.636"/>
</test>
<doc>Cables et fils electrique-ACCESSOIRES DE CÂBLAGES_Partie des filtre</doc>
<status status="PASS" starttime="20230315 11:43:17.333" endtime="20230315 11:44:34.637"/>
</suite>
<suite id="s1-s3" name="test1-Collier Cat2" source="C:\Users\Ilham BOURHAIM\PycharmProjects\pythonProject13\projet3-ACCESSOIRES DE CABLAGES- Filtre\test1-Collier_Cat2.robot">
<test id="s1-s3-t1" name="Cables et fils electrique-ACCESSOIRES DE CÂBLAGES" line="8">
<kw name="open the browser with URL" library="resources">
<kw name="Create Webdriver" library="SeleniumLibrary">
<arg>Chrome</arg>
<doc>Creates an instance of Selenium WebDriver.</doc>
<msg timestamp="20230315 11:44:34.652" level="INFO">Creating an instance of the Chrome WebDriver.</msg>
<status status="PASS" starttime="20230315 11:44:34.652" endtime="20230315 11:44:36.685"/>
</kw>
<kw name="Go To" library="SeleniumLibrary">
<arg>${URL}</arg>
<doc>Navigates the current browser window to the provided ``url``.</doc>
<msg timestamp="20230315 11:44:36.685" level="INFO">Opening url 'http://192.168.31.31/'</msg>
<status status="PASS" starttime="20230315 11:44:36.685" endtime="20230315 11:44:44.334"/>
</kw>
<kw name="Maximize Browser Window" library="SeleniumLibrary">
<doc>Maximizes current browser window.</doc>
<status status="PASS" starttime="20230315 11:44:44.334" endtime="20230315 11:44:44.483"/>
</kw>
<kw name="Sleep" library="BuiltIn">
<arg>6</arg>
<doc>Pauses the test executed for the given time.</doc>
<msg timestamp="20230315 11:44:50.484" level="INFO">Slept 6 seconds</msg>
<status status="PASS" starttime="20230315 11:44:44.483" endtime="20230315 11:44:50.484"/>
</kw>
<status status="PASS" starttime="20230315 11:44:34.652" endtime="20230315 11:44:50.484"/>
</kw>
<kw name="clicker sur Cables et fils electrique - ACCESSOIRES DE CÂBLAGES - Collier" library="test1-Access_Cat2-filtre">
<arg>${Categories}</arg>
<arg>${Câbles_fils_electrique}</arg>
<arg>${Access_Cab}</arg>
<arg>${Collier}</arg>
<kw name="Click Element" library="SeleniumLibrary">
<arg>${Categories}</arg>
<doc>Click the element identified by ``locator``.</doc>
<msg timestamp="20230315 11:44:50.486" level="INFO">Clicking element 'xpath://span[contains(text(),'Categories')]'.</msg>
<status status="PASS" starttime="20230315 11:44:50.485" endtime="20230315 11:44:50.549"/>
</kw>
<kw name="Sleep" library="BuiltIn">
<arg>4</arg>
<doc>Pauses the test executed for the given time.</doc>
<msg timestamp="20230315 11:44:54.549" level="INFO">Slept 4 seconds</msg>
<status status="PASS" starttime="20230315 11:44:50.549" endtime="20230315 11:44:54.549"/>
</kw>
<kw name="Mouse Down" library="SeleniumLibrary">
<arg>${Câbles_fils_electrique}</arg>
<doc>Simulates pressing the left mouse button on the element ``locator``.</doc>
<msg timestamp="20230315 11:44:54.554" level="INFO">Simulating Mouse Down on element 'xpath://header/div[1]/div[2]/div[1]/div[1]/ul[1]/li[2]/div[2]/div[1]/ul[1]/li[2]/a[1]'.</msg>
<status status="PASS" starttime="20230315 11:44:54.550" endtime="20230315 11:44:54.915"/>
</kw>
<kw name="Sleep" library="BuiltIn">
<arg>5</arg>
<doc>Pauses the test executed for the given time.</doc>
<msg timestamp="20230315 11:44:59.917" level="INFO">Slept 5 seconds</msg>
<status status="PASS" starttime="20230315 11:44:54.915" endtime="20230315 11:44:59.917"/>
</kw>
<kw name="Click Element" library="SeleniumLibrary">
<arg>${Access_Cab33}</arg>
<doc>Click the element identified by ``locator``.</doc>
<msg timestamp="20230315 11:44:59.917" level="INFO">Clicking element 'css:body.page-template-default.page.page-id-837.theme-flatsome.woocommerce-js.yith-wcan-pro.lightbox.nav-dropdown-has-shadow.nav-dropdown-has-border.page-template-blank.page-template-blank-php:nth-child(2) div.content-area section.section:nth-child(3) div.section-content.relative:nth-child(2) div.row div.col.medium-4.small-12.large-4:nth-child(5) div.col-inner.box-shadow-3:nth-child(1) div.row.row-collapse div.col.medium-8.large-8:nth-child(2) div.col-inner h3:nth-child(2) &gt; a:nth-child(1)'.</msg>
<msg timestamp="20230315 11:45:00.064" level="INFO" html="true">&lt;/td&gt;&lt;/tr&gt;&lt;tr&gt;&lt;td colspan="3"&gt;&lt;a href="selenium-screenshot-36.png"&gt;&lt;img src="selenium-screenshot-36.png" width="800px"&gt;&lt;/a&gt;</msg>
<msg timestamp="20230315 11:45:00.064" level="FAIL">Element with locator 'css:body.page-template-default.page.page-id-837.theme-flatsome.woocommerce-js.yith-wcan-pro.lightbox.nav-dropdown-has-shadow.nav-dropdown-has-border.page-template-blank.page-template-blank-php:nth-child(2) div.content-area section.section:nth-child(3) div.section-content.relative:nth-child(2) div.row div.col.medium-4.small-12.large-4:nth-child(5) div.col-inner.box-shadow-3:nth-child(1) div.row.row-collapse div.col.medium-8.large-8:nth-child(2) div.col-inner h3:nth-child(2) &gt; a:nth-child(1)' not found.</msg>
<status status="FAIL" starttime="20230315 11:44:59.917" endtime="20230315 11:45:00.176"/>
</kw>
<kw name="Sleep" library="BuiltIn">
<arg>4</arg>
<doc>Pauses the test executed for the given time.</doc>
<status status="NOT RUN" starttime="20230315 11:45:00.176" endtime="20230315 11:45:00.176"/>
</kw>
<kw name="Click Element" library="SeleniumLibrary">
<arg>${Collier}</arg>
<doc>Click the element identified by ``locator``.</doc>
<status status="NOT RUN" starttime="20230315 11:45:00.176" endtime="20230315 11:45:00.176"/>
</kw>
<kw name="Sleep" library="BuiltIn">
<arg>4</arg>
<doc>Pauses the test executed for the given time.</doc>
<status status="NOT RUN" starttime="20230315 11:45:00.176" endtime="20230315 11:45:00.176"/>
</kw>
<status status="FAIL" starttime="20230315 11:44:50.484" endtime="20230315 11:45:00.176"/>
</kw>
<kw name="filtrer les produits by attribute" library="test1-Access_Cat2-filtre">
<arg>${Fabricant}</arg>
<arg>${Couleur}</arg>
<arg>${Matériel}</arg>
<arg>${Taille-Dimension}</arg>
<status status="NOT RUN" starttime="20230315 11:45:00.176" endtime="20230315 11:45:00.176"/>
</kw>
<status status="FAIL" starttime="20230315 11:44:34.652" endtime="20230315 11:45:00.176">Element with locator 'css:body.page-template-default.page.page-id-837.theme-flatsome.woocommerce-js.yith-wcan-pro.lightbox.nav-dropdown-has-shadow.nav-dropdown-has-border.page-template-blank.page-template-blank-php:nth-child(2) div.content-area section.section:nth-child(3) div.section-content.relative:nth-child(2) div.row div.col.medium-4.small-12.large-4:nth-child(5) div.col-inner.box-shadow-3:nth-child(1) div.row.row-collapse div.col.medium-8.large-8:nth-child(2) div.col-inner h3:nth-child(2) &gt; a:nth-child(1)' not found.</status>
</test>
<doc>Cables et fils electrique-ACCESSOIRES DE CÂBLAGES_Partie des filtre</doc>
<status status="FAIL" starttime="20230315 11:44:34.639" endtime="20230315 11:45:00.176"/>
</suite>
<suite id="s1-s4" name="test1-Gaine Ther" source="C:\Users\Ilham BOURHAIM\PycharmProjects\pythonProject13\projet3-ACCESSOIRES DE CABLAGES- Filtre\test1-Gaine_Ther.robot">
<test id="s1-s4-t1" name="Cables et fils electrique-ACCESSOIRES DE CÂBLAGES" line="7">
<kw name="open the browser with URL" library="resources">
<kw name="Create Webdriver" library="SeleniumLibrary">
<arg>Chrome</arg>
<doc>Creates an instance of Selenium WebDriver.</doc>
<msg timestamp="20230315 11:45:00.176" level="INFO">Creating an instance of the Chrome WebDriver.</msg>
<status status="PASS" starttime="20230315 11:45:00.176" endtime="20230315 11:45:02.259"/>
</kw>
<kw name="Go To" library="SeleniumLibrary">
<arg>${URL}</arg>
<doc>Navigates the current browser window to the provided ``url``.</doc>
<msg timestamp="20230315 11:45:02.259" level="INFO">Opening url 'http://192.168.31.31/'</msg>
<status status="PASS" starttime="20230315 11:45:02.259" endtime="20230315 11:45:03.748"/>
</kw>
<kw name="Maximize Browser Window" library="SeleniumLibrary">
<doc>Maximizes current browser window.</doc>
<status status="PASS" starttime="20230315 11:45:03.748" endtime="20230315 11:45:03.900"/>
</kw>
<kw name="Sleep" library="BuiltIn">
<arg>6</arg>
<doc>Pauses the test executed for the given time.</doc>
<msg timestamp="20230315 11:45:09.901" level="INFO">Slept 6 seconds</msg>
<status status="PASS" starttime="20230315 11:45:03.900" endtime="20230315 11:45:09.901"/>
</kw>
<status status="PASS" starttime="20230315 11:45:00.176" endtime="20230315 11:45:09.901"/>
</kw>
<kw name="clicker sur Cables et fils electrique - ACCESSOIRES DE CÂBLAGES - Collier">
<kw name="Click Element" library="SeleniumLibrary">
<arg>xpath://span[contains(text(),'Categories')]</arg>
<doc>Click the element identified by ``locator``.</doc>
<msg timestamp="20230315 11:45:09.903" level="INFO">Clicking element 'xpath://span[contains(text(),'Categories')]'.</msg>
<status status="PASS" starttime="20230315 11:45:09.902" endtime="20230315 11:45:10.009"/>
</kw>
<kw name="Sleep" library="BuiltIn">
<arg>4</arg>
<doc>Pauses the test executed for the given time.</doc>
<msg timestamp="20230315 11:45:14.010" level="INFO">Slept 4 seconds</msg>
<status status="PASS" starttime="20230315 11:45:10.009" endtime="20230315 11:45:14.010"/>
</kw>
<kw name="Click Element" library="SeleniumLibrary">
<arg>xpath://header/div[1]/div[2]/div[1]/div[1]/ul[1]/li[2]/div[2]/div[1]/ul[1]/li[2]/a[1]</arg>
<doc>Click the element identified by ``locator``.</doc>
<msg timestamp="20230315 11:45:14.010" level="INFO">Clicking element 'xpath://header/div[1]/div[2]/div[1]/div[1]/ul[1]/li[2]/div[2]/div[1]/ul[1]/li[2]/a[1]'.</msg>
<status status="PASS" starttime="20230315 11:45:14.010" endtime="20230315 11:45:15.043"/>
</kw>
<kw name="Sleep" library="BuiltIn">
<arg>5</arg>
<doc>Pauses the test executed for the given time.</doc>
<msg timestamp="20230315 11:45:20.043" level="INFO">Slept 5 seconds</msg>
<status status="PASS" starttime="20230315 11:45:15.043" endtime="20230315 11:45:20.043"/>
</kw>
<kw name="Click Element" library="SeleniumLibrary">
<arg>css :body.page-template-default.page.page-id-837.theme-flatsome.woocommerce-js.yith-wcan-pro.lightbox.nav-dropdown-has-shadow.nav-dropdown-has-border.page-template-blank.page-template-blank-php:nth-child(2) div.content-area section.section:nth-child(3) div.section-content.relative:nth-child(2) div.row div.col.medium-4.small-12.large-4:nth-child(5) div.col-inner.box-shadow-3:nth-child(1) div.row.row-collapse div.col.medium-8.large-8:nth-child(2) div.col-inner h3:nth-child(2) &gt; a:nth-child(1)</arg>
<doc>Click the element identified by ``locator``.</doc>
<msg timestamp="20230315 11:45:20.043" level="INFO">Clicking element 'css :body.page-template-default.page.page-id-837.theme-flatsome.woocommerce-js.yith-wcan-pro.lightbox.nav-dropdown-has-shadow.nav-dropdown-has-border.page-template-blank.page-template-blank-php:nth-child(2) div.content-area section.section:nth-child(3) div.section-content.relative:nth-child(2) div.row div.col.medium-4.small-12.large-4:nth-child(5) div.col-inner.box-shadow-3:nth-child(1) div.row.row-collapse div.col.medium-8.large-8:nth-child(2) div.col-inner h3:nth-child(2) &gt; a:nth-child(1)'.</msg>
<status status="PASS" starttime="20230315 11:45:20.043" endtime="20230315 11:45:21.010"/>
</kw>
<kw name="Sleep" library="BuiltIn">
<arg>4</arg>
<doc>Pauses the test executed for the given time.</doc>
<msg timestamp="20230315 11:45:25.012" level="INFO">Slept 4 seconds</msg>
<status status="PASS" starttime="20230315 11:45:21.010" endtime="20230315 11:45:25.012"/>
</kw>
<kw name="Click Element" library="SeleniumLibrary">
<arg>xpath://h5[contains(text(),'Gaine thermorectrectable')]</arg>
<doc>Click the element identified by ``locator``.</doc>
<msg timestamp="20230315 11:45:25.012" level="INFO">Clicking element 'xpath://h5[contains(text(),'Gaine thermorectrectable')]'.</msg>
<status status="PASS" starttime="20230315 11:45:25.012" endtime="20230315 11:45:25.969"/>
</kw>
<kw name="Sleep" library="BuiltIn">
<arg>4</arg>
<doc>Pauses the test executed for the given time.</doc>
<msg timestamp="20230315 11:45:29.970" level="INFO">Slept 4 seconds</msg>
<status status="PASS" starttime="20230315 11:45:25.970" endtime="20230315 11:45:29.970"/>
</kw>
<status status="PASS" starttime="20230315 11:45:09.902" endtime="20230315 11:45:29.970"/>
</kw>
<kw name="filtrer les produits by attribute">
<kw name="Select From List By Index" library="SeleniumLibrary">
<arg>xpath://body/div[@id='wrapper']/main[@id='main']/div[1]/div[1]/div[1]/aside[1]/div[2]/div[1]/div[2]/select[1]</arg>
<arg>1</arg>
<doc>Selects options from selection list ``locator`` by ``indexes``.</doc>
<msg timestamp="20230315 11:45:29.970" level="INFO">Selecting options from selection list 'xpath://body/div[@id='wrapper']/main[@id='main']/div[1]/div[1]/div[1]/aside[1]/div[2]/div[1]/div[2]/select[1]' by index 1.</msg>
<status status="PASS" starttime="20230315 11:45:29.970" endtime="20230315 11:45:30.127"/>
</kw>
<kw name="Sleep" library="BuiltIn">
<arg>5</arg>
<doc>Pauses the test executed for the given time.</doc>
<msg timestamp="20230315 11:45:35.127" level="INFO">Slept 5 seconds</msg>
<status status="PASS" starttime="20230315 11:45:30.127" endtime="20230315 11:45:35.127"/>
</kw>
<kw name="Select From List By Index" library="SeleniumLibrary">
<arg>xpath://body/div[@id='wrapper']/main[@id='main']/div[1]/div[1]/div[1]/aside[1]/div[2]/div[2]/div[2]/select[1]</arg>
<arg>1</arg>
<doc>Selects options from selection list ``locator`` by ``indexes``.</doc>
<msg timestamp="20230315 11:45:35.127" level="INFO">Selecting options from selection list 'xpath://body/div[@id='wrapper']/main[@id='main']/div[1]/div[1]/div[1]/aside[1]/div[2]/div[2]/div[2]/select[1]' by index 1.</msg>
<status status="PASS" starttime="20230315 11:45:35.127" endtime="20230315 11:45:35.245"/>
</kw>
<kw name="Sleep" library="BuiltIn">
<arg>5</arg>
<doc>Pauses the test executed for the given time.</doc>
<msg timestamp="20230315 11:45:40.245" level="INFO">Slept 5 seconds</msg>
<status status="PASS" starttime="20230315 11:45:35.245" endtime="20230315 11:45:40.245"/>
</kw>
<kw name="Select From List By Index" library="SeleniumLibrary">
<arg>xpath://body/div[@id='wrapper']/main[@id='main']/div[1]/div[1]/div[1]/aside[1]/div[2]/div[3]/div[2]/select[1]</arg>
<arg>1</arg>
<doc>Selects options from selection list ``locator`` by ``indexes``.</doc>
<msg timestamp="20230315 11:45:40.245" level="INFO">Selecting options from selection list 'xpath://body/div[@id='wrapper']/main[@id='main']/div[1]/div[1]/div[1]/aside[1]/div[2]/div[3]/div[2]/select[1]' by index 1.</msg>
<status status="PASS" starttime="20230315 11:45:40.245" endtime="20230315 11:45:40.350"/>
</kw>
<kw name="Sleep" library="BuiltIn">
<arg>5</arg>
<doc>Pauses the test executed for the given time.</doc>
<msg timestamp="20230315 11:45:45.351" level="INFO">Slept 5 seconds</msg>
<status status="PASS" starttime="20230315 11:45:40.350" endtime="20230315 11:45:45.351"/>
</kw>
<kw name="Select From List By Index" library="SeleniumLibrary">
<arg>xpath://body/div[@id='wrapper']/main[@id='main']/div[1]/div[1]/div[1]/aside[1]/div[2]/div[4]/div[2]/select[1]</arg>
<arg>1</arg>
<doc>Selects options from selection list ``locator`` by ``indexes``.</doc>
<msg timestamp="20230315 11:45:45.352" level="INFO">Selecting options from selection list 'xpath://body/div[@id='wrapper']/main[@id='main']/div[1]/div[1]/div[1]/aside[1]/div[2]/div[4]/div[2]/select[1]' by index 1.</msg>
<status status="PASS" starttime="20230315 11:45:45.351" endtime="20230315 11:45:45.489"/>
</kw>
<kw name="Sleep" library="BuiltIn">
<arg>5</arg>
<doc>Pauses the test executed for the given time.</doc>
<msg timestamp="20230315 11:45:50.490" level="INFO">Slept 5 seconds</msg>
<status status="PASS" starttime="20230315 11:45:45.489" endtime="20230315 11:45:50.490"/>
</kw>
<kw name="Select From List By Index" library="SeleniumLibrary">
<arg>xpath://body/div[@id='wrapper']/main[@id='main']/div[1]/div[1]/div[1]/aside[1]/div[2]/div[5]/div[2]/select[1]</arg>
<arg>1</arg>
<doc>Selects options from selection list ``locator`` by ``indexes``.</doc>
<msg timestamp="20230315 11:45:50.491" level="INFO">Selecting options from selection list 'xpath://body/div[@id='wrapper']/main[@id='main']/div[1]/div[1]/div[1]/aside[1]/div[2]/div[5]/div[2]/select[1]' by index 1.</msg>
<status status="PASS" starttime="20230315 11:45:50.490" endtime="20230315 11:45:50.609"/>
</kw>
<kw name="Click Element" library="SeleniumLibrary">
<arg>xpath://button[contains(text(),'Filtre')]</arg>
<doc>Click the element identified by ``locator``.</doc>
<msg timestamp="20230315 11:45:50.610" level="INFO">Clicking element 'xpath://button[contains(text(),'Filtre')]'.</msg>
<status status="PASS" starttime="20230315 11:45:50.610" endtime="20230315 11:45:52.340"/>
</kw>
<kw name="Wait Until Element Is Visible" library="SeleniumLibrary">
<arg>xpath://a[contains(text(),'Gaine thermorétractable Diametre de 1.2 à 25.4mm')]</arg>
<doc>Waits until the element ``locator`` is visible.</doc>
<status status="PASS" starttime="20230315 11:45:52.340" endtime="20230315 11:45:54.132"/>
</kw>
<kw name="Sleep" library="BuiltIn">
<arg>5</arg>
<doc>Pauses the test executed for the given time.</doc>
<msg timestamp="20230315 11:45:59.134" level="INFO">Slept 5 seconds</msg>
<status status="PASS" starttime="20230315 11:45:54.132" endtime="20230315 11:45:59.134"/>
</kw>
<status status="PASS" starttime="20230315 11:45:29.970" endtime="20230315 11:45:59.134"/>
</kw>
<status status="PASS" starttime="20230315 11:45:00.176" endtime="20230315 11:45:59.134"/>
</test>
<doc>Cables et fils electrique-ACCESSOIRES DE CÂBLAGES_Partie des filtre</doc>
<status status="PASS" starttime="20230315 11:45:00.176" endtime="20230315 11:45:59.135"/>
</suite>
<suite id="s1-s5" name="test1-Gaine Ther Acc" source="C:\Users\Ilham BOURHAIM\PycharmProjects\pythonProject13\projet3-ACCESSOIRES DE CABLAGES- Filtre\test1-Gaine_Ther_Acc.robot">
<test id="s1-s5-t1" name="Cables et fils electrique-ACCESSOIRES DE CÂBLAGES" line="7">
<kw name="open the browser with URL" library="resources">
<kw name="Create Webdriver" library="SeleniumLibrary">
<arg>Chrome</arg>
<doc>Creates an instance of Selenium WebDriver.</doc>
<msg timestamp="20230315 11:45:59.149" level="INFO">Creating an instance of the Chrome WebDriver.</msg>
<status status="PASS" starttime="20230315 11:45:59.149" endtime="20230315 11:46:02.938"/>
</kw>
<kw name="Go To" library="SeleniumLibrary">
<arg>${URL}</arg>
<doc>Navigates the current browser window to the provided ``url``.</doc>
<msg timestamp="20230315 11:46:02.938" level="INFO">Opening url 'http://192.168.31.31/'</msg>
<status status="PASS" starttime="20230315 11:46:02.938" endtime="20230315 11:46:10.090"/>
</kw>
<kw name="Maximize Browser Window" library="SeleniumLibrary">
<doc>Maximizes current browser window.</doc>
<status status="PASS" starttime="20230315 11:46:10.090" endtime="20230315 11:46:10.228"/>
</kw>
<kw name="Sleep" library="BuiltIn">
<arg>6</arg>
<doc>Pauses the test executed for the given time.</doc>
<msg timestamp="20230315 11:46:16.228" level="INFO">Slept 6 seconds</msg>
<status status="PASS" starttime="20230315 11:46:10.228" endtime="20230315 11:46:16.228"/>
</kw>
<status status="PASS" starttime="20230315 11:45:59.148" endtime="20230315 11:46:16.228"/>
</kw>
<kw name="clicker sur Cables et fils electrique - ACCESSOIRES DE CÂBLAGES - Collier">
<kw name="Click Element" library="SeleniumLibrary">
<arg>xpath://span[contains(text(),'et fils electrique')]</arg>
<doc>Click the element identified by ``locator``.</doc>
<msg timestamp="20230315 11:46:16.229" level="INFO">Clicking element 'xpath://span[contains(text(),'et fils electrique')]'.</msg>
<status status="PASS" starttime="20230315 11:46:16.228" endtime="20230315 11:46:20.329"/>
</kw>
<kw name="Sleep" library="BuiltIn">
<arg>4</arg>
<doc>Pauses the test executed for the given time.</doc>
<msg timestamp="20230315 11:46:24.331" level="INFO">Slept 4 seconds</msg>
<status status="PASS" starttime="20230315 11:46:20.329" endtime="20230315 11:46:24.331"/>
</kw>
<kw name="Click Element" library="SeleniumLibrary">
<arg>xpath://a[contains(text(),'Accessoires de cablages')]</arg>
<doc>Click the element identified by ``locator``.</doc>
<msg timestamp="20230315 11:46:24.331" level="INFO">Clicking element 'xpath://a[contains(text(),'Accessoires de cablages')]'.</msg>
<status status="PASS" starttime="20230315 11:46:24.331" endtime="20230315 11:46:27.926"/>
</kw>
<kw name="Sleep" library="BuiltIn">
<arg>5</arg>
<doc>Pauses the test executed for the given time.</doc>
<msg timestamp="20230315 11:46:32.928" level="INFO">Slept 5 seconds</msg>
<status status="PASS" starttime="20230315 11:46:27.926" endtime="20230315 11:46:32.928"/>
</kw>
<kw name="Click Element" library="SeleniumLibrary">
<arg>xpath://h5[contains(text(),'Gaine thermorectrectable')]</arg>
<doc>Click the element identified by ``locator``.</doc>
<msg timestamp="20230315 11:46:32.928" level="INFO">Clicking element 'xpath://h5[contains(text(),'Gaine thermorectrectable')]'.</msg>
<status status="PASS" starttime="20230315 11:46:32.928" endtime="20230315 11:46:35.147"/>
</kw>
<kw name="Sleep" library="BuiltIn">
<arg>4</arg>
<doc>Pauses the test executed for the given time.</doc>
<msg timestamp="20230315 11:46:39.149" level="INFO">Slept 4 seconds</msg>
<status status="PASS" starttime="20230315 11:46:35.147" endtime="20230315 11:46:39.150"/>
</kw>
<status status="PASS" starttime="20230315 11:46:16.228" endtime="20230315 11:46:39.151"/>
</kw>
<kw name="filtrer les produits by attribute">
<kw name="Select From List By Index" library="SeleniumLibrary">
<arg>xpath://body/div[@id='wrapper']/main[@id='main']/div[1]/div[1]/div[1]/aside[1]/div[2]/div[1]/div[2]/select[1]</arg>
<arg>1</arg>
<doc>Selects options from selection list ``locator`` by ``indexes``.</doc>
<msg timestamp="20230315 11:46:39.156" level="INFO">Selecting options from selection list 'xpath://body/div[@id='wrapper']/main[@id='main']/div[1]/div[1]/div[1]/aside[1]/div[2]/div[1]/div[2]/select[1]' by index 1.</msg>
<status status="PASS" starttime="20230315 11:46:39.153" endtime="20230315 11:46:39.306"/>
</kw>
<kw name="Sleep" library="BuiltIn">
<arg>5</arg>
<doc>Pauses the test executed for the given time.</doc>
<msg timestamp="20230315 11:46:44.310" level="INFO">Slept 5 seconds</msg>
<status status="PASS" starttime="20230315 11:46:39.306" endtime="20230315 11:46:44.310"/>
</kw>
<kw name="Select From List By Index" library="SeleniumLibrary">
<arg>xpath://body/div[@id='wrapper']/main[@id='main']/div[1]/div[1]/div[1]/aside[1]/div[2]/div[2]/div[2]/select[1]</arg>
<arg>1</arg>
<doc>Selects options from selection list ``locator`` by ``indexes``.</doc>
<msg timestamp="20230315 11:46:44.310" level="INFO">Selecting options from selection list 'xpath://body/div[@id='wrapper']/main[@id='main']/div[1]/div[1]/div[1]/aside[1]/div[2]/div[2]/div[2]/select[1]' by index 1.</msg>
<status status="PASS" starttime="20230315 11:46:44.310" endtime="20230315 11:46:44.478"/>
</kw>
<kw name="Sleep" library="BuiltIn">
<arg>5</arg>
<doc>Pauses the test executed for the given time.</doc>
<msg timestamp="20230315 11:46:49.479" level="INFO">Slept 5 seconds</msg>
<status status="PASS" starttime="20230315 11:46:44.478" endtime="20230315 11:46:49.479"/>
</kw>
<kw name="Select From List By Index" library="SeleniumLibrary">
<arg>xpath://body/div[@id='wrapper']/main[@id='main']/div[1]/div[1]/div[1]/aside[1]/div[2]/div[3]/div[2]/select[1]</arg>
<arg>1</arg>
<doc>Selects options from selection list ``locator`` by ``indexes``.</doc>
<msg timestamp="20230315 11:46:49.479" level="INFO">Selecting options from selection list 'xpath://body/div[@id='wrapper']/main[@id='main']/div[1]/div[1]/div[1]/aside[1]/div[2]/div[3]/div[2]/select[1]' by index 1.</msg>
<status status="PASS" starttime="20230315 11:46:49.479" endtime="20230315 11:46:49.616"/>
</kw>
<kw name="Sleep" library="BuiltIn">
<arg>5</arg>
<doc>Pauses the test executed for the given time.</doc>
<msg timestamp="20230315 11:46:54.617" level="INFO">Slept 5 seconds</msg>
<status status="PASS" starttime="20230315 11:46:49.616" endtime="20230315 11:46:54.617"/>
</kw>
<kw name="Select From List By Index" library="SeleniumLibrary">
<arg>xpath://body/div[@id='wrapper']/main[@id='main']/div[1]/div[1]/div[1]/aside[1]/div[2]/div[4]/div[2]/select[1]</arg>
<arg>1</arg>
<doc>Selects options from selection list ``locator`` by ``indexes``.</doc>
<msg timestamp="20230315 11:46:54.618" level="INFO">Selecting options from selection list 'xpath://body/div[@id='wrapper']/main[@id='main']/div[1]/div[1]/div[1]/aside[1]/div[2]/div[4]/div[2]/select[1]' by index 1.</msg>
<status status="PASS" starttime="20230315 11:46:54.617" endtime="20230315 11:46:54.811"/>
</kw>
<kw name="Sleep" library="BuiltIn">
<arg>5</arg>
<doc>Pauses the test executed for the given time.</doc>
<msg timestamp="20230315 11:46:59.812" level="INFO">Slept 5 seconds</msg>
<status status="PASS" starttime="20230315 11:46:54.811" endtime="20230315 11:46:59.812"/>
</kw>
<kw name="Select From List By Index" library="SeleniumLibrary">
<arg>xpath://body/div[@id='wrapper']/main[@id='main']/div[1]/div[1]/div[1]/aside[1]/div[2]/div[5]/div[2]/select[1]</arg>
<arg>1</arg>
<doc>Selects options from selection list ``locator`` by ``indexes``.</doc>
<msg timestamp="20230315 11:46:59.812" level="INFO">Selecting options from selection list 'xpath://body/div[@id='wrapper']/main[@id='main']/div[1]/div[1]/div[1]/aside[1]/div[2]/div[5]/div[2]/select[1]' by index 1.</msg>
<status status="PASS" starttime="20230315 11:46:59.812" endtime="20230315 11:46:59.955"/>
</kw>
<kw name="Click Element" library="SeleniumLibrary">
<arg>xpath://button[contains(text(),'Filtre')]</arg>
<doc>Click the element identified by ``locator``.</doc>
<msg timestamp="20230315 11:46:59.955" level="INFO">Clicking element 'xpath://button[contains(text(),'Filtre')]'.</msg>
<status status="PASS" starttime="20230315 11:46:59.955" endtime="20230315 11:47:03.140"/>
</kw>
<kw name="Wait Until Element Is Visible" library="SeleniumLibrary">
<arg>xpath://a[contains(text(),'Gaine thermorétractable Diametre de 1.2 à 25.4mm')]</arg>
<doc>Waits until the element ``locator`` is visible.</doc>
<status status="PASS" starttime="20230315 11:47:03.140" endtime="20230315 11:47:05.659"/>
</kw>
<kw name="Sleep" library="BuiltIn">
<arg>5</arg>
<doc>Pauses the test executed for the given time.</doc>
<msg timestamp="20230315 11:47:10.659" level="INFO">Slept 5 seconds</msg>
<status status="PASS" starttime="20230315 11:47:05.659" endtime="20230315 11:47:10.659"/>
</kw>
<status status="PASS" starttime="20230315 11:46:39.152" endtime="20230315 11:47:10.659"/>
</kw>
<status status="PASS" starttime="20230315 11:45:59.148" endtime="20230315 11:47:10.659"/>
</test>
<doc>Cables et fils electrique-ACCESSOIRES DE CÂBLAGES_Partie des filtre</doc>
<status status="PASS" starttime="20230315 11:45:59.137" endtime="20230315 11:47:10.659"/>
</suite>
<suite id="s1-s6" name="test1-Gaine Ther Cat2" source="C:\Users\Ilham BOURHAIM\PycharmProjects\pythonProject13\projet3-ACCESSOIRES DE CABLAGES- Filtre\test1-Gaine_Ther_Cat2.robot">
<test id="s1-s6-t1" name="Cables et fils electrique-ACCESSOIRES DE CÂBLAGES" line="7">
<kw name="open the browser with URL" library="resources">
<kw name="Create Webdriver" library="SeleniumLibrary">
<arg>Chrome</arg>
<doc>Creates an instance of Selenium WebDriver.</doc>
<msg timestamp="20230315 11:47:10.686" level="INFO">Creating an instance of the Chrome WebDriver.</msg>
<status status="PASS" starttime="20230315 11:47:10.686" endtime="20230315 11:47:14.651"/>
</kw>
<kw name="Go To" library="SeleniumLibrary">
<arg>${URL}</arg>
<doc>Navigates the current browser window to the provided ``url``.</doc>
<msg timestamp="20230315 11:47:14.651" level="INFO">Opening url 'http://192.168.31.31/'</msg>
<status status="PASS" starttime="20230315 11:47:14.651" endtime="20230315 11:47:17.328"/>
</kw>
<kw name="Maximize Browser Window" library="SeleniumLibrary">
<doc>Maximizes current browser window.</doc>
<status status="PASS" starttime="20230315 11:47:17.328" endtime="20230315 11:47:17.453"/>
</kw>
<kw name="Sleep" library="BuiltIn">
<arg>6</arg>
<doc>Pauses the test executed for the given time.</doc>
<msg timestamp="20230315 11:47:23.465" level="INFO">Slept 6 seconds</msg>
<status status="PASS" starttime="20230315 11:47:17.454" endtime="20230315 11:47:23.466"/>
</kw>
<status status="PASS" starttime="20230315 11:47:10.686" endtime="20230315 11:47:23.467"/>
</kw>
<kw name="clicker sur Cables et fils electrique - ACCESSOIRES DE CÂBLAGES - Collier">
<kw name="Click Element" library="SeleniumLibrary">
<arg>xpath://span[contains(text(),'Categories')]</arg>
<doc>Click the element identified by ``locator``.</doc>
<msg timestamp="20230315 11:47:23.469" level="INFO">Clicking element 'xpath://span[contains(text(),'Categories')]'.</msg>
<status status="PASS" starttime="20230315 11:47:23.468" endtime="20230315 11:47:23.956"/>
</kw>
<kw name="Sleep" library="BuiltIn">
<arg>5</arg>
<doc>Pauses the test executed for the given time.</doc>
<msg timestamp="20230315 11:47:28.957" level="INFO">Slept 5 seconds</msg>
<status status="PASS" starttime="20230315 11:47:23.956" endtime="20230315 11:47:28.957"/>
</kw>
<kw name="Mouse Down" library="SeleniumLibrary">
<arg>xpath://header/div[1]/div[2]/div[1]/div[1]/ul[1]/li[2]/div[2]/div[1]/ul[1]/li[2]/a[1]</arg>
<doc>Simulates pressing the left mouse button on the element ``locator``.</doc>
<msg timestamp="20230315 11:47:28.958" level="INFO">Simulating Mouse Down on element 'xpath://header/div[1]/div[2]/div[1]/div[1]/ul[1]/li[2]/div[2]/div[1]/ul[1]/li[2]/a[1]'.</msg>
<status status="PASS" starttime="20230315 11:47:28.957" endtime="20230315 11:47:29.267"/>
</kw>
<kw name="Sleep" library="BuiltIn">
<arg>5</arg>
<doc>Pauses the test executed for the given time.</doc>
<msg timestamp="20230315 11:47:34.269" level="INFO">Slept 5 seconds</msg>
<status status="PASS" starttime="20230315 11:47:29.267" endtime="20230315 11:47:34.269"/>
</kw>
<kw name="Click Element" library="SeleniumLibrary">
<arg>xpath://a[contains(text(),'Accessoires de câblages')]</arg>
<doc>Click the element identified by ``locator``.</doc>
<msg timestamp="20230315 11:47:34.270" level="INFO">Clicking element 'xpath://a[contains(text(),'Accessoires de câblages')]'.</msg>
<status status="PASS" starttime="20230315 11:47:34.269" endtime="20230315 11:47:36.330"/>
</kw>
<kw name="Sleep" library="BuiltIn">
<arg>5</arg>
<doc>Pauses the test executed for the given time.</doc>
<msg timestamp="20230315 11:47:41.331" level="INFO">Slept 5 seconds</msg>
<status status="PASS" starttime="20230315 11:47:36.330" endtime="20230315 11:47:41.332"/>
</kw>
<kw name="Click Element" library="SeleniumLibrary">
<arg>xpath://h5[contains(text(),'Gaine thermorectrectable')]</arg>
<doc>Click the element identified by ``locator``.</doc>
<msg timestamp="20230315 11:47:41.334" level="INFO">Clicking element 'xpath://h5[contains(text(),'Gaine thermorectrectable')]'.</msg>
<status status="PASS" starttime="20230315 11:47:41.332" endtime="20230315 11:47:42.612"/>
</kw>
<kw name="Sleep" library="BuiltIn">
<arg>4</arg>
<doc>Pauses the test executed for the given time.</doc>
<msg timestamp="20230315 11:47:46.613" level="INFO">Slept 4 seconds</msg>
<status status="PASS" starttime="20230315 11:47:42.612" endtime="20230315 11:47:46.613"/>
</kw>
<status status="PASS" starttime="20230315 11:47:23.467" endtime="20230315 11:47:46.613"/>
</kw>
<kw name="filtrer les produits by attribute">
<kw name="Select From List By Index" library="SeleniumLibrary">
<arg>xpath://body/div[@id='wrapper']/main[@id='main']/div[1]/div[1]/div[1]/aside[1]/div[2]/div[1]/div[2]/select[1]</arg>
<arg>1</arg>
<doc>Selects options from selection list ``locator`` by ``indexes``.</doc>
<msg timestamp="20230315 11:47:46.613" level="INFO">Selecting options from selection list 'xpath://body/div[@id='wrapper']/main[@id='main']/div[1]/div[1]/div[1]/aside[1]/div[2]/div[1]/div[2]/select[1]' by index 1.</msg>
<status status="PASS" starttime="20230315 11:47:46.613" endtime="20230315 11:47:46.734"/>
</kw>
<kw name="Sleep" library="BuiltIn">
<arg>5</arg>
<doc>Pauses the test executed for the given time.</doc>
<msg timestamp="20230315 11:47:51.737" level="INFO">Slept 5 seconds</msg>
<status status="PASS" starttime="20230315 11:47:46.734" endtime="20230315 11:47:51.739"/>
</kw>
<kw name="Select From List By Index" library="SeleniumLibrary">
<arg>xpath://body/div[@id='wrapper']/main[@id='main']/div[1]/div[1]/div[1]/aside[1]/div[2]/div[2]/div[2]/select[1]</arg>
<arg>1</arg>
<doc>Selects options from selection list ``locator`` by ``indexes``.</doc>
<msg timestamp="20230315 11:47:51.744" level="INFO">Selecting options from selection list 'xpath://body/div[@id='wrapper']/main[@id='main']/div[1]/div[1]/div[1]/aside[1]/div[2]/div[2]/div[2]/select[1]' by index 1.</msg>
<status status="PASS" starttime="20230315 11:47:51.740" endtime="20230315 11:47:51.865"/>
</kw>
<kw name="Sleep" library="BuiltIn">
<arg>5</arg>
<doc>Pauses the test executed for the given time.</doc>
<msg timestamp="20230315 11:47:56.866" level="INFO">Slept 5 seconds</msg>
<status status="PASS" starttime="20230315 11:47:51.865" endtime="20230315 11:47:56.866"/>
</kw>
<kw name="Select From List By Index" library="SeleniumLibrary">
<arg>xpath://body/div[@id='wrapper']/main[@id='main']/div[1]/div[1]/div[1]/aside[1]/div[2]/div[3]/div[2]/select[1]</arg>
<arg>1</arg>
<doc>Selects options from selection list ``locator`` by ``indexes``.</doc>
<msg timestamp="20230315 11:47:56.867" level="INFO">Selecting options from selection list 'xpath://body/div[@id='wrapper']/main[@id='main']/div[1]/div[1]/div[1]/aside[1]/div[2]/div[3]/div[2]/select[1]' by index 1.</msg>
<status status="PASS" starttime="20230315 11:47:56.866" endtime="20230315 11:47:56.994"/>
</kw>
<kw name="Sleep" library="BuiltIn">
<arg>5</arg>
<doc>Pauses the test executed for the given time.</doc>
<msg timestamp="20230315 11:48:01.996" level="INFO">Slept 5 seconds</msg>
<status status="PASS" starttime="20230315 11:47:56.995" endtime="20230315 11:48:01.996"/>
</kw>
<kw name="Select From List By Index" library="SeleniumLibrary">
<arg>xpath://body/div[@id='wrapper']/main[@id='main']/div[1]/div[1]/div[1]/aside[1]/div[2]/div[4]/div[2]/select[1]</arg>
<arg>1</arg>
<doc>Selects options from selection list ``locator`` by ``indexes``.</doc>
<msg timestamp="20230315 11:48:01.996" level="INFO">Selecting options from selection list 'xpath://body/div[@id='wrapper']/main[@id='main']/div[1]/div[1]/div[1]/aside[1]/div[2]/div[4]/div[2]/select[1]' by index 1.</msg>
<status status="PASS" starttime="20230315 11:48:01.996" endtime="20230315 11:48:02.171"/>
</kw>
<kw name="Sleep" library="BuiltIn">
<arg>5</arg>
<doc>Pauses the test executed for the given time.</doc>
<msg timestamp="20230315 11:48:07.173" level="INFO">Slept 5 seconds</msg>
<status status="PASS" starttime="20230315 11:48:02.171" endtime="20230315 11:48:07.173"/>
</kw>
<kw name="Select From List By Index" library="SeleniumLibrary">
<arg>xpath://body/div[@id='wrapper']/main[@id='main']/div[1]/div[1]/div[1]/aside[1]/div[2]/div[5]/div[2]/select[1]</arg>
<arg>1</arg>
<doc>Selects options from selection list ``locator`` by ``indexes``.</doc>
<msg timestamp="20230315 11:48:07.173" level="INFO">Selecting options from selection list 'xpath://body/div[@id='wrapper']/main[@id='main']/div[1]/div[1]/div[1]/aside[1]/div[2]/div[5]/div[2]/select[1]' by index 1.</msg>
<status status="PASS" starttime="20230315 11:48:07.173" endtime="20230315 11:48:07.310"/>
</kw>
<kw name="Click Element" library="SeleniumLibrary">
<arg>xpath://button[contains(text(),'Filtre')]</arg>
<doc>Click the element identified by ``locator``.</doc>
<msg timestamp="20230315 11:48:07.311" level="INFO">Clicking element 'xpath://button[contains(text(),'Filtre')]'.</msg>
<status status="PASS" starttime="20230315 11:48:07.310" endtime="20230315 11:48:09.520"/>
</kw>
<kw name="Wait Until Element Is Visible" library="SeleniumLibrary">
<arg>xpath://a[contains(text(),'Gaine thermorétractable Diametre de 1.2 à 25.4mm')]</arg>
<doc>Waits until the element ``locator`` is visible.</doc>
<status status="PASS" starttime="20230315 11:48:09.520" endtime="20230315 11:48:12.038"/>
</kw>
<kw name="Sleep" library="BuiltIn">
<arg>5</arg>
<doc>Pauses the test executed for the given time.</doc>
<msg timestamp="20230315 11:48:17.038" level="INFO">Slept 5 seconds</msg>
<status status="PASS" starttime="20230315 11:48:12.038" endtime="20230315 11:48:17.038"/>
</kw>
<status status="PASS" starttime="20230315 11:47:46.613" endtime="20230315 11:48:17.038"/>
</kw>
<status status="PASS" starttime="20230315 11:47:10.685" endtime="20230315 11:48:17.038"/>
</test>
<doc>Cables et fils electrique-ACCESSOIRES DE CÂBLAGES_Partie des filtre</doc>
<status status="PASS" starttime="20230315 11:47:10.664" endtime="20230315 11:48:17.038"/>
</suite>
<suite id="s1-s7" name="test1-Gaine Tre" source="C:\Users\Ilham BOURHAIM\PycharmProjects\pythonProject13\projet3-ACCESSOIRES DE CABLAGES- Filtre\test1-Gaine_Tre.robot">
<test id="s1-s7-t1" name="Cables et fils electrique-ACCESSOIRES DE CÂBLAGES" line="7">
<kw name="open the browser with URL" library="resources">
<kw name="Create Webdriver" library="SeleniumLibrary">
<arg>Chrome</arg>
<doc>Creates an instance of Selenium WebDriver.</doc>
<msg timestamp="20230315 11:48:17.044" level="INFO">Creating an instance of the Chrome WebDriver.</msg>
<status status="PASS" starttime="20230315 11:48:17.044" endtime="20230315 11:48:18.934"/>
</kw>
<kw name="Go To" library="SeleniumLibrary">
<arg>${URL}</arg>
<doc>Navigates the current browser window to the provided ``url``.</doc>
<msg timestamp="20230315 11:48:18.935" level="INFO">Opening url 'http://192.168.31.31/'</msg>
<status status="PASS" starttime="20230315 11:48:18.934" endtime="20230315 11:48:20.333"/>
</kw>
<kw name="Maximize Browser Window" library="SeleniumLibrary">
<doc>Maximizes current browser window.</doc>
<status status="PASS" starttime="20230315 11:48:20.333" endtime="20230315 11:48:20.471"/>
</kw>
<kw name="Sleep" library="BuiltIn">
<arg>6</arg>
<doc>Pauses the test executed for the given time.</doc>
<msg timestamp="20230315 11:48:26.473" level="INFO">Slept 6 seconds</msg>
<status status="PASS" starttime="20230315 11:48:20.471" endtime="20230315 11:48:26.473"/>
</kw>
<status status="PASS" starttime="20230315 11:48:17.044" endtime="20230315 11:48:26.473"/>
</kw>
<kw name="clicker sur Cables et fils electrique - ACCESSOIRES DE CÂBLAGES - Collier">
<kw name="Click Element" library="SeleniumLibrary">
<arg>xpath://span[contains(text(),'Categories')]</arg>
<doc>Click the element identified by ``locator``.</doc>
<msg timestamp="20230315 11:48:26.474" level="INFO">Clicking element 'xpath://span[contains(text(),'Categories')]'.</msg>
<status status="PASS" starttime="20230315 11:48:26.473" endtime="20230315 11:48:26.541"/>
</kw>
<kw name="Sleep" library="BuiltIn">
<arg>4</arg>
<doc>Pauses the test executed for the given time.</doc>
<msg timestamp="20230315 11:48:30.542" level="INFO">Slept 4 seconds</msg>
<status status="PASS" starttime="20230315 11:48:26.541" endtime="20230315 11:48:30.542"/>
</kw>
<kw name="Click Element" library="SeleniumLibrary">
<arg>xpath://header/div[1]/div[2]/div[1]/div[1]/ul[1]/li[2]/div[2]/div[1]/ul[1]/li[2]/a[1]</arg>
<doc>Click the element identified by ``locator``.</doc>
<msg timestamp="20230315 11:48:30.542" level="INFO">Clicking element 'xpath://header/div[1]/div[2]/div[1]/div[1]/ul[1]/li[2]/div[2]/div[1]/ul[1]/li[2]/a[1]'.</msg>
<status status="PASS" starttime="20230315 11:48:30.542" endtime="20230315 11:48:31.793"/>
</kw>
<kw name="Sleep" library="BuiltIn">
<arg>5</arg>
<doc>Pauses the test executed for the given time.</doc>
<msg timestamp="20230315 11:48:36.794" level="INFO">Slept 5 seconds</msg>
<status status="PASS" starttime="20230315 11:48:31.793" endtime="20230315 11:48:36.794"/>
</kw>
<kw name="Click Element" library="SeleniumLibrary">
<arg>css :body.page-template-default.page.page-id-837.theme-flatsome.woocommerce-js.yith-wcan-pro.lightbox.nav-dropdown-has-shadow.nav-dropdown-has-border.page-template-blank.page-template-blank-php:nth-child(2) div.content-area section.section:nth-child(3) div.section-content.relative:nth-child(2) div.row div.col.medium-4.small-12.large-4:nth-child(5) div.col-inner.box-shadow-3:nth-child(1) div.row.row-collapse div.col.medium-8.large-8:nth-child(2) div.col-inner h3:nth-child(2) &gt; a:nth-child(1)</arg>
<doc>Click the element identified by ``locator``.</doc>
<msg timestamp="20230315 11:48:36.796" level="INFO">Clicking element 'css :body.page-template-default.page.page-id-837.theme-flatsome.woocommerce-js.yith-wcan-pro.lightbox.nav-dropdown-has-shadow.nav-dropdown-has-border.page-template-blank.page-template-blank-php:nth-child(2) div.content-area section.section:nth-child(3) div.section-content.relative:nth-child(2) div.row div.col.medium-4.small-12.large-4:nth-child(5) div.col-inner.box-shadow-3:nth-child(1) div.row.row-collapse div.col.medium-8.large-8:nth-child(2) div.col-inner h3:nth-child(2) &gt; a:nth-child(1)'.</msg>
<status status="PASS" starttime="20230315 11:48:36.794" endtime="20230315 11:48:37.875"/>
</kw>
<kw name="Sleep" library="BuiltIn">
<arg>4</arg>
<doc>Pauses the test executed for the given time.</doc>
<msg timestamp="20230315 11:48:41.876" level="INFO">Slept 4 seconds</msg>
<status status="PASS" starttime="20230315 11:48:37.875" endtime="20230315 11:48:41.876"/>
</kw>
<kw name="Click Element" library="SeleniumLibrary">
<arg>xpath://h5[contains(text(),'Gaine tressée')]</arg>
<doc>Click the element identified by ``locator``.</doc>
<msg timestamp="20230315 11:48:41.876" level="INFO">Clicking element 'xpath://h5[contains(text(),'Gaine tressée')]'.</msg>
<status status="PASS" starttime="20230315 11:48:41.876" endtime="20230315 11:48:43.295"/>
</kw>
<kw name="Sleep" library="BuiltIn">
<arg>4</arg>
<doc>Pauses the test executed for the given time.</doc>
<msg timestamp="20230315 11:48:47.296" level="INFO">Slept 4 seconds</msg>
<status status="PASS" starttime="20230315 11:48:43.295" endtime="20230315 11:48:47.296"/>
</kw>
<status status="PASS" starttime="20230315 11:48:26.473" endtime="20230315 11:48:47.297"/>
</kw>
<kw name="filtrer les produits by attribute">
<kw name="Select From List By Index" library="SeleniumLibrary">
<arg>xpath://body/div[@id='wrapper']/main[@id='main']/div[1]/div[1]/div[1]/aside[1]/div[2]/div[1]/div[2]/select[1]</arg>
<arg>1</arg>
<doc>Selects options from selection list ``locator`` by ``indexes``.</doc>
<msg timestamp="20230315 11:48:47.301" level="INFO">Selecting options from selection list 'xpath://body/div[@id='wrapper']/main[@id='main']/div[1]/div[1]/div[1]/aside[1]/div[2]/div[1]/div[2]/select[1]' by index 1.</msg>
<status status="PASS" starttime="20230315 11:48:47.299" endtime="20230315 11:48:47.452"/>
</kw>
<kw name="Sleep" library="BuiltIn">
<arg>5</arg>
<doc>Pauses the test executed for the given time.</doc>
<msg timestamp="20230315 11:48:52.452" level="INFO">Slept 5 seconds</msg>
<status status="PASS" starttime="20230315 11:48:47.452" endtime="20230315 11:48:52.452"/>
</kw>
<kw name="Select From List By Index" library="SeleniumLibrary">
<arg>xpath://body/div[@id='wrapper']/main[@id='main']/div[1]/div[1]/div[1]/aside[1]/div[2]/div[2]/div[2]/select[1]</arg>
<arg>1</arg>
<doc>Selects options from selection list ``locator`` by ``indexes``.</doc>
<msg timestamp="20230315 11:48:52.453" level="INFO">Selecting options from selection list 'xpath://body/div[@id='wrapper']/main[@id='main']/div[1]/div[1]/div[1]/aside[1]/div[2]/div[2]/div[2]/select[1]' by index 1.</msg>
<status status="PASS" starttime="20230315 11:48:52.452" endtime="20230315 11:48:52.582"/>
</kw>
<kw name="Sleep" library="BuiltIn">
<arg>5</arg>
<doc>Pauses the test executed for the given time.</doc>
<msg timestamp="20230315 11:48:57.587" level="INFO">Slept 5 seconds</msg>
<status status="PASS" starttime="20230315 11:48:52.582" endtime="20230315 11:48:57.590"/>
</kw>
<kw name="Select From List By Index" library="SeleniumLibrary">
<arg>xpath://body/div[@id='wrapper']/main[@id='main']/div[1]/div[1]/div[1]/aside[1]/div[2]/div[3]/div[2]/select[1]</arg>
<arg>1</arg>
<doc>Selects options from selection list ``locator`` by ``indexes``.</doc>
<msg timestamp="20230315 11:48:57.599" level="INFO">Selecting options from selection list 'xpath://body/div[@id='wrapper']/main[@id='main']/div[1]/div[1]/div[1]/aside[1]/div[2]/div[3]/div[2]/select[1]' by index 1.</msg>
<status status="PASS" starttime="20230315 11:48:57.592" endtime="20230315 11:48:57.816"/>
</kw>
<kw name="Sleep" library="BuiltIn">
<arg>5</arg>
<doc>Pauses the test executed for the given time.</doc>
<msg timestamp="20230315 11:49:02.817" level="INFO">Slept 5 seconds</msg>
<status status="PASS" starttime="20230315 11:48:57.816" endtime="20230315 11:49:02.817"/>
</kw>
<kw name="Select From List By Index" library="SeleniumLibrary">
<arg>xpath://body/div[@id='wrapper']/main[@id='main']/div[1]/div[1]/div[1]/aside[1]/div[2]/div[4]/div[2]/select[1]</arg>
<arg>1</arg>
<doc>Selects options from selection list ``locator`` by ``indexes``.</doc>
<msg timestamp="20230315 11:49:02.818" level="INFO">Selecting options from selection list 'xpath://body/div[@id='wrapper']/main[@id='main']/div[1]/div[1]/div[1]/aside[1]/div[2]/div[4]/div[2]/select[1]' by index 1.</msg>
<status status="PASS" starttime="20230315 11:49:02.817" endtime="20230315 11:49:02.967"/>
</kw>
<kw name="Sleep" library="BuiltIn">
<arg>5</arg>
<doc>Pauses the test executed for the given time.</doc>
<msg timestamp="20230315 11:49:07.967" level="INFO">Slept 5 seconds</msg>
<status status="PASS" starttime="20230315 11:49:02.967" endtime="20230315 11:49:07.967"/>
</kw>
<kw name="Click Element" library="SeleniumLibrary">
<arg>xpath://button[contains(text(),'Filtre')]</arg>
<doc>Click the element identified by ``locator``.</doc>
<msg timestamp="20230315 11:49:07.967" level="INFO">Clicking element 'xpath://button[contains(text(),'Filtre')]'.</msg>
<status status="PASS" starttime="20230315 11:49:07.967" endtime="20230315 11:49:09.381"/>
</kw>
<kw name="Wait Until Element Is Visible" library="SeleniumLibrary">
<arg>xpath://a[contains(text(),'PVC Fiberglass Sleeves')]</arg>
<doc>Waits until the element ``locator`` is visible.</doc>
<status status="PASS" starttime="20230315 11:49:09.381" endtime="20230315 11:49:11.070"/>
</kw>
<kw name="Sleep" library="BuiltIn">
<arg>5</arg>
<doc>Pauses the test executed for the given time.</doc>
<msg timestamp="20230315 11:49:16.071" level="INFO">Slept 5 seconds</msg>
<status status="PASS" starttime="20230315 11:49:11.070" endtime="20230315 11:49:16.071"/>
</kw>
<status status="PASS" starttime="20230315 11:48:47.297" endtime="20230315 11:49:16.071"/>
</kw>
<status status="PASS" starttime="20230315 11:48:17.044" endtime="20230315 11:49:16.071"/>
</test>
<doc>Cables et fils electrique-ACCESSOIRES DE CÂBLAGES_Partie des filtre</doc>
<status status="PASS" starttime="20230315 11:48:17.038" endtime="20230315 11:49:16.071"/>
</suite>
<suite id="s1-s8" name="test1-Gaine Tre Acc" source="C:\Users\Ilham BOURHAIM\PycharmProjects\pythonProject13\projet3-ACCESSOIRES DE CABLAGES- Filtre\test1-Gaine_Tre_Acc.robot">
<test id="s1-s8-t1" name="Cables et fils electrique-ACCESSOIRES DE CÂBLAGES" line="7">
<kw name="open the browser with URL" library="resources">
<kw name="Create Webdriver" library="SeleniumLibrary">
<arg>Chrome</arg>
<doc>Creates an instance of Selenium WebDriver.</doc>
<msg timestamp="20230315 11:49:16.087" level="INFO">Creating an instance of the Chrome WebDriver.</msg>
<status status="PASS" starttime="20230315 11:49:16.087" endtime="20230315 11:49:17.852"/>
</kw>
<kw name="Go To" library="SeleniumLibrary">
<arg>${URL}</arg>
<doc>Navigates the current browser window to the provided ``url``.</doc>
<msg timestamp="20230315 11:49:17.853" level="INFO">Opening url 'http://192.168.31.31/'</msg>
<status status="PASS" starttime="20230315 11:49:17.852" endtime="20230315 11:49:20.816"/>
</kw>
<kw name="Maximize Browser Window" library="SeleniumLibrary">
<doc>Maximizes current browser window.</doc>
<status status="PASS" starttime="20230315 11:49:20.816" endtime="20230315 11:49:20.939"/>
</kw>
<kw name="Sleep" library="BuiltIn">
<arg>6</arg>
<doc>Pauses the test executed for the given time.</doc>
<msg timestamp="20230315 11:49:26.941" level="INFO">Slept 6 seconds</msg>
<status status="PASS" starttime="20230315 11:49:20.939" endtime="20230315 11:49:26.941"/>
</kw>
<status status="PASS" starttime="20230315 11:49:16.087" endtime="20230315 11:49:26.941"/>
</kw>
<kw name="clicker sur Cables et fils electrique - ACCESSOIRES DE CÂBLAGES - Collier">
<kw name="Click Element" library="SeleniumLibrary">
<arg>xpath://span[contains(text(),'et fils electrique')]</arg>
<doc>Click the element identified by ``locator``.</doc>
<msg timestamp="20230315 11:49:26.941" level="INFO">Clicking element 'xpath://span[contains(text(),'et fils electrique')]'.</msg>
<status status="PASS" starttime="20230315 11:49:26.941" endtime="20230315 11:49:28.822"/>
</kw>
<kw name="Sleep" library="BuiltIn">
<arg>4</arg>
<doc>Pauses the test executed for the given time.</doc>
<msg timestamp="20230315 11:49:32.822" level="INFO">Slept 4 seconds</msg>
<status status="PASS" starttime="20230315 11:49:28.822" endtime="20230315 11:49:32.822"/>
</kw>
<kw name="Click Element" library="SeleniumLibrary">
<arg>xpath://a[contains(text(),'Accessoires de cablages')]</arg>
<doc>Click the element identified by ``locator``.</doc>
<msg timestamp="20230315 11:49:32.824" level="INFO">Clicking element 'xpath://a[contains(text(),'Accessoires de cablages')]'.</msg>
<status status="PASS" starttime="20230315 11:49:32.822" endtime="20230315 11:49:34.032"/>
</kw>
<kw name="Sleep" library="BuiltIn">
<arg>5</arg>
<doc>Pauses the test executed for the given time.</doc>
<msg timestamp="20230315 11:49:39.033" level="INFO">Slept 5 seconds</msg>
<status status="PASS" starttime="20230315 11:49:34.032" endtime="20230315 11:49:39.033"/>
</kw>
<kw name="Click Element" library="SeleniumLibrary">
<arg>xpath://h5[contains(text(),'Gaine tressée')]</arg>
<doc>Click the element identified by ``locator``.</doc>
<msg timestamp="20230315 11:49:39.034" level="INFO">Clicking element 'xpath://h5[contains(text(),'Gaine tressée')]'.</msg>
<status status="PASS" starttime="20230315 11:49:39.033" endtime="20230315 11:49:41.365"/>
</kw>
<kw name="Sleep" library="BuiltIn">
<arg>4</arg>
<doc>Pauses the test executed for the given time.</doc>
<msg timestamp="20230315 11:49:45.365" level="INFO">Slept 4 seconds</msg>
<status status="PASS" starttime="20230315 11:49:41.365" endtime="20230315 11:49:45.365"/>
</kw>
<status status="PASS" starttime="20230315 11:49:26.941" endtime="20230315 11:49:45.365"/>
</kw>
<kw name="filtrer les produits by attribute">
<kw name="Select From List By Index" library="SeleniumLibrary">
<arg>xpath://body/div[@id='wrapper']/main[@id='main']/div[1]/div[1]/div[1]/aside[1]/div[2]/div[1]/div[2]/select[1]</arg>
<arg>1</arg>
<doc>Selects options from selection list ``locator`` by ``indexes``.</doc>
<msg timestamp="20230315 11:49:45.366" level="INFO">Selecting options from selection list 'xpath://body/div[@id='wrapper']/main[@id='main']/div[1]/div[1]/div[1]/aside[1]/div[2]/div[1]/div[2]/select[1]' by index 1.</msg>
<status status="PASS" starttime="20230315 11:49:45.366" endtime="20230315 11:49:45.505"/>
</kw>
<kw name="Sleep" library="BuiltIn">
<arg>5</arg>
<doc>Pauses the test executed for the given time.</doc>
<msg timestamp="20230315 11:49:50.506" level="INFO">Slept 5 seconds</msg>
<status status="PASS" starttime="20230315 11:49:45.505" endtime="20230315 11:49:50.506"/>
</kw>
<kw name="Select From List By Index" library="SeleniumLibrary">
<arg>xpath://body/div[@id='wrapper']/main[@id='main']/div[1]/div[1]/div[1]/aside[1]/div[2]/div[2]/div[2]/select[1]</arg>
<arg>1</arg>
<doc>Selects options from selection list ``locator`` by ``indexes``.</doc>
<msg timestamp="20230315 11:49:50.506" level="INFO">Selecting options from selection list 'xpath://body/div[@id='wrapper']/main[@id='main']/div[1]/div[1]/div[1]/aside[1]/div[2]/div[2]/div[2]/select[1]' by index 1.</msg>
<status status="PASS" starttime="20230315 11:49:50.506" endtime="20230315 11:49:50.624"/>
</kw>
<kw name="Sleep" library="BuiltIn">
<arg>5</arg>
<doc>Pauses the test executed for the given time.</doc>
<msg timestamp="20230315 11:49:55.625" level="INFO">Slept 5 seconds</msg>
<status status="PASS" starttime="20230315 11:49:50.624" endtime="20230315 11:49:55.625"/>
</kw>
<kw name="Select From List By Index" library="SeleniumLibrary">
<arg>xpath://body/div[@id='wrapper']/main[@id='main']/div[1]/div[1]/div[1]/aside[1]/div[2]/div[3]/div[2]/select[1]</arg>
<arg>1</arg>
<doc>Selects options from selection list ``locator`` by ``indexes``.</doc>
<msg timestamp="20230315 11:49:55.627" level="INFO">Selecting options from selection list 'xpath://body/div[@id='wrapper']/main[@id='main']/div[1]/div[1]/div[1]/aside[1]/div[2]/div[3]/div[2]/select[1]' by index 1.</msg>
<status status="PASS" starttime="20230315 11:49:55.625" endtime="20230315 11:49:55.763"/>
</kw>
<kw name="Sleep" library="BuiltIn">
<arg>5</arg>
<doc>Pauses the test executed for the given time.</doc>
<msg timestamp="20230315 11:50:00.764" level="INFO">Slept 5 seconds</msg>
<status status="PASS" starttime="20230315 11:49:55.763" endtime="20230315 11:50:00.764"/>
</kw>
<kw name="Select From List By Index" library="SeleniumLibrary">
<arg>xpath://body/div[@id='wrapper']/main[@id='main']/div[1]/div[1]/div[1]/aside[1]/div[2]/div[4]/div[2]/select[1]</arg>
<arg>1</arg>
<doc>Selects options from selection list ``locator`` by ``indexes``.</doc>
<msg timestamp="20230315 11:50:00.764" level="INFO">Selecting options from selection list 'xpath://body/div[@id='wrapper']/main[@id='main']/div[1]/div[1]/div[1]/aside[1]/div[2]/div[4]/div[2]/select[1]' by index 1.</msg>
<status status="PASS" starttime="20230315 11:50:00.764" endtime="20230315 11:50:00.931"/>
</kw>
<kw name="Sleep" library="BuiltIn">
<arg>5</arg>
<doc>Pauses the test executed for the given time.</doc>
<msg timestamp="20230315 11:50:05.932" level="INFO">Slept 5 seconds</msg>
<status status="PASS" starttime="20230315 11:50:00.932" endtime="20230315 11:50:05.932"/>
</kw>
<kw name="Click Element" library="SeleniumLibrary">
<arg>xpath://button[contains(text(),'Filtre')]</arg>
<doc>Click the element identified by ``locator``.</doc>
<msg timestamp="20230315 11:50:05.932" level="INFO">Clicking element 'xpath://button[contains(text(),'Filtre')]'.</msg>
<status status="PASS" starttime="20230315 11:50:05.932" endtime="20230315 11:50:07.528"/>
</kw>
<kw name="Wait Until Element Is Visible" library="SeleniumLibrary">
<arg>xpath://a[contains(text(),'PVC Fiberglass Sleeves')]</arg>
<doc>Waits until the element ``locator`` is visible.</doc>
<status status="PASS" starttime="20230315 11:50:07.528" endtime="20230315 11:50:08.721"/>
</kw>
<kw name="Sleep" library="BuiltIn">
<arg>5</arg>
<doc>Pauses the test executed for the given time.</doc>
<msg timestamp="20230315 11:50:13.721" level="INFO">Slept 5 seconds</msg>
<status status="PASS" starttime="20230315 11:50:08.721" endtime="20230315 11:50:13.721"/>
</kw>
<status status="PASS" starttime="20230315 11:49:45.365" endtime="20230315 11:50:13.721"/>
</kw>
<status status="PASS" starttime="20230315 11:49:16.087" endtime="20230315 11:50:13.721"/>
</test>
<doc>Cables et fils electrique-ACCESSOIRES DE CÂBLAGES_Partie des filtre</doc>
<status status="PASS" starttime="20230315 11:49:16.071" endtime="20230315 11:50:13.721"/>
</suite>
<suite id="s1-s9" name="test1-Gaine Tre Cat2" source="C:\Users\Ilham BOURHAIM\PycharmProjects\pythonProject13\projet3-ACCESSOIRES DE CABLAGES- Filtre\test1-Gaine_Tre_Cat2.robot">
<test id="s1-s9-t1" name="Cables et fils electrique-ACCESSOIRES DE CÂBLAGES" line="7">
<kw name="open the browser with URL" library="resources">
<kw name="Create Webdriver" library="SeleniumLibrary">
<arg>Chrome</arg>
<doc>Creates an instance of Selenium WebDriver.</doc>
<msg timestamp="20230315 11:50:13.721" level="INFO">Creating an instance of the Chrome WebDriver.</msg>
<status status="PASS" starttime="20230315 11:50:13.721" endtime="20230315 11:50:15.574"/>
</kw>
<kw name="Go To" library="SeleniumLibrary">
<arg>${URL}</arg>
<doc>Navigates the current browser window to the provided ``url``.</doc>
<msg timestamp="20230315 11:50:15.574" level="INFO">Opening url 'http://192.168.31.31/'</msg>
<status status="PASS" starttime="20230315 11:50:15.574" endtime="20230315 11:50:17.199"/>
</kw>
<kw name="Maximize Browser Window" library="SeleniumLibrary">
<doc>Maximizes current browser window.</doc>
<status status="PASS" starttime="20230315 11:50:17.199" endtime="20230315 11:50:17.362"/>
</kw>
<kw name="Sleep" library="BuiltIn">
<arg>6</arg>
<doc>Pauses the test executed for the given time.</doc>
<msg timestamp="20230315 11:50:23.363" level="INFO">Slept 6 seconds</msg>
<status status="PASS" starttime="20230315 11:50:17.362" endtime="20230315 11:50:23.363"/>
</kw>
<status status="PASS" starttime="20230315 11:50:13.721" endtime="20230315 11:50:23.363"/>
</kw>
<kw name="clicker sur Cables et fils electrique - ACCESSOIRES DE CÂBLAGES - Collier">
<kw name="Click Element" library="SeleniumLibrary">
<arg>xpath://span[contains(text(),'Categories')]</arg>
<doc>Click the element identified by ``locator``.</doc>
<msg timestamp="20230315 11:50:23.365" level="INFO">Clicking element 'xpath://span[contains(text(),'Categories')]'.</msg>
<status status="PASS" starttime="20230315 11:50:23.364" endtime="20230315 11:50:23.438"/>
</kw>
<kw name="Sleep" library="BuiltIn">
<arg>5</arg>
<doc>Pauses the test executed for the given time.</doc>
<msg timestamp="20230315 11:50:28.439" level="INFO">Slept 5 seconds</msg>
<status status="PASS" starttime="20230315 11:50:23.438" endtime="20230315 11:50:28.439"/>
</kw>
<kw name="Mouse Down" library="SeleniumLibrary">
<arg>xpath://header/div[1]/div[2]/div[1]/div[1]/ul[1]/li[2]/div[2]/div[1]/ul[1]/li[2]/a[1]</arg>
<doc>Simulates pressing the left mouse button on the element ``locator``.</doc>
<msg timestamp="20230315 11:50:28.439" level="INFO">Simulating Mouse Down on element 'xpath://header/div[1]/div[2]/div[1]/div[1]/ul[1]/li[2]/div[2]/div[1]/ul[1]/li[2]/a[1]'.</msg>
<status status="PASS" starttime="20230315 11:50:28.439" endtime="20230315 11:50:28.764"/>
</kw>
<kw name="Sleep" library="BuiltIn">
<arg>5</arg>
<doc>Pauses the test executed for the given time.</doc>
<msg timestamp="20230315 11:50:33.766" level="INFO">Slept 5 seconds</msg>
<status status="PASS" starttime="20230315 11:50:28.765" endtime="20230315 11:50:33.766"/>
</kw>
<kw name="Click Element" library="SeleniumLibrary">
<arg>xpath://a[contains(text(),'Accessoires de câblages')]</arg>
<doc>Click the element identified by ``locator``.</doc>
<msg timestamp="20230315 11:50:33.767" level="INFO">Clicking element 'xpath://a[contains(text(),'Accessoires de câblages')]'.</msg>
<status status="PASS" starttime="20230315 11:50:33.766" endtime="20230315 11:50:35.308"/>
</kw>
<kw name="Sleep" library="BuiltIn">
<arg>5</arg>
<doc>Pauses the test executed for the given time.</doc>
<msg timestamp="20230315 11:50:40.311" level="INFO">Slept 5 seconds</msg>
<status status="PASS" starttime="20230315 11:50:35.309" endtime="20230315 11:50:40.311"/>
</kw>
<kw name="Click Element" library="SeleniumLibrary">
<arg>xpath://h5[contains(text(),'Gaine tressée')]</arg>
<doc>Click the element identified by ``locator``.</doc>
<msg timestamp="20230315 11:50:40.311" level="INFO">Clicking element 'xpath://h5[contains(text(),'Gaine tressée')]'.</msg>
<status status="PASS" starttime="20230315 11:50:40.311" endtime="20230315 11:50:41.183"/>
</kw>
<kw name="Sleep" library="BuiltIn">
<arg>4</arg>
<doc>Pauses the test executed for the given time.</doc>
<msg timestamp="20230315 11:50:45.184" level="INFO">Slept 4 seconds</msg>
<status status="PASS" starttime="20230315 11:50:41.183" endtime="20230315 11:50:45.184"/>
</kw>
<status status="PASS" starttime="20230315 11:50:23.363" endtime="20230315 11:50:45.184"/>
</kw>
<kw name="filtrer les produits by attribute">
<kw name="Select From List By Index" library="SeleniumLibrary">
<arg>xpath://body/div[@id='wrapper']/main[@id='main']/div[1]/div[1]/div[1]/aside[1]/div[2]/div[1]/div[2]/select[1]</arg>
<arg>1</arg>
<doc>Selects options from selection list ``locator`` by ``indexes``.</doc>
<msg timestamp="20230315 11:50:45.186" level="INFO">Selecting options from selection list 'xpath://body/div[@id='wrapper']/main[@id='main']/div[1]/div[1]/div[1]/aside[1]/div[2]/div[1]/div[2]/select[1]' by index 1.</msg>
<status status="PASS" starttime="20230315 11:50:45.184" endtime="20230315 11:50:45.319"/>
</kw>
<kw name="Sleep" library="BuiltIn">
<arg>5</arg>
<doc>Pauses the test executed for the given time.</doc>
<msg timestamp="20230315 11:50:50.321" level="INFO">Slept 5 seconds</msg>
<status status="PASS" starttime="20230315 11:50:45.319" endtime="20230315 11:50:50.321"/>
</kw>
<kw name="Select From List By Index" library="SeleniumLibrary">
<arg>xpath://body/div[@id='wrapper']/main[@id='main']/div[1]/div[1]/div[1]/aside[1]/div[2]/div[2]/div[2]/select[1]</arg>
<arg>1</arg>
<doc>Selects options from selection list ``locator`` by ``indexes``.</doc>
[...]
<status status="PASS" starttime="20230315 12:52:42.416" endtime="20230315 12:52:42.734"/>
</kw>
<kw name="Sleep" library="BuiltIn">
<arg>5</arg>
<doc>Pauses the test executed for the given time.</doc>
<msg timestamp="20230315 12:52:47.735" level="INFO">Slept 5 seconds</msg>
<status status="PASS" starttime="20230315 12:52:42.734" endtime="20230315 12:52:47.735"/>
</kw>
<kw name="Click Element" library="SeleniumLibrary">
<arg>xpath://a[contains(text(),'Accessoires de câblages')]</arg>
<doc>Click the element identified by ``locator``.</doc>
<msg timestamp="20230315 12:52:47.742" level="INFO">Clicking element 'xpath://a[contains(text(),'Accessoires de câblages')]'.</msg>
<status status="PASS" starttime="20230315 12:52:47.736" endtime="20230315 12:52:48.680"/>
</kw>
<kw name="Sleep" library="BuiltIn">
<arg>5</arg>
<doc>Pauses the test executed for the given time.</doc>
<msg timestamp="20230315 12:52:53.682" level="INFO">Slept 5 seconds</msg>
<status status="PASS" starttime="20230315 12:52:48.680" endtime="20230315 12:52:53.683"/>
</kw>
<kw name="Click Element" library="SeleniumLibrary">
<arg>xpath://h5[contains(text(),'Ruban')]</arg>
<doc>Click the element identified by ``locator``.</doc>
<msg timestamp="20230315 12:52:53.686" level="INFO">Clicking element 'xpath://h5[contains(text(),'Ruban')]'.</msg>
<status status="PASS" starttime="20230315 12:52:53.684" endtime="20230315 12:52:54.714"/>
</kw>
<kw name="Sleep" library="BuiltIn">
<arg>4</arg>
<doc>Pauses the test executed for the given time.</doc>
<msg timestamp="20230315 12:52:58.715" level="INFO">Slept 4 seconds</msg>
<status status="PASS" starttime="20230315 12:52:54.714" endtime="20230315 12:52:58.715"/>
</kw>
<status status="PASS" starttime="20230315 12:52:37.348" endtime="20230315 12:52:58.716"/>
</kw>
<kw name="filtrer les produits by attribute">
<kw name="Select From List By Index" library="SeleniumLibrary">
<arg>xpath://body/div[@id='wrapper']/main[@id='main']/div[1]/div[1]/div[1]/aside[1]/div[2]/div[1]/div[2]/select[1]</arg>
<arg>5</arg>
<doc>Selects options from selection list ``locator`` by ``indexes``.</doc>
<msg timestamp="20230315 12:52:58.717" level="INFO">Selecting options from selection list 'xpath://body/div[@id='wrapper']/main[@id='main']/div[1]/div[1]/div[1]/aside[1]/div[2]/div[1]/div[2]/select[1]' by index 5.</msg>
<status status="PASS" starttime="20230315 12:52:58.716" endtime="20230315 12:52:58.916"/>
</kw>
<kw name="Sleep" library="BuiltIn">
<arg>5</arg>
<doc>Pauses the test executed for the given time.</doc>
<msg timestamp="20230315 12:53:03.917" level="INFO">Slept 5 seconds</msg>
<status status="PASS" starttime="20230315 12:52:58.916" endtime="20230315 12:53:03.917"/>
</kw>
<kw name="Select From List By Index" library="SeleniumLibrary">
<arg>xpath://body/div[@id='wrapper']/main[@id='main']/div[1]/div[1]/div[1]/aside[1]/div[2]/div[2]/div[2]/select[1]</arg>
<arg>3</arg>
<doc>Selects options from selection list ``locator`` by ``indexes``.</doc>
<msg timestamp="20230315 12:53:03.918" level="INFO">Selecting options from selection list 'xpath://body/div[@id='wrapper']/main[@id='main']/div[1]/div[1]/div[1]/aside[1]/div[2]/div[2]/div[2]/select[1]' by index 3.</msg>
<status status="PASS" starttime="20230315 12:53:03.917" endtime="20230315 12:53:04.076"/>
</kw>
<kw name="Sleep" library="BuiltIn">
<arg>5</arg>
<doc>Pauses the test executed for the given time.</doc>
<msg timestamp="20230315 12:53:09.077" level="INFO">Slept 5 seconds</msg>
<status status="PASS" starttime="20230315 12:53:04.076" endtime="20230315 12:53:09.077"/>
</kw>
<kw name="Select From List By Index" library="SeleniumLibrary">
<arg>xpath://body/div[@id='wrapper']/main[@id='main']/div[1]/div[1]/div[1]/aside[1]/div[2]/div[3]/div[2]/select[1]</arg>
<arg>1</arg>
<doc>Selects options from selection list ``locator`` by ``indexes``.</doc>
<msg timestamp="20230315 12:53:09.077" level="INFO">Selecting options from selection list 'xpath://body/div[@id='wrapper']/main[@id='main']/div[1]/div[1]/div[1]/aside[1]/div[2]/div[3]/div[2]/select[1]' by index 1.</msg>
<status status="PASS" starttime="20230315 12:53:09.077" endtime="20230315 12:53:09.224"/>
</kw>
<kw name="Sleep" library="BuiltIn">
<arg>5</arg>
<doc>Pauses the test executed for the given time.</doc>
<msg timestamp="20230315 12:53:14.226" level="INFO">Slept 5 seconds</msg>
<status status="PASS" starttime="20230315 12:53:09.225" endtime="20230315 12:53:14.226"/>
</kw>
<kw name="Click Element" library="SeleniumLibrary">
<arg>xpath://button[contains(text(),'Filtre')]</arg>
<doc>Click the element identified by ``locator``.</doc>
<msg timestamp="20230315 12:53:14.226" level="INFO">Clicking element 'xpath://button[contains(text(),'Filtre')]'.</msg>
<status status="PASS" starttime="20230315 12:53:14.226" endtime="20230315 12:53:16.561"/>
</kw>
<kw name="Wait Until Element Is Visible" library="SeleniumLibrary">
<arg>xpath://a[contains(text(),'Ruban adhesif belu')]</arg>
<doc>Waits until the element ``locator`` is visible.</doc>
<status status="PASS" starttime="20230315 12:53:16.561" endtime="20230315 12:53:17.806"/>
</kw>
<kw name="Sleep" library="BuiltIn">
<arg>5</arg>
<doc>Pauses the test executed for the given time.</doc>
<msg timestamp="20230315 12:53:22.807" level="INFO">Slept 5 seconds</msg>
<status status="PASS" starttime="20230315 12:53:17.806" endtime="20230315 12:53:22.807"/>
</kw>
<status status="PASS" starttime="20230315 12:52:58.716" endtime="20230315 12:53:22.807"/>
</kw>
<status status="PASS" starttime="20230315 12:52:28.081" endtime="20230315 12:53:22.807"/>
</test>
<doc>Cables et fils electrique-ACCESSOIRES DE CÂBLAGES_Partie des filtre</doc>
<status status="PASS" starttime="20230315 12:52:28.072" endtime="20230315 12:53:22.808"/>
</suite>
<status status="FAIL" starttime="20230315 11:42:04.926" endtime="20230315 12:53:22.815"/>
</suite>
<statistics>
<total>
<stat pass="41" fail="19" skip="0">All Tests</stat>
</total>
<tag>
</tag>
<suite>
<stat pass="41" fail="19" skip="0" id="s1" name="projet3-ACCESSOIRES DE CABLAGES- Filtre">projet3-ACCESSOIRES DE CABLAGES- Filtre</stat>
<stat pass="1" fail="0" skip="0" id="s1-s1" name="test1-Collier">projet3-ACCESSOIRES DE CABLAGES- Filtre.test1-Collier</stat>
<stat pass="1" fail="0" skip="0" id="s1-s2" name="test1-Collier Acc">projet3-ACCESSOIRES DE CABLAGES- Filtre.test1-Collier Acc</stat>
<stat pass="0" fail="1" skip="0" id="s1-s3" name="test1-Collier Cat2">projet3-ACCESSOIRES DE CABLAGES- Filtre.test1-Collier Cat2</stat>
<stat pass="1" fail="0" skip="0" id="s1-s4" name="test1-Gaine Ther">projet3-ACCESSOIRES DE CABLAGES- Filtre.test1-Gaine Ther</stat>
<stat pass="1" fail="0" skip="0" id="s1-s5" name="test1-Gaine Ther Acc">projet3-ACCESSOIRES DE CABLAGES- Filtre.test1-Gaine Ther Acc</stat>
<stat pass="1" fail="0" skip="0" id="s1-s6" name="test1-Gaine Ther Cat2">projet3-ACCESSOIRES DE CABLAGES- Filtre.test1-Gaine Ther Cat2</stat>
<stat pass="1" fail="0" skip="0" id="s1-s7" name="test1-Gaine Tre">projet3-ACCESSOIRES DE CABLAGES- Filtre.test1-Gaine Tre</stat>
<stat pass="1" fail="0" skip="0" id="s1-s8" name="test1-Gaine Tre Acc">projet3-ACCESSOIRES DE CABLAGES- Filtre.test1-Gaine Tre Acc</stat>
<stat pass="1" fail="0" skip="0" id="s1-s9" name="test1-Gaine Tre Cat2">projet3-ACCESSOIRES DE CABLAGES- Filtre.test1-Gaine Tre Cat2</stat>
<stat pass="1" fail="0" skip="0" id="s1-s10" name="test1-Ruban">projet3-ACCESSOIRES DE CABLAGES- Filtre.test1-Ruban</stat>
<stat pass="1" fail="0" skip="0" id="s1-s11" name="test1-Ruban Acc">projet3-ACCESSOIRES DE CABLAGES- Filtre.test1-Ruban Acc</stat>
<stat pass="1" fail="0" skip="0" id="s1-s12" name="test1-Ruban Cat2">projet3-ACCESSOIRES DE CABLAGES- Filtre.test1-Ruban Cat2</stat>
<stat pass="1" fail="0" skip="0" id="s1-s13" name="test10-Ruban">projet3-ACCESSOIRES DE CABLAGES- Filtre.test10-Ruban</stat>
<stat pass="1" fail="0" skip="0" id="s1-s14" name="test10-Ruban Acc">projet3-ACCESSOIRES DE CABLAGES- Filtre.test10-Ruban Acc</stat>
<stat pass="1" fail="0" skip="0" id="s1-s15" name="test10-Ruban Cat2">projet3-ACCESSOIRES DE CABLAGES- Filtre.test10-Ruban Cat2</stat>
<stat pass="1" fail="0" skip="0" id="s1-s16" name="test2-Collier">projet3-ACCESSOIRES DE CABLAGES- Filtre.test2-Collier</stat>
<stat pass="1" fail="0" skip="0" id="s1-s17" name="test2-Collier Acc">projet3-ACCESSOIRES DE CABLAGES- Filtre.test2-Collier Acc</stat>
<stat pass="0" fail="1" skip="0" id="s1-s18" name="test2-Collier Cat2">projet3-ACCESSOIRES DE CABLAGES- Filtre.test2-Collier Cat2</stat>
<stat pass="1" fail="0" skip="0" id="s1-s19" name="test2-Gaine Ther">projet3-ACCESSOIRES DE CABLAGES- Filtre.test2-Gaine Ther</stat>
<stat pass="1" fail="0" skip="0" id="s1-s20" name="test2-Gaine Ther Acc">projet3-ACCESSOIRES DE CABLAGES- Filtre.test2-Gaine Ther Acc</stat>
<stat pass="1" fail="0" skip="0" id="s1-s21" name="test2-Gaine Ther Cat2">projet3-ACCESSOIRES DE CABLAGES- Filtre.test2-Gaine Ther Cat2</stat>
<stat pass="1" fail="0" skip="0" id="s1-s22" name="test2-Gaine Tre">projet3-ACCESSOIRES DE CABLAGES- Filtre.test2-Gaine Tre</stat>
<stat pass="1" fail="0" skip="0" id="s1-s23" name="test2-Gaine Tre Acc">projet3-ACCESSOIRES DE CABLAGES- Filtre.test2-Gaine Tre Acc</stat>
<stat pass="1" fail="0" skip="0" id="s1-s24" name="test2-Gaine Tre Cat2">projet3-ACCESSOIRES DE CABLAGES- Filtre.test2-Gaine Tre Cat2</stat>
<stat pass="1" fail="0" skip="0" id="s1-s25" name="test2-Ruban">projet3-ACCESSOIRES DE CABLAGES- Filtre.test2-Ruban</stat>
<stat pass="0" fail="1" skip="0" id="s1-s26" name="test2-Ruban Acc">projet3-ACCESSOIRES DE CABLAGES- Filtre.test2-Ruban Acc</stat>
<stat pass="0" fail="1" skip="0" id="s1-s27" name="test2-Ruban Cat2">projet3-ACCESSOIRES DE CABLAGES- Filtre.test2-Ruban Cat2</stat>
<stat pass="1" fail="0" skip="0" id="s1-s28" name="test3-Collier">projet3-ACCESSOIRES DE CABLAGES- Filtre.test3-Collier</stat>
<stat pass="1" fail="0" skip="0" id="s1-s29" name="test3-Collier Acc">projet3-ACCESSOIRES DE CABLAGES- Filtre.test3-Collier Acc</stat>
<stat pass="1" fail="0" skip="0" id="s1-s30" name="test3-Collier Cat2">projet3-ACCESSOIRES DE CABLAGES- Filtre.test3-Collier Cat2</stat>
<stat pass="1" fail="0" skip="0" id="s1-s31" name="test3-Gaine Ther">projet3-ACCESSOIRES DE CABLAGES- Filtre.test3-Gaine Ther</stat>
<stat pass="1" fail="0" skip="0" id="s1-s32" name="test3-Gaine Ther Acc">projet3-ACCESSOIRES DE CABLAGES- Filtre.test3-Gaine Ther Acc</stat>
<stat pass="1" fail="0" skip="0" id="s1-s33" name="test3-Gaine Ther Cat2">projet3-ACCESSOIRES DE CABLAGES- Filtre.test3-Gaine Ther Cat2</stat>
<stat pass="0" fail="1" skip="0" id="s1-s34" name="test3-Ruban">projet3-ACCESSOIRES DE CABLAGES- Filtre.test3-Ruban</stat>
<stat pass="0" fail="1" skip="0" id="s1-s35" name="test3-Ruban Acc">projet3-ACCESSOIRES DE CABLAGES- Filtre.test3-Ruban Acc</stat>
<stat pass="0" fail="1" skip="0" id="s1-s36" name="test3-Ruban Cat2">projet3-ACCESSOIRES DE CABLAGES- Filtre.test3-Ruban Cat2</stat>
<stat pass="0" fail="1" skip="0" id="s1-s37" name="test4-Collier">projet3-ACCESSOIRES DE CABLAGES- Filtre.test4-Collier</stat>
<stat pass="0" fail="1" skip="0" id="s1-s38" name="test4-Collier Acc">projet3-ACCESSOIRES DE CABLAGES- Filtre.test4-Collier Acc</stat>
<stat pass="0" fail="1" skip="0" id="s1-s39" name="test4-Collier Cat2">projet3-ACCESSOIRES DE CABLAGES- Filtre.test4-Collier Cat2</stat>
<stat pass="0" fail="1" skip="0" id="s1-s40" name="test4-Gaine Ther">projet3-ACCESSOIRES DE CABLAGES- Filtre.test4-Gaine Ther</stat>
<stat pass="1" fail="0" skip="0" id="s1-s41" name="test4-Gaine Ther Acc">projet3-ACCESSOIRES DE CABLAGES- Filtre.test4-Gaine Ther Acc</stat>
<stat pass="1" fail="0" skip="0" id="s1-s42" name="test4-Gaine Ther Cat2">projet3-ACCESSOIRES DE CABLAGES- Filtre.test4-Gaine Ther Cat2</stat>
<stat pass="1" fail="0" skip="0" id="s1-s43" name="test4-Ruban">projet3-ACCESSOIRES DE CABLAGES- Filtre.test4-Ruban</stat>
<stat pass="1" fail="0" skip="0" id="s1-s44" name="test4-Ruban Acc">projet3-ACCESSOIRES DE CABLAGES- Filtre.test4-Ruban Acc</stat>
<stat pass="1" fail="0" skip="0" id="s1-s45" name="test4-Ruban Cat2">projet3-ACCESSOIRES DE CABLAGES- Filtre.test4-Ruban Cat2</stat>
<stat pass="0" fail="1" skip="0" id="s1-s46" name="test5-Ruban">projet3-ACCESSOIRES DE CABLAGES- Filtre.test5-Ruban</stat>
<stat pass="0" fail="1" skip="0" id="s1-s47" name="test5-Ruban Acc">projet3-ACCESSOIRES DE CABLAGES- Filtre.test5-Ruban Acc</stat>
<stat pass="0" fail="1" skip="0" id="s1-s48" name="test5-Ruban Cat2">projet3-ACCESSOIRES DE CABLAGES- Filtre.test5-Ruban Cat2</stat>
<stat pass="1" fail="0" skip="0" id="s1-s49" name="test6-Ruban">projet3-ACCESSOIRES DE CABLAGES- Filtre.test6-Ruban</stat>
<stat pass="1" fail="0" skip="0" id="s1-s50" name="test6-Ruban Acc">projet3-ACCESSOIRES DE CABLAGES- Filtre.test6-Ruban Acc</stat>
<stat pass="1" fail="0" skip="0" id="s1-s51" name="test6-Ruban Cat2">projet3-ACCESSOIRES DE CABLAGES- Filtre.test6-Ruban Cat2</stat>
<stat pass="1" fail="0" skip="0" id="s1-s52" name="test7-Ruban">projet3-ACCESSOIRES DE CABLAGES- Filtre.test7-Ruban</stat>
<stat pass="1" fail="0" skip="0" id="s1-s53" name="test7-Ruban Acc">projet3-ACCESSOIRES DE CABLAGES- Filtre.test7-Ruban Acc</stat>
<stat pass="1" fail="0" skip="0" id="s1-s54" name="test7-Ruban Cat2">projet3-ACCESSOIRES DE CABLAGES- Filtre.test7-Ruban Cat2</stat>
<stat pass="0" fail="1" skip="0" id="s1-s55" name="test8-Ruban">projet3-ACCESSOIRES DE CABLAGES- Filtre.test8-Ruban</stat>
<stat pass="0" fail="1" skip="0" id="s1-s56" name="test8-Ruban Acc">projet3-ACCESSOIRES DE CABLAGES- Filtre.test8-Ruban Acc</stat>
<stat pass="0" fail="1" skip="0" id="s1-s57" name="test8-Ruban Cat2">projet3-ACCESSOIRES DE CABLAGES- Filtre.test8-Ruban Cat2</stat>
<stat pass="0" fail="1" skip="0" id="s1-s58" name="test9-Ruban">projet3-ACCESSOIRES DE CABLAGES- Filtre.test9-Ruban</stat>
<stat pass="0" fail="1" skip="0" id="s1-s59" name="test9-Ruban Acc">projet3-ACCESSOIRES DE CABLAGES- Filtre.test9-Ruban Acc</stat>
<stat pass="1" fail="0" skip="0" id="s1-s60" name="test9-Ruban Cat2">projet3-ACCESSOIRES DE CABLAGES- Filtre.test9-Ruban Cat2</stat>
</suite>
</statistics>
<errors>
<msg timestamp="20230315 12:08:36.813" level="WARN">Keyword 'Capture Page Screenshot' could not be run on failure: Message: disconnected: not connected to DevTools
  (failed to check if window was closed: disconnected: not connected to DevTools)
  (Session info: chrome=110.0.5481.180)
Stacktrace:
Backtrace:
	(No symbol) [0x008237D3]
	(No symbol) [0x007B8B81]
	(No symbol) [0x006BB36D]
	(No symbol) [0x006ACB66]
	(No symbol) [0x006AC889]
	(No symbol) [0x006BCB00]
	(No symbol) [0x00720AA0]
	(No symbol) [0x0070B216]
	(No symbol) [0x006E0D97]
	(No symbol) [0x006E253D]
	GetHandleVerifier [0x00A9ABF2+2510930]
	GetHandleVerifier [0x00AC8EC1+2700065]
	GetHandleVerifier [0x00ACC86C+2714828]
	GetHandleVerifier [0x008D3480+645344]
	(No symbol) [0x007C0FD2]
	(No symbol) [0x007C6C68]
	(No symbol) [0x007C6D4B]
	(No symbol) [0x007D0D6B]
	BaseThreadInitThunk [0x771300F9+25]
	RtlGetAppContainerNamedObjectPath [0x77C67BBE+286]
	RtlGetAppContainerNamedObjectPath [0x77C67B8E+238]
</msg>
<msg timestamp="20230315 12:29:39.874" level="WARN">Keyword 'Capture Page Screenshot' could not be run on failure: Message: timeout: Timed out receiving message from renderer: 10.000
  (Session info: chrome=110.0.5481.180)
Stacktrace:
Backtrace:
	(No symbol) [0x008237D3]
	(No symbol) [0x007B8B81]
	(No symbol) [0x006BB36D]
	(No symbol) [0x006AD4D3]
	(No symbol) [0x006AD241]
	(No symbol) [0x006ABC95]
	(No symbol) [0x006AC63A]
	(No symbol) [0x006C1DF5]
	(No symbol) [0x0072BFEC]
	(No symbol) [0x0070B41C]
	(No symbol) [0x00721215]
	(No symbol) [0x0070B216]
	(No symbol) [0x006E0D97]
	(No symbol) [0x006E253D]
	GetHandleVerifier [0x00A9ABF2+2510930]
	GetHandleVerifier [0x00AC8EC1+2700065]
	GetHandleVerifier [0x00ACC86C+2714828]
	GetHandleVerifier [0x008D3480+645344]
	(No symbol) [0x007C0FD2]
	(No symbol) [0x007C6C68]
	(No symbol) [0x007C6D4B]
	(No symbol) [0x007D0D6B]
	BaseThreadInitThunk [0x771300F9+25]
	RtlGetAppContainerNamedObjectPath [0x77C67BBE+286]
	RtlGetAppContainerNamedObjectPath [0x77C67B8E+238]
</msg>
<msg timestamp="20230315 12:51:45.494" level="WARN">Keyword 'Capture Page Screenshot' could not be run on failure: Message: disconnected: not connected to DevTools
  (failed to check if window was closed: disconnected: not connected to DevTools)
  (Session info: chrome=110.0.5481.180)
Stacktrace:
Backtrace:
	(No symbol) [0x008237D3]
	(No symbol) [0x007B8B81]
	(No symbol) [0x006BB36D]
	(No symbol) [0x006ACB66]
	(No symbol) [0x006AC889]
	(No symbol) [0x006BCB00]
	(No symbol) [0x00720AA0]
	(No symbol) [0x0070B216]
	(No symbol) [0x006E0D97]
	(No symbol) [0x006E253D]
	GetHandleVerifier [0x00A9ABF2+2510930]
	GetHandleVerifier [0x00AC8EC1+2700065]
	GetHandleVerifier [0x00ACC86C+2714828]
	GetHandleVerifier [0x008D3480+645344]
	(No symbol) [0x007C0FD2]
	(No symbol) [0x007C6C68]
	(No symbol) [0x007C6D4B]
	(No symbol) [0x007D0D6B]
	BaseThreadInitThunk [0x771300F9+25]
	RtlGetAppContainerNamedObjectPath [0x77C67BBE+286]
	RtlGetAppContainerNamedObjectPath [0x77C67B8E+238]
</msg>
<msg timestamp="20230315 12:52:02.712" level="WARN">Keyword 'Capture Page Screenshot' could not be run on failure: Message: disconnected: not connected to DevTools
  (failed to check if window was closed: disconnected: not connected to DevTools)
  (Session info: chrome=110.0.5481.180)
Stacktrace:
Backtrace:
	(No symbol) [0x008237D3]
	(No symbol) [0x007B8B81]
	(No symbol) [0x006BB36D]
	(No symbol) [0x006ACB66]
	(No symbol) [0x006AC889]
	(No symbol) [0x006BCB00]
	(No symbol) [0x00720AA0]
	(No symbol) [0x0070B216]
	(No symbol) [0x006E0D97]
	(No symbol) [0x006E253D]
	GetHandleVerifier [0x00A9ABF2+2510930]
	GetHandleVerifier [0x00AC8EC1+2700065]
	GetHandleVerifier [0x00ACC86C+2714828]
	GetHandleVerifier [0x008D3480+645344]
	(No symbol) [0x007C0FD2]
	(No symbol) [0x007C6C68]
	(No symbol) [0x007C6D4B]
	(No symbol) [0x007D0D6B]
	BaseThreadInitThunk [0x771300F9+25]
	RtlGetAppContainerNamedObjectPath [0x77C67BBE+286]
	RtlGetAppContainerNamedObjectPath [0x77C67B8E+238]
</msg>
<msg timestamp="20230315 12:52:17.339" level="WARN">Keyword 'Capture Page Screenshot' could not be run on failure: Message: disconnected: not connected to DevTools
  (failed to check if window was closed: disconnected: not connected to DevTools)
  (Session info: chrome=110.0.5481.180)
Stacktrace:
Backtrace:
	(No symbol) [0x008237D3]
	(No symbol) [0x007B8B81]
	(No symbol) [0x006BB36D]
	(No symbol) [0x006ACB66]
	(No symbol) [0x006AC889]
	(No symbol) [0x006BCB00]
	(No symbol) [0x00720AA0]
	(No symbol) [0x0070B216]
	(No symbol) [0x006E0D97]
	(No symbol) [0x006E253D]
	GetHandleVerifier [0x00A9ABF2+2510930]
	GetHandleVerifier [0x00AC8EC1+2700065]
	GetHandleVerifier [0x00ACC86C+2714828]
	GetHandleVerifier [0x008D3480+645344]
	(No symbol) [0x007C0FD2]
	(No symbol) [0x007C6C68]
	(No symbol) [0x007C6D4B]
	(No symbol) [0x007D0D6B]
	BaseThreadInitThunk [0x771300F9+25]
	RtlGetAppContainerNamedObjectPath [0x77C67BBE+286]
	RtlGetAppContainerNamedObjectPath [0x77C67B8E+238]
</msg>
<msg timestamp="20230315 12:52:28.065" level="WARN">Keyword 'Capture Page Screenshot' could not be run on failure: Message: disconnected: not connected to DevTools
  (failed to check if window was closed: disconnected: not connected to DevTools)
  (Session info: chrome=110.0.5481.180)
Stacktrace:
Backtrace:
	(No symbol) [0x008237D3]
	(No symbol) [0x007B8B81]
	(No symbol) [0x006BB36D]
	(No symbol) [0x006ACB66]
	(No symbol) [0x006AC889]
	(No symbol) [0x006BCB00]
	(No symbol) [0x00720AA0]
	(No symbol) [0x0070B216]
	(No symbol) [0x006E0D97]
	(No symbol) [0x006E253D]
	GetHandleVerifier [0x00A9ABF2+2510930]
	GetHandleVerifier [0x00AC8EC1+2700065]
	GetHandleVerifier [0x00ACC86C+2714828]
	GetHandleVerifier [0x008D3480+645344]
	(No symbol) [0x007C0FD2]
	(No symbol) [0x007C6C68]
	(No symbol) [0x007C6D4B]
	(No symbol) [0x007D0D6B]
	BaseThreadInitThunk [0x771300F9+25]
	RtlGetAppContainerNamedObjectPath [0x77C67BBE+286]
	RtlGetAppContainerNamedObjectPath [0x77C67B8E+238]
</msg>
</errors>
</robot>
