<?xml version="1.0" encoding="UTF-8"?>
<robot generator="Robot 6.0.1 (Python 3.11.1 on win32)" generated="20230317 11:23:56.744" rpa="false" schemaversion="3">
<suite id="s1" name="projert1 - FILS DE CABLE - Quantite" source="C:\Users\Ilham BOURHAIM\PycharmProjects\pythonProject14\projert1 - FILS DE CABLE - Quantite">
<suite id="s1-s1" name="test5-3-Quantité" source="C:\Users\Ilham BOURHAIM\PycharmProjects\pythonProject14\projert1 - FILS DE CABLE - Quantite\test5-3-Quantité.robot">
<test id="s1-s1-t1" name="Cables et fils electrique-Fils de cable" line="10">
<kw name="open the browser with URL" library="resources">
<kw name="Create Webdriver" library="SeleniumLibrary">
<arg>Chrome</arg>
<doc>Creates an instance of Selenium WebDriver.</doc>
<msg timestamp="20230317 11:23:57.258" level="INFO">Creating an instance of the Chrome WebDriver.</msg>
<status status="PASS" starttime="20230317 11:23:57.258" endtime="20230317 11:23:59.054"/>
</kw>
<kw name="Go To" library="SeleniumLibrary">
<arg>${URL}</arg>
<doc>Navigates the current browser window to the provided ``url``.</doc>
<msg timestamp="20230317 11:23:59.055" level="INFO">Opening url 'http://192.168.31.31/'</msg>
<status status="PASS" starttime="20230317 11:23:59.055" endtime="20230317 11:24:02.253"/>
</kw>
<kw name="Maximize Browser Window" library="SeleniumLibrary">
<doc>Maximizes current browser window.</doc>
<status status="PASS" starttime="20230317 11:24:02.254" endtime="20230317 11:24:02.633"/>
</kw>
<kw name="Sleep" library="BuiltIn">
<arg>6</arg>
<doc>Pauses the test executed for the given time.</doc>
<msg timestamp="20230317 11:24:08.635" level="INFO">Slept 6 seconds</msg>
<status status="PASS" starttime="20230317 11:24:02.633" endtime="20230317 11:24:08.635"/>
</kw>
<status status="PASS" starttime="20230317 11:23:57.257" endtime="20230317 11:24:08.636"/>
</kw>
<kw name="click an Cables et fils electrique-Fils de cable" library="clickAn">
<arg>${Categories}</arg>
<arg>${Câbles_fils}</arg>
<arg>${FILS_CABLE}</arg>
<kw name="Click Element" library="SeleniumLibrary">
<arg>${Categories}</arg>
<doc>Click the element identified by ``locator``.</doc>
<msg timestamp="20230317 11:24:08.639" level="INFO">Clicking element 'xpath://span[contains(text(),'Categories')]'.</msg>
<status status="PASS" starttime="20230317 11:24:08.638" endtime="20230317 11:24:08.920"/>
</kw>
<kw name="Sleep" library="BuiltIn">
<arg>5</arg>
<doc>Pauses the test executed for the given time.</doc>
<msg timestamp="20230317 11:24:13.921" level="INFO">Slept 5 seconds</msg>
<status status="PASS" starttime="20230317 11:24:08.920" endtime="20230317 11:24:13.921"/>
</kw>
<kw name="Click Element" library="SeleniumLibrary">
<arg>${Câbles_fils}</arg>
<doc>Click the element identified by ``locator``.</doc>
<msg timestamp="20230317 11:24:13.923" level="INFO">Clicking element 'xpath://header/div[1]/div[2]/div[1]/div[1]/ul[1]/li[2]/div[2]/div[1]/ul[1]/li[2]/a[1]'.</msg>
<status status="PASS" starttime="20230317 11:24:13.921" endtime="20230317 11:24:17.864"/>
</kw>
<kw name="Sleep" library="BuiltIn">
<arg>5</arg>
<doc>Pauses the test executed for the given time.</doc>
<msg timestamp="20230317 11:24:22.866" level="INFO">Slept 5 seconds</msg>
<status status="PASS" starttime="20230317 11:24:17.864" endtime="20230317 11:24:22.867"/>
</kw>
<kw name="Click Element" library="SeleniumLibrary">
<arg>${FILS_CABLE}</arg>
<doc>Click the element identified by ``locator``.</doc>
<msg timestamp="20230317 11:24:22.868" level="INFO">Clicking element 'css:body.page-template-default.page.page-id-837.theme-flatsome.woocommerce-js.yith-wcan-pro.lightbox.nav-dropdown-has-shadow.nav-dropdown-has-border.page-template-blank.page-template-blank-php:nth-child(2) div.content-area section.section:nth-child(3) div.section-content.relative:nth-child(2) div.row div.col.medium-4.small-12.large-4:nth-child(3) div.col-inner.box-shadow-3:nth-child(1) div.row.row-collapse div.col.medium-8.large-8:nth-child(2) div.col-inner h3:nth-child(2) &gt; a:nth-child(1)'.</msg>
<status status="PASS" starttime="20230317 11:24:22.867" endtime="20230317 11:24:29.576"/>
</kw>
<kw name="Sleep" library="BuiltIn">
<arg>5</arg>
<doc>Pauses the test executed for the given time.</doc>
<msg timestamp="20230317 11:24:34.578" level="INFO">Slept 5 seconds</msg>
<status status="PASS" starttime="20230317 11:24:29.577" endtime="20230317 11:24:34.578"/>
</kw>
<status status="PASS" starttime="20230317 11:24:08.636" endtime="20230317 11:24:34.578"/>
</kw>
<kw name="clicker sur un produit et voir le panier" library="Choose5-3_Quantite">
<arg>${clicker_Produit}</arg>
<arg>${Ajout_Panier}</arg>
<arg>${Voirr_Panier}</arg>
<kw name="Sleep" library="BuiltIn">
<arg>7</arg>
<doc>Pauses the test executed for the given time.</doc>
<msg timestamp="20230317 11:24:41.583" level="INFO">Slept 7 seconds</msg>
<status status="PASS" starttime="20230317 11:24:34.581" endtime="20230317 11:24:41.583"/>
</kw>
<kw name="Click Element" library="SeleniumLibrary">
<arg>${clicker_Produit}</arg>
<doc>Click the element identified by ``locator``.</doc>
<msg timestamp="20230317 11:24:41.584" level="INFO">Clicking element 'xpath://a[contains(text(),'cable souple 16mm')]'.</msg>
<status status="PASS" starttime="20230317 11:24:41.583" endtime="20230317 11:24:46.887"/>
</kw>
<kw name="Sleep" library="BuiltIn">
<arg>5</arg>
<doc>Pauses the test executed for the given time.</doc>
<msg timestamp="20230317 11:24:51.889" level="INFO">Slept 5 seconds</msg>
<status status="PASS" starttime="20230317 11:24:46.888" endtime="20230317 11:24:51.889"/>
</kw>
<kw name="Click Element" library="SeleniumLibrary">
<arg>${Ajout_Panier}</arg>
<doc>Click the element identified by ``locator``.</doc>
<msg timestamp="20230317 11:24:51.890" level="INFO">Clicking element 'xpath://button[contains(text(),'Ajouter au panier')]'.</msg>
<status status="PASS" starttime="20230317 11:24:51.889" endtime="20230317 11:25:04.267"/>
</kw>
<kw name="Sleep" library="BuiltIn">
<arg>3</arg>
<doc>Pauses the test executed for the given time.</doc>
<msg timestamp="20230317 11:25:07.269" level="INFO">Slept 3 seconds</msg>
<status status="PASS" starttime="20230317 11:25:04.267" endtime="20230317 11:25:07.270"/>
</kw>
<kw name="Click Element" library="SeleniumLibrary">
<arg>${Voirr_Panier}</arg>
<doc>Click the element identified by ``locator``.</doc>
<msg timestamp="20230317 11:25:07.276" level="INFO">Clicking element 'xpath://header/div[1]/div[1]/div[1]/div[4]/ul[1]/li[3]/ul[1]/li[1]/div[1]/p[2]/a[1]'.</msg>
<status status="PASS" starttime="20230317 11:25:07.272" endtime="20230317 11:25:19.659"/>
</kw>
<kw name="Sleep" library="BuiltIn">
<arg>5</arg>
<doc>Pauses the test executed for the given time.</doc>
<msg timestamp="20230317 11:25:24.663" level="INFO">Slept 5 seconds</msg>
<status status="PASS" starttime="20230317 11:25:19.660" endtime="20230317 11:25:24.664"/>
</kw>
<status status="PASS" starttime="20230317 11:24:34.579" endtime="20230317 11:25:24.666"/>
</kw>
<kw name="Eliminer le produit (0 Produits)" library="Choose5-3_Quantite">
<arg>${Soustracter_nbr_produit}</arg>
<arg>${Mettre_à_jour_panier}</arg>
<arg>${Retour_à_la_boutique}</arg>
<kw name="Click Element" library="SeleniumLibrary">
<arg>${Soustracter_nbr_produit}</arg>
<doc>Click the element identified by ``locator``.</doc>
<msg timestamp="20230317 11:25:24.682" level="INFO">Clicking element 'xpath://tbody/tr[1]/td[5]/div[1]/input[1]'.</msg>
<status status="PASS" starttime="20230317 11:25:24.678" endtime="20230317 11:25:24.917"/>
</kw>
<kw name="Sleep" library="BuiltIn">
<arg>3</arg>
<doc>Pauses the test executed for the given time.</doc>
<msg timestamp="20230317 11:25:27.919" level="INFO">Slept 3 seconds</msg>
<status status="PASS" starttime="20230317 11:25:24.917" endtime="20230317 11:25:27.919"/>
</kw>
<kw name="Click Element" library="SeleniumLibrary">
<arg>${Mettre_à_jour_panier}</arg>
<doc>Click the element identified by ``locator``.</doc>
<msg timestamp="20230317 11:25:27.922" level="INFO">Clicking element 'xpath: // button[contains(text(), 'Mettre à jour le panier')]'.</msg>
<status status="PASS" starttime="20230317 11:25:27.920" endtime="20230317 11:25:28.011"/>
</kw>
<kw name="Sleep" library="BuiltIn">
<arg>9</arg>
<doc>Pauses the test executed for the given time.</doc>
<msg timestamp="20230317 11:25:37.012" level="INFO">Slept 9 seconds</msg>
<status status="PASS" starttime="20230317 11:25:28.012" endtime="20230317 11:25:37.012"/>
</kw>
<kw name="Click Element" library="SeleniumLibrary">
<arg>${Retour_à_la_boutique}</arg>
<doc>Click the element identified by ``locator``.</doc>
<msg timestamp="20230317 11:25:37.013" level="INFO">Clicking element 'xpath://a[contains(text(),'Retour à la boutique')]'.</msg>
<status status="PASS" starttime="20230317 11:25:37.012" endtime="20230317 11:25:39.871"/>
</kw>
<kw name="Sleep" library="BuiltIn">
<arg>5</arg>
<doc>Pauses the test executed for the given time.</doc>
<msg timestamp="20230317 11:25:44.873" level="INFO">Slept 5 seconds</msg>
<status status="PASS" starttime="20230317 11:25:39.871" endtime="20230317 11:25:44.873"/>
</kw>
<kw name="Wait Until Element Is Visible" library="SeleniumLibrary">
<arg>${Categories}</arg>
<doc>Waits until the element ``locator`` is visible.</doc>
<status status="PASS" starttime="20230317 11:25:44.874" endtime="20230317 11:25:44.929"/>
</kw>
<kw name="Sleep" library="BuiltIn">
<arg>3</arg>
<doc>Pauses the test executed for the given time.</doc>
<msg timestamp="20230317 11:25:47.930" level="INFO">Slept 3 seconds</msg>
<status status="PASS" starttime="20230317 11:25:44.929" endtime="20230317 11:25:47.932"/>
</kw>
<kw name="Click Element" library="SeleniumLibrary">
<arg>${Accessoires_de_cablages}</arg>
<doc>Click the element identified by ``locator``.</doc>
<msg timestamp="20230317 11:25:47.937" level="INFO">Clicking element 'xpath://span[contains(text(),'Accessoires de cablages')]'.</msg>
<status status="PASS" starttime="20230317 11:25:47.934" endtime="20230317 11:25:53.282"/>
</kw>
<kw name="Sleep" library="BuiltIn">
<arg>4</arg>
<doc>Pauses the test executed for the given time.</doc>
<msg timestamp="20230317 11:25:57.283" level="INFO">Slept 4 seconds</msg>
<status status="PASS" starttime="20230317 11:25:53.282" endtime="20230317 11:25:57.283"/>
</kw>
<kw name="Click Element" library="SeleniumLibrary">
<arg>${Collier}</arg>
<doc>Click the element identified by ``locator``.</doc>
<msg timestamp="20230317 11:25:57.284" level="INFO">Clicking element 'xpath://h5[contains(text(),'Collier')]'.</msg>
<status status="PASS" starttime="20230317 11:25:57.283" endtime="20230317 11:26:06.965"/>
</kw>
<kw name="Sleep" library="BuiltIn">
<arg>4</arg>
<doc>Pauses the test executed for the given time.</doc>
<msg timestamp="20230317 11:26:10.967" level="INFO">Slept 4 seconds</msg>
<status status="PASS" starttime="20230317 11:26:06.966" endtime="20230317 11:26:10.968"/>
</kw>
<kw name="Wait Until Element Is Visible" library="SeleniumLibrary">
<arg>${PRODUITS_7_Fils_de_cable}</arg>
<doc>Waits until the element ``locator`` is visible.</doc>
<status status="PASS" starttime="20230317 11:26:10.976" endtime="20230317 11:26:13.096"/>
</kw>
<status status="PASS" starttime="20230317 11:25:24.668" endtime="20230317 11:26:13.096"/>
</kw>
<status status="PASS" starttime="20230317 11:23:57.256" endtime="20230317 11:26:13.097"/>
</test>
<doc>Cables et fils electrique-Fils de cable_Partie de Commande</doc>
<status status="PASS" starttime="20230317 11:23:56.790" endtime="20230317 11:26:13.097"/>
</suite>
<status status="PASS" starttime="20230317 11:23:56.761" endtime="20230317 11:26:13.099"/>
</suite>
<statistics>
<total>
<stat pass="1" fail="0" skip="0">All Tests</stat>
</total>
<tag>
</tag>
<suite>
<stat pass="1" fail="0" skip="0" id="s1" name="projert1 - FILS DE CABLE - Quantite">projert1 - FILS DE CABLE - Quantite</stat>
<stat pass="1" fail="0" skip="0" id="s1-s1" name="test5-3-Quantité">projert1 - FILS DE CABLE - Quantite.test5-3-Quantité</stat>
</suite>
</statistics>
<errors>
</errors>
</robot>
