<?xml version="1.0" encoding="UTF-8"?>
<robot generator="Robot 6.0.1 (Python 3.11.1 on win32)" generated="20230313 12:28:35.024" rpa="false" schemaversion="3">
<suite id="s1" name="projet2 - Transformateurs - Filtre" source="C:\Users\Ilham BOURHAIM\PycharmProjects\pythonProject13\projet2 - Transformateurs - Filtre">
<suite id="s1-s1" name="test1-Acc" source="C:\Users\Ilham BOURHAIM\PycharmProjects\pythonProject13\projet2 - Transformateurs - Filtre\test1-Acc.robot">
<test id="s1-s1-t1" name="Alimentationa-Transformateurs" line="10">
<kw name="open the browser with URL" library="resources">
<kw name="Create Webdriver" library="SeleniumLibrary">
<arg>Chrome</arg>
<doc>Creates an instance of Selenium WebDriver.</doc>
<msg timestamp="20230313 12:28:35.386" level="INFO">Creating an instance of the Chrome WebDriver.</msg>
<status status="PASS" starttime="20230313 12:28:35.386" endtime="20230313 12:28:37.201"/>
</kw>
<kw name="Go To" library="SeleniumLibrary">
<arg>${URL}</arg>
<doc>Navigates the current browser window to the provided ``url``.</doc>
<msg timestamp="20230313 12:28:37.202" level="INFO">Opening url 'http://192.168.31.31/'</msg>
<status status="PASS" starttime="20230313 12:28:37.201" endtime="20230313 12:28:39.459"/>
</kw>
<kw name="Maximize Browser Window" library="SeleniumLibrary">
<doc>Maximizes current browser window.</doc>
<status status="PASS" starttime="20230313 12:28:39.460" endtime="20230313 12:28:39.594"/>
</kw>
<kw name="Sleep" library="BuiltIn">
<arg>6</arg>
<doc>Pauses the test executed for the given time.</doc>
<msg timestamp="20230313 12:28:45.595" level="INFO">Slept 6 seconds</msg>
<status status="PASS" starttime="20230313 12:28:39.594" endtime="20230313 12:28:45.595"/>
</kw>
<status status="PASS" starttime="20230313 12:28:35.386" endtime="20230313 12:28:45.595"/>
</kw>
<kw name="clicker sur alimentations-Transformateurs" library="clickAn-Acc-Transf">
<arg>${Alimentations2}</arg>
<arg>${TRANSFORMATEURS}</arg>
<kw name="Click Element" library="SeleniumLibrary">
<arg>${Alimentations2}</arg>
<doc>Click the element identified by ``locator``.</doc>
<msg timestamp="20230313 12:28:45.599" level="INFO">Clicking element 'css:body.home.page-template-default.page.page-id-1039.theme-flatsome.woocommerce-js.yith-wcan-pro.lightbox.nav-dropdown-has-shadow.nav-dropdown-has-border.page-template-blank.page-template-blank-php:nth-child(2) div.content-area div.row:nth-child(3) div.col.small-12.large-12 div.col-inner div.row.row-small.row-full-width div.col.medium-12.small-12.large-6:nth-child(2) div.col-inner div.row.row-small div.col.medium-6.small-12.large-6:nth-child(2) div.col-inner div.box.has-hover.has-hover.box-overlay.dark.box-text-middle div.box-text.text-center div.box-text-inner a.button.primary &gt; span:nth-child(1)'.</msg>
<status status="PASS" starttime="20230313 12:28:45.597" endtime="20230313 12:28:46.775"/>
</kw>
<kw name="Sleep" library="BuiltIn">
<arg>5</arg>
<doc>Pauses the test executed for the given time.</doc>
<msg timestamp="20230313 12:28:51.776" level="INFO">Slept 5 seconds</msg>
<status status="PASS" starttime="20230313 12:28:46.775" endtime="20230313 12:28:51.776"/>
</kw>
<kw name="Click Element" library="SeleniumLibrary">
<arg>${TRANSFORMATEURS}</arg>
<doc>Click the element identified by ``locator``.</doc>
<msg timestamp="20230313 12:28:51.776" level="INFO">Clicking element 'css:body.page-template-default.page.page-id-775.theme-flatsome.woocommerce-js.yith-wcan-pro.lightbox.nav-dropdown-has-shadow.nav-dropdown-has-border.page-template-blank.page-template-blank-php:nth-child(2) div.content-area section.section:nth-child(3) div.section-content.relative:nth-child(2) div.row:nth-child(2) div.col.medium-4.small-12.large-4:nth-child(2) div.col-inner.box-shadow-3:nth-child(1) div.row.row-collapse div.col.medium-8.large-8:nth-child(2) div.col-inner h3:nth-child(2) &gt; a:nth-child(1)'.</msg>
<status status="PASS" starttime="20230313 12:28:51.776" endtime="20230313 12:28:53.833"/>
</kw>
<kw name="Sleep" library="BuiltIn">
<arg>5</arg>
<doc>Pauses the test executed for the given time.</doc>
<msg timestamp="20230313 12:28:58.834" level="INFO">Slept 5 seconds</msg>
<status status="PASS" starttime="20230313 12:28:53.833" endtime="20230313 12:28:58.834"/>
</kw>
<status status="PASS" starttime="20230313 12:28:45.595" endtime="20230313 12:28:58.834"/>
</kw>
<kw name="filtrer les produits by attribute" library="Choose-Transf-Filtre">
<arg>${Fabricant}</arg>
<arg>${Courant_sortie_Max}</arg>
<arg>${Fréquence_de_fonctio_Max}</arg>
<arg>${Fréquence_de_fonctio_Min}</arg>
<arg>${Nombre_de_sortie}</arg>
<arg>${Puissance}</arg>
<arg>${Température_de_foncti}</arg>
<arg>${Tension_sortie1}</arg>
<kw name="Select From List By Index" library="SeleniumLibrary">
<arg>${Fabricant2}</arg>
<arg>${Fabricant}</arg>
<doc>Selects options from selection list ``locator`` by ``indexes``.</doc>
<msg timestamp="20230313 12:28:58.838" level="INFO">Selecting options from selection list 'xpath://body/div[@id='wrapper']/main[@id='main']/div[1]/div[1]/div[1]/aside[1]/div[2]/div[1]/div[2]/select[1]' by index 1.</msg>
<status status="PASS" starttime="20230313 12:28:58.837" endtime="20230313 12:28:58.956"/>
</kw>
<kw name="Sleep" library="BuiltIn">
<arg>6</arg>
<doc>Pauses the test executed for the given time.</doc>
<msg timestamp="20230313 12:29:04.957" level="INFO">Slept 6 seconds</msg>
<status status="PASS" starttime="20230313 12:28:58.956" endtime="20230313 12:29:04.957"/>
</kw>
<kw name="Select From List By Index" library="SeleniumLibrary">
<arg>${Courant_sortie_Max2}</arg>
<arg>${Courant_sortie_Max}</arg>
<doc>Selects options from selection list ``locator`` by ``indexes``.</doc>
<msg timestamp="20230313 12:29:04.957" level="INFO">Selecting options from selection list 'xpath://body/div[@id='wrapper']/main[@id='main']/div[1]/div[1]/div[1]/aside[1]/div[2]/div[2]/div[2]/select[1]' by index 1.</msg>
<status status="PASS" starttime="20230313 12:29:04.957" endtime="20230313 12:29:05.099"/>
</kw>
<kw name="Sleep" library="BuiltIn">
<arg>5</arg>
<doc>Pauses the test executed for the given time.</doc>
<msg timestamp="20230313 12:29:10.100" level="INFO">Slept 5 seconds</msg>
<status status="PASS" starttime="20230313 12:29:05.099" endtime="20230313 12:29:10.101"/>
</kw>
<kw name="Select From List By Index" library="SeleniumLibrary">
<arg>${Fréquence_de_fonctio_Max2}</arg>
<arg>${Fréquence_de_fonctio_Max}</arg>
<doc>Selects options from selection list ``locator`` by ``indexes``.</doc>
<msg timestamp="20230313 12:29:10.105" level="INFO">Selecting options from selection list 'xpath://body/div[@id='wrapper']/main[@id='main']/div[1]/div[1]/div[1]/aside[1]/div[2]/div[3]/div[2]/select[1]' by index 1.</msg>
<status status="PASS" starttime="20230313 12:29:10.102" endtime="20230313 12:29:10.274"/>
</kw>
<kw name="Sleep" library="BuiltIn">
<arg>5</arg>
<doc>Pauses the test executed for the given time.</doc>
<msg timestamp="20230313 12:29:15.275" level="INFO">Slept 5 seconds</msg>
<status status="PASS" starttime="20230313 12:29:10.274" endtime="20230313 12:29:15.275"/>
</kw>
<kw name="Select From List By Index" library="SeleniumLibrary">
<arg>${Fréquence_de_fonctio_Min2}</arg>
<arg>${Fréquence_de_fonctio_Min}</arg>
<doc>Selects options from selection list ``locator`` by ``indexes``.</doc>
<msg timestamp="20230313 12:29:15.276" level="INFO">Selecting options from selection list 'xpath://body/div[@id='wrapper']/main[@id='main']/div[1]/div[1]/div[1]/aside[1]/div[2]/div[4]/div[2]/select[1]' by index 1.</msg>
<status status="PASS" starttime="20230313 12:29:15.275" endtime="20230313 12:29:15.429"/>
</kw>
<kw name="Sleep" library="BuiltIn">
<arg>5</arg>
<doc>Pauses the test executed for the given time.</doc>
<msg timestamp="20230313 12:29:20.430" level="INFO">Slept 5 seconds</msg>
<status status="PASS" starttime="20230313 12:29:15.429" endtime="20230313 12:29:20.430"/>
</kw>
<kw name="Select From List By Index" library="SeleniumLibrary">
<arg>${Nombre_de_sortie2}</arg>
<arg>${Nombre_de_sortie}</arg>
<doc>Selects options from selection list ``locator`` by ``indexes``.</doc>
<msg timestamp="20230313 12:29:20.433" level="INFO">Selecting options from selection list 'xpath://body/div[@id='wrapper']/main[@id='main']/div[1]/div[1]/div[1]/aside[1]/div[2]/div[5]/div[2]/select[1]' by index 1.</msg>
<status status="PASS" starttime="20230313 12:29:20.431" endtime="20230313 12:29:20.587"/>
</kw>
<kw name="Sleep" library="BuiltIn">
<arg>5</arg>
<doc>Pauses the test executed for the given time.</doc>
<msg timestamp="20230313 12:29:25.588" level="INFO">Slept 5 seconds</msg>
<status status="PASS" starttime="20230313 12:29:20.587" endtime="20230313 12:29:25.589"/>
</kw>
<kw name="Select From List By Index" library="SeleniumLibrary">
<arg>${Puissance2}</arg>
<arg>${Puissance}</arg>
<doc>Selects options from selection list ``locator`` by ``indexes``.</doc>
<msg timestamp="20230313 12:29:25.592" level="INFO">Selecting options from selection list 'xpath://body/div[@id='wrapper']/main[@id='main']/div[1]/div[1]/div[1]/aside[1]/div[2]/div[6]/div[2]/select[1]' by index 1.</msg>
<status status="PASS" starttime="20230313 12:29:25.589" endtime="20230313 12:29:25.745"/>
</kw>
<kw name="Sleep" library="BuiltIn">
<arg>5</arg>
<doc>Pauses the test executed for the given time.</doc>
<msg timestamp="20230313 12:29:30.746" level="INFO">Slept 5 seconds</msg>
<status status="PASS" starttime="20230313 12:29:25.745" endtime="20230313 12:29:30.746"/>
</kw>
<kw name="Select From List By Index" library="SeleniumLibrary">
<arg>${Température_de_foncti2}</arg>
<arg>${Température_de_foncti}</arg>
<doc>Selects options from selection list ``locator`` by ``indexes``.</doc>
<msg timestamp="20230313 12:29:30.750" level="INFO">Selecting options from selection list 'xpath://body/div[@id='wrapper']/main[@id='main']/div[1]/div[1]/div[1]/aside[1]/div[2]/div[8]/div[2]/select[1]' by index 1.</msg>
<status status="PASS" starttime="20230313 12:29:30.747" endtime="20230313 12:29:30.911"/>
</kw>
<kw name="Sleep" library="BuiltIn">
<arg>5</arg>
<doc>Pauses the test executed for the given time.</doc>
<msg timestamp="20230313 12:29:35.912" level="INFO">Slept 5 seconds</msg>
<status status="PASS" starttime="20230313 12:29:30.911" endtime="20230313 12:29:35.912"/>
</kw>
<kw name="Select From List By Index" library="SeleniumLibrary">
<arg>${Tension_sortie2}</arg>
<arg>${Tension_sortie1}</arg>
<doc>Selects options from selection list ``locator`` by ``indexes``.</doc>
<msg timestamp="20230313 12:29:35.912" level="INFO">Selecting options from selection list 'xpath://body/div[@id='wrapper']/main[@id='main']/div[1]/div[1]/div[1]/aside[1]/div[2]/div[9]/div[2]/select[1]' by index 1.</msg>
<status status="PASS" starttime="20230313 12:29:35.912" endtime="20230313 12:29:36.031"/>
</kw>
<kw name="Sleep" library="BuiltIn">
<arg>5</arg>
<doc>Pauses the test executed for the given time.</doc>
<msg timestamp="20230313 12:29:41.033" level="INFO">Slept 5 seconds</msg>
<status status="PASS" starttime="20230313 12:29:36.032" endtime="20230313 12:29:41.033"/>
</kw>
<kw name="Click Element" library="SeleniumLibrary">
<arg>${button_filtre}</arg>
<doc>Click the element identified by ``locator``.</doc>
<msg timestamp="20230313 12:29:41.034" level="INFO">Clicking element 'xpath://button[contains(text(),'Filtre')]'.</msg>
<status status="PASS" starttime="20230313 12:29:41.033" endtime="20230313 12:29:47.287"/>
</kw>
<kw name="Sleep" library="BuiltIn">
<arg>4</arg>
<doc>Pauses the test executed for the given time.</doc>
<msg timestamp="20230313 12:29:51.288" level="INFO">Slept 4 seconds</msg>
<status status="PASS" starttime="20230313 12:29:47.287" endtime="20230313 12:29:51.288"/>
</kw>
<kw name="Wait Until Element Is Visible" library="SeleniumLibrary">
<arg>${PRODUITS_1}</arg>
<doc>Waits until the element ``locator`` is visible.</doc>
<msg timestamp="20230313 12:29:56.589" level="INFO" html="true">&lt;/td&gt;&lt;/tr&gt;&lt;tr&gt;&lt;td colspan="3"&gt;&lt;a href="selenium-screenshot-15.png"&gt;&lt;img src="selenium-screenshot-15.png" width="800px"&gt;&lt;/a&gt;</msg>
<msg timestamp="20230313 12:29:56.589" level="FAIL">Element 'xpath://a[contains(text(),'Transformateur myrra 230V 6V 800mA')]' not visible after 5 seconds.</msg>
<status status="FAIL" starttime="20230313 12:29:51.288" endtime="20230313 12:29:56.592"/>
</kw>
<kw name="Sleep" library="BuiltIn">
<arg>5</arg>
<doc>Pauses the test executed for the given time.</doc>
<status status="NOT RUN" starttime="20230313 12:29:56.592" endtime="20230313 12:29:56.592"/>
</kw>
<status status="FAIL" starttime="20230313 12:28:58.834" endtime="20230313 12:29:56.592"/>
</kw>
<status status="FAIL" starttime="20230313 12:28:35.385" endtime="20230313 12:29:56.592">Element 'xpath://a[contains(text(),'Transformateur myrra 230V 6V 800mA')]' not visible after 5 seconds.</status>
</test>
<doc>Alimentationa-Transformateurs_Partie des filtres</doc>
<status status="FAIL" starttime="20230313 12:28:35.061" endtime="20230313 12:29:56.593"/>
</suite>
<suite id="s1-s2" name="test1-Cat2" source="C:\Users\Ilham BOURHAIM\PycharmProjects\pythonProject13\projet2 - Transformateurs - Filtre\test1-Cat2.robot">
<test id="s1-s2-t1" name="Alimentationa-Transformateurs" line="10">
<kw name="open the browser with URL" library="resources">
<kw name="Create Webdriver" library="SeleniumLibrary">
<arg>Chrome</arg>
<doc>Creates an instance of Selenium WebDriver.</doc>
<msg timestamp="20230313 12:29:56.608" level="INFO">Creating an instance of the Chrome WebDriver.</msg>
<status status="PASS" starttime="20230313 12:29:56.607" endtime="20230313 12:29:58.642"/>
</kw>
<kw name="Go To" library="SeleniumLibrary">
<arg>${URL}</arg>
<doc>Navigates the current browser window to the provided ``url``.</doc>
<msg timestamp="20230313 12:29:58.642" level="INFO">Opening url 'http://192.168.31.31/'</msg>
<status status="PASS" starttime="20230313 12:29:58.642" endtime="20230313 12:30:02.614"/>
</kw>
<kw name="Maximize Browser Window" library="SeleniumLibrary">
<doc>Maximizes current browser window.</doc>
<status status="PASS" starttime="20230313 12:30:02.614" endtime="20230313 12:30:02.770"/>
</kw>
<kw name="Sleep" library="BuiltIn">
<arg>6</arg>
<doc>Pauses the test executed for the given time.</doc>
<msg timestamp="20230313 12:30:08.770" level="INFO">Slept 6 seconds</msg>
<status status="PASS" starttime="20230313 12:30:02.770" endtime="20230313 12:30:08.770"/>
</kw>
<status status="PASS" starttime="20230313 12:29:56.607" endtime="20230313 12:30:08.770"/>
</kw>
<kw name="clicker sur alimentations-Transformateurs" library="clickAn-Cat2-Transf">
<arg>${Categories}</arg>
<arg>${Alimentations}</arg>
<arg>${TRANSFORMATEURS2}</arg>
<kw name="Click Element" library="SeleniumLibrary">
<arg>${Categories}</arg>
<doc>Click the element identified by ``locator``.</doc>
<msg timestamp="20230313 12:30:08.770" level="INFO">Clicking element 'xpath://span[contains(text(),'Categories')]'.</msg>
<status status="PASS" starttime="20230313 12:30:08.770" endtime="20230313 12:30:08.841"/>
</kw>
<kw name="Sleep" library="BuiltIn">
<arg>5</arg>
<doc>Pauses the test executed for the given time.</doc>
<msg timestamp="20230313 12:30:13.842" level="INFO">Slept 5 seconds</msg>
<status status="PASS" starttime="20230313 12:30:08.841" endtime="20230313 12:30:13.842"/>
</kw>
<kw name="Mouse Down" library="SeleniumLibrary">
<arg>${Alimentations}</arg>
<doc>Simulates pressing the left mouse button on the element ``locator``.</doc>
<msg timestamp="20230313 12:30:13.844" level="INFO">Simulating Mouse Down on element 'xpath://header/div[1]/div[2]/div[1]/div[1]/ul[1]/li[2]/div[2]/div[1]/ul[1]/li[1]/a[1]'.</msg>
<status status="PASS" starttime="20230313 12:30:13.843" endtime="20230313 12:30:14.155"/>
</kw>
<kw name="Sleep" library="BuiltIn">
<arg>5</arg>
<doc>Pauses the test executed for the given time.</doc>
<msg timestamp="20230313 12:30:19.157" level="INFO">Slept 5 seconds</msg>
<status status="PASS" starttime="20230313 12:30:14.155" endtime="20230313 12:30:19.157"/>
</kw>
<kw name="Click Element" library="SeleniumLibrary">
<arg>${TRANSFORMATEURS2}</arg>
<doc>Click the element identified by ``locator``.</doc>
<msg timestamp="20230313 12:30:19.157" level="INFO">Clicking element 'xpath://a[contains(text(),'Transformateurs')]'.</msg>
<status status="PASS" starttime="20230313 12:30:19.157" endtime="20230313 12:30:22.199"/>
</kw>
<kw name="Sleep" library="BuiltIn">
<arg>5</arg>
<doc>Pauses the test executed for the given time.</doc>
<msg timestamp="20230313 12:30:27.201" level="INFO">Slept 5 seconds</msg>
<status status="PASS" starttime="20230313 12:30:22.199" endtime="20230313 12:30:27.201"/>
</kw>
<status status="PASS" starttime="20230313 12:30:08.770" endtime="20230313 12:30:27.201"/>
</kw>
<kw name="filtrer les produits by attribute" library="Choose-Transf-Filtre">
<arg>${Fabricant}</arg>
<arg>${Courant_sortie_Max}</arg>
<arg>${Fréquence_de_fonctio_Max}</arg>
<arg>${Fréquence_de_fonctio_Min}</arg>
<arg>${Nombre_de_sortie}</arg>
<arg>${Puissance}</arg>
<arg>${Température_de_foncti}</arg>
<arg>${Tension_sortie1}</arg>
<kw name="Select From List By Index" library="SeleniumLibrary">
<arg>${Fabricant2}</arg>
<arg>${Fabricant}</arg>
<doc>Selects options from selection list ``locator`` by ``indexes``.</doc>
<msg timestamp="20230313 12:30:27.202" level="INFO">Selecting options from selection list 'xpath://body/div[@id='wrapper']/main[@id='main']/div[1]/div[1]/div[1]/aside[1]/div[2]/div[1]/div[2]/select[1]' by index 1.</msg>
<status status="PASS" starttime="20230313 12:30:27.202" endtime="20230313 12:30:27.321"/>
</kw>
<kw name="Sleep" library="BuiltIn">
<arg>6</arg>
<doc>Pauses the test executed for the given time.</doc>
<msg timestamp="20230313 12:30:33.322" level="INFO">Slept 6 seconds</msg>
<status status="PASS" starttime="20230313 12:30:27.321" endtime="20230313 12:30:33.322"/>
</kw>
<kw name="Select From List By Index" library="SeleniumLibrary">
<arg>${Courant_sortie_Max2}</arg>
<arg>${Courant_sortie_Max}</arg>
<doc>Selects options from selection list ``locator`` by ``indexes``.</doc>
<msg timestamp="20230313 12:30:33.324" level="INFO">Selecting options from selection list 'xpath://body/div[@id='wrapper']/main[@id='main']/div[1]/div[1]/div[1]/aside[1]/div[2]/div[2]/div[2]/select[1]' by index 1.</msg>
<status status="PASS" starttime="20230313 12:30:33.323" endtime="20230313 12:30:33.468"/>
</kw>
<kw name="Sleep" library="BuiltIn">
<arg>5</arg>
<doc>Pauses the test executed for the given time.</doc>
<msg timestamp="20230313 12:30:38.468" level="INFO">Slept 5 seconds</msg>
<status status="PASS" starttime="20230313 12:30:33.468" endtime="20230313 12:30:38.469"/>
</kw>
<kw name="Select From List By Index" library="SeleniumLibrary">
<arg>${Fréquence_de_fonctio_Max2}</arg>
<arg>${Fréquence_de_fonctio_Max}</arg>
<doc>Selects options from selection list ``locator`` by ``indexes``.</doc>
<msg timestamp="20230313 12:30:38.477" level="INFO">Selecting options from selection list 'xpath://body/div[@id='wrapper']/main[@id='main']/div[1]/div[1]/div[1]/aside[1]/div[2]/div[3]/div[2]/select[1]' by index 1.</msg>
<status status="PASS" starttime="20230313 12:30:38.470" endtime="20230313 12:30:38.665"/>
</kw>
<kw name="Sleep" library="BuiltIn">
<arg>5</arg>
<doc>Pauses the test executed for the given time.</doc>
<msg timestamp="20230313 12:30:43.666" level="INFO">Slept 5 seconds</msg>
<status status="PASS" starttime="20230313 12:30:38.665" endtime="20230313 12:30:43.666"/>
</kw>
<kw name="Select From List By Index" library="SeleniumLibrary">
<arg>${Fréquence_de_fonctio_Min2}</arg>
<arg>${Fréquence_de_fonctio_Min}</arg>
<doc>Selects options from selection list ``locator`` by ``indexes``.</doc>
<msg timestamp="20230313 12:30:43.666" level="INFO">Selecting options from selection list 'xpath://body/div[@id='wrapper']/main[@id='main']/div[1]/div[1]/div[1]/aside[1]/div[2]/div[4]/div[2]/select[1]' by index 1.</msg>
<status status="PASS" starttime="20230313 12:30:43.666" endtime="20230313 12:30:43.792"/>
</kw>
<kw name="Sleep" library="BuiltIn">
<arg>5</arg>
<doc>Pauses the test executed for the given time.</doc>
<msg timestamp="20230313 12:30:48.793" level="INFO">Slept 5 seconds</msg>
<status status="PASS" starttime="20230313 12:30:43.792" endtime="20230313 12:30:48.793"/>
</kw>
<kw name="Select From List By Index" library="SeleniumLibrary">
<arg>${Nombre_de_sortie2}</arg>
<arg>${Nombre_de_sortie}</arg>
<doc>Selects options from selection list ``locator`` by ``indexes``.</doc>
<msg timestamp="20230313 12:30:48.793" level="INFO">Selecting options from selection list 'xpath://body/div[@id='wrapper']/main[@id='main']/div[1]/div[1]/div[1]/aside[1]/div[2]/div[5]/div[2]/select[1]' by index 1.</msg>
<status status="PASS" starttime="20230313 12:30:48.793" endtime="20230313 12:30:48.945"/>
</kw>
<kw name="Sleep" library="BuiltIn">
<arg>5</arg>
<doc>Pauses the test executed for the given time.</doc>
<msg timestamp="20230313 12:30:53.945" level="INFO">Slept 5 seconds</msg>
<status status="PASS" starttime="20230313 12:30:48.945" endtime="20230313 12:30:53.945"/>
</kw>
<kw name="Select From List By Index" library="SeleniumLibrary">
<arg>${Puissance2}</arg>
<arg>${Puissance}</arg>
<doc>Selects options from selection list ``locator`` by ``indexes``.</doc>
<msg timestamp="20230313 12:30:53.945" level="INFO">Selecting options from selection list 'xpath://body/div[@id='wrapper']/main[@id='main']/div[1]/div[1]/div[1]/aside[1]/div[2]/div[6]/div[2]/select[1]' by index 1.</msg>
<status status="PASS" starttime="20230313 12:30:53.945" endtime="20230313 12:30:54.124"/>
</kw>
<kw name="Sleep" library="BuiltIn">
<arg>5</arg>
<doc>Pauses the test executed for the given time.</doc>
<msg timestamp="20230313 12:30:59.125" level="INFO">Slept 5 seconds</msg>
<status status="PASS" starttime="20230313 12:30:54.124" endtime="20230313 12:30:59.125"/>
</kw>
<kw name="Select From List By Index" library="SeleniumLibrary">
<arg>${Température_de_foncti2}</arg>
<arg>${Température_de_foncti}</arg>
<doc>Selects options from selection list ``locator`` by ``indexes``.</doc>
<msg timestamp="20230313 12:30:59.128" level="INFO">Selecting options from selection list 'xpath://body/div[@id='wrapper']/main[@id='main']/div[1]/div[1]/div[1]/aside[1]/div[2]/div[8]/div[2]/select[1]' by index 1.</msg>
<status status="PASS" starttime="20230313 12:30:59.126" endtime="20230313 12:30:59.264"/>
</kw>
<kw name="Sleep" library="BuiltIn">
<arg>5</arg>
<doc>Pauses the test executed for the given time.</doc>
<msg timestamp="20230313 12:31:04.264" level="INFO">Slept 5 seconds</msg>
<status status="PASS" starttime="20230313 12:30:59.264" endtime="20230313 12:31:04.264"/>
</kw>
<kw name="Select From List By Index" library="SeleniumLibrary">
<arg>${Tension_sortie2}</arg>
<arg>${Tension_sortie1}</arg>
<doc>Selects options from selection list ``locator`` by ``indexes``.</doc>
<msg timestamp="20230313 12:31:04.266" level="INFO">Selecting options from selection list 'xpath://body/div[@id='wrapper']/main[@id='main']/div[1]/div[1]/div[1]/aside[1]/div[2]/div[9]/div[2]/select[1]' by index 1.</msg>
<status status="PASS" starttime="20230313 12:31:04.266" endtime="20230313 12:31:04.427"/>
</kw>
<kw name="Sleep" library="BuiltIn">
<arg>5</arg>
<doc>Pauses the test executed for the given time.</doc>
<msg timestamp="20230313 12:31:09.427" level="INFO">Slept 5 seconds</msg>
<status status="PASS" starttime="20230313 12:31:04.427" endtime="20230313 12:31:09.427"/>
</kw>
<kw name="Click Element" library="SeleniumLibrary">
<arg>${button_filtre}</arg>
<doc>Click the element identified by ``locator``.</doc>
<msg timestamp="20230313 12:31:09.428" level="INFO">Clicking element 'xpath://button[contains(text(),'Filtre')]'.</msg>
<status status="PASS" starttime="20230313 12:31:09.427" endtime="20230313 12:31:14.327"/>
</kw>
<kw name="Sleep" library="BuiltIn">
<arg>4</arg>
<doc>Pauses the test executed for the given time.</doc>
<msg timestamp="20230313 12:31:18.329" level="INFO">Slept 4 seconds</msg>
<status status="PASS" starttime="20230313 12:31:14.327" endtime="20230313 12:31:18.329"/>
</kw>
<kw name="Wait Until Element Is Visible" library="SeleniumLibrary">
<arg>${PRODUITS_1}</arg>
<doc>Waits until the element ``locator`` is visible.</doc>
<msg timestamp="20230313 12:31:23.608" level="INFO" html="true">&lt;/td&gt;&lt;/tr&gt;&lt;tr&gt;&lt;td colspan="3"&gt;&lt;a href="selenium-screenshot-16.png"&gt;&lt;img src="selenium-screenshot-16.png" width="800px"&gt;&lt;/a&gt;</msg>
<msg timestamp="20230313 12:31:23.609" level="FAIL">Element 'xpath://a[contains(text(),'Transformateur myrra 230V 6V 800mA')]' not visible after 5 seconds.</msg>
<status status="FAIL" starttime="20230313 12:31:18.329" endtime="20230313 12:31:23.610"/>
</kw>
<kw name="Sleep" library="BuiltIn">
<arg>5</arg>
<doc>Pauses the test executed for the given time.</doc>
<status status="NOT RUN" starttime="20230313 12:31:23.610" endtime="20230313 12:31:23.610"/>
</kw>
<status status="FAIL" starttime="20230313 12:30:27.201" endtime="20230313 12:31:23.611"/>
</kw>
<status status="FAIL" starttime="20230313 12:29:56.607" endtime="20230313 12:31:23.611">Element 'xpath://a[contains(text(),'Transformateur myrra 230V 6V 800mA')]' not visible after 5 seconds.</status>
</test>
<doc>Alimentationa-Transformateurs_Partie des filtres</doc>
<status status="FAIL" starttime="20230313 12:29:56.594" endtime="20230313 12:31:23.611"/>
</suite>
<suite id="s1-s3" name="Test1" source="C:\Users\Ilham BOURHAIM\PycharmProjects\pythonProject13\projet2 - Transformateurs - Filtre\test1.robot">
<test id="s1-s3-t1" name="Alimentationa-Transformateurs" line="8">
<kw name="open the browser with URL" library="resources">
<kw name="Create Webdriver" library="SeleniumLibrary">
<arg>Chrome</arg>
<doc>Creates an instance of Selenium WebDriver.</doc>
<msg timestamp="20230313 12:31:23.634" level="INFO">Creating an instance of the Chrome WebDriver.</msg>
<status status="PASS" starttime="20230313 12:31:23.633" endtime="20230313 12:31:25.581"/>
</kw>
<kw name="Go To" library="SeleniumLibrary">
<arg>${URL}</arg>
<doc>Navigates the current browser window to the provided ``url``.</doc>
<msg timestamp="20230313 12:31:25.582" level="INFO">Opening url 'http://192.168.31.31/'</msg>
<status status="PASS" starttime="20230313 12:31:25.581" endtime="20230313 12:31:28.469"/>
</kw>
<kw name="Maximize Browser Window" library="SeleniumLibrary">
<doc>Maximizes current browser window.</doc>
<status status="PASS" starttime="20230313 12:31:28.469" endtime="20230313 12:31:28.715"/>
</kw>
<kw name="Sleep" library="BuiltIn">
<arg>6</arg>
<doc>Pauses the test executed for the given time.</doc>
<msg timestamp="20230313 12:31:34.717" level="INFO">Slept 6 seconds</msg>
<status status="PASS" starttime="20230313 12:31:28.716" endtime="20230313 12:31:34.717"/>
</kw>
<status status="PASS" starttime="20230313 12:31:23.633" endtime="20230313 12:31:34.717"/>
</kw>
<kw name="clicker sur alimentations-Transformateurs" library="test1-filtre_Transformateurs">
<arg>${Categories}</arg>
<arg>${Alimentations}</arg>
<arg>${TRANSFORMATEURS}</arg>
<kw name="Click Element" library="SeleniumLibrary">
<arg>${Categories}</arg>
<doc>Click the element identified by ``locator``.</doc>
<msg timestamp="20230313 12:31:34.719" level="INFO">Clicking element 'xpath://span[contains(text(),'Categories')]'.</msg>
<status status="PASS" starttime="20230313 12:31:34.718" endtime="20230313 12:31:34.886"/>
</kw>
<kw name="Sleep" library="BuiltIn">
<arg>5</arg>
<doc>Pauses the test executed for the given time.</doc>
<msg timestamp="20230313 12:31:39.887" level="INFO">Slept 5 seconds</msg>
<status status="PASS" starttime="20230313 12:31:34.886" endtime="20230313 12:31:39.887"/>
</kw>
<kw name="Click Element" library="SeleniumLibrary">
<arg>${Alimentations}</arg>
<doc>Click the element identified by ``locator``.</doc>
<msg timestamp="20230313 12:31:39.890" level="INFO">Clicking element 'xpath://header/div[1]/div[2]/div[1]/div[1]/ul[1]/li[2]/div[2]/div[1]/ul[1]/li[1]/a[1]'.</msg>
<status status="PASS" starttime="20230313 12:31:39.887" endtime="20230313 12:31:43.204"/>
</kw>
<kw name="Sleep" library="BuiltIn">
<arg>5</arg>
<doc>Pauses the test executed for the given time.</doc>
<msg timestamp="20230313 12:31:48.206" level="INFO">Slept 5 seconds</msg>
<status status="PASS" starttime="20230313 12:31:43.204" endtime="20230313 12:31:48.208"/>
</kw>
<kw name="Click Element" library="SeleniumLibrary">
<arg>${TRANSFORMATEURS}</arg>
<doc>Click the element identified by ``locator``.</doc>
<msg timestamp="20230313 12:31:48.216" level="INFO">Clicking element 'css:body.page-template-default.page.page-id-775.theme-flatsome.woocommerce-js.yith-wcan-pro.lightbox.nav-dropdown-has-shadow.nav-dropdown-has-border.page-template-blank.page-template-blank-php:nth-child(2) div.content-area section.section:nth-child(3) div.section-content.relative:nth-child(2) div.row:nth-child(2) div.col.medium-4.small-12.large-4:nth-child(2) div.col-inner.box-shadow-3:nth-child(1) div.row.row-collapse div.col.medium-8.large-8:nth-child(2) div.col-inner h3:nth-child(2) &gt; a:nth-child(1)'.</msg>
<status status="PASS" starttime="20230313 12:31:48.210" endtime="20230313 12:31:56.427"/>
</kw>
<kw name="Sleep" library="BuiltIn">
<arg>5</arg>
<doc>Pauses the test executed for the given time.</doc>
<msg timestamp="20230313 12:32:01.427" level="INFO">Slept 5 seconds</msg>
<status status="PASS" starttime="20230313 12:31:56.427" endtime="20230313 12:32:01.427"/>
</kw>
<status status="PASS" starttime="20230313 12:31:34.717" endtime="20230313 12:32:01.427"/>
</kw>
<kw name="filtrer les produits by attribute" library="test1-filtre_Transformateurs">
<arg>${Fabricant}</arg>
<arg>${Courant_sortie_Max}</arg>
<arg>${Fréquence_de_fonctio_Max}</arg>
<arg>${Fréquence_de_fonctio_Min}</arg>
<arg>${Nombre_de_sortie}</arg>
<arg>${Puissance}</arg>
<arg>${Température_de_foncti}</arg>
<arg>${Tension_sortie1}</arg>
<kw name="Select From List By Index" library="SeleniumLibrary">
<arg>${Fabricant2}</arg>
<arg>${Fabricant}</arg>
<doc>Selects options from selection list ``locator`` by ``indexes``.</doc>
<msg timestamp="20230313 12:32:01.430" level="INFO">Selecting options from selection list 'xpath://body/div[@id='wrapper']/main[@id='main']/div[1]/div[1]/div[1]/aside[1]/div[2]/div[1]/div[2]/select[1]' by index 1.</msg>
<status status="PASS" starttime="20230313 12:32:01.429" endtime="20230313 12:32:01.575"/>
</kw>
<kw name="Sleep" library="BuiltIn">
<arg>6</arg>
<doc>Pauses the test executed for the given time.</doc>
<msg timestamp="20230313 12:32:07.576" level="INFO">Slept 6 seconds</msg>
<status status="PASS" starttime="20230313 12:32:01.575" endtime="20230313 12:32:07.576"/>
</kw>
<kw name="Select From List By Index" library="SeleniumLibrary">
<arg>${Courant_sortie_Max2}</arg>
<arg>${Courant_sortie_Max}</arg>
<doc>Selects options from selection list ``locator`` by ``indexes``.</doc>
<msg timestamp="20230313 12:32:07.579" level="INFO">Selecting options from selection list 'xpath://body/div[@id='wrapper']/main[@id='main']/div[1]/div[1]/div[1]/aside[1]/div[2]/div[2]/div[2]/select[1]' by index 1.</msg>
<status status="PASS" starttime="20230313 12:32:07.577" endtime="20230313 12:32:07.723"/>
</kw>
<kw name="Sleep" library="BuiltIn">
<arg>5</arg>
<doc>Pauses the test executed for the given time.</doc>
<msg timestamp="20230313 12:32:12.724" level="INFO">Slept 5 seconds</msg>
<status status="PASS" starttime="20230313 12:32:07.723" endtime="20230313 12:32:12.724"/>
</kw>
<kw name="Select From List By Index" library="SeleniumLibrary">
<arg>${Fréquence_de_fonctio_Max2}</arg>
<arg>${Fréquence_de_fonctio_Max}</arg>
<doc>Selects options from selection list ``locator`` by ``indexes``.</doc>
<msg timestamp="20230313 12:32:12.725" level="INFO">Selecting options from selection list 'xpath://body/div[@id='wrapper']/main[@id='main']/div[1]/div[1]/div[1]/aside[1]/div[2]/div[3]/div[2]/select[1]' by index 1.</msg>
<status status="PASS" starttime="20230313 12:32:12.724" endtime="20230313 12:32:12.855"/>
</kw>
<kw name="Sleep" library="BuiltIn">
<arg>5</arg>
<doc>Pauses the test executed for the given time.</doc>
<msg timestamp="20230313 12:32:17.856" level="INFO">Slept 5 seconds</msg>
<status status="PASS" starttime="20230313 12:32:12.855" endtime="20230313 12:32:17.858"/>
</kw>
<kw name="Select From List By Index" library="SeleniumLibrary">
<arg>${Fréquence_de_fonctio_Min2}</arg>
<arg>${Fréquence_de_fonctio_Min}</arg>
<doc>Selects options from selection list ``locator`` by ``indexes``.</doc>
<msg timestamp="20230313 12:32:17.861" level="INFO">Selecting options from selection list 'xpath://body/div[@id='wrapper']/main[@id='main']/div[1]/div[1]/div[1]/aside[1]/div[2]/div[4]/div[2]/select[1]' by index 1.</msg>
<status status="PASS" starttime="20230313 12:32:17.859" endtime="20230313 12:32:18.024"/>
</kw>
<kw name="Sleep" library="BuiltIn">
<arg>5</arg>
<doc>Pauses the test executed for the given time.</doc>
<msg timestamp="20230313 12:32:23.025" level="INFO">Slept 5 seconds</msg>
<status status="PASS" starttime="20230313 12:32:18.025" endtime="20230313 12:32:23.025"/>
</kw>
<kw name="Select From List By Index" library="SeleniumLibrary">
<arg>${Nombre_de_sortie2}</arg>
<arg>${Nombre_de_sortie}</arg>
<doc>Selects options from selection list ``locator`` by ``indexes``.</doc>
<msg timestamp="20230313 12:32:23.028" level="INFO">Selecting options from selection list 'xpath://body/div[@id='wrapper']/main[@id='main']/div[1]/div[1]/div[1]/aside[1]/div[2]/div[5]/div[2]/select[1]' by index 1.</msg>
<status status="PASS" starttime="20230313 12:32:23.026" endtime="20230313 12:32:23.141"/>
</kw>
<kw name="Sleep" library="BuiltIn">
<arg>5</arg>
<doc>Pauses the test executed for the given time.</doc>
<msg timestamp="20230313 12:32:28.142" level="INFO">Slept 5 seconds</msg>
<status status="PASS" starttime="20230313 12:32:23.141" endtime="20230313 12:32:28.142"/>
</kw>
<kw name="Select From List By Index" library="SeleniumLibrary">
<arg>${Puissance2}</arg>
<arg>${Puissance}</arg>
<doc>Selects options from selection list ``locator`` by ``indexes``.</doc>
<msg timestamp="20230313 12:32:28.142" level="INFO">Selecting options from selection list 'xpath://body/div[@id='wrapper']/main[@id='main']/div[1]/div[1]/div[1]/aside[1]/div[2]/div[6]/div[2]/select[1]' by index 1.</msg>
<status status="PASS" starttime="20230313 12:32:28.142" endtime="20230313 12:32:28.293"/>
</kw>
<kw name="Sleep" library="BuiltIn">
<arg>5</arg>
<doc>Pauses the test executed for the given time.</doc>
<msg timestamp="20230313 12:32:33.294" level="INFO">Slept 5 seconds</msg>
<status status="PASS" starttime="20230313 12:32:28.293" endtime="20230313 12:32:33.294"/>
</kw>
<kw name="Select From List By Index" library="SeleniumLibrary">
<arg>${Température_de_foncti2}</arg>
<arg>${Température_de_foncti}</arg>
<doc>Selects options from selection list ``locator`` by ``indexes``.</doc>
<msg timestamp="20230313 12:32:33.296" level="INFO">Selecting options from selection list 'xpath://body/div[@id='wrapper']/main[@id='main']/div[1]/div[1]/div[1]/aside[1]/div[2]/div[8]/div[2]/select[1]' by index 1.</msg>
<status status="PASS" starttime="20230313 12:32:33.294" endtime="20230313 12:32:33.460"/>
</kw>
<kw name="Sleep" library="BuiltIn">
<arg>5</arg>
<doc>Pauses the test executed for the given time.</doc>
<msg timestamp="20230313 12:32:38.462" level="INFO">Slept 5 seconds</msg>
<status status="PASS" starttime="20230313 12:32:33.460" endtime="20230313 12:32:38.463"/>
</kw>
<kw name="Select From List By Index" library="SeleniumLibrary">
<arg>${Tension_sortie2}</arg>
<arg>${Tension_sortie1}</arg>
<doc>Selects options from selection list ``locator`` by ``indexes``.</doc>
<msg timestamp="20230313 12:32:38.468" level="INFO">Selecting options from selection list 'xpath://body/div[@id='wrapper']/main[@id='main']/div[1]/div[1]/div[1]/aside[1]/div[2]/div[9]/div[2]/select[1]' by index 1.</msg>
<status status="PASS" starttime="20230313 12:32:38.464" endtime="20230313 12:32:38.654"/>
</kw>
<kw name="Sleep" library="BuiltIn">
<arg>5</arg>
<doc>Pauses the test executed for the given time.</doc>
<msg timestamp="20230313 12:32:43.655" level="INFO">Slept 5 seconds</msg>
<status status="PASS" starttime="20230313 12:32:38.654" endtime="20230313 12:32:43.655"/>
</kw>
<kw name="Click Element" library="SeleniumLibrary">
<arg>${button_filtre}</arg>
<doc>Click the element identified by ``locator``.</doc>
<msg timestamp="20230313 12:32:43.658" level="INFO">Clicking element 'xpath://button[contains(text(),'Filtre')]'.</msg>
<status status="PASS" starttime="20230313 12:32:43.656" endtime="20230313 12:32:47.352"/>
</kw>
<kw name="Sleep" library="BuiltIn">
<arg>4</arg>
<doc>Pauses the test executed for the given time.</doc>
<msg timestamp="20230313 12:32:51.353" level="INFO">Slept 4 seconds</msg>
<status status="PASS" starttime="20230313 12:32:47.352" endtime="20230313 12:32:51.355"/>
</kw>
<kw name="Wait Until Element Is Visible" library="SeleniumLibrary">
<arg>${PRODUITS_1}</arg>
<doc>Waits until the element ``locator`` is visible.</doc>
<msg timestamp="20230313 12:32:56.759" level="INFO" html="true">&lt;/td&gt;&lt;/tr&gt;&lt;tr&gt;&lt;td colspan="3"&gt;&lt;a href="selenium-screenshot-17.png"&gt;&lt;img src="selenium-screenshot-17.png" width="800px"&gt;&lt;/a&gt;</msg>
<msg timestamp="20230313 12:32:56.759" level="FAIL">Element 'xpath://a[contains(text(),'Transformateur myrra 230V 6V 800mA')]' not visible after 5 seconds.</msg>
<status status="FAIL" starttime="20230313 12:32:51.355" endtime="20230313 12:32:56.760"/>
</kw>
<kw name="Sleep" library="BuiltIn">
<arg>5</arg>
<doc>Pauses the test executed for the given time.</doc>
<status status="NOT RUN" starttime="20230313 12:32:56.760" endtime="20230313 12:32:56.760"/>
</kw>
<status status="FAIL" starttime="20230313 12:32:01.428" endtime="20230313 12:32:56.761"/>
</kw>
<status status="FAIL" starttime="20230313 12:31:23.633" endtime="20230313 12:32:56.761">Element 'xpath://a[contains(text(),'Transformateur myrra 230V 6V 800mA')]' not visible after 5 seconds.</status>
</test>
<doc>Alimentationa-Transformateurs_Partie des filtres</doc>
<status status="FAIL" starttime="20230313 12:31:23.613" endtime="20230313 12:32:56.761"/>
</suite>
<suite id="s1-s4" name="test2-Acc" source="C:\Users\Ilham BOURHAIM\PycharmProjects\pythonProject13\projet2 - Transformateurs - Filtre\test2-Acc.robot">
<test id="s1-s4-t1" name="Alimentationa-Transformateurs" line="10">
<kw name="open the browser with URL" library="resources">
<kw name="Create Webdriver" library="SeleniumLibrary">
<arg>Chrome</arg>
<doc>Creates an instance of Selenium WebDriver.</doc>
<msg timestamp="20230313 12:32:56.779" level="INFO">Creating an instance of the Chrome WebDriver.</msg>
<status status="PASS" starttime="20230313 12:32:56.779" endtime="20230313 12:32:58.898"/>
</kw>
<kw name="Go To" library="SeleniumLibrary">
<arg>${URL}</arg>
<doc>Navigates the current browser window to the provided ``url``.</doc>
<msg timestamp="20230313 12:32:58.899" level="INFO">Opening url 'http://192.168.31.31/'</msg>
<status status="PASS" starttime="20230313 12:32:58.898" endtime="20230313 12:33:02.951"/>
</kw>
<kw name="Maximize Browser Window" library="SeleniumLibrary">
<doc>Maximizes current browser window.</doc>
<status status="PASS" starttime="20230313 12:33:02.951" endtime="20230313 12:33:03.099"/>
</kw>
<kw name="Sleep" library="BuiltIn">
<arg>6</arg>
<doc>Pauses the test executed for the given time.</doc>
<msg timestamp="20230313 12:33:09.101" level="INFO">Slept 6 seconds</msg>
<status status="PASS" starttime="20230313 12:33:03.100" endtime="20230313 12:33:09.101"/>
</kw>
<status status="PASS" starttime="20230313 12:32:56.779" endtime="20230313 12:33:09.101"/>
</kw>
<kw name="clicker sur alimentations-Transformateurs" library="clickAn-Acc-Transf">
<arg>${Alimentations2}</arg>
<arg>${TRANSFORMATEURS}</arg>
<kw name="Click Element" library="SeleniumLibrary">
<arg>${Alimentations2}</arg>
<doc>Click the element identified by ``locator``.</doc>
<msg timestamp="20230313 12:33:09.105" level="INFO">Clicking element 'css:body.home.page-template-default.page.page-id-1039.theme-flatsome.woocommerce-js.yith-wcan-pro.lightbox.nav-dropdown-has-shadow.nav-dropdown-has-border.page-template-blank.page-template-blank-php:nth-child(2) div.content-area div.row:nth-child(3) div.col.small-12.large-12 div.col-inner div.row.row-small.row-full-width div.col.medium-12.small-12.large-6:nth-child(2) div.col-inner div.row.row-small div.col.medium-6.small-12.large-6:nth-child(2) div.col-inner div.box.has-hover.has-hover.box-overlay.dark.box-text-middle div.box-text.text-center div.box-text-inner a.button.primary &gt; span:nth-child(1)'.</msg>
<status status="PASS" starttime="20230313 12:33:09.103" endtime="20230313 12:33:10.650"/>
</kw>
<kw name="Sleep" library="BuiltIn">
<arg>5</arg>
<doc>Pauses the test executed for the given time.</doc>
<msg timestamp="20230313 12:33:15.651" level="INFO">Slept 5 seconds</msg>
<status status="PASS" starttime="20230313 12:33:10.650" endtime="20230313 12:33:15.651"/>
</kw>
<kw name="Click Element" library="SeleniumLibrary">
<arg>${TRANSFORMATEURS}</arg>
<doc>Click the element identified by ``locator``.</doc>
<msg timestamp="20230313 12:33:15.651" level="INFO">Clicking element 'css:body.page-template-default.page.page-id-775.theme-flatsome.woocommerce-js.yith-wcan-pro.lightbox.nav-dropdown-has-shadow.nav-dropdown-has-border.page-template-blank.page-template-blank-php:nth-child(2) div.content-area section.section:nth-child(3) div.section-content.relative:nth-child(2) div.row:nth-child(2) div.col.medium-4.small-12.large-4:nth-child(2) div.col-inner.box-shadow-3:nth-child(1) div.row.row-collapse div.col.medium-8.large-8:nth-child(2) div.col-inner h3:nth-child(2) &gt; a:nth-child(1)'.</msg>
<status status="PASS" starttime="20230313 12:33:15.651" endtime="20230313 12:33:23.651"/>
</kw>
<kw name="Sleep" library="BuiltIn">
<arg>5</arg>
<doc>Pauses the test executed for the given time.</doc>
<msg timestamp="20230313 12:33:28.652" level="INFO">Slept 5 seconds</msg>
<status status="PASS" starttime="20230313 12:33:23.651" endtime="20230313 12:33:28.652"/>
</kw>
<status status="PASS" starttime="20230313 12:33:09.101" endtime="20230313 12:33:28.652"/>
</kw>
<kw name="filtrer les produits by attribute" library="Choose-Transf-Filtre2">
<arg>${Courant_sortie_Max}</arg>
<arg>${Fréquence_de_fonctio_Max}</arg>
<arg>${Fréquence_de_fonctio_Min}</arg>
<arg>${Nombre_de_sortie}</arg>
<arg>${Taille_Dimension}</arg>
<arg>${Tension_d_entrée_Max}</arg>
<arg>${Tension_d_entrée_Min}</arg>
<arg>${Tension_sortie1}</arg>
<kw name="Select From List By Index" library="SeleniumLibrary">
<arg>${Courant_sortie_Max22}</arg>
<arg>${Courant_sortie_Max}</arg>
<doc>Selects options from selection list ``locator`` by ``indexes``.</doc>
<msg timestamp="20230313 12:33:28.654" level="INFO">Selecting options from selection list 'xpath://body/div[@id='wrapper']/main[@id='main']/div[1]/div[1]/div[1]/aside[1]/div[2]/div[2]/div[2]/select[1]' by index 2.</msg>
<status status="PASS" starttime="20230313 12:33:28.653" endtime="20230313 12:33:28.814"/>
</kw>
<kw name="Sleep" library="BuiltIn">
<arg>6</arg>
<doc>Pauses the test executed for the given time.</doc>
<msg timestamp="20230313 12:33:34.815" level="INFO">Slept 6 seconds</msg>
<status status="PASS" starttime="20230313 12:33:28.814" endtime="20230313 12:33:34.815"/>
</kw>
<kw name="Select From List By Index" library="SeleniumLibrary">
<arg>${Fréquence_de_fonctio_Max22}</arg>
<arg>${Fréquence_de_fonctio_Max}</arg>
<doc>Selects options from selection list ``locator`` by ``indexes``.</doc>
<msg timestamp="20230313 12:33:34.818" level="INFO">Selecting options from selection list 'xpath://body/div[@id='wrapper']/main[@id='main']/div[1]/div[1]/div[1]/aside[1]/div[2]/div[2]/div[2]/select[1] ' by index 1.</msg>
<status status="PASS" starttime="20230313 12:33:34.815" endtime="20230313 12:33:34.979"/>
</kw>
<kw name="Sleep" library="BuiltIn">
<arg>5</arg>
<doc>Pauses the test executed for the given time.</doc>
<msg timestamp="20230313 12:33:39.980" level="INFO">Slept 5 seconds</msg>
<status status="PASS" starttime="20230313 12:33:34.979" endtime="20230313 12:33:39.981"/>
</kw>
<kw name="Select From List By Index" library="SeleniumLibrary">
<arg>${Fréquence_de_fonctio_Min22}</arg>
<arg>${Fréquence_de_fonctio_Min}</arg>
<doc>Selects options from selection list ``locator`` by ``indexes``.</doc>
<msg timestamp="20230313 12:33:39.991" level="INFO">Selecting options from selection list 'xpath://body/div[@id='wrapper']/main[@id='main']/div[1]/div[1]/div[1]/aside[1]/div[2]/div[3]/div[2]/select[1]' by index 1.</msg>
<status status="PASS" starttime="20230313 12:33:39.982" endtime="20230313 12:33:40.103"/>
</kw>
<kw name="Sleep" library="BuiltIn">
<arg>5</arg>
<doc>Pauses the test executed for the given time.</doc>
<msg timestamp="20230313 12:33:45.105" level="INFO">Slept 5 seconds</msg>
<status status="PASS" starttime="20230313 12:33:40.103" endtime="20230313 12:33:45.105"/>
</kw>
<kw name="Select From List By Index" library="SeleniumLibrary">
<arg>${Nombre_de_sortie22}</arg>
<arg>${Nombre_de_sortie}</arg>
<doc>Selects options from selection list ``locator`` by ``indexes``.</doc>
<msg timestamp="20230313 12:33:45.106" level="INFO">Selecting options from selection list 'xpath://body/div[@id='wrapper']/main[@id='main']/div[1]/div[1]/div[1]/aside[1]/div[2]/div[4]/div[2]/select[1]' by index 1.</msg>
<status status="PASS" starttime="20230313 12:33:45.105" endtime="20230313 12:33:45.248"/>
</kw>
<kw name="Sleep" library="BuiltIn">
<arg>5</arg>
<doc>Pauses the test executed for the given time.</doc>
<msg timestamp="20230313 12:33:50.248" level="INFO">Slept 5 seconds</msg>
<status status="PASS" starttime="20230313 12:33:45.248" endtime="20230313 12:33:50.248"/>
</kw>
<kw name="Select From List By Index" library="SeleniumLibrary">
<arg>${Taille_Dimension22}</arg>
<arg>${Taille_Dimension}</arg>
<doc>Selects options from selection list ``locator`` by ``indexes``.</doc>
<msg timestamp="20230313 12:33:50.251" level="INFO">Selecting options from selection list 'xpath://body/div[@id='wrapper']/main[@id='main']/div[1]/div[1]/div[1]/aside[1]/div[2]/div[5]/div[2]/select[1]' by index 1.</msg>
<status status="PASS" starttime="20230313 12:33:50.249" endtime="20230313 12:33:50.406"/>
</kw>
<kw name="Sleep" library="BuiltIn">
<arg>5</arg>
<doc>Pauses the test executed for the given time.</doc>
<msg timestamp="20230313 12:33:55.407" level="INFO">Slept 5 seconds</msg>
<status status="PASS" starttime="20230313 12:33:50.406" endtime="20230313 12:33:55.408"/>
</kw>
<kw name="Select From List By Index" library="SeleniumLibrary">
<arg>${Tension_d_entrée_Max22}</arg>
<arg>${Tension_d_entrée_Max}</arg>
<doc>Selects options from selection list ``locator`` by ``indexes``.</doc>
<msg timestamp="20230313 12:33:55.411" level="INFO">Selecting options from selection list 'xpath://body/div[@id='wrapper']/main[@id='main']/div[1]/div[1]/div[1]/aside[1]/div[2]/div[6]/div[2]/select[1]' by index 1.</msg>
<status status="PASS" starttime="20230313 12:33:55.408" endtime="20230313 12:33:55.574"/>
</kw>
<kw name="Sleep" library="BuiltIn">
<arg>5</arg>
<doc>Pauses the test executed for the given time.</doc>
<msg timestamp="20230313 12:34:00.574" level="INFO">Slept 5 seconds</msg>
<status status="PASS" starttime="20230313 12:33:55.574" endtime="20230313 12:34:00.575"/>
</kw>
<kw name="Select From List By Index" library="SeleniumLibrary">
<arg>${Tension_d_entrée_Min22}</arg>
<arg>${Tension_d_entrée_Min}</arg>
<doc>Selects options from selection list ``locator`` by ``indexes``.</doc>
<msg timestamp="20230313 12:34:00.578" level="INFO">Selecting options from selection list 'xpath://body/div[@id='wrapper']/main[@id='main']/div[1]/div[1]/div[1]/aside[1]/div[2]/div[7]/div[2]/select[1]' by index 1.</msg>
<status status="PASS" starttime="20230313 12:34:00.575" endtime="20230313 12:34:00.767"/>
</kw>
<kw name="Sleep" library="BuiltIn">
<arg>5</arg>
<doc>Pauses the test executed for the given time.</doc>
<msg timestamp="20230313 12:34:05.769" level="INFO">Slept 5 seconds</msg>
<status status="PASS" starttime="20230313 12:34:00.768" endtime="20230313 12:34:05.769"/>
</kw>
<kw name="Select From List By Index" library="SeleniumLibrary">
<arg>${Tension_sortie22}</arg>
<arg>${Tension_sortie1}</arg>
<doc>Selects options from selection list ``locator`` by ``indexes``.</doc>
<msg timestamp="20230313 12:34:05.770" level="INFO">Selecting options from selection list 'xpath://body/div[@id='wrapper']/main[@id='main']/div[1]/div[1]/div[1]/aside[1]/div[2]/div[8]/div[2]/select[1]' by index 1.</msg>
<status status="PASS" starttime="20230313 12:34:05.769" endtime="20230313 12:34:05.898"/>
</kw>
<kw name="Sleep" library="BuiltIn">
<arg>5</arg>
<doc>Pauses the test executed for the given time.</doc>
<msg timestamp="20230313 12:34:10.900" level="INFO">Slept 5 seconds</msg>
<status status="PASS" starttime="20230313 12:34:05.899" endtime="20230313 12:34:10.901"/>
</kw>
<kw name="Click Element" library="SeleniumLibrary">
<arg>${button_filtre}</arg>
<doc>Click the element identified by ``locator``.</doc>
<msg timestamp="20230313 12:34:10.904" level="INFO">Clicking element 'xpath://button[contains(text(),'Filtre')]'.</msg>
<status status="PASS" starttime="20230313 12:34:10.902" endtime="20230313 12:34:14.235"/>
</kw>
<kw name="Sleep" library="BuiltIn">
<arg>4</arg>
<doc>Pauses the test executed for the given time.</doc>
<msg timestamp="20230313 12:34:18.235" level="INFO">Slept 4 seconds</msg>
<status status="PASS" starttime="20230313 12:34:14.235" endtime="20230313 12:34:18.235"/>
</kw>
<kw name="Wait Until Element Is Visible" library="SeleniumLibrary">
<arg>${PRODUITS_2}</arg>
<doc>Waits until the element ``locator`` is visible.</doc>
<status status="PASS" starttime="20230313 12:34:18.236" endtime="20230313 12:34:18.297"/>
</kw>
<kw name="Sleep" library="BuiltIn">
<arg>3</arg>
<doc>Pauses the test executed for the given time.</doc>
<msg timestamp="20230313 12:34:21.297" level="INFO">Slept 3 seconds</msg>
<status status="PASS" starttime="20230313 12:34:18.297" endtime="20230313 12:34:21.297"/>
</kw>
<status status="PASS" starttime="20230313 12:33:28.652" endtime="20230313 12:34:21.297"/>
</kw>
<status status="PASS" starttime="20230313 12:32:56.778" endtime="20230313 12:34:21.298"/>
</test>
<doc>Alimentationa-Transformateurs_Partie des filtres</doc>
<status status="PASS" starttime="20230313 12:32:56.762" endtime="20230313 12:34:21.299"/>
</suite>
<suite id="s1-s5" name="test2-Cat2" source="C:\Users\Ilham BOURHAIM\PycharmProjects\pythonProject13\projet2 - Transformateurs - Filtre\test2-Cat2.robot">
<test id="s1-s5-t1" name="Alimentationa-Transformateurs" line="10">
<kw name="open the browser with URL" library="resources">
<kw name="Create Webdriver" library="SeleniumLibrary">
<arg>Chrome</arg>
<doc>Creates an instance of Selenium WebDriver.</doc>
<msg timestamp="20230313 12:34:21.323" level="INFO">Creating an instance of the Chrome WebDriver.</msg>
<status status="PASS" starttime="20230313 12:34:21.323" endtime="20230313 12:34:23.466"/>
</kw>
<kw name="Go To" library="SeleniumLibrary">
<arg>${URL}</arg>
<doc>Navigates the current browser window to the provided ``url``.</doc>
<msg timestamp="20230313 12:34:23.467" level="INFO">Opening url 'http://192.168.31.31/'</msg>
<status status="PASS" starttime="20230313 12:34:23.466" endtime="20230313 12:34:26.241"/>
</kw>
<kw name="Maximize Browser Window" library="SeleniumLibrary">
<doc>Maximizes current browser window.</doc>
<status status="PASS" starttime="20230313 12:34:26.242" endtime="20230313 12:34:26.368"/>
</kw>
<kw name="Sleep" library="BuiltIn">
<arg>6</arg>
<doc>Pauses the test executed for the given time.</doc>
<msg timestamp="20230313 12:34:32.369" level="INFO">Slept 6 seconds</msg>
<status status="PASS" starttime="20230313 12:34:26.368" endtime="20230313 12:34:32.369"/>
</kw>
<status status="PASS" starttime="20230313 12:34:21.322" endtime="20230313 12:34:32.369"/>
</kw>
<kw name="clicker sur alimentations-Transformateurs" library="clickAn-Cat2-Transf">
<arg>${Categories}</arg>
<arg>${Alimentations}</arg>
<arg>${TRANSFORMATEURS2}</arg>
<kw name="Click Element" library="SeleniumLibrary">
<arg>${Categories}</arg>
<doc>Click the element identified by ``locator``.</doc>
<msg timestamp="20230313 12:34:32.371" level="INFO">Clicking element 'xpath://span[contains(text(),'Categories')]'.</msg>
<status status="PASS" starttime="20230313 12:34:32.370" endtime="20230313 12:34:32.438"/>
</kw>
<kw name="Sleep" library="BuiltIn">
<arg>5</arg>
<doc>Pauses the test executed for the given time.</doc>
<msg timestamp="20230313 12:34:37.440" level="INFO">Slept 5 seconds</msg>
<status status="PASS" starttime="20230313 12:34:32.438" endtime="20230313 12:34:37.440"/>
</kw>
<kw name="Mouse Down" library="SeleniumLibrary">
<arg>${Alimentations}</arg>
<doc>Simulates pressing the left mouse button on the element ``locator``.</doc>
<msg timestamp="20230313 12:34:37.442" level="INFO">Simulating Mouse Down on element 'xpath://header/div[1]/div[2]/div[1]/div[1]/ul[1]/li[2]/div[2]/div[1]/ul[1]/li[1]/a[1]'.</msg>
<status status="PASS" starttime="20230313 12:34:37.440" endtime="20230313 12:34:37.777"/>
</kw>
<kw name="Sleep" library="BuiltIn">
<arg>5</arg>
<doc>Pauses the test executed for the given time.</doc>
<msg timestamp="20230313 12:34:42.777" level="INFO">Slept 5 seconds</msg>
<status status="PASS" starttime="20230313 12:34:37.777" endtime="20230313 12:34:42.777"/>
</kw>
<kw name="Click Element" library="SeleniumLibrary">
<arg>${TRANSFORMATEURS2}</arg>
<doc>Click the element identified by ``locator``.</doc>
<msg timestamp="20230313 12:34:42.779" level="INFO">Clicking element 'xpath://a[contains(text(),'Transformateurs')]'.</msg>
<status status="PASS" starttime="20230313 12:34:42.777" endtime="20230313 12:34:44.735"/>
</kw>
<kw name="Sleep" library="BuiltIn">
<arg>5</arg>
<doc>Pauses the test executed for the given time.</doc>
<msg timestamp="20230313 12:34:49.736" level="INFO">Slept 5 seconds</msg>
<status status="PASS" starttime="20230313 12:34:44.735" endtime="20230313 12:34:49.736"/>
</kw>
<status status="PASS" starttime="20230313 12:34:32.369" endtime="20230313 12:34:49.736"/>
</kw>
<kw name="filtrer les produits by attribute" library="Choose-Transf-Filtre2">
<arg>${Courant_sortie_Max}</arg>
<arg>${Fréquence_de_fonctio_Max}</arg>
<arg>${Fréquence_de_fonctio_Min}</arg>
<arg>${Nombre_de_sortie}</arg>
<arg>${Taille_Dimension}</arg>
<arg>${Tension_d_entrée_Max}</arg>
<arg>${Tension_d_entrée_Min}</arg>
<arg>${Tension_sortie1}</arg>
<kw name="Select From List By Index" library="SeleniumLibrary">
<arg>${Courant_sortie_Max22}</arg>
<arg>${Courant_sortie_Max}</arg>
<doc>Selects options from selection list ``locator`` by ``indexes``.</doc>
<msg timestamp="20230313 12:34:49.738" level="INFO">Selecting options from selection list 'xpath://body/div[@id='wrapper']/main[@id='main']/div[1]/div[1]/div[1]/aside[1]/div[2]/div[2]/div[2]/select[1]' by index 2.</msg>
<status status="PASS" starttime="20230313 12:34:49.737" endtime="20230313 12:34:49.885"/>
</kw>
<kw name="Sleep" library="BuiltIn">
<arg>6</arg>
<doc>Pauses the test executed for the given time.</doc>
<msg timestamp="20230313 12:34:55.887" level="INFO">Slept 6 seconds</msg>
<status status="PASS" starttime="20230313 12:34:49.886" endtime="20230313 12:34:55.887"/>
</kw>
<kw name="Select From List By Index" library="SeleniumLibrary">
<arg>${Fréquence_de_fonctio_Max22}</arg>
<arg>${Fréquence_de_fonctio_Max}</arg>
<doc>Selects options from selection list ``locator`` by ``indexes``.</doc>
<msg timestamp="20230313 12:34:55.891" level="INFO">Selecting options from selection list 'xpath://body/div[@id='wrapper']/main[@id='main']/div[1]/div[1]/div[1]/aside[1]/div[2]/div[2]/div[2]/select[1] ' by index 1.</msg>
<status status="PASS" starttime="20230313 12:34:55.888" endtime="20230313 12:34:56.033"/>
</kw>
<kw name="Sleep" library="BuiltIn">
<arg>5</arg>
<doc>Pauses the test executed for the given time.</doc>
<msg timestamp="20230313 12:35:01.035" level="INFO">Slept 5 seconds</msg>
<status status="PASS" starttime="20230313 12:34:56.034" endtime="20230313 12:35:01.035"/>
</kw>
<kw name="Select From List By Index" library="SeleniumLibrary">
<arg>${Fréquence_de_fonctio_Min22}</arg>
<arg>${Fréquence_de_fonctio_Min}</arg>
<doc>Selects options from selection list ``locator`` by ``indexes``.</doc>
<msg timestamp="20230313 12:35:01.035" level="INFO">Selecting options from selection list 'xpath://body/div[@id='wrapper']/main[@id='main']/div[1]/div[1]/div[1]/aside[1]/div[2]/div[3]/div[2]/select[1]' by index 1.</msg>
<status status="PASS" starttime="20230313 12:35:01.035" endtime="20230313 12:35:01.158"/>
</kw>
<kw name="Sleep" library="BuiltIn">
<arg>5</arg>
<doc>Pauses the test executed for the given time.</doc>
<msg timestamp="20230313 12:35:06.158" level="INFO">Slept 5 seconds</msg>
<status status="PASS" starttime="20230313 12:35:01.158" endtime="20230313 12:35:06.159"/>
</kw>
<kw name="Select From List By Index" library="SeleniumLibrary">
<arg>${Nombre_de_sortie22}</arg>
<arg>${Nombre_de_sortie}</arg>
<doc>Selects options from selection list ``locator`` by ``indexes``.</doc>
<msg timestamp="20230313 12:35:06.160" level="INFO">Selecting options from selection list 'xpath://body/div[@id='wrapper']/main[@id='main']/div[1]/div[1]/div[1]/aside[1]/div[2]/div[4]/div[2]/select[1]' by index 1.</msg>
<status status="PASS" starttime="20230313 12:35:06.159" endtime="20230313 12:35:06.290"/>
</kw>
<kw name="Sleep" library="BuiltIn">
<arg>5</arg>
<doc>Pauses the test executed for the given time.</doc>
<msg timestamp="20230313 12:35:11.290" level="INFO">Slept 5 seconds</msg>
<status status="PASS" starttime="20230313 12:35:06.290" endtime="20230313 12:35:11.290"/>
</kw>
<kw name="Select From List By Index" library="SeleniumLibrary">
<arg>${Taille_Dimension22}</arg>
<arg>${Taille_Dimension}</arg>
<doc>Selects options from selection list ``locator`` by ``indexes``.</doc>
<msg timestamp="20230313 12:35:11.290" level="INFO">Selecting options from selection list 'xpath://body/div[@id='wrapper']/main[@id='main']/div[1]/div[1]/div[1]/aside[1]/div[2]/div[5]/div[2]/select[1]' by index 1.</msg>
<status status="PASS" starttime="20230313 12:35:11.290" endtime="20230313 12:35:11.437"/>
</kw>
<kw name="Sleep" library="BuiltIn">
<arg>5</arg>
<doc>Pauses the test executed for the given time.</doc>
<msg timestamp="20230313 12:35:16.439" level="INFO">Slept 5 seconds</msg>
<status status="PASS" starttime="20230313 12:35:11.438" endtime="20230313 12:35:16.439"/>
</kw>
<kw name="Select From List By Index" library="SeleniumLibrary">
<arg>${Tension_d_entrée_Max22}</arg>
<arg>${Tension_d_entrée_Max}</arg>
<doc>Selects options from selection list ``locator`` by ``indexes``.</doc>
<msg timestamp="20230313 12:35:16.439" level="INFO">Selecting options from selection list 'xpath://body/div[@id='wrapper']/main[@id='main']/div[1]/div[1]/div[1]/aside[1]/div[2]/div[6]/div[2]/select[1]' by index 1.</msg>
<status status="PASS" starttime="20230313 12:35:16.439" endtime="20230313 12:35:16.602"/>
</kw>
<kw name="Sleep" library="BuiltIn">
<arg>5</arg>
<doc>Pauses the test executed for the given time.</doc>
<msg timestamp="20230313 12:35:21.603" level="INFO">Slept 5 seconds</msg>
<status status="PASS" starttime="20230313 12:35:16.602" endtime="20230313 12:35:21.603"/>
</kw>
<kw name="Select From List By Index" library="SeleniumLibrary">
<arg>${Tension_d_entrée_Min22}</arg>
<arg>${Tension_d_entrée_Min}</arg>
<doc>Selects options from selection list ``locator`` by ``indexes``.</doc>
<msg timestamp="20230313 12:35:21.603" level="INFO">Selecting options from selection list 'xpath://body/div[@id='wrapper']/main[@id='main']/div[1]/div[1]/div[1]/aside[1]/div[2]/div[7]/div[2]/select[1]' by index 1.</msg>
<status status="PASS" starttime="20230313 12:35:21.603" endtime="20230313 12:35:21.732"/>
</kw>
<kw name="Sleep" library="BuiltIn">
<arg>5</arg>
<doc>Pauses the test executed for the given time.</doc>
<msg timestamp="20230313 12:35:26.734" level="INFO">Slept 5 seconds</msg>
<status status="PASS" starttime="20230313 12:35:21.732" endtime="20230313 12:35:26.734"/>
</kw>
<kw name="Select From List By Index" library="SeleniumLibrary">
<arg>${Tension_sortie22}</arg>
<arg>${Tension_sortie1}</arg>
<doc>Selects options from selection list ``locator`` by ``indexes``.</doc>
<msg timestamp="20230313 12:35:26.735" level="INFO">Selecting options from selection list 'xpath://body/div[@id='wrapper']/main[@id='main']/div[1]/div[1]/div[1]/aside[1]/div[2]/div[8]/div[2]/select[1]' by index 1.</msg>
<status status="PASS" starttime="20230313 12:35:26.734" endtime="20230313 12:35:26.916"/>
</kw>
<kw name="Sleep" library="BuiltIn">
<arg>5</arg>
<doc>Pauses the test executed for the given time.</doc>
<msg timestamp="20230313 12:35:31.917" level="INFO">Slept 5 seconds</msg>
<status status="PASS" starttime="20230313 12:35:26.916" endtime="20230313 12:35:31.917"/>
</kw>
<kw name="Click Element" library="SeleniumLibrary">
<arg>${button_filtre}</arg>
<doc>Click the element identified by ``locator``.</doc>
<msg timestamp="20230313 12:35:31.917" level="INFO">Clicking element 'xpath://button[contains(text(),'Filtre')]'.</msg>
<status status="PASS" starttime="20230313 12:35:31.917" endtime="20230313 12:35:36.498"/>
</kw>
<kw name="Sleep" library="BuiltIn">
<arg>4</arg>
<doc>Pauses the test executed for the given time.</doc>
<msg timestamp="20230313 12:35:40.501" level="INFO">Slept 4 seconds</msg>
<status status="PASS" starttime="20230313 12:35:36.498" endtime="20230313 12:35:40.501"/>
</kw>
<kw name="Wait Until Element Is Visible" library="SeleniumLibrary">
<arg>${PRODUITS_2}</arg>
<doc>Waits until the element ``locator`` is visible.</doc>
<status status="PASS" starttime="20230313 12:35:40.502" endtime="20230313 12:35:40.594"/>
</kw>
<kw name="Sleep" library="BuiltIn">
<arg>3</arg>
<doc>Pauses the test executed for the given time.</doc>
<msg timestamp="20230313 12:35:43.594" level="INFO">Slept 3 seconds</msg>
<status status="PASS" starttime="20230313 12:35:40.594" endtime="20230313 12:35:43.594"/>
</kw>
<status status="PASS" starttime="20230313 12:34:49.736" endtime="20230313 12:35:43.594"/>
</kw>
<status status="PASS" starttime="20230313 12:34:21.322" endtime="20230313 12:35:43.594"/>
</test>
<doc>Alimentationa-Transformateurs_Partie des filtres</doc>
<status status="PASS" starttime="20230313 12:34:21.301" endtime="20230313 12:35:43.595"/>
</suite>
<suite id="s1-s6" name="Test2" source="C:\Users\Ilham BOURHAIM\PycharmProjects\pythonProject13\projet2 - Transformateurs - Filtre\test2.robot">
<test id="s1-s6-t1" name="Alimentationa-Transformateurs" line="8">
<kw name="open the browser with URL" library="resources">
<kw name="Create Webdriver" library="SeleniumLibrary">
<arg>Chrome</arg>
<doc>Creates an instance of Selenium WebDriver.</doc>
<msg timestamp="20230313 12:35:43.620" level="INFO">Creating an instance of the Chrome WebDriver.</msg>
<status status="PASS" starttime="20230313 12:35:43.620" endtime="20230313 12:35:45.596"/>
</kw>
<kw name="Go To" library="SeleniumLibrary">
<arg>http://192.168.31.31/</arg>
<doc>Navigates the current browser window to the provided ``url``.</doc>
<msg timestamp="20230313 12:35:45.597" level="INFO">Opening url 'http://192.168.31.31/'</msg>
<status status="PASS" starttime="20230313 12:35:45.596" endtime="20230313 12:35:47.825"/>
</kw>
<status status="PASS" starttime="20230313 12:35:43.620" endtime="20230313 12:35:47.826"/>
</kw>
<kw name="clicker sur alimentations-Transformateurs" library="test2-filtre_Transformateurs">
<arg>${Categories}</arg>
<arg>${Alimentations}</arg>
<arg>${TRANSFORMATEURS}</arg>
<kw name="Click Element" library="SeleniumLibrary">
<arg>${Categories}</arg>
<doc>Click the element identified by ``locator``.</doc>
<msg timestamp="20230313 12:35:47.828" level="INFO">Clicking element 'xpath://span[contains(text(),'Categories')]'.</msg>
<status status="PASS" starttime="20230313 12:35:47.827" endtime="20230313 12:35:47.890"/>
</kw>
<kw name="Sleep" library="BuiltIn">
<arg>5</arg>
<doc>Pauses the test executed for the given time.</doc>
<msg timestamp="20230313 12:35:52.891" level="INFO">Slept 5 seconds</msg>
<status status="PASS" starttime="20230313 12:35:47.890" endtime="20230313 12:35:52.891"/>
</kw>
<kw name="Click Element" library="SeleniumLibrary">
<arg>${Alimentations}</arg>
<doc>Click the element identified by ``locator``.</doc>
<msg timestamp="20230313 12:35:52.892" level="INFO">Clicking element 'xpath://header/div[1]/div[2]/div[1]/div[1]/ul[1]/li[2]/div[2]/div[1]/ul[1]/li[1]/a[1]'.</msg>
<status status="PASS" starttime="20230313 12:35:52.891" endtime="20230313 12:35:54.250"/>
</kw>
<kw name="Sleep" library="BuiltIn">
<arg>5</arg>
<doc>Pauses the test executed for the given time.</doc>
<msg timestamp="20230313 12:35:59.250" level="INFO">Slept 5 seconds</msg>
<status status="PASS" starttime="20230313 12:35:54.250" endtime="20230313 12:35:59.250"/>
</kw>
<kw name="Click Element" library="SeleniumLibrary">
<arg>${TRANSFORMATEURS}</arg>
<doc>Click the element identified by ``locator``.</doc>
<msg timestamp="20230313 12:35:59.251" level="INFO">Clicking element 'css:body.page-template-default.page.page-id-775.theme-flatsome.woocommerce-js.yith-wcan-pro.lightbox.nav-dropdown-has-shadow.nav-dropdown-has-border.page-template-blank.page-template-blank-php:nth-child(2) div.content-area section.section:nth-child(3) div.section-content.relative:nth-child(2) div.row:nth-child(2) div.col.medium-4.small-12.large-4:nth-child(2) div.col-inner.box-shadow-3:nth-child(1) div.row.row-collapse div.col.medium-8.large-8:nth-child(2) div.col-inner h3:nth-child(2) &gt; a:nth-child(1)'.</msg>
<status status="PASS" starttime="20230313 12:35:59.250" endtime="20230313 12:36:00.906"/>
</kw>
<kw name="Sleep" library="BuiltIn">
<arg>5</arg>
<doc>Pauses the test executed for the given time.</doc>
<msg timestamp="20230313 12:36:05.906" level="INFO">Slept 5 seconds</msg>
<status status="PASS" starttime="20230313 12:36:00.906" endtime="20230313 12:36:05.906"/>
</kw>
<status status="PASS" starttime="20230313 12:35:47.826" endtime="20230313 12:36:05.907"/>
</kw>
<kw name="filtrer les produits by attribute" library="test2-filtre_Transformateurs">
<arg>${Courant_sortie_Max}</arg>
<arg>${Fréquence_de_fonctio_Max}</arg>
<arg>${Fréquence_de_fonctio_Min}</arg>
<arg>${Nombre_de_sortie}</arg>
<arg>${Taille_Dimension}</arg>
<arg>${Tension_d_entrée_Max}</arg>
<arg>${Tension_d_entrée_Min}</arg>
<arg>${Tension_sortie1}</arg>
<kw name="Select From List By Index" library="SeleniumLibrary">
<arg>${Courant_sortie_Max22}</arg>
<arg>${Courant_sortie_Max}</arg>
<doc>Selects options from selection list ``locator`` by ``indexes``.</doc>
<msg timestamp="20230313 12:36:05.919" level="INFO">Selecting options from selection list 'xpath://body/div[@id='wrapper']/main[@id='main']/div[1]/div[1]/div[1]/aside[1]/div[2]/div[2]/div[2]/select[1]' by index 2.</msg>
<status status="PASS" starttime="20230313 12:36:05.916" endtime="20230313 12:36:06.055"/>
</kw>
<kw name="Sleep" library="BuiltIn">
<arg>6</arg>
<doc>Pauses the test executed for the given time.</doc>
<msg timestamp="20230313 12:36:12.056" level="INFO">Slept 6 seconds</msg>
<status status="PASS" starttime="20230313 12:36:06.055" endtime="20230313 12:36:12.056"/>
</kw>
<kw name="Select From List By Index" library="SeleniumLibrary">
<arg>${Fréquence_de_fonctio_Max22}</arg>
<arg>${Fréquence_de_fonctio_Max}</arg>
<doc>Selects options from selection list ``locator`` by ``indexes``.</doc>
<msg timestamp="20230313 12:36:12.059" level="INFO">Selecting options from selection list 'xpath://body/div[@id='wrapper']/main[@id='main']/div[1]/div[1]/div[1]/aside[1]/div[2]/div[2]/div[2]/select[1] ' by index 1.</msg>
<status status="PASS" starttime="20230313 12:36:12.056" endtime="20230313 12:36:12.205"/>
</kw>
<kw name="Sleep" library="BuiltIn">
<arg>5</arg>
<doc>Pauses the test executed for the given time.</doc>
<msg timestamp="20230313 12:36:17.207" level="INFO">Slept 5 seconds</msg>
<status status="PASS" starttime="20230313 12:36:12.206" endtime="20230313 12:36:17.207"/>
</kw>
<kw name="Select From List By Index" library="SeleniumLibrary">
<arg>${Fréquence_de_fonctio_Min22}</arg>
<arg>${Fréquence_de_fonctio_Min}</arg>
<doc>Selects options from selection list ``locator`` by ``indexes``.</doc>
<msg timestamp="20230313 12:36:17.208" level="INFO">Selecting options from selection list 'xpath://body/div[@id='wrapper']/main[@id='main']/div[1]/div[1]/div[1]/aside[1]/div[2]/div[3]/div[2]/select[1]' by index 1.</msg>
<status status="PASS" starttime="20230313 12:36:17.207" endtime="20230313 12:36:17.318"/>
</kw>
<kw name="Sleep" library="BuiltIn">
<arg>5</arg>
<doc>Pauses the test executed for the given time.</doc>
<msg timestamp="20230313 12:36:22.319" level="INFO">Slept 5 seconds</msg>
<status status="PASS" starttime="20230313 12:36:17.318" endtime="20230313 12:36:22.319"/>
</kw>
<kw name="Select From List By Index" library="SeleniumLibrary">
<arg>${Nombre_de_sortie22}</arg>
<arg>${Nombre_de_sortie}</arg>
<doc>Selects options from selection list ``locator`` by ``indexes``.</doc>
<msg timestamp="20230313 12:36:22.319" level="INFO">Selecting options from selection list 'xpath://body/div[@id='wrapper']/main[@id='main']/div[1]/div[1]/div[1]/aside[1]/div[2]/div[4]/div[2]/select[1]' by index 1.</msg>
<status status="PASS" starttime="20230313 12:36:22.319" endtime="20230313 12:36:22.497"/>
</kw>
<kw name="Sleep" library="BuiltIn">
<arg>5</arg>
<doc>Pauses the test executed for the given time.</doc>
<msg timestamp="20230313 12:36:27.498" level="INFO">Slept 5 seconds</msg>
<status status="PASS" starttime="20230313 12:36:22.497" endtime="20230313 12:36:27.498"/>
</kw>
<kw name="Select From List By Index" library="SeleniumLibrary">
<arg>${Taille_Dimension22}</arg>
<arg>${Taille_Dimension}</arg>
<doc>Selects options from selection list ``locator`` by ``indexes``.</doc>
<msg timestamp="20230313 12:36:27.501" level="INFO">Selecting options from selection list 'xpath://body/div[@id='wrapper']/main[@id='main']/div[1]/div[1]/div[1]/aside[1]/div[2]/div[5]/div[2]/select[1]' by index 1.</msg>
<status status="PASS" starttime="20230313 12:36:27.499" endtime="20230313 12:36:27.646"/>
</kw>
<kw name="Sleep" library="BuiltIn">
<arg>5</arg>
<doc>Pauses the test executed for the given time.</doc>
<msg timestamp="20230313 12:36:32.646" level="INFO">Slept 5 seconds</msg>
<status status="PASS" starttime="20230313 12:36:27.646" endtime="20230313 12:36:32.646"/>
</kw>
<kw name="Select From List By Index" library="SeleniumLibrary">
<arg>${Tension_d_entrée_Max22}</arg>
<arg>${Tension_d_entrée_Max}</arg>
<doc>Selects options from selection list ``locator`` by ``indexes``.</doc>
<msg timestamp="20230313 12:36:32.647" level="INFO">Selecting options from selection list 'xpath://body/div[@id='wrapper']/main[@id='main']/div[1]/div[1]/div[1]/aside[1]/div[2]/div[6]/div[2]/select[1]' by index 1.</msg>
<status status="PASS" starttime="20230313 12:36:32.646" endtime="20230313 12:36:32.781"/>
</kw>
<kw name="Sleep" library="BuiltIn">
<arg>5</arg>
<doc>Pauses the test executed for the given time.</doc>
<msg timestamp="20230313 12:36:37.781" level="INFO">Slept 5 seconds</msg>
<status status="PASS" starttime="20230313 12:36:32.781" endtime="20230313 12:36:37.781"/>
</kw>
<kw name="Select From List By Index" library="SeleniumLibrary">
<arg>${Tension_d_entrée_Min22}</arg>
<arg>${Tension_d_entrée_Min}</arg>
<doc>Selects options from selection list ``locator`` by ``indexes``.</doc>
<msg timestamp="20230313 12:36:37.784" level="INFO">Selecting options from selection list 'xpath://body/div[@id='wrapper']/main[@id='main']/div[1]/div[1]/div[1]/aside[1]/div[2]/div[7]/div[2]/select[1]' by index 1.</msg>
<status status="PASS" starttime="20230313 12:36:37.782" endtime="20230313 12:36:37.951"/>
</kw>
<kw name="Sleep" library="BuiltIn">
<arg>5</arg>
<doc>Pauses the test executed for the given time.</doc>
<msg timestamp="20230313 12:36:42.951" level="INFO">Slept 5 seconds</msg>
<status status="PASS" starttime="20230313 12:36:37.951" endtime="20230313 12:36:42.951"/>
</kw>
<kw name="Select From List By Index" library="SeleniumLibrary">
<arg>${Tension_sortie22}</arg>
<arg>${Tension_sortie1}</arg>
<doc>Selects options from selection list ``locator`` by ``indexes``.</doc>
<msg timestamp="20230313 12:36:42.955" level="INFO">Selecting options from selection list 'xpath://body/div[@id='wrapper']/main[@id='main']/div[1]/div[1]/div[1]/aside[1]/div[2]/div[8]/div[2]/select[1]' by index 1.</msg>
<status status="PASS" starttime="20230313 12:36:42.951" endtime="20230313 12:36:43.126"/>
</kw>
<kw name="Sleep" library="BuiltIn">
<arg>5</arg>
<doc>Pauses the test executed for the given time.</doc>
<msg timestamp="20230313 12:36:48.127" level="INFO">Slept 5 seconds</msg>
<status status="PASS" starttime="20230313 12:36:43.126" endtime="20230313 12:36:48.127"/>
</kw>
<kw name="Click Element" library="SeleniumLibrary">
<arg>${button_filtre}</arg>
<doc>Click the element identified by ``locator``.</doc>
<msg timestamp="20230313 12:36:48.130" level="INFO">Clicking element 'xpath://button[contains(text(),'Filtre')]'.</msg>
<status status="PASS" starttime="20230313 12:36:48.128" endtime="20230313 12:36:55.385"/>
</kw>
<kw name="Sleep" library="BuiltIn">
<arg>4</arg>
<doc>Pauses the test executed for the given time.</doc>
<msg timestamp="20230313 12:36:59.386" level="INFO">Slept 4 seconds</msg>
<status status="PASS" starttime="20230313 12:36:55.385" endtime="20230313 12:36:59.386"/>
</kw>
<kw name="Wait Until Element Is Visible" library="SeleniumLibrary">
<arg>${PRODUITS_2}</arg>
<doc>Waits until the element ``locator`` is visible.</doc>
<status status="PASS" starttime="20230313 12:36:59.387" endtime="20230313 12:36:59.461"/>
</kw>
<kw name="Sleep" library="BuiltIn">
<arg>3</arg>
<doc>Pauses the test executed for the given time.</doc>
<msg timestamp="20230313 12:37:02.462" level="INFO">Slept 3 seconds</msg>
<status status="PASS" starttime="20230313 12:36:59.461" endtime="20230313 12:37:02.462"/>
</kw>
<status status="PASS" starttime="20230313 12:36:05.909" endtime="20230313 12:37:02.462"/>
</kw>
<status status="PASS" starttime="20230313 12:35:43.619" endtime="20230313 12:37:02.462"/>
</test>
<doc>Alimentationa-Transformateurs_Partie des filtres</doc>
<status status="PASS" starttime="20230313 12:35:43.597" endtime="20230313 12:37:02.463"/>
</suite>
<status status="FAIL" starttime="20230313 12:28:35.026" endtime="20230313 12:37:02.465"/>
</suite>
<statistics>
<total>
<stat pass="3" fail="3" skip="0">All Tests</stat>
</total>
<tag>
</tag>
<suite>
<stat pass="3" fail="3" skip="0" id="s1" name="projet2 - Transformateurs - Filtre">projet2 - Transformateurs - Filtre</stat>
<stat pass="0" fail="1" skip="0" id="s1-s1" name="test1-Acc">projet2 - Transformateurs - Filtre.test1-Acc</stat>
<stat pass="0" fail="1" skip="0" id="s1-s2" name="test1-Cat2">projet2 - Transformateurs - Filtre.test1-Cat2</stat>
<stat pass="0" fail="1" skip="0" id="s1-s3" name="Test1">projet2 - Transformateurs - Filtre.Test1</stat>
<stat pass="1" fail="0" skip="0" id="s1-s4" name="test2-Acc">projet2 - Transformateurs - Filtre.test2-Acc</stat>
<stat pass="1" fail="0" skip="0" id="s1-s5" name="test2-Cat2">projet2 - Transformateurs - Filtre.test2-Cat2</stat>
<stat pass="1" fail="0" skip="0" id="s1-s6" name="Test2">projet2 - Transformateurs - Filtre.Test2</stat>
</suite>
</statistics>
<errors>
</errors>
</robot>
