<?xml version="1.0" encoding="UTF-8"?>
<robot generator="Robot 6.0.1 (Python 3.11.1 on win32)" generated="20230317 11:24:00.296" rpa="false" schemaversion="3">
<suite id="s1" name="projert1 - FILS DE CABLE - Quantite" source="C:\Users\Ilham BOURHAIM\PycharmProjects\pythonProject14\projert1 - FILS DE CABLE - Quantite">
<suite id="s1-s1" name="test5-4-Quantité" source="C:\Users\Ilham BOURHAIM\PycharmProjects\pythonProject14\projert1 - FILS DE CABLE - Quantite\test5-4-Quantité.robot">
<test id="s1-s1-t1" name="Cables et fils electrique-Fils de cable" line="10">
<kw name="open the browser with URL" library="resources">
<kw name="Create Webdriver" library="SeleniumLibrary">
<arg>Chrome</arg>
<doc>Creates an instance of Selenium WebDriver.</doc>
<msg timestamp="20230317 11:24:01.473" level="INFO">Creating an instance of the Chrome WebDriver.</msg>
<status status="PASS" starttime="20230317 11:24:01.472" endtime="20230317 11:24:03.362"/>
</kw>
<kw name="Go To" library="SeleniumLibrary">
<arg>${URL}</arg>
<doc>Navigates the current browser window to the provided ``url``.</doc>
<msg timestamp="20230317 11:24:03.363" level="INFO">Opening url 'http://192.168.31.31/'</msg>
<status status="PASS" starttime="20230317 11:24:03.363" endtime="20230317 11:24:08.937"/>
</kw>
<kw name="Maximize Browser Window" library="SeleniumLibrary">
<doc>Maximizes current browser window.</doc>
<status status="PASS" starttime="20230317 11:24:08.938" endtime="20230317 11:24:09.111"/>
</kw>
<kw name="Sleep" library="BuiltIn">
<arg>6</arg>
<doc>Pauses the test executed for the given time.</doc>
<msg timestamp="20230317 11:24:15.112" level="INFO">Slept 6 seconds</msg>
<status status="PASS" starttime="20230317 11:24:09.111" endtime="20230317 11:24:15.112"/>
</kw>
<status status="PASS" starttime="20230317 11:24:01.471" endtime="20230317 11:24:15.113"/>
</kw>
<kw name="click an Cables et fils electrique-Fils de cable" library="clickAn">
<arg>${Categories}</arg>
<arg>${Câbles_fils}</arg>
<arg>${FILS_CABLE}</arg>
<kw name="Click Element" library="SeleniumLibrary">
<arg>${Categories}</arg>
<doc>Click the element identified by ``locator``.</doc>
<msg timestamp="20230317 11:24:15.118" level="INFO">Clicking element 'xpath://span[contains(text(),'Categories')]'.</msg>
<status status="PASS" starttime="20230317 11:24:15.115" endtime="20230317 11:24:15.408"/>
</kw>
<kw name="Sleep" library="BuiltIn">
<arg>5</arg>
<doc>Pauses the test executed for the given time.</doc>
<msg timestamp="20230317 11:24:20.410" level="INFO">Slept 5 seconds</msg>
<status status="PASS" starttime="20230317 11:24:15.409" endtime="20230317 11:24:20.410"/>
</kw>
<kw name="Click Element" library="SeleniumLibrary">
<arg>${Câbles_fils}</arg>
<doc>Click the element identified by ``locator``.</doc>
<msg timestamp="20230317 11:24:20.411" level="INFO">Clicking element 'xpath://header/div[1]/div[2]/div[1]/div[1]/ul[1]/li[2]/div[2]/div[1]/ul[1]/li[2]/a[1]'.</msg>
<status status="PASS" starttime="20230317 11:24:20.410" endtime="20230317 11:24:25.291"/>
</kw>
<kw name="Sleep" library="BuiltIn">
<arg>5</arg>
<doc>Pauses the test executed for the given time.</doc>
<msg timestamp="20230317 11:24:30.292" level="INFO">Slept 5 seconds</msg>
<status status="PASS" starttime="20230317 11:24:25.291" endtime="20230317 11:24:30.292"/>
</kw>
<kw name="Click Element" library="SeleniumLibrary">
<arg>${FILS_CABLE}</arg>
<doc>Click the element identified by ``locator``.</doc>
<msg timestamp="20230317 11:24:30.295" level="INFO">Clicking element 'css:body.page-template-default.page.page-id-837.theme-flatsome.woocommerce-js.yith-wcan-pro.lightbox.nav-dropdown-has-shadow.nav-dropdown-has-border.page-template-blank.page-template-blank-php:nth-child(2) div.content-area section.section:nth-child(3) div.section-content.relative:nth-child(2) div.row div.col.medium-4.small-12.large-4:nth-child(3) div.col-inner.box-shadow-3:nth-child(1) div.row.row-collapse div.col.medium-8.large-8:nth-child(2) div.col-inner h3:nth-child(2) &gt; a:nth-child(1)'.</msg>
<status status="PASS" starttime="20230317 11:24:30.293" endtime="20230317 11:24:36.054"/>
</kw>
<kw name="Sleep" library="BuiltIn">
<arg>5</arg>
<doc>Pauses the test executed for the given time.</doc>
<msg timestamp="20230317 11:24:41.055" level="INFO">Slept 5 seconds</msg>
<status status="PASS" starttime="20230317 11:24:36.054" endtime="20230317 11:24:41.056"/>
</kw>
<status status="PASS" starttime="20230317 11:24:15.114" endtime="20230317 11:24:41.057"/>
</kw>
<kw name="clicker sur un produit et voir le panier" library="Choose5-4_Quantite">
<arg>${clicker_Produit}</arg>
<arg>${Ajout_Panier}</arg>
<arg>${Voirr_Panier}</arg>
<kw name="Sleep" library="BuiltIn">
<arg>7</arg>
<doc>Pauses the test executed for the given time.</doc>
<msg timestamp="20230317 11:24:48.073" level="INFO">Slept 7 seconds</msg>
<status status="PASS" starttime="20230317 11:24:41.071" endtime="20230317 11:24:48.073"/>
</kw>
<kw name="Click Element" library="SeleniumLibrary">
<arg>${clicker_Produit}</arg>
<doc>Click the element identified by ``locator``.</doc>
<msg timestamp="20230317 11:24:48.077" level="INFO">Clicking element 'xpath://a[contains(text(),'cable souple 16mm')]'.</msg>
<status status="PASS" starttime="20230317 11:24:48.074" endtime="20230317 11:24:58.070"/>
</kw>
<kw name="Sleep" library="BuiltIn">
<arg>5</arg>
<doc>Pauses the test executed for the given time.</doc>
<msg timestamp="20230317 11:25:03.071" level="INFO">Slept 5 seconds</msg>
<status status="PASS" starttime="20230317 11:24:58.071" endtime="20230317 11:25:03.071"/>
</kw>
<kw name="Click Element" library="SeleniumLibrary">
<arg>${Ajout_Panier}</arg>
<doc>Click the element identified by ``locator``.</doc>
<msg timestamp="20230317 11:25:03.072" level="INFO">Clicking element 'xpath://button[contains(text(),'Ajouter au panier')]'.</msg>
<status status="PASS" starttime="20230317 11:25:03.071" endtime="20230317 11:25:14.271"/>
</kw>
<kw name="Sleep" library="BuiltIn">
<arg>3</arg>
<doc>Pauses the test executed for the given time.</doc>
<msg timestamp="20230317 11:25:17.272" level="INFO">Slept 3 seconds</msg>
<status status="PASS" starttime="20230317 11:25:14.272" endtime="20230317 11:25:17.272"/>
</kw>
<kw name="Click Element" library="SeleniumLibrary">
<arg>${Voirr_Panier}</arg>
<doc>Click the element identified by ``locator``.</doc>
<msg timestamp="20230317 11:25:17.275" level="INFO">Clicking element 'xpath://header/div[1]/div[1]/div[1]/div[4]/ul[1]/li[3]/ul[1]/li[1]/div[1]/p[2]/a[1]'.</msg>
<status status="PASS" starttime="20230317 11:25:17.273" endtime="20230317 11:25:25.345"/>
</kw>
<kw name="Sleep" library="BuiltIn">
<arg>5</arg>
<doc>Pauses the test executed for the given time.</doc>
<msg timestamp="20230317 11:25:30.346" level="INFO">Slept 5 seconds</msg>
<status status="PASS" starttime="20230317 11:25:25.345" endtime="20230317 11:25:30.346"/>
</kw>
<status status="PASS" starttime="20230317 11:24:41.059" endtime="20230317 11:25:30.347"/>
</kw>
<kw name="Eliminer le produit (0 Produits)" library="Choose5-4_Quantite">
<arg>${Soustracter_nbr_produit}</arg>
<arg>${Mettre_à_jour_panier}</arg>
<arg>${Retour_à_la_boutique}</arg>
<kw name="Click Element" library="SeleniumLibrary">
<arg>${Soustracter_nbr_produit}</arg>
<doc>Click the element identified by ``locator``.</doc>
<msg timestamp="20230317 11:25:30.352" level="INFO">Clicking element 'xpath://tbody/tr[1]/td[5]/div[1]/input[1]'.</msg>
<status status="PASS" starttime="20230317 11:25:30.349" endtime="20230317 11:25:30.484"/>
</kw>
<kw name="Sleep" library="BuiltIn">
<arg>3</arg>
<doc>Pauses the test executed for the given time.</doc>
<msg timestamp="20230317 11:25:33.487" level="INFO">Slept 3 seconds</msg>
<status status="PASS" starttime="20230317 11:25:30.484" endtime="20230317 11:25:33.487"/>
</kw>
<kw name="Click Element" library="SeleniumLibrary">
<arg>${Mettre_à_jour_panier}</arg>
<doc>Click the element identified by ``locator``.</doc>
<msg timestamp="20230317 11:25:33.489" level="INFO">Clicking element 'xpath: // button[contains(text(), 'Mettre à jour le panier')]'.</msg>
<status status="PASS" starttime="20230317 11:25:33.488" endtime="20230317 11:25:33.571"/>
</kw>
<kw name="Sleep" library="BuiltIn">
<arg>9</arg>
<doc>Pauses the test executed for the given time.</doc>
<msg timestamp="20230317 11:25:42.572" level="INFO">Slept 9 seconds</msg>
<status status="PASS" starttime="20230317 11:25:33.572" endtime="20230317 11:25:42.572"/>
</kw>
<kw name="Click Element" library="SeleniumLibrary">
<arg>${Retour_à_la_boutique}</arg>
<doc>Click the element identified by ``locator``.</doc>
<msg timestamp="20230317 11:25:42.574" level="INFO">Clicking element 'xpath://a[contains(text(),'Retour à la boutique')]'.</msg>
<status status="PASS" starttime="20230317 11:25:42.572" endtime="20230317 11:25:46.106"/>
</kw>
<kw name="Sleep" library="BuiltIn">
<arg>5</arg>
<doc>Pauses the test executed for the given time.</doc>
<msg timestamp="20230317 11:25:51.109" level="INFO">Slept 5 seconds</msg>
<status status="PASS" starttime="20230317 11:25:46.107" endtime="20230317 11:25:51.111"/>
</kw>
<kw name="Wait Until Element Is Visible" library="SeleniumLibrary">
<arg>${Categories}</arg>
<doc>Waits until the element ``locator`` is visible.</doc>
<status status="PASS" starttime="20230317 11:25:51.113" endtime="20230317 11:25:51.162"/>
</kw>
<kw name="Sleep" library="BuiltIn">
<arg>3</arg>
<doc>Pauses the test executed for the given time.</doc>
<msg timestamp="20230317 11:25:54.164" level="INFO">Slept 3 seconds</msg>
<status status="PASS" starttime="20230317 11:25:51.163" endtime="20230317 11:25:54.164"/>
</kw>
<kw name="Click Element" library="SeleniumLibrary">
<arg>${Accessoires_de_cablages}</arg>
<doc>Click the element identified by ``locator``.</doc>
<msg timestamp="20230317 11:25:54.166" level="INFO">Clicking element 'xpath://span[contains(text(),'Accessoires de cablages')]'.</msg>
<status status="PASS" starttime="20230317 11:25:54.164" endtime="20230317 11:26:01.950"/>
</kw>
<kw name="Sleep" library="BuiltIn">
<arg>4</arg>
<doc>Pauses the test executed for the given time.</doc>
<msg timestamp="20230317 11:26:05.951" level="INFO">Slept 4 seconds</msg>
<status status="PASS" starttime="20230317 11:26:01.951" endtime="20230317 11:26:05.951"/>
</kw>
<kw name="Click Element" library="SeleniumLibrary">
<arg>${Ruban}</arg>
<doc>Click the element identified by ``locator``.</doc>
<msg timestamp="20230317 11:26:05.952" level="INFO">Clicking element 'xpath://h5[contains(text(),'Ruban')]'.</msg>
<status status="PASS" starttime="20230317 11:26:05.951" endtime="20230317 11:26:12.927"/>
</kw>
<kw name="Sleep" library="BuiltIn">
<arg>4</arg>
<doc>Pauses the test executed for the given time.</doc>
<msg timestamp="20230317 11:26:16.930" level="INFO">Slept 4 seconds</msg>
<status status="PASS" starttime="20230317 11:26:12.928" endtime="20230317 11:26:16.930"/>
</kw>
<kw name="Wait Until Element Is Visible" library="SeleniumLibrary">
<arg>${PRODUITS_8_Fils_de_cable}</arg>
<doc>Waits until the element ``locator`` is visible.</doc>
<status status="PASS" starttime="20230317 11:26:16.931" endtime="20230317 11:26:19.620"/>
</kw>
<status status="PASS" starttime="20230317 11:25:30.347" endtime="20230317 11:26:19.620"/>
</kw>
<status status="PASS" starttime="20230317 11:24:01.468" endtime="20230317 11:26:19.620"/>
</test>
<doc>Cables et fils electrique-Fils de cable_Partie de Commande</doc>
<status status="PASS" starttime="20230317 11:24:00.438" endtime="20230317 11:26:19.621"/>
</suite>
<status status="PASS" starttime="20230317 11:24:00.331" endtime="20230317 11:26:19.625"/>
</suite>
<statistics>
<total>
<stat pass="1" fail="0" skip="0">All Tests</stat>
</total>
<tag>
</tag>
<suite>
<stat pass="1" fail="0" skip="0" id="s1" name="projert1 - FILS DE CABLE - Quantite">projert1 - FILS DE CABLE - Quantite</stat>
<stat pass="1" fail="0" skip="0" id="s1-s1" name="test5-4-Quantité">projert1 - FILS DE CABLE - Quantite.test5-4-Quantité</stat>
</suite>
</statistics>
<errors>
</errors>
</robot>
