<?xml version="1.0" encoding="UTF-8"?>
<robot generator="Robot 6.0.1 (Python 3.11.1 on win32)" generated="20230313 14:44:06.227" rpa="false" schemaversion="3">
<suite id="s1" name="projert1 - FILS DE CABLE - Quantite" source="C:\Users\Ilham BOURHAIM\PycharmProjects\pythonProject13\projert1 - FILS DE CABLE - Quantite">
<suite id="s1-s1" name="test5-4-Quantité" source="C:\Users\Ilham BOURHAIM\PycharmProjects\pythonProject13\projert1 - FILS DE CABLE - Quantite\test5-4-Quantité.robot">
<test id="s1-s1-t1" name="Cables et fils electrique-Fils de cable" line="10">
<kw name="open the browser with URL" library="resources">
<kw name="Create Webdriver" library="SeleniumLibrary">
<arg>Chrome</arg>
<doc>Creates an instance of Selenium WebDriver.</doc>
<msg timestamp="20230313 14:44:06.844" level="INFO">Creating an instance of the Chrome WebDriver.</msg>
<status status="PASS" starttime="20230313 14:44:06.844" endtime="20230313 14:44:09.078"/>
</kw>
<kw name="Go To" library="SeleniumLibrary">
<arg>${URL}</arg>
<doc>Navigates the current browser window to the provided ``url``.</doc>
<msg timestamp="20230313 14:44:09.079" level="INFO">Opening url 'http://192.168.31.31/'</msg>
<status status="PASS" starttime="20230313 14:44:09.079" endtime="20230313 14:44:21.246"/>
</kw>
<kw name="Maximize Browser Window" library="SeleniumLibrary">
<doc>Maximizes current browser window.</doc>
<status status="PASS" starttime="20230313 14:44:21.247" endtime="20230313 14:44:21.466"/>
</kw>
<kw name="Sleep" library="BuiltIn">
<arg>6</arg>
<doc>Pauses the test executed for the given time.</doc>
<msg timestamp="20230313 14:44:27.468" level="INFO">Slept 6 seconds</msg>
<status status="PASS" starttime="20230313 14:44:21.466" endtime="20230313 14:44:27.472"/>
</kw>
<status status="PASS" starttime="20230313 14:44:06.843" endtime="20230313 14:44:27.473"/>
</kw>
<kw name="click an Cables et fils electrique-Fils de cable" library="clickAn">
<arg>${Categories}</arg>
<arg>${Câbles_fils}</arg>
<arg>${FILS_CABLE}</arg>
<kw name="Click Element" library="SeleniumLibrary">
<arg>${Categories}</arg>
<doc>Click the element identified by ``locator``.</doc>
<msg timestamp="20230313 14:44:27.479" level="INFO">Clicking element 'xpath://span[contains(text(),'Categories')]'.</msg>
<status status="PASS" starttime="20230313 14:44:27.477" endtime="20230313 14:44:27.862"/>
</kw>
<kw name="Sleep" library="BuiltIn">
<arg>5</arg>
<doc>Pauses the test executed for the given time.</doc>
<msg timestamp="20230313 14:44:32.863" level="INFO">Slept 5 seconds</msg>
<status status="PASS" starttime="20230313 14:44:27.862" endtime="20230313 14:44:32.863"/>
</kw>
<kw name="Click Element" library="SeleniumLibrary">
<arg>${Câbles_fils}</arg>
<doc>Click the element identified by ``locator``.</doc>
<msg timestamp="20230313 14:44:32.864" level="INFO">Clicking element 'xpath://header/div[1]/div[2]/div[1]/div[1]/ul[1]/li[2]/div[2]/div[1]/ul[1]/li[2]/a[1]'.</msg>
<status status="PASS" starttime="20230313 14:44:32.863" endtime="20230313 14:44:42.480"/>
</kw>
<kw name="Sleep" library="BuiltIn">
<arg>5</arg>
<doc>Pauses the test executed for the given time.</doc>
<msg timestamp="20230313 14:44:47.481" level="INFO">Slept 5 seconds</msg>
<status status="PASS" starttime="20230313 14:44:42.480" endtime="20230313 14:44:47.481"/>
</kw>
<kw name="Click Element" library="SeleniumLibrary">
<arg>${FILS_CABLE}</arg>
<doc>Click the element identified by ``locator``.</doc>
<msg timestamp="20230313 14:44:47.487" level="INFO">Clicking element 'css:body.page-template-default.page.page-id-837.theme-flatsome.woocommerce-js.yith-wcan-pro.lightbox.nav-dropdown-has-shadow.nav-dropdown-has-border.page-template-blank.page-template-blank-php:nth-child(2) div.content-area section.section:nth-child(3) div.section-content.relative:nth-child(2) div.row div.col.medium-4.small-12.large-4:nth-child(3) div.col-inner.box-shadow-3:nth-child(1) div.row.row-collapse div.col.medium-8.large-8:nth-child(2) div.col-inner h3:nth-child(2) &gt; a:nth-child(1)'.</msg>
<status status="PASS" starttime="20230313 14:44:47.484" endtime="20230313 14:45:00.345"/>
</kw>
<kw name="Sleep" library="BuiltIn">
<arg>5</arg>
<doc>Pauses the test executed for the given time.</doc>
<msg timestamp="20230313 14:45:05.348" level="INFO">Slept 5 seconds</msg>
<status status="PASS" starttime="20230313 14:45:00.346" endtime="20230313 14:45:05.349"/>
</kw>
<status status="PASS" starttime="20230313 14:44:27.474" endtime="20230313 14:45:05.350"/>
</kw>
<kw name="clicker sur un produit et voir le panier" library="Choose5-4_Quantite">
<arg>${clicker_Produit}</arg>
<arg>${Ajout_Panier}</arg>
<arg>${Voirr_Panier}</arg>
<kw name="Sleep" library="BuiltIn">
<arg>7</arg>
<doc>Pauses the test executed for the given time.</doc>
<msg timestamp="20230313 14:45:12.355" level="INFO">Slept 7 seconds</msg>
<status status="PASS" starttime="20230313 14:45:05.352" endtime="20230313 14:45:12.355"/>
</kw>
<kw name="Click Element" library="SeleniumLibrary">
<arg>${clicker_Produit}</arg>
<doc>Click the element identified by ``locator``.</doc>
<msg timestamp="20230313 14:45:12.356" level="INFO">Clicking element 'xpath://a[contains(text(),'cable souple 16mm')]'.</msg>
<status status="PASS" starttime="20230313 14:45:12.356" endtime="20230313 14:45:18.274"/>
</kw>
<kw name="Sleep" library="BuiltIn">
<arg>5</arg>
<doc>Pauses the test executed for the given time.</doc>
<msg timestamp="20230313 14:45:23.275" level="INFO">Slept 5 seconds</msg>
<status status="PASS" starttime="20230313 14:45:18.274" endtime="20230313 14:45:23.276"/>
</kw>
<kw name="Click Element" library="SeleniumLibrary">
<arg>${Ajout_Panier}</arg>
<doc>Click the element identified by ``locator``.</doc>
<msg timestamp="20230313 14:45:23.284" level="INFO">Clicking element 'xpath://button[contains(text(),'Ajouter au panier')]'.</msg>
<status status="PASS" starttime="20230313 14:45:23.280" endtime="20230313 14:45:26.518"/>
</kw>
<kw name="Sleep" library="BuiltIn">
<arg>3</arg>
<doc>Pauses the test executed for the given time.</doc>
<msg timestamp="20230313 14:45:29.520" level="INFO">Slept 3 seconds</msg>
<status status="PASS" starttime="20230313 14:45:26.519" endtime="20230313 14:45:29.520"/>
</kw>
<kw name="Click Element" library="SeleniumLibrary">
<arg>${Voirr_Panier}</arg>
<doc>Click the element identified by ``locator``.</doc>
<msg timestamp="20230313 14:45:29.522" level="INFO">Clicking element 'xpath://header/div[1]/div[1]/div[1]/div[4]/ul[1]/li[3]/ul[1]/li[1]/div[1]/p[2]/a[1]'.</msg>
<status status="PASS" starttime="20230313 14:45:29.520" endtime="20230313 14:45:34.257"/>
</kw>
<kw name="Sleep" library="BuiltIn">
<arg>5</arg>
<doc>Pauses the test executed for the given time.</doc>
<msg timestamp="20230313 14:45:39.261" level="INFO">Slept 5 seconds</msg>
<status status="PASS" starttime="20230313 14:45:34.258" endtime="20230313 14:45:39.262"/>
</kw>
<status status="PASS" starttime="20230313 14:45:05.350" endtime="20230313 14:45:39.263"/>
</kw>
<kw name="Eliminer le produit (0 Produits)" library="Choose5-4_Quantite">
<arg>${Soustracter_nbr_produit}</arg>
<arg>${Mettre_à_jour_panier}</arg>
<arg>${Retour_à_la_boutique}</arg>
<kw name="Click Element" library="SeleniumLibrary">
<arg>${Soustracter_nbr_produit}</arg>
<doc>Click the element identified by ``locator``.</doc>
<msg timestamp="20230313 14:45:39.268" level="INFO">Clicking element 'xpath://tbody/tr[1]/td[5]/div[1]/input[1]'.</msg>
<status status="PASS" starttime="20230313 14:45:39.266" endtime="20230313 14:45:39.344"/>
</kw>
<kw name="Sleep" library="BuiltIn">
<arg>3</arg>
<doc>Pauses the test executed for the given time.</doc>
<msg timestamp="20230313 14:45:42.346" level="INFO">Slept 3 seconds</msg>
<status status="PASS" starttime="20230313 14:45:39.344" endtime="20230313 14:45:42.346"/>
</kw>
<kw name="Click Element" library="SeleniumLibrary">
<arg>${Mettre_à_jour_panier}</arg>
<doc>Click the element identified by ``locator``.</doc>
<msg timestamp="20230313 14:45:42.348" level="INFO">Clicking element 'xpath: // button[contains(text(), 'Mettre à jour le panier')]'.</msg>
<status status="PASS" starttime="20230313 14:45:42.347" endtime="20230313 14:45:42.480"/>
</kw>
<kw name="Sleep" library="BuiltIn">
<arg>7</arg>
<doc>Pauses the test executed for the given time.</doc>
<msg timestamp="20230313 14:45:49.481" level="INFO">Slept 7 seconds</msg>
<status status="PASS" starttime="20230313 14:45:42.481" endtime="20230313 14:45:49.481"/>
</kw>
<kw name="Click Element" library="SeleniumLibrary">
<arg>${Retour_à_la_boutique}</arg>
<doc>Click the element identified by ``locator``.</doc>
<msg timestamp="20230313 14:45:49.483" level="INFO">Clicking element 'xpath://a[contains(text(),'Retour à la boutique')]'.</msg>
<msg timestamp="20230313 14:45:49.630" level="INFO" html="true">&lt;/td&gt;&lt;/tr&gt;&lt;tr&gt;&lt;td colspan="3"&gt;&lt;a href="selenium-screenshot-1.png"&gt;&lt;img src="selenium-screenshot-1.png" width="800px"&gt;&lt;/a&gt;</msg>
<msg timestamp="20230313 14:45:49.630" level="FAIL">Element with locator 'xpath://a[contains(text(),'Retour à la boutique')]' not found.</msg>
<status status="FAIL" starttime="20230313 14:45:49.481" endtime="20230313 14:45:49.633"/>
</kw>
<kw name="Sleep" library="BuiltIn">
<arg>5</arg>
<doc>Pauses the test executed for the given time.</doc>
<status status="NOT RUN" starttime="20230313 14:45:49.633" endtime="20230313 14:45:49.633"/>
</kw>
<kw name="Wait Until Element Is Visible" library="SeleniumLibrary">
<arg>${Categories}</arg>
<doc>Waits until the element ``locator`` is visible.</doc>
<status status="NOT RUN" starttime="20230313 14:45:49.633" endtime="20230313 14:45:49.634"/>
</kw>
<kw name="Sleep" library="BuiltIn">
<arg>3</arg>
<doc>Pauses the test executed for the given time.</doc>
<status status="NOT RUN" starttime="20230313 14:45:49.634" endtime="20230313 14:45:49.635"/>
</kw>
<kw name="Click Element" library="SeleniumLibrary">
<arg>${Accessoires_de_cablages}</arg>
<doc>Click the element identified by ``locator``.</doc>
<status status="NOT RUN" starttime="20230313 14:45:49.635" endtime="20230313 14:45:49.635"/>
</kw>
<kw name="Sleep" library="BuiltIn">
<arg>4</arg>
<doc>Pauses the test executed for the given time.</doc>
<status status="NOT RUN" starttime="20230313 14:45:49.635" endtime="20230313 14:45:49.635"/>
</kw>
<kw name="Click Element" library="SeleniumLibrary">
<arg>${Ruban}</arg>
<doc>Click the element identified by ``locator``.</doc>
<status status="NOT RUN" starttime="20230313 14:45:49.636" endtime="20230313 14:45:49.636"/>
</kw>
<kw name="Sleep" library="BuiltIn">
<arg>4</arg>
<doc>Pauses the test executed for the given time.</doc>
<status status="NOT RUN" starttime="20230313 14:45:49.636" endtime="20230313 14:45:49.636"/>
</kw>
<kw name="Wait Until Element Is Visible" library="SeleniumLibrary">
<arg>${PRODUITS_8_Fils_de_cable}</arg>
<doc>Waits until the element ``locator`` is visible.</doc>
<status status="NOT RUN" starttime="20230313 14:45:49.636" endtime="20230313 14:45:49.636"/>
</kw>
<status status="FAIL" starttime="20230313 14:45:39.264" endtime="20230313 14:45:49.637"/>
</kw>
<status status="FAIL" starttime="20230313 14:44:06.842" endtime="20230313 14:45:49.637">Element with locator 'xpath://a[contains(text(),'Retour à la boutique')]' not found.</status>
</test>
<doc>Cables et fils electrique-Fils de cable_Partie de Commande</doc>
<status status="FAIL" starttime="20230313 14:44:06.295" endtime="20230313 14:45:49.638"/>
</suite>
<status status="FAIL" starttime="20230313 14:44:06.251" endtime="20230313 14:45:49.639"/>
</suite>
<statistics>
<total>
<stat pass="0" fail="1" skip="0">All Tests</stat>
</total>
<tag>
</tag>
<suite>
<stat pass="0" fail="1" skip="0" id="s1" name="projert1 - FILS DE CABLE - Quantite">projert1 - FILS DE CABLE - Quantite</stat>
<stat pass="0" fail="1" skip="0" id="s1-s1" name="test5-4-Quantité">projert1 - FILS DE CABLE - Quantite.test5-4-Quantité</stat>
</suite>
</statistics>
<errors>
</errors>
</robot>
