<?xml version="1.0" encoding="UTF-8"?>
<robot generator="Robot 6.0.1 (Python 3.11.1 on win32)" generated="20230317 11:21:57.464" rpa="false" schemaversion="3">
<suite id="s1" name="projert1 - FILS DE CABLE - Quantite" source="C:\Users\Ilham BOURHAIM\PycharmProjects\pythonProject14\projert1 - FILS DE CABLE - Quantite">
<suite id="s1-s1" name="test4-Quantité" source="C:\Users\Ilham BOURHAIM\PycharmProjects\pythonProject14\projert1 - FILS DE CABLE - Quantite\test4-Quantité.robot">
<test id="s1-s1-t1" name="Cables et fils electrique-Fils de cable" line="10">
<kw name="open the browser with URL" library="resources">
<kw name="Create Webdriver" library="SeleniumLibrary">
<arg>Chrome</arg>
<doc>Creates an instance of Selenium WebDriver.</doc>
<msg timestamp="20230317 11:21:58.049" level="INFO">Creating an instance of the Chrome WebDriver.</msg>
<status status="PASS" starttime="20230317 11:21:58.048" endtime="20230317 11:22:04.176"/>
</kw>
<kw name="Go To" library="SeleniumLibrary">
<arg>${URL}</arg>
<doc>Navigates the current browser window to the provided ``url``.</doc>
<msg timestamp="20230317 11:22:04.178" level="INFO">Opening url 'http://192.168.31.31/'</msg>
<status status="PASS" starttime="20230317 11:22:04.177" endtime="20230317 11:22:11.708"/>
</kw>
<kw name="Maximize Browser Window" library="SeleniumLibrary">
<doc>Maximizes current browser window.</doc>
<status status="PASS" starttime="20230317 11:22:11.708" endtime="20230317 11:22:11.893"/>
</kw>
<kw name="Sleep" library="BuiltIn">
<arg>6</arg>
<doc>Pauses the test executed for the given time.</doc>
<msg timestamp="20230317 11:22:17.894" level="INFO">Slept 6 seconds</msg>
<status status="PASS" starttime="20230317 11:22:11.893" endtime="20230317 11:22:17.894"/>
</kw>
<status status="PASS" starttime="20230317 11:21:58.048" endtime="20230317 11:22:17.894"/>
</kw>
<kw name="click an Cables et fils electrique-Fils de cable" library="clickAn">
<arg>${Categories}</arg>
<arg>${Câbles_fils}</arg>
<arg>${FILS_CABLE}</arg>
<kw name="Click Element" library="SeleniumLibrary">
<arg>${Categories}</arg>
<doc>Click the element identified by ``locator``.</doc>
<msg timestamp="20230317 11:22:17.908" level="INFO">Clicking element 'xpath://span[contains(text(),'Categories')]'.</msg>
<status status="PASS" starttime="20230317 11:22:17.897" endtime="20230317 11:22:18.211"/>
</kw>
<kw name="Sleep" library="BuiltIn">
<arg>5</arg>
<doc>Pauses the test executed for the given time.</doc>
<msg timestamp="20230317 11:22:23.212" level="INFO">Slept 5 seconds</msg>
<status status="PASS" starttime="20230317 11:22:18.212" endtime="20230317 11:22:23.212"/>
</kw>
<kw name="Click Element" library="SeleniumLibrary">
<arg>${Câbles_fils}</arg>
<doc>Click the element identified by ``locator``.</doc>
<msg timestamp="20230317 11:22:23.214" level="INFO">Clicking element 'xpath://header/div[1]/div[2]/div[1]/div[1]/ul[1]/li[2]/div[2]/div[1]/ul[1]/li[2]/a[1]'.</msg>
<status status="PASS" starttime="20230317 11:22:23.213" endtime="20230317 11:22:26.887"/>
</kw>
<kw name="Sleep" library="BuiltIn">
<arg>5</arg>
<doc>Pauses the test executed for the given time.</doc>
<msg timestamp="20230317 11:22:31.889" level="INFO">Slept 5 seconds</msg>
<status status="PASS" starttime="20230317 11:22:26.888" endtime="20230317 11:22:31.889"/>
</kw>
<kw name="Click Element" library="SeleniumLibrary">
<arg>${FILS_CABLE}</arg>
<doc>Click the element identified by ``locator``.</doc>
<msg timestamp="20230317 11:22:31.890" level="INFO">Clicking element 'css:body.page-template-default.page.page-id-837.theme-flatsome.woocommerce-js.yith-wcan-pro.lightbox.nav-dropdown-has-shadow.nav-dropdown-has-border.page-template-blank.page-template-blank-php:nth-child(2) div.content-area section.section:nth-child(3) div.section-content.relative:nth-child(2) div.row div.col.medium-4.small-12.large-4:nth-child(3) div.col-inner.box-shadow-3:nth-child(1) div.row.row-collapse div.col.medium-8.large-8:nth-child(2) div.col-inner h3:nth-child(2) &gt; a:nth-child(1)'.</msg>
<status status="PASS" starttime="20230317 11:22:31.889" endtime="20230317 11:22:37.636"/>
</kw>
<kw name="Sleep" library="BuiltIn">
<arg>5</arg>
<doc>Pauses the test executed for the given time.</doc>
<msg timestamp="20230317 11:22:42.638" level="INFO">Slept 5 seconds</msg>
<status status="PASS" starttime="20230317 11:22:37.636" endtime="20230317 11:22:42.639"/>
</kw>
<status status="PASS" starttime="20230317 11:22:17.895" endtime="20230317 11:22:42.641"/>
</kw>
<kw name="clicker sur un produit et voir le panier" library="Choose4_Quantite">
<arg>${clicker_Produit}</arg>
<arg>${Ajout_Panier}</arg>
<arg>${Voirr_Panier}</arg>
<kw name="Sleep" library="BuiltIn">
<arg>5</arg>
<doc>Pauses the test executed for the given time.</doc>
<msg timestamp="20230317 11:22:47.654" level="INFO">Slept 5 seconds</msg>
<status status="PASS" starttime="20230317 11:22:42.653" endtime="20230317 11:22:47.654"/>
</kw>
<kw name="Click Element" library="SeleniumLibrary">
<arg>${clicker_Produit}</arg>
<doc>Click the element identified by ``locator``.</doc>
<msg timestamp="20230317 11:22:47.655" level="INFO">Clicking element 'xpath://a[contains(text(),'cable souple 16mm')]'.</msg>
<status status="PASS" starttime="20230317 11:22:47.654" endtime="20230317 11:22:50.407"/>
</kw>
<kw name="Sleep" library="BuiltIn">
<arg>5</arg>
<doc>Pauses the test executed for the given time.</doc>
<msg timestamp="20230317 11:22:55.410" level="INFO">Slept 5 seconds</msg>
<status status="PASS" starttime="20230317 11:22:50.407" endtime="20230317 11:22:55.410"/>
</kw>
<kw name="Click Element" library="SeleniumLibrary">
<arg>${Ajout_Panier}</arg>
<doc>Click the element identified by ``locator``.</doc>
<msg timestamp="20230317 11:22:55.416" level="INFO">Clicking element 'xpath://button[contains(text(),'Ajouter au panier')]'.</msg>
<status status="PASS" starttime="20230317 11:22:55.412" endtime="20230317 11:23:01.552"/>
</kw>
<kw name="Sleep" library="BuiltIn">
<arg>3</arg>
<doc>Pauses the test executed for the given time.</doc>
<msg timestamp="20230317 11:23:04.554" level="INFO">Slept 3 seconds</msg>
<status status="PASS" starttime="20230317 11:23:01.553" endtime="20230317 11:23:04.554"/>
</kw>
<kw name="Click Element" library="SeleniumLibrary">
<arg>${Voirr_Panier}</arg>
<doc>Click the element identified by ``locator``.</doc>
<msg timestamp="20230317 11:23:04.555" level="INFO">Clicking element 'xpath://header/div[1]/div[1]/div[1]/div[4]/ul[1]/li[3]/ul[1]/li[1]/div[1]/p[2]/a[1]'.</msg>
<status status="PASS" starttime="20230317 11:23:04.554" endtime="20230317 11:23:12.800"/>
</kw>
<kw name="Sleep" library="BuiltIn">
<arg>5</arg>
<doc>Pauses the test executed for the given time.</doc>
<msg timestamp="20230317 11:23:17.801" level="INFO">Slept 5 seconds</msg>
<status status="PASS" starttime="20230317 11:23:12.801" endtime="20230317 11:23:17.801"/>
</kw>
<status status="PASS" starttime="20230317 11:22:42.645" endtime="20230317 11:23:17.803"/>
</kw>
<kw name="Eliminer le produit (0 Produits)" library="Choose4_Quantite">
<arg>${Soustracter_nbr_produit}</arg>
<arg>${Mettre_à_jour_panier}</arg>
<arg>${Retour_à_la_boutique}</arg>
<kw name="Click Element" library="SeleniumLibrary">
<arg>${Soustracter_nbr_produit}</arg>
<doc>Click the element identified by ``locator``.</doc>
<msg timestamp="20230317 11:23:17.816" level="INFO">Clicking element 'xpath://tbody/tr[1]/td[5]/div[1]/input[1]'.</msg>
<status status="PASS" starttime="20230317 11:23:17.813" endtime="20230317 11:23:17.941"/>
</kw>
<kw name="Sleep" library="BuiltIn">
<arg>3</arg>
<doc>Pauses the test executed for the given time.</doc>
<msg timestamp="20230317 11:23:20.943" level="INFO">Slept 3 seconds</msg>
<status status="PASS" starttime="20230317 11:23:17.941" endtime="20230317 11:23:20.943"/>
</kw>
<kw name="Click Element" library="SeleniumLibrary">
<arg>${Mettre_à_jour_panier}</arg>
<doc>Click the element identified by ``locator``.</doc>
<msg timestamp="20230317 11:23:20.944" level="INFO">Clicking element 'xpath: // button[contains(text(), 'Mettre à jour le panier')]'.</msg>
<status status="PASS" starttime="20230317 11:23:20.943" endtime="20230317 11:23:21.037"/>
</kw>
<kw name="Sleep" library="BuiltIn">
<arg>9</arg>
<doc>Pauses the test executed for the given time.</doc>
<msg timestamp="20230317 11:23:30.041" level="INFO">Slept 9 seconds</msg>
<status status="PASS" starttime="20230317 11:23:21.038" endtime="20230317 11:23:30.041"/>
</kw>
<kw name="Click Element" library="SeleniumLibrary">
<arg>${Retour_à_la_boutique}</arg>
<doc>Click the element identified by ``locator``.</doc>
<msg timestamp="20230317 11:23:30.045" level="INFO">Clicking element 'xpath://a[contains(text(),'Retour à la boutique')]'.</msg>
<status status="PASS" starttime="20230317 11:23:30.043" endtime="20230317 11:23:33.461"/>
</kw>
<kw name="Sleep" library="BuiltIn">
<arg>5</arg>
<doc>Pauses the test executed for the given time.</doc>
<msg timestamp="20230317 11:23:38.463" level="INFO">Slept 5 seconds</msg>
<status status="PASS" starttime="20230317 11:23:33.461" endtime="20230317 11:23:38.464"/>
</kw>
<kw name="Wait Until Element Is Visible" library="SeleniumLibrary">
<arg>${Categories}</arg>
<doc>Waits until the element ``locator`` is visible.</doc>
<status status="PASS" starttime="20230317 11:23:38.467" endtime="20230317 11:23:38.520"/>
</kw>
<kw name="Sleep" library="BuiltIn">
<arg>3</arg>
<doc>Pauses the test executed for the given time.</doc>
<msg timestamp="20230317 11:23:41.523" level="INFO">Slept 3 seconds</msg>
<status status="PASS" starttime="20230317 11:23:38.520" endtime="20230317 11:23:41.524"/>
</kw>
<kw name="Click Element" library="SeleniumLibrary">
<arg>${Câbles_divers}</arg>
<doc>Click the element identified by ``locator``.</doc>
<msg timestamp="20230317 11:23:41.529" level="INFO">Clicking element 'xpath://span[contains(text(),'Câbles divers')]'.</msg>
<status status="PASS" starttime="20230317 11:23:41.526" endtime="20230317 11:23:45.325"/>
</kw>
<kw name="Sleep" library="BuiltIn">
<arg>4</arg>
<doc>Pauses the test executed for the given time.</doc>
<msg timestamp="20230317 11:23:49.327" level="INFO">Slept 4 seconds</msg>
<status status="PASS" starttime="20230317 11:23:45.325" endtime="20230317 11:23:49.327"/>
</kw>
<kw name="Wait Until Element Is Visible" library="SeleniumLibrary">
<arg>${PRODUITS_3_Fils_de_cable}</arg>
<doc>Waits until the element ``locator`` is visible.</doc>
<status status="PASS" starttime="20230317 11:23:49.331" endtime="20230317 11:23:49.397"/>
</kw>
<status status="PASS" starttime="20230317 11:23:17.804" endtime="20230317 11:23:49.397"/>
</kw>
<status status="PASS" starttime="20230317 11:21:58.046" endtime="20230317 11:23:49.398"/>
</test>
<doc>Cables et fils electrique-Fils de cable_Partie de Commande</doc>
<status status="PASS" starttime="20230317 11:21:57.541" endtime="20230317 11:23:49.399"/>
</suite>
<status status="PASS" starttime="20230317 11:21:57.484" endtime="20230317 11:23:49.401"/>
</suite>
<statistics>
<total>
<stat pass="1" fail="0" skip="0">All Tests</stat>
</total>
<tag>
</tag>
<suite>
<stat pass="1" fail="0" skip="0" id="s1" name="projert1 - FILS DE CABLE - Quantite">projert1 - FILS DE CABLE - Quantite</stat>
<stat pass="1" fail="0" skip="0" id="s1-s1" name="test4-Quantité">projert1 - FILS DE CABLE - Quantite.test4-Quantité</stat>
</suite>
</statistics>
<errors>
</errors>
</robot>
