<?xml version="1.0" encoding="UTF-8"?>
<robot generator="Rebot 6.0.1 (Python 3.11.1 on win32)" generated="20230317 11:27:05.798" rpa="false" schemaversion="3">
<suite id="s1" name="projert1 - FILS DE CABLE - Quantite" source="C:\Users\Ilham BOURHAIM\PycharmProjects\pythonProject14\projert1 - FILS DE CABLE - Quantite">
<suite id="s1-s1" name="test1-Quantité" source="C:\Users\Ilham BOURHAIM\PycharmProjects\pythonProject14\projert1 - FILS DE CABLE - Quantite\test1-Quantité.robot">
<test id="s1-s1-t1" name="Cables et fils electrique-Fils de cable" line="10">
<kw name="open the browser with URL" library="resources">
<kw name="Create Webdriver" library="SeleniumLibrary">
<arg>Chrome</arg>
<doc>Creates an instance of Selenium WebDriver.</doc>
<msg timestamp="20230317 11:21:58.049" level="INFO">Creating an instance of the Chrome WebDriver.</msg>
<status status="PASS" starttime="20230317 11:21:58.048" endtime="20230317 11:22:04.327"/>
</kw>
<kw name="Go To" library="SeleniumLibrary">
<arg>${URL}</arg>
<doc>Navigates the current browser window to the provided ``url``.</doc>
<msg timestamp="20230317 11:22:04.328" level="INFO">Opening url 'http://192.168.31.31/'</msg>
<status status="PASS" starttime="20230317 11:22:04.327" endtime="20230317 11:22:11.859"/>
</kw>
<kw name="Maximize Browser Window" library="SeleniumLibrary">
<doc>Maximizes current browser window.</doc>
<status status="PASS" starttime="20230317 11:22:11.860" endtime="20230317 11:22:12.048"/>
</kw>
<kw name="Sleep" library="BuiltIn">
<arg>6</arg>
<doc>Pauses the test executed for the given time.</doc>
<msg timestamp="20230317 11:22:18.058" level="INFO">Slept 6 seconds</msg>
<status status="PASS" starttime="20230317 11:22:12.049" endtime="20230317 11:22:18.058"/>
</kw>
<status status="PASS" starttime="20230317 11:21:58.047" endtime="20230317 11:22:18.059"/>
</kw>
<kw name="click an Cables et fils electrique-Fils de cable" library="clickAn">
<arg>${Categories}</arg>
<arg>${Câbles_fils}</arg>
<arg>${FILS_CABLE}</arg>
<kw name="Click Element" library="SeleniumLibrary">
<arg>${Categories}</arg>
<doc>Click the element identified by ``locator``.</doc>
<msg timestamp="20230317 11:22:18.062" level="INFO">Clicking element 'xpath://span[contains(text(),'Categories')]'.</msg>
<status status="PASS" starttime="20230317 11:22:18.060" endtime="20230317 11:22:18.263"/>
</kw>
<kw name="Sleep" library="BuiltIn">
<arg>5</arg>
<doc>Pauses the test executed for the given time.</doc>
<msg timestamp="20230317 11:22:23.265" level="INFO">Slept 5 seconds</msg>
<status status="PASS" starttime="20230317 11:22:18.264" endtime="20230317 11:22:23.265"/>
</kw>
<kw name="Click Element" library="SeleniumLibrary">
<arg>${Câbles_fils}</arg>
<doc>Click the element identified by ``locator``.</doc>
<msg timestamp="20230317 11:22:23.266" level="INFO">Clicking element 'xpath://header/div[1]/div[2]/div[1]/div[1]/ul[1]/li[2]/div[2]/div[1]/ul[1]/li[2]/a[1]'.</msg>
<status status="PASS" starttime="20230317 11:22:23.265" endtime="20230317 11:22:27.510"/>
</kw>
<kw name="Sleep" library="BuiltIn">
<arg>5</arg>
<doc>Pauses the test executed for the given time.</doc>
<msg timestamp="20230317 11:22:32.511" level="INFO">Slept 5 seconds</msg>
<status status="PASS" starttime="20230317 11:22:27.511" endtime="20230317 11:22:32.511"/>
</kw>
<kw name="Click Element" library="SeleniumLibrary">
<arg>${FILS_CABLE}</arg>
<doc>Click the element identified by ``locator``.</doc>
<msg timestamp="20230317 11:22:32.513" level="INFO">Clicking element 'css:body.page-template-default.page.page-id-837.theme-flatsome.woocommerce-js.yith-wcan-pro.lightbox.nav-dropdown-has-shadow.nav-dropdown-has-border.page-template-blank.page-template-blank-php:nth-child(2) div.content-area section.section:nth-child(3) div.section-content.relative:nth-child(2) div.row div.col.medium-4.small-12.large-4:nth-child(3) div.col-inner.box-shadow-3:nth-child(1) div.row.row-collapse div.col.medium-8.large-8:nth-child(2) div.col-inner h3:nth-child(2) &gt; a:nth-child(1)'.</msg>
<status status="PASS" starttime="20230317 11:22:32.512" endtime="20230317 11:22:38.223"/>
</kw>
<kw name="Sleep" library="BuiltIn">
<arg>5</arg>
<doc>Pauses the test executed for the given time.</doc>
<msg timestamp="20230317 11:22:43.225" level="INFO">Slept 5 seconds</msg>
<status status="PASS" starttime="20230317 11:22:38.223" endtime="20230317 11:22:43.225"/>
</kw>
<status status="PASS" starttime="20230317 11:22:18.059" endtime="20230317 11:22:43.225"/>
</kw>
<kw name="clicker sur un produit et voir le panier" library="Choose_Quantite">
<arg>${clicker_Produit}</arg>
<arg>${Ajout_Panier}</arg>
<arg>${Voirr_Panier}</arg>
<kw name="Sleep" library="BuiltIn">
<arg>7</arg>
<doc>Pauses the test executed for the given time.</doc>
<msg timestamp="20230317 11:22:50.228" level="INFO">Slept 7 seconds</msg>
<status status="PASS" starttime="20230317 11:22:43.227" endtime="20230317 11:22:50.228"/>
</kw>
<kw name="Click Element" library="SeleniumLibrary">
<arg>${clicker_Produit}</arg>
<doc>Click the element identified by ``locator``.</doc>
<msg timestamp="20230317 11:22:50.230" level="INFO">Clicking element 'xpath://a[contains(text(),'cable souple 16mm')]'.</msg>
<status status="PASS" starttime="20230317 11:22:50.228" endtime="20230317 11:22:54.693"/>
</kw>
<kw name="Sleep" library="BuiltIn">
<arg>5</arg>
<doc>Pauses the test executed for the given time.</doc>
<msg timestamp="20230317 11:22:59.695" level="INFO">Slept 5 seconds</msg>
<status status="PASS" starttime="20230317 11:22:54.693" endtime="20230317 11:22:59.695"/>
</kw>
<kw name="Click Element" library="SeleniumLibrary">
<arg>${Ajout_Panier}</arg>
<doc>Click the element identified by ``locator``.</doc>
<msg timestamp="20230317 11:22:59.699" level="INFO">Clicking element 'xpath://button[contains(text(),'Ajouter au panier')]'.</msg>
<status status="PASS" starttime="20230317 11:22:59.696" endtime="20230317 11:23:06.111"/>
</kw>
<kw name="Sleep" library="BuiltIn">
<arg>3</arg>
<doc>Pauses the test executed for the given time.</doc>
<msg timestamp="20230317 11:23:09.113" level="INFO">Slept 3 seconds</msg>
<status status="PASS" starttime="20230317 11:23:06.112" endtime="20230317 11:23:09.114"/>
</kw>
<kw name="Click Element" library="SeleniumLibrary">
<arg>${Voirr_Panier}</arg>
<doc>Click the element identified by ``locator``.</doc>
<msg timestamp="20230317 11:23:09.119" level="INFO">Clicking element 'xpath://header/div[1]/div[1]/div[1]/div[4]/ul[1]/li[3]/ul[1]/li[1]/div[1]/p[2]/a[1]'.</msg>
<status status="PASS" starttime="20230317 11:23:09.116" endtime="20230317 11:23:16.572"/>
</kw>
<kw name="Sleep" library="BuiltIn">
<arg>5</arg>
<doc>Pauses the test executed for the given time.</doc>
<msg timestamp="20230317 11:23:21.574" level="INFO">Slept 5 seconds</msg>
<status status="PASS" starttime="20230317 11:23:16.572" endtime="20230317 11:23:21.577"/>
</kw>
<status status="PASS" starttime="20230317 11:22:43.226" endtime="20230317 11:23:21.578"/>
</kw>
<kw name="Eliminer le produit (0 Produits)" library="Choose_Quantite">
<arg>${Soustracter_nbr_produit}</arg>
<arg>${Mettre_à_jour_panier}</arg>
<arg>${Retour_à_la_boutique}</arg>
<kw name="Click Element" library="SeleniumLibrary">
<arg>${Soustracter_nbr_produit}</arg>
<doc>Click the element identified by ``locator``.</doc>
<msg timestamp="20230317 11:23:21.587" level="INFO">Clicking element 'xpath://tbody/tr[1]/td[5]/div[1]/input[1]'.</msg>
<status status="PASS" starttime="20230317 11:23:21.585" endtime="20230317 11:23:21.720"/>
</kw>
<kw name="Sleep" library="BuiltIn">
<arg>3</arg>
<doc>Pauses the test executed for the given time.</doc>
<msg timestamp="20230317 11:23:24.721" level="INFO">Slept 3 seconds</msg>
<status status="PASS" starttime="20230317 11:23:21.720" endtime="20230317 11:23:24.722"/>
</kw>
<kw name="Click Element" library="SeleniumLibrary">
<arg>${Mettre_à_jour_panier}</arg>
<doc>Click the element identified by ``locator``.</doc>
<msg timestamp="20230317 11:23:24.732" level="INFO">Clicking element 'xpath: // button[contains(text(), 'Mettre à jour le panier')]'.</msg>
<status status="PASS" starttime="20230317 11:23:24.725" endtime="20230317 11:23:24.811"/>
</kw>
<kw name="Sleep" library="BuiltIn">
<arg>9</arg>
<doc>Pauses the test executed for the given time.</doc>
<msg timestamp="20230317 11:23:33.815" level="INFO">Slept 9 seconds</msg>
<status status="PASS" starttime="20230317 11:23:24.812" endtime="20230317 11:23:33.816"/>
</kw>
<kw name="Click Element" library="SeleniumLibrary">
<arg>${Retour_à_la_boutique}</arg>
<doc>Click the element identified by ``locator``.</doc>
<msg timestamp="20230317 11:23:33.825" level="INFO">Clicking element 'xpath://a[contains(text(),'Retour à la boutique')]'.</msg>
<status status="PASS" starttime="20230317 11:23:33.817" endtime="20230317 11:23:39.461"/>
</kw>
<kw name="Sleep" library="BuiltIn">
<arg>5</arg>
<doc>Pauses the test executed for the given time.</doc>
<msg timestamp="20230317 11:23:44.463" level="INFO">Slept 5 seconds</msg>
<status status="PASS" starttime="20230317 11:23:39.461" endtime="20230317 11:23:44.463"/>
</kw>
<kw name="Wait Until Element Is Visible" library="SeleniumLibrary">
<arg>${Categories}</arg>
<doc>Waits until the element ``locator`` is visible.</doc>
<status status="PASS" starttime="20230317 11:23:44.464" endtime="20230317 11:23:44.501"/>
</kw>
<kw name="Sleep" library="BuiltIn">
<arg>3</arg>
<doc>Pauses the test executed for the given time.</doc>
<msg timestamp="20230317 11:23:47.502" level="INFO">Slept 3 seconds</msg>
<status status="PASS" starttime="20230317 11:23:44.501" endtime="20230317 11:23:47.505"/>
</kw>
<kw name="Click Element" library="SeleniumLibrary">
<arg>${Câbles_assembles}</arg>
<doc>Click the element identified by ``locator``.</doc>
<msg timestamp="20230317 11:23:47.513" level="INFO">Clicking element 'xpath://span[contains(text(),'Câbles assembles')]'.</msg>
<status status="PASS" starttime="20230317 11:23:47.508" endtime="20230317 11:23:52.928"/>
</kw>
<kw name="Sleep" library="BuiltIn">
<arg>4</arg>
<doc>Pauses the test executed for the given time.</doc>
<msg timestamp="20230317 11:23:56.930" level="INFO">Slept 4 seconds</msg>
<status status="PASS" starttime="20230317 11:23:52.929" endtime="20230317 11:23:56.930"/>
</kw>
<kw name="Wait Until Element Is Visible" library="SeleniumLibrary">
<arg>${PRODUITS_Câbles_assembles}</arg>
<doc>Waits until the element ``locator`` is visible.</doc>
<status status="PASS" starttime="20230317 11:23:56.930" endtime="20230317 11:23:56.974"/>
</kw>
<status status="PASS" starttime="20230317 11:23:21.583" endtime="20230317 11:23:56.975"/>
</kw>
<status status="PASS" starttime="20230317 11:21:58.046" endtime="20230317 11:23:56.975"/>
</test>
<doc>Cables et fils electrique-Fils de cable_Partie de Commande</doc>
<status status="PASS" starttime="20230317 11:21:57.562" endtime="20230317 11:23:56.976"/>
</suite>
<suite id="s1-s2" name="test2-Quantité" source="C:\Users\Ilham BOURHAIM\PycharmProjects\pythonProject14\projert1 - FILS DE CABLE - Quantite\test2-Quantité.robot">
<test id="s1-s2-t1" name="Cables et fils electrique-Fils de cable" line="10">
<kw name="open the browser with URL" library="resources">
<kw name="Create Webdriver" library="SeleniumLibrary">
<arg>Chrome</arg>
<doc>Creates an instance of Selenium WebDriver.</doc>
<msg timestamp="20230317 11:21:58.224" level="INFO">Creating an instance of the Chrome WebDriver.</msg>
<status status="PASS" starttime="20230317 11:21:58.221" endtime="20230317 11:22:04.134"/>
</kw>
<kw name="Go To" library="SeleniumLibrary">
<arg>${URL}</arg>
<doc>Navigates the current browser window to the provided ``url``.</doc>
<msg timestamp="20230317 11:22:04.136" level="INFO">Opening url 'http://192.168.31.31/'</msg>
<status status="PASS" starttime="20230317 11:22:04.134" endtime="20230317 11:22:11.860"/>
</kw>
<kw name="Maximize Browser Window" library="SeleniumLibrary">
<doc>Maximizes current browser window.</doc>
<status status="PASS" starttime="20230317 11:22:11.860" endtime="20230317 11:22:12.048"/>
</kw>
<kw name="Sleep" library="BuiltIn">
<arg>6</arg>
<doc>Pauses the test executed for the given time.</doc>
<msg timestamp="20230317 11:22:18.057" level="INFO">Slept 6 seconds</msg>
<status status="PASS" starttime="20230317 11:22:12.049" endtime="20230317 11:22:18.058"/>
</kw>
<status status="PASS" starttime="20230317 11:21:58.219" endtime="20230317 11:22:18.058"/>
</kw>
<kw name="click an Cables et fils electrique-Fils de cable" library="clickAn">
<arg>${Categories}</arg>
<arg>${Câbles_fils}</arg>
<arg>${FILS_CABLE}</arg>
<kw name="Click Element" library="SeleniumLibrary">
<arg>${Categories}</arg>
<doc>Click the element identified by ``locator``.</doc>
<msg timestamp="20230317 11:22:18.061" level="INFO">Clicking element 'xpath://span[contains(text(),'Categories')]'.</msg>
<status status="PASS" starttime="20230317 11:22:18.060" endtime="20230317 11:22:18.248"/>
</kw>
<kw name="Sleep" library="BuiltIn">
<arg>5</arg>
<doc>Pauses the test executed for the given time.</doc>
<msg timestamp="20230317 11:22:23.251" level="INFO">Slept 5 seconds</msg>
<status status="PASS" starttime="20230317 11:22:18.249" endtime="20230317 11:22:23.251"/>
</kw>
<kw name="Click Element" library="SeleniumLibrary">
<arg>${Câbles_fils}</arg>
<doc>Click the element identified by ``locator``.</doc>
<msg timestamp="20230317 11:22:23.253" level="INFO">Clicking element 'xpath://header/div[1]/div[2]/div[1]/div[1]/ul[1]/li[2]/div[2]/div[1]/ul[1]/li[2]/a[1]'.</msg>
<status status="PASS" starttime="20230317 11:22:23.251" endtime="20230317 11:22:28.777"/>
</kw>
<kw name="Sleep" library="BuiltIn">
<arg>5</arg>
<doc>Pauses the test executed for the given time.</doc>
<msg timestamp="20230317 11:22:33.778" level="INFO">Slept 5 seconds</msg>
<status status="PASS" starttime="20230317 11:22:28.777" endtime="20230317 11:22:33.778"/>
</kw>
<kw name="Click Element" library="SeleniumLibrary">
<arg>${FILS_CABLE}</arg>
<doc>Click the element identified by ``locator``.</doc>
<msg timestamp="20230317 11:22:33.779" level="INFO">Clicking element 'css:body.page-template-default.page.page-id-837.theme-flatsome.woocommerce-js.yith-wcan-pro.lightbox.nav-dropdown-has-shadow.nav-dropdown-has-border.page-template-blank.page-template-blank-php:nth-child(2) div.content-area section.section:nth-child(3) div.section-content.relative:nth-child(2) div.row div.col.medium-4.small-12.large-4:nth-child(3) div.col-inner.box-shadow-3:nth-child(1) div.row.row-collapse div.col.medium-8.large-8:nth-child(2) div.col-inner h3:nth-child(2) &gt; a:nth-child(1)'.</msg>
<status status="PASS" starttime="20230317 11:22:33.778" endtime="20230317 11:22:38.824"/>
</kw>
<kw name="Sleep" library="BuiltIn">
<arg>5</arg>
<doc>Pauses the test executed for the given time.</doc>
<msg timestamp="20230317 11:22:43.825" level="INFO">Slept 5 seconds</msg>
<status status="PASS" starttime="20230317 11:22:38.825" endtime="20230317 11:22:43.826"/>
</kw>
<status status="PASS" starttime="20230317 11:22:18.058" endtime="20230317 11:22:43.834"/>
</kw>
<kw name="clicker sur un produit et voir le panier" library="Choose2_Quantite">
<arg>${clicker_Produit}</arg>
<arg>${Ajout_Panier}</arg>
<arg>${Voirr_Panier}</arg>
<kw name="Sleep" library="BuiltIn">
<arg>5</arg>
<doc>Pauses the test executed for the given time.</doc>
<msg timestamp="20230317 11:22:48.842" level="INFO">Slept 5 seconds</msg>
<status status="PASS" starttime="20230317 11:22:43.840" endtime="20230317 11:22:48.842"/>
</kw>
<kw name="Click Element" library="SeleniumLibrary">
<arg>${clicker_Produit}</arg>
<doc>Click the element identified by ``locator``.</doc>
<msg timestamp="20230317 11:22:48.844" level="INFO">Clicking element 'xpath://a[contains(text(),'cable souple 16mm')]'.</msg>
<status status="PASS" starttime="20230317 11:22:48.842" endtime="20230317 11:22:50.824"/>
</kw>
<kw name="Sleep" library="BuiltIn">
<arg>5</arg>
<doc>Pauses the test executed for the given time.</doc>
<msg timestamp="20230317 11:22:55.825" level="INFO">Slept 5 seconds</msg>
<status status="PASS" starttime="20230317 11:22:50.824" endtime="20230317 11:22:55.825"/>
</kw>
<kw name="Click Element" library="SeleniumLibrary">
<arg>${Ajout_Panier}</arg>
<doc>Click the element identified by ``locator``.</doc>
<msg timestamp="20230317 11:22:55.829" level="INFO">Clicking element 'xpath://button[contains(text(),'Ajouter au panier')]'.</msg>
<status status="PASS" starttime="20230317 11:22:55.826" endtime="20230317 11:23:01.780"/>
</kw>
<kw name="Sleep" library="BuiltIn">
<arg>3</arg>
<doc>Pauses the test executed for the given time.</doc>
<msg timestamp="20230317 11:23:04.783" level="INFO">Slept 3 seconds</msg>
<status status="PASS" starttime="20230317 11:23:01.781" endtime="20230317 11:23:04.783"/>
</kw>
<kw name="Click Element" library="SeleniumLibrary">
<arg>${Voirr_Panier}</arg>
<doc>Click the element identified by ``locator``.</doc>
<msg timestamp="20230317 11:23:04.785" level="INFO">Clicking element 'xpath://header/div[1]/div[1]/div[1]/div[4]/ul[1]/li[3]/ul[1]/li[1]/div[1]/p[2]/a[1]'.</msg>
<status status="PASS" starttime="20230317 11:23:04.784" endtime="20230317 11:23:12.808"/>
</kw>
<kw name="Sleep" library="BuiltIn">
<arg>5</arg>
<doc>Pauses the test executed for the given time.</doc>
<msg timestamp="20230317 11:23:17.811" level="INFO">Slept 5 seconds</msg>
<status status="PASS" starttime="20230317 11:23:12.808" endtime="20230317 11:23:17.812"/>
</kw>
<status status="PASS" starttime="20230317 11:22:43.836" endtime="20230317 11:23:17.813"/>
</kw>
<kw name="Eliminer le produit (0 Produits)" library="Choose2_Quantite">
<arg>${Soustracter_nbr_produit}</arg>
<arg>${Mettre_à_jour_panier}</arg>
<arg>${Retour_à_la_boutique}</arg>
<kw name="Click Element" library="SeleniumLibrary">
<arg>${Soustracter_nbr_produit}</arg>
<doc>Click the element identified by ``locator``.</doc>
<msg timestamp="20230317 11:23:17.822" level="INFO">Clicking element 'xpath://tbody/tr[1]/td[5]/div[1]/input[1]'.</msg>
<status status="PASS" starttime="20230317 11:23:17.817" endtime="20230317 11:23:17.935"/>
</kw>
<kw name="Sleep" library="BuiltIn">
<arg>3</arg>
<doc>Pauses the test executed for the given time.</doc>
<msg timestamp="20230317 11:23:20.935" level="INFO">Slept 3 seconds</msg>
<status status="PASS" starttime="20230317 11:23:17.935" endtime="20230317 11:23:20.935"/>
</kw>
<kw name="Click Element" library="SeleniumLibrary">
<arg>${Mettre_à_jour_panier}</arg>
<doc>Click the element identified by ``locator``.</doc>
<msg timestamp="20230317 11:23:20.937" level="INFO">Clicking element 'xpath: // button[contains(text(), 'Mettre à jour le panier')]'.</msg>
<status status="PASS" starttime="20230317 11:23:20.936" endtime="20230317 11:23:21.026"/>
</kw>
<kw name="Sleep" library="BuiltIn">
<arg>9</arg>
<doc>Pauses the test executed for the given time.</doc>
<msg timestamp="20230317 11:23:30.029" level="INFO">Slept 9 seconds</msg>
<status status="PASS" starttime="20230317 11:23:21.027" endtime="20230317 11:23:30.031"/>
</kw>
<kw name="Click Element" library="SeleniumLibrary">
<arg>${Retour_à_la_boutique}</arg>
<doc>Click the element identified by ``locator``.</doc>
<msg timestamp="20230317 11:23:30.041" level="INFO">Clicking element 'xpath://a[contains(text(),'Retour à la boutique')]'.</msg>
<status status="PASS" starttime="20230317 11:23:30.035" endtime="20230317 11:23:33.441"/>
</kw>
<kw name="Sleep" library="BuiltIn">
<arg>5</arg>
<doc>Pauses the test executed for the given time.</doc>
<msg timestamp="20230317 11:23:38.444" level="INFO">Slept 5 seconds</msg>
<status status="PASS" starttime="20230317 11:23:33.441" endtime="20230317 11:23:38.445"/>
</kw>
<kw name="Wait Until Element Is Visible" library="SeleniumLibrary">
<arg>${Categories}</arg>
<doc>Waits until the element ``locator`` is visible.</doc>
<status status="PASS" starttime="20230317 11:23:38.448" endtime="20230317 11:23:38.520"/>
</kw>
<kw name="Sleep" library="BuiltIn">
<arg>3</arg>
<doc>Pauses the test executed for the given time.</doc>
<msg timestamp="20230317 11:23:41.521" level="INFO">Slept 3 seconds</msg>
<status status="PASS" starttime="20230317 11:23:38.520" endtime="20230317 11:23:41.522"/>
</kw>
<kw name="Click Element" library="SeleniumLibrary">
<arg>${Câbles_plats}</arg>
<doc>Click the element identified by ``locator``.</doc>
<msg timestamp="20230317 11:23:41.529" level="INFO">Clicking element 'xpath://span[contains(text(),'Câbles plats')]'.</msg>
<status status="PASS" starttime="20230317 11:23:41.525" endtime="20230317 11:23:45.329"/>
</kw>
<kw name="Sleep" library="BuiltIn">
<arg>4</arg>
<doc>Pauses the test executed for the given time.</doc>
<msg timestamp="20230317 11:23:49.331" level="INFO">Slept 4 seconds</msg>
<status status="PASS" starttime="20230317 11:23:45.330" endtime="20230317 11:23:49.332"/>
</kw>
<kw name="Wait Until Element Is Visible" library="SeleniumLibrary">
<arg>${PRODUITS_1_Câbles_assembles}</arg>
<doc>Waits until the element ``locator`` is visible.</doc>
<status status="PASS" starttime="20230317 11:23:49.334" endtime="20230317 11:23:49.397"/>
</kw>
<status status="PASS" starttime="20230317 11:23:17.814" endtime="20230317 11:23:49.397"/>
</kw>
<status status="PASS" starttime="20230317 11:21:58.214" endtime="20230317 11:23:49.398"/>
</test>
<doc>Cables et fils electrique-Fils de cable_Partie de Commande</doc>
<status status="PASS" starttime="20230317 11:21:57.640" endtime="20230317 11:23:49.399"/>
</suite>
<suite id="s1-s3" name="test3-Quantité" source="C:\Users\Ilham BOURHAIM\PycharmProjects\pythonProject14\projert1 - FILS DE CABLE - Quantite\test3-Quantité.robot">
<test id="s1-s3-t1" name="Cables et fils electrique-Fils de cable" line="10">
<kw name="open the browser with URL" library="resources">
<kw name="Create Webdriver" library="SeleniumLibrary">
<arg>Chrome</arg>
<doc>Creates an instance of Selenium WebDriver.</doc>
<msg timestamp="20230317 11:21:58.101" level="INFO">Creating an instance of the Chrome WebDriver.</msg>
<status status="PASS" starttime="20230317 11:21:58.101" endtime="20230317 11:22:04.490"/>
</kw>
<kw name="Go To" library="SeleniumLibrary">
<arg>${URL}</arg>
<doc>Navigates the current browser window to the provided ``url``.</doc>
<msg timestamp="20230317 11:22:04.491" level="INFO">Opening url 'http://192.168.31.31/'</msg>
<status status="PASS" starttime="20230317 11:22:04.490" endtime="20230317 11:22:11.895"/>
</kw>
<kw name="Maximize Browser Window" library="SeleniumLibrary">
<doc>Maximizes current browser window.</doc>
<status status="PASS" starttime="20230317 11:22:11.896" endtime="20230317 11:22:12.141"/>
</kw>
<kw name="Sleep" library="BuiltIn">
<arg>6</arg>
<doc>Pauses the test executed for the given time.</doc>
<msg timestamp="20230317 11:22:18.143" level="INFO">Slept 6 seconds</msg>
<status status="PASS" starttime="20230317 11:22:12.141" endtime="20230317 11:22:18.143"/>
</kw>
<status status="PASS" starttime="20230317 11:21:58.100" endtime="20230317 11:22:18.144"/>
</kw>
<kw name="click an Cables et fils electrique-Fils de cable" library="clickAn">
<arg>${Categories}</arg>
<arg>${Câbles_fils}</arg>
<arg>${FILS_CABLE}</arg>
<kw name="Click Element" library="SeleniumLibrary">
<arg>${Categories}</arg>
<doc>Click the element identified by ``locator``.</doc>
<msg timestamp="20230317 11:22:18.148" level="INFO">Clicking element 'xpath://span[contains(text(),'Categories')]'.</msg>
<status status="PASS" starttime="20230317 11:22:18.145" endtime="20230317 11:22:18.364"/>
</kw>
<kw name="Sleep" library="BuiltIn">
<arg>5</arg>
<doc>Pauses the test executed for the given time.</doc>
<msg timestamp="20230317 11:22:23.366" level="INFO">Slept 5 seconds</msg>
<status status="PASS" starttime="20230317 11:22:18.365" endtime="20230317 11:22:23.366"/>
</kw>
<kw name="Click Element" library="SeleniumLibrary">
<arg>${Câbles_fils}</arg>
<doc>Click the element identified by ``locator``.</doc>
<msg timestamp="20230317 11:22:23.369" level="INFO">Clicking element 'xpath://header/div[1]/div[2]/div[1]/div[1]/ul[1]/li[2]/div[2]/div[1]/ul[1]/li[2]/a[1]'.</msg>
<status status="PASS" starttime="20230317 11:22:23.367" endtime="20230317 11:22:29.058"/>
</kw>
<kw name="Sleep" library="BuiltIn">
<arg>5</arg>
<doc>Pauses the test executed for the given time.</doc>
<msg timestamp="20230317 11:22:34.061" level="INFO">Slept 5 seconds</msg>
<status status="PASS" starttime="20230317 11:22:29.059" endtime="20230317 11:22:34.062"/>
</kw>
<kw name="Click Element" library="SeleniumLibrary">
<arg>${FILS_CABLE}</arg>
<doc>Click the element identified by ``locator``.</doc>
<msg timestamp="20230317 11:22:34.066" level="INFO">Clicking element 'css:body.page-template-default.page.page-id-837.theme-flatsome.woocommerce-js.yith-wcan-pro.lightbox.nav-dropdown-has-shadow.nav-dropdown-has-border.page-template-blank.page-template-blank-php:nth-child(2) div.content-area section.section:nth-child(3) div.section-content.relative:nth-child(2) div.row div.col.medium-4.small-12.large-4:nth-child(3) div.col-inner.box-shadow-3:nth-child(1) div.row.row-collapse div.col.medium-8.large-8:nth-child(2) div.col-inner h3:nth-child(2) &gt; a:nth-child(1)'.</msg>
<status status="PASS" starttime="20230317 11:22:34.063" endtime="20230317 11:22:39.318"/>
</kw>
<kw name="Sleep" library="BuiltIn">
<arg>5</arg>
<doc>Pauses the test executed for the given time.</doc>
<msg timestamp="20230317 11:22:44.318" level="INFO">Slept 5 seconds</msg>
<status status="PASS" starttime="20230317 11:22:39.318" endtime="20230317 11:22:44.319"/>
</kw>
<status status="PASS" starttime="20230317 11:22:18.144" endtime="20230317 11:22:44.320"/>
</kw>
<kw name="clicker sur un produit et voir le panier" library="Choose3_Quantite">
<arg>${clicker_Produit}</arg>
<arg>${Ajout_Panier}</arg>
<arg>${Voirr_Panier}</arg>
<kw name="Sleep" library="BuiltIn">
<arg>5</arg>
<doc>Pauses the test executed for the given time.</doc>
<msg timestamp="20230317 11:22:49.326" level="INFO">Slept 5 seconds</msg>
<status status="PASS" starttime="20230317 11:22:44.324" endtime="20230317 11:22:49.326"/>
</kw>
<kw name="Click Element" library="SeleniumLibrary">
<arg>${clicker_Produit}</arg>
<doc>Click the element identified by ``locator``.</doc>
<msg timestamp="20230317 11:22:49.329" level="INFO">Clicking element 'xpath://a[contains(text(),'cable souple 16mm')]'.</msg>
<status status="PASS" starttime="20230317 11:22:49.327" endtime="20230317 11:22:53.965"/>
</kw>
<kw name="Sleep" library="BuiltIn">
<arg>5</arg>
<doc>Pauses the test executed for the given time.</doc>
<msg timestamp="20230317 11:22:58.967" level="INFO">Slept 5 seconds</msg>
<status status="PASS" starttime="20230317 11:22:53.965" endtime="20230317 11:22:58.967"/>
</kw>
<kw name="Click Element" library="SeleniumLibrary">
<arg>${Ajout_Panier}</arg>
<doc>Click the element identified by ``locator``.</doc>
<msg timestamp="20230317 11:22:58.968" level="INFO">Clicking element 'xpath://button[contains(text(),'Ajouter au panier')]'.</msg>
<status status="PASS" starttime="20230317 11:22:58.967" endtime="20230317 11:23:04.958"/>
</kw>
<kw name="Sleep" library="BuiltIn">
<arg>3</arg>
<doc>Pauses the test executed for the given time.</doc>
<msg timestamp="20230317 11:23:07.961" level="INFO">Slept 3 seconds</msg>
<status status="PASS" starttime="20230317 11:23:04.959" endtime="20230317 11:23:07.961"/>
</kw>
<kw name="Click Element" library="SeleniumLibrary">
<arg>${Voirr_Panier}</arg>
<doc>Click the element identified by ``locator``.</doc>
<msg timestamp="20230317 11:23:07.962" level="INFO">Clicking element 'xpath://header/div[1]/div[1]/div[1]/div[4]/ul[1]/li[3]/ul[1]/li[1]/div[1]/p[2]/a[1]'.</msg>
<status status="PASS" starttime="20230317 11:23:07.961" endtime="20230317 11:23:15.302"/>
</kw>
<kw name="Sleep" library="BuiltIn">
<arg>5</arg>
<doc>Pauses the test executed for the given time.</doc>
<msg timestamp="20230317 11:23:20.305" level="INFO">Slept 5 seconds</msg>
<status status="PASS" starttime="20230317 11:23:15.303" endtime="20230317 11:23:20.306"/>
</kw>
<status status="PASS" starttime="20230317 11:22:44.320" endtime="20230317 11:23:20.310"/>
</kw>
<kw name="Eliminer le produit (0 Produits)" library="Choose3_Quantite">
<arg>${Soustracter_nbr_produit}</arg>
<arg>${Mettre_à_jour_panier}</arg>
<arg>${Retour_à_la_boutique}</arg>
<kw name="Click Element" library="SeleniumLibrary">
<arg>${Soustracter_nbr_produit}</arg>
<doc>Click the element identified by ``locator``.</doc>
<msg timestamp="20230317 11:23:20.318" level="INFO">Clicking element 'xpath://tbody/tr[1]/td[5]/div[1]/input[1]'.</msg>
<status status="PASS" starttime="20230317 11:23:20.315" endtime="20230317 11:23:20.435"/>
</kw>
<kw name="Sleep" library="BuiltIn">
<arg>3</arg>
<doc>Pauses the test executed for the given time.</doc>
<msg timestamp="20230317 11:23:23.436" level="INFO">Slept 3 seconds</msg>
<status status="PASS" starttime="20230317 11:23:20.435" endtime="20230317 11:23:23.436"/>
</kw>
<kw name="Click Element" library="SeleniumLibrary">
<arg>${Mettre_à_jour_panier}</arg>
<doc>Click the element identified by ``locator``.</doc>
<msg timestamp="20230317 11:23:23.438" level="INFO">Clicking element 'xpath: // button[contains(text(), 'Mettre à jour le panier')]'.</msg>
<status status="PASS" starttime="20230317 11:23:23.436" endtime="20230317 11:23:23.557"/>
</kw>
<kw name="Sleep" library="BuiltIn">
<arg>9</arg>
<doc>Pauses the test executed for the given time.</doc>
<msg timestamp="20230317 11:23:32.559" level="INFO">Slept 9 seconds</msg>
<status status="PASS" starttime="20230317 11:23:23.558" endtime="20230317 11:23:32.560"/>
</kw>
<kw name="Click Element" library="SeleniumLibrary">
<arg>${Retour_à_la_boutique}</arg>
<doc>Click the element identified by ``locator``.</doc>
<msg timestamp="20230317 11:23:32.574" level="INFO">Clicking element 'xpath://a[contains(text(),'Retour à la boutique')]'.</msg>
<status status="PASS" starttime="20230317 11:23:32.561" endtime="20230317 11:23:36.275"/>
</kw>
<kw name="Sleep" library="BuiltIn">
<arg>5</arg>
<doc>Pauses the test executed for the given time.</doc>
<msg timestamp="20230317 11:23:41.276" level="INFO">Slept 5 seconds</msg>
<status status="PASS" starttime="20230317 11:23:36.275" endtime="20230317 11:23:41.276"/>
</kw>
<kw name="Wait Until Element Is Visible" library="SeleniumLibrary">
<arg>${Categories}</arg>
<doc>Waits until the element ``locator`` is visible.</doc>
<status status="PASS" starttime="20230317 11:23:41.277" endtime="20230317 11:23:41.353"/>
</kw>
<kw name="Sleep" library="BuiltIn">
<arg>3</arg>
<doc>Pauses the test executed for the given time.</doc>
<msg timestamp="20230317 11:23:44.356" level="INFO">Slept 3 seconds</msg>
<status status="PASS" starttime="20230317 11:23:41.354" endtime="20230317 11:23:44.357"/>
</kw>
<kw name="Click Element" library="SeleniumLibrary">
<arg>${Fils_de_cable}</arg>
<doc>Click the element identified by ``locator``.</doc>
<msg timestamp="20230317 11:23:44.374" level="INFO">Clicking element 'xpath://span[contains(text(),'Fils de cable')]'.</msg>
<status status="PASS" starttime="20230317 11:23:44.360" endtime="20230317 11:23:48.611"/>
</kw>
<kw name="Sleep" library="BuiltIn">
<arg>4</arg>
<doc>Pauses the test executed for the given time.</doc>
<msg timestamp="20230317 11:23:52.613" level="INFO">Slept 4 seconds</msg>
<status status="PASS" starttime="20230317 11:23:48.612" endtime="20230317 11:23:52.613"/>
</kw>
<kw name="Wait Until Element Is Visible" library="SeleniumLibrary">
<arg>${PRODUITS_2_Fils_de_cable}</arg>
<doc>Waits until the element ``locator`` is visible.</doc>
<status status="PASS" starttime="20230317 11:23:52.613" endtime="20230317 11:23:53.866"/>
</kw>
<status status="PASS" starttime="20230317 11:23:20.312" endtime="20230317 11:23:53.867"/>
</kw>
<status status="PASS" starttime="20230317 11:21:58.097" endtime="20230317 11:23:53.867"/>
</test>
<doc>Cables et fils electrique-Fils de cable_Partie de Commande</doc>
<status status="PASS" starttime="20230317 11:21:57.623" endtime="20230317 11:23:53.868"/>
</suite>
<suite id="s1-s4" name="test4-Quantité" source="C:\Users\Ilham BOURHAIM\PycharmProjects\pythonProject14\projert1 - FILS DE CABLE - Quantite\test4-Quantité.robot">
<test id="s1-s4-t1" name="Cables et fils electrique-Fils de cable" line="10">
<kw name="open the browser with URL" library="resources">
<kw name="Create Webdriver" library="SeleniumLibrary">
<arg>Chrome</arg>
<doc>Creates an instance of Selenium WebDriver.</doc>
<msg timestamp="20230317 11:21:58.049" level="INFO">Creating an instance of the Chrome WebDriver.</msg>
<status status="PASS" starttime="20230317 11:21:58.048" endtime="20230317 11:22:04.176"/>
</kw>
<kw name="Go To" library="SeleniumLibrary">
<arg>${URL}</arg>
<doc>Navigates the current browser window to the provided ``url``.</doc>
<msg timestamp="20230317 11:22:04.178" level="INFO">Opening url 'http://192.168.31.31/'</msg>
<status status="PASS" starttime="20230317 11:22:04.177" endtime="20230317 11:22:11.708"/>
</kw>
<kw name="Maximize Browser Window" library="SeleniumLibrary">
<doc>Maximizes current browser window.</doc>
<status status="PASS" starttime="20230317 11:22:11.708" endtime="20230317 11:22:11.893"/>
</kw>
<kw name="Sleep" library="BuiltIn">
<arg>6</arg>
<doc>Pauses the test executed for the given time.</doc>
<msg timestamp="20230317 11:22:17.894" level="INFO">Slept 6 seconds</msg>
<status status="PASS" starttime="20230317 11:22:11.893" endtime="20230317 11:22:17.894"/>
</kw>
<status status="PASS" starttime="20230317 11:21:58.048" endtime="20230317 11:22:17.894"/>
</kw>
<kw name="click an Cables et fils electrique-Fils de cable" library="clickAn">
<arg>${Categories}</arg>
<arg>${Câbles_fils}</arg>
<arg>${FILS_CABLE}</arg>
<kw name="Click Element" library="SeleniumLibrary">
<arg>${Categories}</arg>
<doc>Click the element identified by ``locator``.</doc>
<msg timestamp="20230317 11:22:17.908" level="INFO">Clicking element 'xpath://span[contains(text(),'Categories')]'.</msg>
<status status="PASS" starttime="20230317 11:22:17.897" endtime="20230317 11:22:18.211"/>
</kw>
<kw name="Sleep" library="BuiltIn">
<arg>5</arg>
<doc>Pauses the test executed for the given time.</doc>
<msg timestamp="20230317 11:22:23.212" level="INFO">Slept 5 seconds</msg>
<status status="PASS" starttime="20230317 11:22:18.212" endtime="20230317 11:22:23.212"/>
</kw>
<kw name="Click Element" library="SeleniumLibrary">
<arg>${Câbles_fils}</arg>
<doc>Click the element identified by ``locator``.</doc>
<msg timestamp="20230317 11:22:23.214" level="INFO">Clicking element 'xpath://header/div[1]/div[2]/div[1]/div[1]/ul[1]/li[2]/div[2]/div[1]/ul[1]/li[2]/a[1]'.</msg>
<status status="PASS" starttime="20230317 11:22:23.213" endtime="20230317 11:22:26.887"/>
</kw>
<kw name="Sleep" library="BuiltIn">
<arg>5</arg>
<doc>Pauses the test executed for the given time.</doc>
<msg timestamp="20230317 11:22:31.889" level="INFO">Slept 5 seconds</msg>
<status status="PASS" starttime="20230317 11:22:26.888" endtime="20230317 11:22:31.889"/>
</kw>
<kw name="Click Element" library="SeleniumLibrary">
<arg>${FILS_CABLE}</arg>
<doc>Click the element identified by ``locator``.</doc>
<msg timestamp="20230317 11:22:31.890" level="INFO">Clicking element 'css:body.page-template-default.page.page-id-837.theme-flatsome.woocommerce-js.yith-wcan-pro.lightbox.nav-dropdown-has-shadow.nav-dropdown-has-border.page-template-blank.page-template-blank-php:nth-child(2) div.content-area section.section:nth-child(3) div.section-content.relative:nth-child(2) div.row div.col.medium-4.small-12.large-4:nth-child(3) div.col-inner.box-shadow-3:nth-child(1) div.row.row-collapse div.col.medium-8.large-8:nth-child(2) div.col-inner h3:nth-child(2) &gt; a:nth-child(1)'.</msg>
<status status="PASS" starttime="20230317 11:22:31.889" endtime="20230317 11:22:37.636"/>
</kw>
<kw name="Sleep" library="BuiltIn">
<arg>5</arg>
<doc>Pauses the test executed for the given time.</doc>
<msg timestamp="20230317 11:22:42.638" level="INFO">Slept 5 seconds</msg>
<status status="PASS" starttime="20230317 11:22:37.636" endtime="20230317 11:22:42.639"/>
</kw>
<status status="PASS" starttime="20230317 11:22:17.895" endtime="20230317 11:22:42.641"/>
</kw>
<kw name="clicker sur un produit et voir le panier" library="Choose4_Quantite">
<arg>${clicker_Produit}</arg>
<arg>${Ajout_Panier}</arg>
<arg>${Voirr_Panier}</arg>
<kw name="Sleep" library="BuiltIn">
<arg>5</arg>
<doc>Pauses the test executed for the given time.</doc>
<msg timestamp="20230317 11:22:47.654" level="INFO">Slept 5 seconds</msg>
<status status="PASS" starttime="20230317 11:22:42.653" endtime="20230317 11:22:47.654"/>
</kw>
<kw name="Click Element" library="SeleniumLibrary">
<arg>${clicker_Produit}</arg>
<doc>Click the element identified by ``locator``.</doc>
<msg timestamp="20230317 11:22:47.655" level="INFO">Clicking element 'xpath://a[contains(text(),'cable souple 16mm')]'.</msg>
<status status="PASS" starttime="20230317 11:22:47.654" endtime="20230317 11:22:50.407"/>
</kw>
<kw name="Sleep" library="BuiltIn">
<arg>5</arg>
<doc>Pauses the test executed for the given time.</doc>
<msg timestamp="20230317 11:22:55.410" level="INFO">Slept 5 seconds</msg>
<status status="PASS" starttime="20230317 11:22:50.407" endtime="20230317 11:22:55.410"/>
</kw>
<kw name="Click Element" library="SeleniumLibrary">
<arg>${Ajout_Panier}</arg>
<doc>Click the element identified by ``locator``.</doc>
<msg timestamp="20230317 11:22:55.416" level="INFO">Clicking element 'xpath://button[contains(text(),'Ajouter au panier')]'.</msg>
<status status="PASS" starttime="20230317 11:22:55.412" endtime="20230317 11:23:01.552"/>
</kw>
<kw name="Sleep" library="BuiltIn">
<arg>3</arg>
<doc>Pauses the test executed for the given time.</doc>
<msg timestamp="20230317 11:23:04.554" level="INFO">Slept 3 seconds</msg>
<status status="PASS" starttime="20230317 11:23:01.553" endtime="20230317 11:23:04.554"/>
</kw>
<kw name="Click Element" library="SeleniumLibrary">
<arg>${Voirr_Panier}</arg>
<doc>Click the element identified by ``locator``.</doc>
<msg timestamp="20230317 11:23:04.555" level="INFO">Clicking element 'xpath://header/div[1]/div[1]/div[1]/div[4]/ul[1]/li[3]/ul[1]/li[1]/div[1]/p[2]/a[1]'.</msg>
<status status="PASS" starttime="20230317 11:23:04.554" endtime="20230317 11:23:12.800"/>
</kw>
<kw name="Sleep" library="BuiltIn">
<arg>5</arg>
<doc>Pauses the test executed for the given time.</doc>
<msg timestamp="20230317 11:23:17.801" level="INFO">Slept 5 seconds</msg>
<status status="PASS" starttime="20230317 11:23:12.801" endtime="20230317 11:23:17.801"/>
</kw>
<status status="PASS" starttime="20230317 11:22:42.645" endtime="20230317 11:23:17.803"/>
</kw>
<kw name="Eliminer le produit (0 Produits)" library="Choose4_Quantite">
<arg>${Soustracter_nbr_produit}</arg>
<arg>${Mettre_à_jour_panier}</arg>
<arg>${Retour_à_la_boutique}</arg>
<kw name="Click Element" library="SeleniumLibrary">
<arg>${Soustracter_nbr_produit}</arg>
<doc>Click the element identified by ``locator``.</doc>
<msg timestamp="20230317 11:23:17.816" level="INFO">Clicking element 'xpath://tbody/tr[1]/td[5]/div[1]/input[1]'.</msg>
<status status="PASS" starttime="20230317 11:23:17.813" endtime="20230317 11:23:17.941"/>
</kw>
<kw name="Sleep" library="BuiltIn">
<arg>3</arg>
<doc>Pauses the test executed for the given time.</doc>
<msg timestamp="20230317 11:23:20.943" level="INFO">Slept 3 seconds</msg>
<status status="PASS" starttime="20230317 11:23:17.941" endtime="20230317 11:23:20.943"/>
</kw>
<kw name="Click Element" library="SeleniumLibrary">
<arg>${Mettre_à_jour_panier}</arg>
<doc>Click the element identified by ``locator``.</doc>
<msg timestamp="20230317 11:23:20.944" level="INFO">Clicking element 'xpath: // button[contains(text(), 'Mettre à jour le panier')]'.</msg>
<status status="PASS" starttime="20230317 11:23:20.943" endtime="20230317 11:23:21.037"/>
</kw>
<kw name="Sleep" library="BuiltIn">
<arg>9</arg>
<doc>Pauses the test executed for the given time.</doc>
<msg timestamp="20230317 11:23:30.041" level="INFO">Slept 9 seconds</msg>
<status status="PASS" starttime="20230317 11:23:21.038" endtime="20230317 11:23:30.041"/>
</kw>
<kw name="Click Element" library="SeleniumLibrary">
<arg>${Retour_à_la_boutique}</arg>
<doc>Click the element identified by ``locator``.</doc>
<msg timestamp="20230317 11:23:30.045" level="INFO">Clicking element 'xpath://a[contains(text(),'Retour à la boutique')]'.</msg>
<status status="PASS" starttime="20230317 11:23:30.043" endtime="20230317 11:23:33.461"/>
</kw>
<kw name="Sleep" library="BuiltIn">
<arg>5</arg>
<doc>Pauses the test executed for the given time.</doc>
<msg timestamp="20230317 11:23:38.463" level="INFO">Slept 5 seconds</msg>
<status status="PASS" starttime="20230317 11:23:33.461" endtime="20230317 11:23:38.464"/>
</kw>
<kw name="Wait Until Element Is Visible" library="SeleniumLibrary">
<arg>${Categories}</arg>
<doc>Waits until the element ``locator`` is visible.</doc>
<status status="PASS" starttime="20230317 11:23:38.467" endtime="20230317 11:23:38.520"/>
</kw>
<kw name="Sleep" library="BuiltIn">
<arg>3</arg>
<doc>Pauses the test executed for the given time.</doc>
<msg timestamp="20230317 11:23:41.523" level="INFO">Slept 3 seconds</msg>
<status status="PASS" starttime="20230317 11:23:38.520" endtime="20230317 11:23:41.524"/>
</kw>
<kw name="Click Element" library="SeleniumLibrary">
<arg>${Câbles_divers}</arg>
<doc>Click the element identified by ``locator``.</doc>
<msg timestamp="20230317 11:23:41.529" level="INFO">Clicking element 'xpath://span[contains(text(),'Câbles divers')]'.</msg>
<status status="PASS" starttime="20230317 11:23:41.526" endtime="20230317 11:23:45.325"/>
</kw>
<kw name="Sleep" library="BuiltIn">
<arg>4</arg>
<doc>Pauses the test executed for the given time.</doc>
<msg timestamp="20230317 11:23:49.327" level="INFO">Slept 4 seconds</msg>
<status status="PASS" starttime="20230317 11:23:45.325" endtime="20230317 11:23:49.327"/>
</kw>
<kw name="Wait Until Element Is Visible" library="SeleniumLibrary">
<arg>${PRODUITS_3_Fils_de_cable}</arg>
<doc>Waits until the element ``locator`` is visible.</doc>
<status status="PASS" starttime="20230317 11:23:49.331" endtime="20230317 11:23:49.397"/>
</kw>
<status status="PASS" starttime="20230317 11:23:17.804" endtime="20230317 11:23:49.397"/>
</kw>
<status status="PASS" starttime="20230317 11:21:58.046" endtime="20230317 11:23:49.398"/>
</test>
<doc>Cables et fils electrique-Fils de cable_Partie de Commande</doc>
<status status="PASS" starttime="20230317 11:21:57.541" endtime="20230317 11:23:49.399"/>
</suite>
<suite id="s1-s5" name="test5-1-Quantité" source="C:\Users\Ilham BOURHAIM\PycharmProjects\pythonProject14\projert1 - FILS DE CABLE - Quantite\test5-1-Quantité.robot">
<test id="s1-s5-t1" name="Cables et fils electrique-Fils de cable" line="10">
<kw name="open the browser with URL" library="resources">
<kw name="Create Webdriver" library="SeleniumLibrary">
<arg>Chrome</arg>
<doc>Creates an instance of Selenium WebDriver.</doc>
<msg timestamp="20230317 11:23:53.065" level="INFO">Creating an instance of the Chrome WebDriver.</msg>
<status status="PASS" starttime="20230317 11:23:53.065" endtime="20230317 11:23:55.920"/>
</kw>
<kw name="Go To" library="SeleniumLibrary">
<arg>${URL}</arg>
<doc>Navigates the current browser window to the provided ``url``.</doc>
<msg timestamp="20230317 11:23:55.921" level="INFO">Opening url 'http://192.168.31.31/'</msg>
<status status="PASS" starttime="20230317 11:23:55.920" endtime="20230317 11:24:00.855"/>
</kw>
<kw name="Maximize Browser Window" library="SeleniumLibrary">
<doc>Maximizes current browser window.</doc>
<status status="PASS" starttime="20230317 11:24:00.856" endtime="20230317 11:24:01.092"/>
</kw>
<kw name="Sleep" library="BuiltIn">
<arg>6</arg>
<doc>Pauses the test executed for the given time.</doc>
<msg timestamp="20230317 11:24:07.093" level="INFO">Slept 6 seconds</msg>
<status status="PASS" starttime="20230317 11:24:01.093" endtime="20230317 11:24:07.093"/>
</kw>
<status status="PASS" starttime="20230317 11:23:53.064" endtime="20230317 11:24:07.093"/>
</kw>
<kw name="click an Cables et fils electrique-Fils de cable" library="clickAn">
<arg>${Categories}</arg>
<arg>${Câbles_fils}</arg>
<arg>${FILS_CABLE}</arg>
<kw name="Click Element" library="SeleniumLibrary">
<arg>${Categories}</arg>
<doc>Click the element identified by ``locator``.</doc>
<msg timestamp="20230317 11:24:07.095" level="INFO">Clicking element 'xpath://span[contains(text(),'Categories')]'.</msg>
<status status="PASS" starttime="20230317 11:24:07.094" endtime="20230317 11:24:07.219"/>
</kw>
<kw name="Sleep" library="BuiltIn">
<arg>5</arg>
<doc>Pauses the test executed for the given time.</doc>
<msg timestamp="20230317 11:24:12.220" level="INFO">Slept 5 seconds</msg>
<status status="PASS" starttime="20230317 11:24:07.219" endtime="20230317 11:24:12.220"/>
</kw>
<kw name="Click Element" library="SeleniumLibrary">
<arg>${Câbles_fils}</arg>
<doc>Click the element identified by ``locator``.</doc>
<msg timestamp="20230317 11:24:12.221" level="INFO">Clicking element 'xpath://header/div[1]/div[2]/div[1]/div[1]/ul[1]/li[2]/div[2]/div[1]/ul[1]/li[2]/a[1]'.</msg>
<status status="PASS" starttime="20230317 11:24:12.220" endtime="20230317 11:24:14.074"/>
</kw>
<kw name="Sleep" library="BuiltIn">
<arg>5</arg>
<doc>Pauses the test executed for the given time.</doc>
<msg timestamp="20230317 11:24:19.075" level="INFO">Slept 5 seconds</msg>
<status status="PASS" starttime="20230317 11:24:14.074" endtime="20230317 11:24:19.075"/>
</kw>
<kw name="Click Element" library="SeleniumLibrary">
<arg>${FILS_CABLE}</arg>
<doc>Click the element identified by ``locator``.</doc>
<msg timestamp="20230317 11:24:19.076" level="INFO">Clicking element 'css:body.page-template-default.page.page-id-837.theme-flatsome.woocommerce-js.yith-wcan-pro.lightbox.nav-dropdown-has-shadow.nav-dropdown-has-border.page-template-blank.page-template-blank-php:nth-child(2) div.content-area section.section:nth-child(3) div.section-content.relative:nth-child(2) div.row div.col.medium-4.small-12.large-4:nth-child(3) div.col-inner.box-shadow-3:nth-child(1) div.row.row-collapse div.col.medium-8.large-8:nth-child(2) div.col-inner h3:nth-child(2) &gt; a:nth-child(1)'.</msg>
<status status="PASS" starttime="20230317 11:24:19.075" endtime="20230317 11:24:22.414"/>
</kw>
<kw name="Sleep" library="BuiltIn">
<arg>5</arg>
<doc>Pauses the test executed for the given time.</doc>
<msg timestamp="20230317 11:24:27.415" level="INFO">Slept 5 seconds</msg>
<status status="PASS" starttime="20230317 11:24:22.414" endtime="20230317 11:24:27.415"/>
</kw>
<status status="PASS" starttime="20230317 11:24:07.094" endtime="20230317 11:24:27.416"/>
</kw>
<kw name="clicker sur un produit et voir le panier" library="Choose5-1_Quantite">
<arg>${clicker_Produit}</arg>
<arg>${Ajout_Panier}</arg>
<arg>${Voirr_Panier}</arg>
<kw name="Sleep" library="BuiltIn">
<arg>5</arg>
<doc>Pauses the test executed for the given time.</doc>
<msg timestamp="20230317 11:24:32.419" level="INFO">Slept 5 seconds</msg>
<status status="PASS" starttime="20230317 11:24:27.418" endtime="20230317 11:24:32.419"/>
</kw>
<kw name="Click Element" library="SeleniumLibrary">
<arg>${clicker_Produit}</arg>
<doc>Click the element identified by ``locator``.</doc>
<msg timestamp="20230317 11:24:32.424" level="INFO">Clicking element 'xpath://a[contains(text(),'cable souple 16mm')]'.</msg>
<status status="PASS" starttime="20230317 11:24:32.420" endtime="20230317 11:24:37.933"/>
</kw>
<kw name="Sleep" library="BuiltIn">
<arg>5</arg>
<doc>Pauses the test executed for the given time.</doc>
<msg timestamp="20230317 11:24:42.934" level="INFO">Slept 5 seconds</msg>
<status status="PASS" starttime="20230317 11:24:37.934" endtime="20230317 11:24:42.935"/>
</kw>
<kw name="Click Element" library="SeleniumLibrary">
<arg>${Ajout_Panier}</arg>
<doc>Click the element identified by ``locator``.</doc>
<msg timestamp="20230317 11:24:42.943" level="INFO">Clicking element 'xpath://button[contains(text(),'Ajouter au panier')]'.</msg>
<status status="PASS" starttime="20230317 11:24:42.937" endtime="20230317 11:24:49.172"/>
</kw>
<kw name="Sleep" library="BuiltIn">
<arg>3</arg>
<doc>Pauses the test executed for the given time.</doc>
<msg timestamp="20230317 11:24:52.174" level="INFO">Slept 3 seconds</msg>
<status status="PASS" starttime="20230317 11:24:49.173" endtime="20230317 11:24:52.174"/>
</kw>
<kw name="Click Element" library="SeleniumLibrary">
<arg>${Voirr_Panier}</arg>
<doc>Click the element identified by ``locator``.</doc>
<msg timestamp="20230317 11:24:52.178" level="INFO">Clicking element 'xpath://header/div[1]/div[1]/div[1]/div[4]/ul[1]/li[3]/ul[1]/li[1]/div[1]/p[2]/a[1]'.</msg>
<status status="PASS" starttime="20230317 11:24:52.175" endtime="20230317 11:25:03.034"/>
</kw>
<kw name="Sleep" library="BuiltIn">
<arg>5</arg>
<doc>Pauses the test executed for the given time.</doc>
<msg timestamp="20230317 11:25:08.036" level="INFO">Slept 5 seconds</msg>
<status status="PASS" starttime="20230317 11:25:03.034" endtime="20230317 11:25:08.036"/>
</kw>
<status status="PASS" starttime="20230317 11:24:27.417" endtime="20230317 11:25:08.036"/>
</kw>
<kw name="Eliminer le produit (0 Produits)" library="Choose5-1_Quantite">
<arg>${Soustracter_nbr_produit}</arg>
<arg>${Mettre_à_jour_panier}</arg>
<arg>${Retour_à_la_boutique}</arg>
<kw name="Click Element" library="SeleniumLibrary">
<arg>${Soustracter_nbr_produit}</arg>
<doc>Click the element identified by ``locator``.</doc>
<msg timestamp="20230317 11:25:08.038" level="INFO">Clicking element 'xpath://tbody/tr[1]/td[5]/div[1]/input[1]'.</msg>
<status status="PASS" starttime="20230317 11:25:08.037" endtime="20230317 11:25:08.137"/>
</kw>
<kw name="Sleep" library="BuiltIn">
<arg>3</arg>
<doc>Pauses the test executed for the given time.</doc>
<msg timestamp="20230317 11:25:11.139" level="INFO">Slept 3 seconds</msg>
<status status="PASS" starttime="20230317 11:25:08.137" endtime="20230317 11:25:11.139"/>
</kw>
<kw name="Click Element" library="SeleniumLibrary">
<arg>${Mettre_à_jour_panier}</arg>
<doc>Click the element identified by ``locator``.</doc>
<msg timestamp="20230317 11:25:11.141" level="INFO">Clicking element 'xpath: // button[contains(text(), 'Mettre à jour le panier')]'.</msg>
<status status="PASS" starttime="20230317 11:25:11.140" endtime="20230317 11:25:11.252"/>
</kw>
<kw name="Sleep" library="BuiltIn">
<arg>9</arg>
<doc>Pauses the test executed for the given time.</doc>
<msg timestamp="20230317 11:25:20.255" level="INFO">Slept 9 seconds</msg>
<status status="PASS" starttime="20230317 11:25:11.252" endtime="20230317 11:25:20.255"/>
</kw>
<kw name="Click Element" library="SeleniumLibrary">
<arg>${Retour_à_la_boutique}</arg>
<doc>Click the element identified by ``locator``.</doc>
<msg timestamp="20230317 11:25:20.256" level="INFO">Clicking element 'xpath://a[contains(text(),'Retour à la boutique')]'.</msg>
<msg timestamp="20230317 11:25:20.422" level="INFO" html="true">&lt;/td&gt;&lt;/tr&gt;&lt;tr&gt;&lt;td colspan="3"&gt;&lt;a href="4-selenium-screenshot-1.png"&gt;&lt;img src="4-selenium-screenshot-1.png" width="800px"&gt;&lt;/a&gt;</msg>
<msg timestamp="20230317 11:25:20.422" level="FAIL">Element with locator 'xpath://a[contains(text(),'Retour à la boutique')]' not found.</msg>
<status status="FAIL" starttime="20230317 11:25:20.255" endtime="20230317 11:25:20.427"/>
</kw>
<kw name="Sleep" library="BuiltIn">
<arg>5</arg>
<doc>Pauses the test executed for the given time.</doc>
<status status="NOT RUN" starttime="20230317 11:25:20.428" endtime="20230317 11:25:20.429"/>
</kw>
<kw name="Wait Until Element Is Visible" library="SeleniumLibrary">
<arg>${Categories}</arg>
<doc>Waits until the element ``locator`` is visible.</doc>
<status status="NOT RUN" starttime="20230317 11:25:20.429" endtime="20230317 11:25:20.429"/>
</kw>
<kw name="Sleep" library="BuiltIn">
<arg>3</arg>
<doc>Pauses the test executed for the given time.</doc>
<status status="NOT RUN" starttime="20230317 11:25:20.430" endtime="20230317 11:25:20.430"/>
</kw>
<kw name="Click Element" library="SeleniumLibrary">
<arg>${Accessoires_de_cablages}</arg>
<doc>Click the element identified by ``locator``.</doc>
<status status="NOT RUN" starttime="20230317 11:25:20.430" endtime="20230317 11:25:20.430"/>
</kw>
<kw name="Sleep" library="BuiltIn">
<arg>5</arg>
<doc>Pauses the test executed for the given time.</doc>
<status status="NOT RUN" starttime="20230317 11:25:20.431" endtime="20230317 11:25:20.431"/>
</kw>
<kw name="Click Element" library="SeleniumLibrary">
<arg>${Gaine_thermo}</arg>
<doc>Click the element identified by ``locator``.</doc>
<status status="NOT RUN" starttime="20230317 11:25:20.431" endtime="20230317 11:25:20.432"/>
</kw>
<kw name="Sleep" library="BuiltIn">
<arg>6</arg>
<doc>Pauses the test executed for the given time.</doc>
<status status="NOT RUN" starttime="20230317 11:25:20.432" endtime="20230317 11:25:20.432"/>
</kw>
<kw name="Wait Until Element Is Visible" library="SeleniumLibrary">
<arg>${PRODUITS_5_Fils_de_cable}</arg>
<doc>Waits until the element ``locator`` is visible.</doc>
<status status="NOT RUN" starttime="20230317 11:25:20.432" endtime="20230317 11:25:20.432"/>
</kw>
<status status="FAIL" starttime="20230317 11:25:08.036" endtime="20230317 11:25:20.433"/>
</kw>
<status status="FAIL" starttime="20230317 11:23:53.063" endtime="20230317 11:25:20.433">Element with locator 'xpath://a[contains(text(),'Retour à la boutique')]' not found.</status>
</test>
<doc>Cables et fils electrique-Fils de cable_Partie de Commande</doc>
<status status="FAIL" starttime="20230317 11:23:52.565" endtime="20230317 11:25:20.434"/>
</suite>
<suite id="s1-s6" name="test5-2-Quantité" source="C:\Users\Ilham BOURHAIM\PycharmProjects\pythonProject14\projert1 - FILS DE CABLE - Quantite\test5-2-Quantité.robot">
<test id="s1-s6-t1" name="Cables et fils electrique-Fils de cable" line="10">
<kw name="open the browser with URL" library="resources">
<kw name="Create Webdriver" library="SeleniumLibrary">
<arg>Chrome</arg>
<doc>Creates an instance of Selenium WebDriver.</doc>
<msg timestamp="20230317 11:23:53.062" level="INFO">Creating an instance of the Chrome WebDriver.</msg>
<status status="PASS" starttime="20230317 11:23:53.061" endtime="20230317 11:23:56.116"/>
</kw>
<kw name="Go To" library="SeleniumLibrary">
<arg>${URL}</arg>
<doc>Navigates the current browser window to the provided ``url``.</doc>
<msg timestamp="20230317 11:23:56.117" level="INFO">Opening url 'http://192.168.31.31/'</msg>
<status status="PASS" starttime="20230317 11:23:56.116" endtime="20230317 11:24:00.985"/>
</kw>
<kw name="Maximize Browser Window" library="SeleniumLibrary">
<doc>Maximizes current browser window.</doc>
<status status="PASS" starttime="20230317 11:24:00.986" endtime="20230317 11:24:01.173"/>
</kw>
<kw name="Sleep" library="BuiltIn">
<arg>6</arg>
<doc>Pauses the test executed for the given time.</doc>
<msg timestamp="20230317 11:24:07.174" level="INFO">Slept 6 seconds</msg>
<status status="PASS" starttime="20230317 11:24:01.174" endtime="20230317 11:24:07.174"/>
</kw>
<status status="PASS" starttime="20230317 11:23:53.060" endtime="20230317 11:24:07.174"/>
</kw>
<kw name="click an Cables et fils electrique-Fils de cable" library="clickAn">
<arg>${Categories}</arg>
<arg>${Câbles_fils}</arg>
<arg>${FILS_CABLE}</arg>
<kw name="Click Element" library="SeleniumLibrary">
<arg>${Categories}</arg>
<doc>Click the element identified by ``locator``.</doc>
<msg timestamp="20230317 11:24:07.180" level="INFO">Clicking element 'xpath://span[contains(text(),'Categories')]'.</msg>
<status status="PASS" starttime="20230317 11:24:07.176" endtime="20230317 11:24:07.304"/>
</kw>
<kw name="Sleep" library="BuiltIn">
<arg>5</arg>
<doc>Pauses the test executed for the given time.</doc>
<msg timestamp="20230317 11:24:12.306" level="INFO">Slept 5 seconds</msg>
<status status="PASS" starttime="20230317 11:24:07.305" endtime="20230317 11:24:12.306"/>
</kw>
<kw name="Click Element" library="SeleniumLibrary">
<arg>${Câbles_fils}</arg>
<doc>Click the element identified by ``locator``.</doc>
<msg timestamp="20230317 11:24:12.308" level="INFO">Clicking element 'xpath://header/div[1]/div[2]/div[1]/div[1]/ul[1]/li[2]/div[2]/div[1]/ul[1]/li[2]/a[1]'.</msg>
<status status="PASS" starttime="20230317 11:24:12.306" endtime="20230317 11:24:14.826"/>
</kw>
<kw name="Sleep" library="BuiltIn">
<arg>5</arg>
<doc>Pauses the test executed for the given time.</doc>
<msg timestamp="20230317 11:24:19.826" level="INFO">Slept 5 seconds</msg>
<status status="PASS" starttime="20230317 11:24:14.826" endtime="20230317 11:24:19.826"/>
</kw>
<kw name="Click Element" library="SeleniumLibrary">
<arg>${FILS_CABLE}</arg>
<doc>Click the element identified by ``locator``.</doc>
<msg timestamp="20230317 11:24:19.827" level="INFO">Clicking element 'css:body.page-template-default.page.page-id-837.theme-flatsome.woocommerce-js.yith-wcan-pro.lightbox.nav-dropdown-has-shadow.nav-dropdown-has-border.page-template-blank.page-template-blank-php:nth-child(2) div.content-area section.section:nth-child(3) div.section-content.relative:nth-child(2) div.row div.col.medium-4.small-12.large-4:nth-child(3) div.col-inner.box-shadow-3:nth-child(1) div.row.row-collapse div.col.medium-8.large-8:nth-child(2) div.col-inner h3:nth-child(2) &gt; a:nth-child(1)'.</msg>
<status status="PASS" starttime="20230317 11:24:19.826" endtime="20230317 11:24:24.287"/>
</kw>
<kw name="Sleep" library="BuiltIn">
<arg>5</arg>
<doc>Pauses the test executed for the given time.</doc>
<msg timestamp="20230317 11:24:29.289" level="INFO">Slept 5 seconds</msg>
<status status="PASS" starttime="20230317 11:24:24.287" endtime="20230317 11:24:29.289"/>
</kw>
<status status="PASS" starttime="20230317 11:24:07.175" endtime="20230317 11:24:29.289"/>
</kw>
<kw name="clicker sur un produit et voir le panier" library="Choose5-2_Quantite">
<arg>${clicker_Produit}</arg>
<arg>${Ajout_Panier}</arg>
<arg>${Voirr_Panier}</arg>
<kw name="Sleep" library="BuiltIn">
<arg>5</arg>
<doc>Pauses the test executed for the given time.</doc>
<msg timestamp="20230317 11:24:34.291" level="INFO">Slept 5 seconds</msg>
<status status="PASS" starttime="20230317 11:24:29.291" endtime="20230317 11:24:34.291"/>
</kw>
<kw name="Click Element" library="SeleniumLibrary">
<arg>${clicker_Produit}</arg>
<doc>Click the element identified by ``locator``.</doc>
<msg timestamp="20230317 11:24:34.292" level="INFO">Clicking element 'xpath://a[contains(text(),'cable souple 16mm')]'.</msg>
<status status="PASS" starttime="20230317 11:24:34.291" endtime="20230317 11:24:39.463"/>
</kw>
<kw name="Sleep" library="BuiltIn">
<arg>5</arg>
<doc>Pauses the test executed for the given time.</doc>
<msg timestamp="20230317 11:24:44.464" level="INFO">Slept 5 seconds</msg>
<status status="PASS" starttime="20230317 11:24:39.463" endtime="20230317 11:24:44.464"/>
</kw>
<kw name="Click Element" library="SeleniumLibrary">
<arg>${Ajout_Panier}</arg>
<doc>Click the element identified by ``locator``.</doc>
<msg timestamp="20230317 11:24:44.466" level="INFO">Clicking element 'xpath://button[contains(text(),'Ajouter au panier')]'.</msg>
<status status="PASS" starttime="20230317 11:24:44.465" endtime="20230317 11:24:50.791"/>
</kw>
<kw name="Sleep" library="BuiltIn">
<arg>3</arg>
<doc>Pauses the test executed for the given time.</doc>
<msg timestamp="20230317 11:24:53.793" level="INFO">Slept 3 seconds</msg>
<status status="PASS" starttime="20230317 11:24:50.792" endtime="20230317 11:24:53.793"/>
</kw>
<kw name="Click Element" library="SeleniumLibrary">
<arg>${Voirr_Panier}</arg>
<doc>Click the element identified by ``locator``.</doc>
<msg timestamp="20230317 11:24:53.796" level="INFO">Clicking element 'xpath://header/div[1]/div[1]/div[1]/div[4]/ul[1]/li[3]/ul[1]/li[1]/div[1]/p[2]/a[1]'.</msg>
<status status="PASS" starttime="20230317 11:24:53.794" endtime="20230317 11:25:03.021"/>
</kw>
<kw name="Sleep" library="BuiltIn">
<arg>5</arg>
<doc>Pauses the test executed for the given time.</doc>
<msg timestamp="20230317 11:25:08.023" level="INFO">Slept 5 seconds</msg>
<status status="PASS" starttime="20230317 11:25:03.021" endtime="20230317 11:25:08.023"/>
</kw>
<status status="PASS" starttime="20230317 11:24:29.290" endtime="20230317 11:25:08.023"/>
</kw>
<kw name="Eliminer le produit (0 Produits)" library="Choose5-2_Quantite">
<arg>${Soustracter_nbr_produit}</arg>
<arg>${Mettre_à_jour_panier}</arg>
<arg>${Retour_à_la_boutique}</arg>
<kw name="Click Element" library="SeleniumLibrary">
<arg>${Soustracter_nbr_produit}</arg>
<doc>Click the element identified by ``locator``.</doc>
<msg timestamp="20230317 11:25:08.028" level="INFO">Clicking element 'xpath://tbody/tr[1]/td[5]/div[1]/input[1]'.</msg>
<status status="PASS" starttime="20230317 11:25:08.026" endtime="20230317 11:25:08.121"/>
</kw>
<kw name="Sleep" library="BuiltIn">
<arg>3</arg>
<doc>Pauses the test executed for the given time.</doc>
<msg timestamp="20230317 11:25:11.122" level="INFO">Slept 3 seconds</msg>
<status status="PASS" starttime="20230317 11:25:08.121" endtime="20230317 11:25:11.123"/>
</kw>
<kw name="Click Element" library="SeleniumLibrary">
<arg>${Mettre_à_jour_panier}</arg>
<doc>Click the element identified by ``locator``.</doc>
<msg timestamp="20230317 11:25:11.133" level="INFO">Clicking element 'xpath: // button[contains(text(), 'Mettre à jour le panier')]'.</msg>
<status status="PASS" starttime="20230317 11:25:11.124" endtime="20230317 11:25:11.241"/>
</kw>
<kw name="Sleep" library="BuiltIn">
<arg>9</arg>
<doc>Pauses the test executed for the given time.</doc>
<msg timestamp="20230317 11:25:20.244" level="INFO">Slept 9 seconds</msg>
<status status="PASS" starttime="20230317 11:25:11.241" endtime="20230317 11:25:20.245"/>
</kw>
<kw name="Click Element" library="SeleniumLibrary">
<arg>${Retour_à_la_boutique}</arg>
<doc>Click the element identified by ``locator``.</doc>
<msg timestamp="20230317 11:25:20.247" level="INFO">Clicking element 'xpath://a[contains(text(),'Retour à la boutique')]'.</msg>
<msg timestamp="20230317 11:25:20.405" level="INFO" html="true">&lt;/td&gt;&lt;/tr&gt;&lt;tr&gt;&lt;td colspan="3"&gt;&lt;a href="5-selenium-screenshot-1.png"&gt;&lt;img src="5-selenium-screenshot-1.png" width="800px"&gt;&lt;/a&gt;</msg>
<msg timestamp="20230317 11:25:20.405" level="FAIL">Element with locator 'xpath://a[contains(text(),'Retour à la boutique')]' not found.</msg>
<status status="FAIL" starttime="20230317 11:25:20.245" endtime="20230317 11:25:20.413"/>
</kw>
<kw name="Sleep" library="BuiltIn">
<arg>5</arg>
<doc>Pauses the test executed for the given time.</doc>
<status status="NOT RUN" starttime="20230317 11:25:20.413" endtime="20230317 11:25:20.414"/>
</kw>
<kw name="Wait Until Element Is Visible" library="SeleniumLibrary">
<arg>${Categories}</arg>
<doc>Waits until the element ``locator`` is visible.</doc>
<status status="NOT RUN" starttime="20230317 11:25:20.414" endtime="20230317 11:25:20.414"/>
</kw>
<kw name="Sleep" library="BuiltIn">
<arg>3</arg>
<doc>Pauses the test executed for the given time.</doc>
<status status="NOT RUN" starttime="20230317 11:25:20.414" endtime="20230317 11:25:20.414"/>
</kw>
<kw name="Click Element" library="SeleniumLibrary">
<arg>${Accessoires_de_cablages}</arg>
<doc>Click the element identified by ``locator``.</doc>
<status status="NOT RUN" starttime="20230317 11:25:20.414" endtime="20230317 11:25:20.415"/>
</kw>
<kw name="Sleep" library="BuiltIn">
<arg>4</arg>
<doc>Pauses the test executed for the given time.</doc>
<status status="NOT RUN" starttime="20230317 11:25:20.415" endtime="20230317 11:25:20.415"/>
</kw>
<kw name="Click Element" library="SeleniumLibrary">
<arg>${Gaine_tresse}</arg>
<doc>Click the element identified by ``locator``.</doc>
<status status="NOT RUN" starttime="20230317 11:25:20.415" endtime="20230317 11:25:20.415"/>
</kw>
<kw name="Sleep" library="BuiltIn">
<arg>4</arg>
<doc>Pauses the test executed for the given time.</doc>
<status status="NOT RUN" starttime="20230317 11:25:20.416" endtime="20230317 11:25:20.416"/>
</kw>
<kw name="Wait Until Element Is Visible" library="SeleniumLibrary">
<arg>${PRODUITS_6_Fils_de_cable}</arg>
<doc>Waits until the element ``locator`` is visible.</doc>
<status status="NOT RUN" starttime="20230317 11:25:20.416" endtime="20230317 11:25:20.416"/>
</kw>
<status status="FAIL" starttime="20230317 11:25:08.024" endtime="20230317 11:25:20.417"/>
</kw>
<status status="FAIL" starttime="20230317 11:23:53.059" endtime="20230317 11:25:20.417">Element with locator 'xpath://a[contains(text(),'Retour à la boutique')]' not found.</status>
</test>
<doc>Cables et fils electrique-Fils de cable_Partie de Commande</doc>
<status status="FAIL" starttime="20230317 11:23:52.564" endtime="20230317 11:25:20.419"/>
</suite>
<suite id="s1-s7" name="test5-3-Quantité" source="C:\Users\Ilham BOURHAIM\PycharmProjects\pythonProject14\projert1 - FILS DE CABLE - Quantite\test5-3-Quantité.robot">
<test id="s1-s7-t1" name="Cables et fils electrique-Fils de cable" line="10">
<kw name="open the browser with URL" library="resources">
<kw name="Create Webdriver" library="SeleniumLibrary">
<arg>Chrome</arg>
<doc>Creates an instance of Selenium WebDriver.</doc>
<msg timestamp="20230317 11:23:57.258" level="INFO">Creating an instance of the Chrome WebDriver.</msg>
<status status="PASS" starttime="20230317 11:23:57.258" endtime="20230317 11:23:59.054"/>
</kw>
<kw name="Go To" library="SeleniumLibrary">
<arg>${URL}</arg>
<doc>Navigates the current browser window to the provided ``url``.</doc>
<msg timestamp="20230317 11:23:59.055" level="INFO">Opening url 'http://192.168.31.31/'</msg>
<status status="PASS" starttime="20230317 11:23:59.055" endtime="20230317 11:24:02.253"/>
</kw>
<kw name="Maximize Browser Window" library="SeleniumLibrary">
<doc>Maximizes current browser window.</doc>
<status status="PASS" starttime="20230317 11:24:02.254" endtime="20230317 11:24:02.633"/>
</kw>
<kw name="Sleep" library="BuiltIn">
<arg>6</arg>
<doc>Pauses the test executed for the given time.</doc>
<msg timestamp="20230317 11:24:08.635" level="INFO">Slept 6 seconds</msg>
<status status="PASS" starttime="20230317 11:24:02.633" endtime="20230317 11:24:08.635"/>
</kw>
<status status="PASS" starttime="20230317 11:23:57.257" endtime="20230317 11:24:08.636"/>
</kw>
<kw name="click an Cables et fils electrique-Fils de cable" library="clickAn">
<arg>${Categories}</arg>
<arg>${Câbles_fils}</arg>
<arg>${FILS_CABLE}</arg>
<kw name="Click Element" library="SeleniumLibrary">
<arg>${Categories}</arg>
<doc>Click the element identified by ``locator``.</doc>
<msg timestamp="20230317 11:24:08.639" level="INFO">Clicking element 'xpath://span[contains(text(),'Categories')]'.</msg>
<status status="PASS" starttime="20230317 11:24:08.638" endtime="20230317 11:24:08.920"/>
</kw>
<kw name="Sleep" library="BuiltIn">
<arg>5</arg>
<doc>Pauses the test executed for the given time.</doc>
<msg timestamp="20230317 11:24:13.921" level="INFO">Slept 5 seconds</msg>
<status status="PASS" starttime="20230317 11:24:08.920" endtime="20230317 11:24:13.921"/>
</kw>
<kw name="Click Element" library="SeleniumLibrary">
<arg>${Câbles_fils}</arg>
<doc>Click the element identified by ``locator``.</doc>
<msg timestamp="20230317 11:24:13.923" level="INFO">Clicking element 'xpath://header/div[1]/div[2]/div[1]/div[1]/ul[1]/li[2]/div[2]/div[1]/ul[1]/li[2]/a[1]'.</msg>
<status status="PASS" starttime="20230317 11:24:13.921" endtime="20230317 11:24:17.864"/>
</kw>
<kw name="Sleep" library="BuiltIn">
<arg>5</arg>
<doc>Pauses the test executed for the given time.</doc>
<msg timestamp="20230317 11:24:22.866" level="INFO">Slept 5 seconds</msg>
<status status="PASS" starttime="20230317 11:24:17.864" endtime="20230317 11:24:22.867"/>
</kw>
<kw name="Click Element" library="SeleniumLibrary">
<arg>${FILS_CABLE}</arg>
<doc>Click the element identified by ``locator``.</doc>
<msg timestamp="20230317 11:24:22.868" level="INFO">Clicking element 'css:body.page-template-default.page.page-id-837.theme-flatsome.woocommerce-js.yith-wcan-pro.lightbox.nav-dropdown-has-shadow.nav-dropdown-has-border.page-template-blank.page-template-blank-php:nth-child(2) div.content-area section.section:nth-child(3) div.section-content.relative:nth-child(2) div.row div.col.medium-4.small-12.large-4:nth-child(3) div.col-inner.box-shadow-3:nth-child(1) div.row.row-collapse div.col.medium-8.large-8:nth-child(2) div.col-inner h3:nth-child(2) &gt; a:nth-child(1)'.</msg>
<status status="PASS" starttime="20230317 11:24:22.867" endtime="20230317 11:24:29.576"/>
</kw>
<kw name="Sleep" library="BuiltIn">
<arg>5</arg>
<doc>Pauses the test executed for the given time.</doc>
<msg timestamp="20230317 11:24:34.578" level="INFO">Slept 5 seconds</msg>
<status status="PASS" starttime="20230317 11:24:29.577" endtime="20230317 11:24:34.578"/>
</kw>
<status status="PASS" starttime="20230317 11:24:08.636" endtime="20230317 11:24:34.578"/>
</kw>
<kw name="clicker sur un produit et voir le panier" library="Choose5-3_Quantite">
<arg>${clicker_Produit}</arg>
<arg>${Ajout_Panier}</arg>
<arg>${Voirr_Panier}</arg>
<kw name="Sleep" library="BuiltIn">
<arg>7</arg>
<doc>Pauses the test executed for the given time.</doc>
<msg timestamp="20230317 11:24:41.583" level="INFO">Slept 7 seconds</msg>
<status status="PASS" starttime="20230317 11:24:34.581" endtime="20230317 11:24:41.583"/>
</kw>
<kw name="Click Element" library="SeleniumLibrary">
<arg>${clicker_Produit}</arg>
<doc>Click the element identified by ``locator``.</doc>
<msg timestamp="20230317 11:24:41.584" level="INFO">Clicking element 'xpath://a[contains(text(),'cable souple 16mm')]'.</msg>
<status status="PASS" starttime="20230317 11:24:41.583" endtime="20230317 11:24:46.887"/>
</kw>
<kw name="Sleep" library="BuiltIn">
<arg>5</arg>
<doc>Pauses the test executed for the given time.</doc>
<msg timestamp="20230317 11:24:51.889" level="INFO">Slept 5 seconds</msg>
<status status="PASS" starttime="20230317 11:24:46.888" endtime="20230317 11:24:51.889"/>
</kw>
<kw name="Click Element" library="SeleniumLibrary">
<arg>${Ajout_Panier}</arg>
<doc>Click the element identified by ``locator``.</doc>
<msg timestamp="20230317 11:24:51.890" level="INFO">Clicking element 'xpath://button[contains(text(),'Ajouter au panier')]'.</msg>
<status status="PASS" starttime="20230317 11:24:51.889" endtime="20230317 11:25:04.267"/>
</kw>
<kw name="Sleep" library="BuiltIn">
<arg>3</arg>
<doc>Pauses the test executed for the given time.</doc>
<msg timestamp="20230317 11:25:07.269" level="INFO">Slept 3 seconds</msg>
<status status="PASS" starttime="20230317 11:25:04.267" endtime="20230317 11:25:07.270"/>
</kw>
<kw name="Click Element" library="SeleniumLibrary">
<arg>${Voirr_Panier}</arg>
<doc>Click the element identified by ``locator``.</doc>
<msg timestamp="20230317 11:25:07.276" level="INFO">Clicking element 'xpath://header/div[1]/div[1]/div[1]/div[4]/ul[1]/li[3]/ul[1]/li[1]/div[1]/p[2]/a[1]'.</msg>
<status status="PASS" starttime="20230317 11:25:07.272" endtime="20230317 11:25:19.659"/>
</kw>
<kw name="Sleep" library="BuiltIn">
<arg>5</arg>
<doc>Pauses the test executed for the given time.</doc>
<msg timestamp="20230317 11:25:24.663" level="INFO">Slept 5 seconds</msg>
<status status="PASS" starttime="20230317 11:25:19.660" endtime="20230317 11:25:24.664"/>
</kw>
<status status="PASS" starttime="20230317 11:24:34.579" endtime="20230317 11:25:24.666"/>
</kw>
<kw name="Eliminer le produit (0 Produits)" library="Choose5-3_Quantite">
<arg>${Soustracter_nbr_produit}</arg>
<arg>${Mettre_à_jour_panier}</arg>
<arg>${Retour_à_la_boutique}</arg>
<kw name="Click Element" library="SeleniumLibrary">
<arg>${Soustracter_nbr_produit}</arg>
<doc>Click the element identified by ``locator``.</doc>
<msg timestamp="20230317 11:25:24.682" level="INFO">Clicking element 'xpath://tbody/tr[1]/td[5]/div[1]/input[1]'.</msg>
<status status="PASS" starttime="20230317 11:25:24.678" endtime="20230317 11:25:24.917"/>
</kw>
<kw name="Sleep" library="BuiltIn">
<arg>3</arg>
<doc>Pauses the test executed for the given time.</doc>
<msg timestamp="20230317 11:25:27.919" level="INFO">Slept 3 seconds</msg>
<status status="PASS" starttime="20230317 11:25:24.917" endtime="20230317 11:25:27.919"/>
</kw>
<kw name="Click Element" library="SeleniumLibrary">
<arg>${Mettre_à_jour_panier}</arg>
<doc>Click the element identified by ``locator``.</doc>
<msg timestamp="20230317 11:25:27.922" level="INFO">Clicking element 'xpath: // button[contains(text(), 'Mettre à jour le panier')]'.</msg>
<status status="PASS" starttime="20230317 11:25:27.920" endtime="20230317 11:25:28.011"/>
</kw>
<kw name="Sleep" library="BuiltIn">
<arg>9</arg>
<doc>Pauses the test executed for the given time.</doc>
<msg timestamp="20230317 11:25:37.012" level="INFO">Slept 9 seconds</msg>
<status status="PASS" starttime="20230317 11:25:28.012" endtime="20230317 11:25:37.012"/>
</kw>
<kw name="Click Element" library="SeleniumLibrary">
<arg>${Retour_à_la_boutique}</arg>
<doc>Click the element identified by ``locator``.</doc>
<msg timestamp="20230317 11:25:37.013" level="INFO">Clicking element 'xpath://a[contains(text(),'Retour à la boutique')]'.</msg>
<status status="PASS" starttime="20230317 11:25:37.012" endtime="20230317 11:25:39.871"/>
</kw>
<kw name="Sleep" library="BuiltIn">
<arg>5</arg>
<doc>Pauses the test executed for the given time.</doc>
<msg timestamp="20230317 11:25:44.873" level="INFO">Slept 5 seconds</msg>
<status status="PASS" starttime="20230317 11:25:39.871" endtime="20230317 11:25:44.873"/>
</kw>
<kw name="Wait Until Element Is Visible" library="SeleniumLibrary">
<arg>${Categories}</arg>
<doc>Waits until the element ``locator`` is visible.</doc>
<status status="PASS" starttime="20230317 11:25:44.874" endtime="20230317 11:25:44.929"/>
</kw>
<kw name="Sleep" library="BuiltIn">
<arg>3</arg>
<doc>Pauses the test executed for the given time.</doc>
<msg timestamp="20230317 11:25:47.930" level="INFO">Slept 3 seconds</msg>
<status status="PASS" starttime="20230317 11:25:44.929" endtime="20230317 11:25:47.932"/>
</kw>
<kw name="Click Element" library="SeleniumLibrary">
<arg>${Accessoires_de_cablages}</arg>
<doc>Click the element identified by ``locator``.</doc>
<msg timestamp="20230317 11:25:47.937" level="INFO">Clicking element 'xpath://span[contains(text(),'Accessoires de cablages')]'.</msg>
<status status="PASS" starttime="20230317 11:25:47.934" endtime="20230317 11:25:53.282"/>
</kw>
<kw name="Sleep" library="BuiltIn">
<arg>4</arg>
<doc>Pauses the test executed for the given time.</doc>
<msg timestamp="20230317 11:25:57.283" level="INFO">Slept 4 seconds</msg>
<status status="PASS" starttime="20230317 11:25:53.282" endtime="20230317 11:25:57.283"/>
</kw>
<kw name="Click Element" library="SeleniumLibrary">
<arg>${Collier}</arg>
<doc>Click the element identified by ``locator``.</doc>
<msg timestamp="20230317 11:25:57.284" level="INFO">Clicking element 'xpath://h5[contains(text(),'Collier')]'.</msg>
<status status="PASS" starttime="20230317 11:25:57.283" endtime="20230317 11:26:06.965"/>
</kw>
<kw name="Sleep" library="BuiltIn">
<arg>4</arg>
<doc>Pauses the test executed for the given time.</doc>
<msg timestamp="20230317 11:26:10.967" level="INFO">Slept 4 seconds</msg>
<status status="PASS" starttime="20230317 11:26:06.966" endtime="20230317 11:26:10.968"/>
</kw>
<kw name="Wait Until Element Is Visible" library="SeleniumLibrary">
<arg>${PRODUITS_7_Fils_de_cable}</arg>
<doc>Waits until the element ``locator`` is visible.</doc>
<status status="PASS" starttime="20230317 11:26:10.976" endtime="20230317 11:26:13.096"/>
</kw>
<status status="PASS" starttime="20230317 11:25:24.668" endtime="20230317 11:26:13.096"/>
</kw>
<status status="PASS" starttime="20230317 11:23:57.256" endtime="20230317 11:26:13.097"/>
</test>
<doc>Cables et fils electrique-Fils de cable_Partie de Commande</doc>
<status status="PASS" starttime="20230317 11:23:56.790" endtime="20230317 11:26:13.097"/>
</suite>
<suite id="s1-s8" name="test5-4-Quantité" source="C:\Users\Ilham BOURHAIM\PycharmProjects\pythonProject14\projert1 - FILS DE CABLE - Quantite\test5-4-Quantité.robot">
<test id="s1-s8-t1" name="Cables et fils electrique-Fils de cable" line="10">
<kw name="open the browser with URL" library="resources">
<kw name="Create Webdriver" library="SeleniumLibrary">
<arg>Chrome</arg>
<doc>Creates an instance of Selenium WebDriver.</doc>
<msg timestamp="20230317 11:24:01.473" level="INFO">Creating an instance of the Chrome WebDriver.</msg>
<status status="PASS" starttime="20230317 11:24:01.472" endtime="20230317 11:24:03.362"/>
</kw>
<kw name="Go To" library="SeleniumLibrary">
<arg>${URL}</arg>
<doc>Navigates the current browser window to the provided ``url``.</doc>
<msg timestamp="20230317 11:24:03.363" level="INFO">Opening url 'http://192.168.31.31/'</msg>
<status status="PASS" starttime="20230317 11:24:03.363" endtime="20230317 11:24:08.937"/>
</kw>
<kw name="Maximize Browser Window" library="SeleniumLibrary">
<doc>Maximizes current browser window.</doc>
<status status="PASS" starttime="20230317 11:24:08.938" endtime="20230317 11:24:09.111"/>
</kw>
<kw name="Sleep" library="BuiltIn">
<arg>6</arg>
<doc>Pauses the test executed for the given time.</doc>
<msg timestamp="20230317 11:24:15.112" level="INFO">Slept 6 seconds</msg>
<status status="PASS" starttime="20230317 11:24:09.111" endtime="20230317 11:24:15.112"/>
</kw>
<status status="PASS" starttime="20230317 11:24:01.471" endtime="20230317 11:24:15.113"/>
</kw>
<kw name="click an Cables et fils electrique-Fils de cable" library="clickAn">
<arg>${Categories}</arg>
<arg>${Câbles_fils}</arg>
<arg>${FILS_CABLE}</arg>
<kw name="Click Element" library="SeleniumLibrary">
<arg>${Categories}</arg>
<doc>Click the element identified by ``locator``.</doc>
<msg timestamp="20230317 11:24:15.118" level="INFO">Clicking element 'xpath://span[contains(text(),'Categories')]'.</msg>
<status status="PASS" starttime="20230317 11:24:15.115" endtime="20230317 11:24:15.408"/>
</kw>
<kw name="Sleep" library="BuiltIn">
<arg>5</arg>
<doc>Pauses the test executed for the given time.</doc>
<msg timestamp="20230317 11:24:20.410" level="INFO">Slept 5 seconds</msg>
<status status="PASS" starttime="20230317 11:24:15.409" endtime="20230317 11:24:20.410"/>
</kw>
<kw name="Click Element" library="SeleniumLibrary">
<arg>${Câbles_fils}</arg>
<doc>Click the element identified by ``locator``.</doc>
<msg timestamp="20230317 11:24:20.411" level="INFO">Clicking element 'xpath://header/div[1]/div[2]/div[1]/div[1]/ul[1]/li[2]/div[2]/div[1]/ul[1]/li[2]/a[1]'.</msg>
<status status="PASS" starttime="20230317 11:24:20.410" endtime="20230317 11:24:25.291"/>
</kw>
<kw name="Sleep" library="BuiltIn">
<arg>5</arg>
<doc>Pauses the test executed for the given time.</doc>
<msg timestamp="20230317 11:24:30.292" level="INFO">Slept 5 seconds</msg>
<status status="PASS" starttime="20230317 11:24:25.291" endtime="20230317 11:24:30.292"/>
</kw>
<kw name="Click Element" library="SeleniumLibrary">
<arg>${FILS_CABLE}</arg>
<doc>Click the element identified by ``locator``.</doc>
<msg timestamp="20230317 11:24:30.295" level="INFO">Clicking element 'css:body.page-template-default.page.page-id-837.theme-flatsome.woocommerce-js.yith-wcan-pro.lightbox.nav-dropdown-has-shadow.nav-dropdown-has-border.page-template-blank.page-template-blank-php:nth-child(2) div.content-area section.section:nth-child(3) div.section-content.relative:nth-child(2) div.row div.col.medium-4.small-12.large-4:nth-child(3) div.col-inner.box-shadow-3:nth-child(1) div.row.row-collapse div.col.medium-8.large-8:nth-child(2) div.col-inner h3:nth-child(2) &gt; a:nth-child(1)'.</msg>
<status status="PASS" starttime="20230317 11:24:30.293" endtime="20230317 11:24:36.054"/>
</kw>
<kw name="Sleep" library="BuiltIn">
<arg>5</arg>
<doc>Pauses the test executed for the given time.</doc>
<msg timestamp="20230317 11:24:41.055" level="INFO">Slept 5 seconds</msg>
<status status="PASS" starttime="20230317 11:24:36.054" endtime="20230317 11:24:41.056"/>
</kw>
<status status="PASS" starttime="20230317 11:24:15.114" endtime="20230317 11:24:41.057"/>
</kw>
<kw name="clicker sur un produit et voir le panier" library="Choose5-4_Quantite">
<arg>${clicker_Produit}</arg>
<arg>${Ajout_Panier}</arg>
<arg>${Voirr_Panier}</arg>
<kw name="Sleep" library="BuiltIn">
<arg>7</arg>
<doc>Pauses the test executed for the given time.</doc>
<msg timestamp="20230317 11:24:48.073" level="INFO">Slept 7 seconds</msg>
<status status="PASS" starttime="20230317 11:24:41.071" endtime="20230317 11:24:48.073"/>
</kw>
<kw name="Click Element" library="SeleniumLibrary">
<arg>${clicker_Produit}</arg>
<doc>Click the element identified by ``locator``.</doc>
<msg timestamp="20230317 11:24:48.077" level="INFO">Clicking element 'xpath://a[contains(text(),'cable souple 16mm')]'.</msg>
<status status="PASS" starttime="20230317 11:24:48.074" endtime="20230317 11:24:58.070"/>
</kw>
<kw name="Sleep" library="BuiltIn">
<arg>5</arg>
<doc>Pauses the test executed for the given time.</doc>
<msg timestamp="20230317 11:25:03.071" level="INFO">Slept 5 seconds</msg>
<status status="PASS" starttime="20230317 11:24:58.071" endtime="20230317 11:25:03.071"/>
</kw>
<kw name="Click Element" library="SeleniumLibrary">
<arg>${Ajout_Panier}</arg>
<doc>Click the element identified by ``locator``.</doc>
<msg timestamp="20230317 11:25:03.072" level="INFO">Clicking element 'xpath://button[contains(text(),'Ajouter au panier')]'.</msg>
<status status="PASS" starttime="20230317 11:25:03.071" endtime="20230317 11:25:14.271"/>
</kw>
<kw name="Sleep" library="BuiltIn">
<arg>3</arg>
<doc>Pauses the test executed for the given time.</doc>
<msg timestamp="20230317 11:25:17.272" level="INFO">Slept 3 seconds</msg>
<status status="PASS" starttime="20230317 11:25:14.272" endtime="20230317 11:25:17.272"/>
</kw>
<kw name="Click Element" library="SeleniumLibrary">
<arg>${Voirr_Panier}</arg>
<doc>Click the element identified by ``locator``.</doc>
<msg timestamp="20230317 11:25:17.275" level="INFO">Clicking element 'xpath://header/div[1]/div[1]/div[1]/div[4]/ul[1]/li[3]/ul[1]/li[1]/div[1]/p[2]/a[1]'.</msg>
<status status="PASS" starttime="20230317 11:25:17.273" endtime="20230317 11:25:25.345"/>
</kw>
<kw name="Sleep" library="BuiltIn">
<arg>5</arg>
<doc>Pauses the test executed for the given time.</doc>
<msg timestamp="20230317 11:25:30.346" level="INFO">Slept 5 seconds</msg>
<status status="PASS" starttime="20230317 11:25:25.345" endtime="20230317 11:25:30.346"/>
</kw>
<status status="PASS" starttime="20230317 11:24:41.059" endtime="20230317 11:25:30.347"/>
</kw>
<kw name="Eliminer le produit (0 Produits)" library="Choose5-4_Quantite">
<arg>${Soustracter_nbr_produit}</arg>
<arg>${Mettre_à_jour_panier}</arg>
<arg>${Retour_à_la_boutique}</arg>
<kw name="Click Element" library="SeleniumLibrary">
<arg>${Soustracter_nbr_produit}</arg>
<doc>Click the element identified by ``locator``.</doc>
<msg timestamp="20230317 11:25:30.352" level="INFO">Clicking element 'xpath://tbody/tr[1]/td[5]/div[1]/input[1]'.</msg>
<status status="PASS" starttime="20230317 11:25:30.349" endtime="20230317 11:25:30.484"/>
</kw>
<kw name="Sleep" library="BuiltIn">
<arg>3</arg>
<doc>Pauses the test executed for the given time.</doc>
<msg timestamp="20230317 11:25:33.487" level="INFO">Slept 3 seconds</msg>
<status status="PASS" starttime="20230317 11:25:30.484" endtime="20230317 11:25:33.487"/>
</kw>
<kw name="Click Element" library="SeleniumLibrary">
<arg>${Mettre_à_jour_panier}</arg>
<doc>Click the element identified by ``locator``.</doc>
<msg timestamp="20230317 11:25:33.489" level="INFO">Clicking element 'xpath: // button[contains(text(), 'Mettre à jour le panier')]'.</msg>
<status status="PASS" starttime="20230317 11:25:33.488" endtime="20230317 11:25:33.571"/>
</kw>
<kw name="Sleep" library="BuiltIn">
<arg>9</arg>
<doc>Pauses the test executed for the given time.</doc>
<msg timestamp="20230317 11:25:42.572" level="INFO">Slept 9 seconds</msg>
<status status="PASS" starttime="20230317 11:25:33.572" endtime="20230317 11:25:42.572"/>
</kw>
<kw name="Click Element" library="SeleniumLibrary">
<arg>${Retour_à_la_boutique}</arg>
<doc>Click the element identified by ``locator``.</doc>
<msg timestamp="20230317 11:25:42.574" level="INFO">Clicking element 'xpath://a[contains(text(),'Retour à la boutique')]'.</msg>
<status status="PASS" starttime="20230317 11:25:42.572" endtime="20230317 11:25:46.106"/>
</kw>
<kw name="Sleep" library="BuiltIn">
<arg>5</arg>
<doc>Pauses the test executed for the given time.</doc>
<msg timestamp="20230317 11:25:51.109" level="INFO">Slept 5 seconds</msg>
<status status="PASS" starttime="20230317 11:25:46.107" endtime="20230317 11:25:51.111"/>
</kw>
<kw name="Wait Until Element Is Visible" library="SeleniumLibrary">
<arg>${Categories}</arg>
<doc>Waits until the element ``locator`` is visible.</doc>
<status status="PASS" starttime="20230317 11:25:51.113" endtime="20230317 11:25:51.162"/>
</kw>
<kw name="Sleep" library="BuiltIn">
<arg>3</arg>
<doc>Pauses the test executed for the given time.</doc>
<msg timestamp="20230317 11:25:54.164" level="INFO">Slept 3 seconds</msg>
<status status="PASS" starttime="20230317 11:25:51.163" endtime="20230317 11:25:54.164"/>
</kw>
<kw name="Click Element" library="SeleniumLibrary">
<arg>${Accessoires_de_cablages}</arg>
<doc>Click the element identified by ``locator``.</doc>
<msg timestamp="20230317 11:25:54.166" level="INFO">Clicking element 'xpath://span[contains(text(),'Accessoires de cablages')]'.</msg>
<status status="PASS" starttime="20230317 11:25:54.164" endtime="20230317 11:26:01.950"/>
</kw>
<kw name="Sleep" library="BuiltIn">
<arg>4</arg>
<doc>Pauses the test executed for the given time.</doc>
<msg timestamp="20230317 11:26:05.951" level="INFO">Slept 4 seconds</msg>
<status status="PASS" starttime="20230317 11:26:01.951" endtime="20230317 11:26:05.951"/>
</kw>
<kw name="Click Element" library="SeleniumLibrary">
<arg>${Ruban}</arg>
<doc>Click the element identified by ``locator``.</doc>
<msg timestamp="20230317 11:26:05.952" level="INFO">Clicking element 'xpath://h5[contains(text(),'Ruban')]'.</msg>
<status status="PASS" starttime="20230317 11:26:05.951" endtime="20230317 11:26:12.927"/>
</kw>
<kw name="Sleep" library="BuiltIn">
<arg>4</arg>
<doc>Pauses the test executed for the given time.</doc>
<msg timestamp="20230317 11:26:16.930" level="INFO">Slept 4 seconds</msg>
<status status="PASS" starttime="20230317 11:26:12.928" endtime="20230317 11:26:16.930"/>
</kw>
<kw name="Wait Until Element Is Visible" library="SeleniumLibrary">
<arg>${PRODUITS_8_Fils_de_cable}</arg>
<doc>Waits until the element ``locator`` is visible.</doc>
<status status="PASS" starttime="20230317 11:26:16.931" endtime="20230317 11:26:19.620"/>
</kw>
<status status="PASS" starttime="20230317 11:25:30.347" endtime="20230317 11:26:19.620"/>
</kw>
<status status="PASS" starttime="20230317 11:24:01.468" endtime="20230317 11:26:19.620"/>
</test>
<doc>Cables et fils electrique-Fils de cable_Partie de Commande</doc>
<status status="PASS" starttime="20230317 11:24:00.438" endtime="20230317 11:26:19.621"/>
</suite>
<suite id="s1-s9" name="test5-Quantité" source="C:\Users\Ilham BOURHAIM\PycharmProjects\pythonProject14\projert1 - FILS DE CABLE - Quantite\test5-Quantité.robot">
<test id="s1-s9-t1" name="Cables et fils electrique-Fils de cable" line="10">
<kw name="open the browser with URL" library="resources">
<kw name="Create Webdriver" library="SeleniumLibrary">
<arg>Chrome</arg>
<doc>Creates an instance of Selenium WebDriver.</doc>
<msg timestamp="20230317 11:25:23.839" level="INFO">Creating an instance of the Chrome WebDriver.</msg>
<status status="PASS" starttime="20230317 11:25:23.839" endtime="20230317 11:25:26.015"/>
</kw>
<kw name="Go To" library="SeleniumLibrary">
<arg>${URL}</arg>
<doc>Navigates the current browser window to the provided ``url``.</doc>
<msg timestamp="20230317 11:25:26.016" level="INFO">Opening url 'http://192.168.31.31/'</msg>
<status status="PASS" starttime="20230317 11:25:26.015" endtime="20230317 11:25:31.098"/>
</kw>
<kw name="Maximize Browser Window" library="SeleniumLibrary">
<doc>Maximizes current browser window.</doc>
<status status="PASS" starttime="20230317 11:25:31.099" endtime="20230317 11:25:31.217"/>
</kw>
<kw name="Sleep" library="BuiltIn">
<arg>6</arg>
<doc>Pauses the test executed for the given time.</doc>
<msg timestamp="20230317 11:25:37.219" level="INFO">Slept 6 seconds</msg>
<status status="PASS" starttime="20230317 11:25:31.218" endtime="20230317 11:25:37.219"/>
</kw>
<status status="PASS" starttime="20230317 11:25:23.837" endtime="20230317 11:25:37.219"/>
</kw>
<kw name="click an Cables et fils electrique-Fils de cable" library="clickAn">
<arg>${Categories}</arg>
<arg>${Câbles_fils}</arg>
<arg>${FILS_CABLE}</arg>
<kw name="Click Element" library="SeleniumLibrary">
<arg>${Categories}</arg>
<doc>Click the element identified by ``locator``.</doc>
<msg timestamp="20230317 11:25:37.222" level="INFO">Clicking element 'xpath://span[contains(text(),'Categories')]'.</msg>
<status status="PASS" starttime="20230317 11:25:37.221" endtime="20230317 11:25:37.337"/>
</kw>
<kw name="Sleep" library="BuiltIn">
<arg>5</arg>
<doc>Pauses the test executed for the given time.</doc>
<msg timestamp="20230317 11:25:42.339" level="INFO">Slept 5 seconds</msg>
<status status="PASS" starttime="20230317 11:25:37.337" endtime="20230317 11:25:42.339"/>
</kw>
<kw name="Click Element" library="SeleniumLibrary">
<arg>${Câbles_fils}</arg>
<doc>Click the element identified by ``locator``.</doc>
<msg timestamp="20230317 11:25:42.341" level="INFO">Clicking element 'xpath://header/div[1]/div[2]/div[1]/div[1]/ul[1]/li[2]/div[2]/div[1]/ul[1]/li[2]/a[1]'.</msg>
<status status="PASS" starttime="20230317 11:25:42.340" endtime="20230317 11:25:45.024"/>
</kw>
<kw name="Sleep" library="BuiltIn">
<arg>5</arg>
<doc>Pauses the test executed for the given time.</doc>
<msg timestamp="20230317 11:25:50.027" level="INFO">Slept 5 seconds</msg>
<status status="PASS" starttime="20230317 11:25:45.025" endtime="20230317 11:25:50.028"/>
</kw>
<kw name="Click Element" library="SeleniumLibrary">
<arg>${FILS_CABLE}</arg>
<doc>Click the element identified by ``locator``.</doc>
<msg timestamp="20230317 11:25:50.033" level="INFO">Clicking element 'css:body.page-template-default.page.page-id-837.theme-flatsome.woocommerce-js.yith-wcan-pro.lightbox.nav-dropdown-has-shadow.nav-dropdown-has-border.page-template-blank.page-template-blank-php:nth-child(2) div.content-area section.section:nth-child(3) div.section-content.relative:nth-child(2) div.row div.col.medium-4.small-12.large-4:nth-child(3) div.col-inner.box-shadow-3:nth-child(1) div.row.row-collapse div.col.medium-8.large-8:nth-child(2) div.col-inner h3:nth-child(2) &gt; a:nth-child(1)'.</msg>
<status status="PASS" starttime="20230317 11:25:50.030" endtime="20230317 11:25:55.164"/>
</kw>
<kw name="Sleep" library="BuiltIn">
<arg>5</arg>
<doc>Pauses the test executed for the given time.</doc>
<msg timestamp="20230317 11:26:00.165" level="INFO">Slept 5 seconds</msg>
<status status="PASS" starttime="20230317 11:25:55.164" endtime="20230317 11:26:00.165"/>
</kw>
<status status="PASS" starttime="20230317 11:25:37.220" endtime="20230317 11:26:00.166"/>
</kw>
<kw name="clicker sur un produit et voir le panier" library="Choose5_Quantite">
<arg>${clicker_Produit}</arg>
<arg>${Ajout_Panier}</arg>
<arg>${Voirr_Panier}</arg>
<kw name="Sleep" library="BuiltIn">
<arg>5</arg>
<doc>Pauses the test executed for the given time.</doc>
<msg timestamp="20230317 11:26:05.172" level="INFO">Slept 5 seconds</msg>
<status status="PASS" starttime="20230317 11:26:00.170" endtime="20230317 11:26:05.172"/>
</kw>
<kw name="Click Element" library="SeleniumLibrary">
<arg>${clicker_Produit}</arg>
<doc>Click the element identified by ``locator``.</doc>
<msg timestamp="20230317 11:26:05.174" level="INFO">Clicking element 'xpath://a[contains(text(),'cable souple 16mm')]'.</msg>
<status status="PASS" starttime="20230317 11:26:05.173" endtime="20230317 11:26:13.619"/>
</kw>
<kw name="Sleep" library="BuiltIn">
<arg>5</arg>
<doc>Pauses the test executed for the given time.</doc>
<msg timestamp="20230317 11:26:18.621" level="INFO">Slept 5 seconds</msg>
<status status="PASS" starttime="20230317 11:26:13.620" endtime="20230317 11:26:18.621"/>
</kw>
<kw name="Click Element" library="SeleniumLibrary">
<arg>${Ajout_Panier}</arg>
<doc>Click the element identified by ``locator``.</doc>
<msg timestamp="20230317 11:26:18.622" level="INFO">Clicking element 'xpath://button[contains(text(),'Ajouter au panier')]'.</msg>
<status status="PASS" starttime="20230317 11:26:18.621" endtime="20230317 11:26:24.324"/>
</kw>
<kw name="Sleep" library="BuiltIn">
<arg>3</arg>
<doc>Pauses the test executed for the given time.</doc>
<msg timestamp="20230317 11:26:27.327" level="INFO">Slept 3 seconds</msg>
<status status="PASS" starttime="20230317 11:26:24.324" endtime="20230317 11:26:27.327"/>
</kw>
<kw name="Click Element" library="SeleniumLibrary">
<arg>${Voirr_Panier}</arg>
<doc>Click the element identified by ``locator``.</doc>
<msg timestamp="20230317 11:26:27.333" level="INFO">Clicking element 'xpath://header/div[1]/div[1]/div[1]/div[4]/ul[1]/li[3]/ul[1]/li[1]/div[1]/p[2]/a[1]'.</msg>
<status status="PASS" starttime="20230317 11:26:27.329" endtime="20230317 11:26:29.786"/>
</kw>
<kw name="Sleep" library="BuiltIn">
<arg>5</arg>
<doc>Pauses the test executed for the given time.</doc>
<msg timestamp="20230317 11:26:34.786" level="INFO">Slept 5 seconds</msg>
<status status="PASS" starttime="20230317 11:26:29.786" endtime="20230317 11:26:34.786"/>
</kw>
<status status="PASS" starttime="20230317 11:26:00.167" endtime="20230317 11:26:34.787"/>
</kw>
<kw name="Eliminer le produit (0 Produits)" library="Choose5_Quantite">
<arg>${Soustracter_nbr_produit}</arg>
<arg>${Mettre_à_jour_panier}</arg>
<arg>${Retour_à_la_boutique}</arg>
<kw name="Click Element" library="SeleniumLibrary">
<arg>${Soustracter_nbr_produit}</arg>
<doc>Click the element identified by ``locator``.</doc>
<msg timestamp="20230317 11:26:34.793" level="INFO">Clicking element 'xpath://tbody/tr[1]/td[5]/div[1]/input[1]'.</msg>
<status status="PASS" starttime="20230317 11:26:34.791" endtime="20230317 11:26:34.898"/>
</kw>
<kw name="Sleep" library="BuiltIn">
<arg>3</arg>
<doc>Pauses the test executed for the given time.</doc>
<msg timestamp="20230317 11:26:37.898" level="INFO">Slept 3 seconds</msg>
<status status="PASS" starttime="20230317 11:26:34.898" endtime="20230317 11:26:37.898"/>
</kw>
<kw name="Click Element" library="SeleniumLibrary">
<arg>${Mettre_à_jour_panier}</arg>
<doc>Click the element identified by ``locator``.</doc>
<msg timestamp="20230317 11:26:37.907" level="INFO">Clicking element 'xpath: // button[contains(text(), 'Mettre à jour le panier')]'.</msg>
<status status="PASS" starttime="20230317 11:26:37.902" endtime="20230317 11:26:38.031"/>
</kw>
<kw name="Sleep" library="BuiltIn">
<arg>9</arg>
<doc>Pauses the test executed for the given time.</doc>
<msg timestamp="20230317 11:26:47.033" level="INFO">Slept 9 seconds</msg>
<status status="PASS" starttime="20230317 11:26:38.032" endtime="20230317 11:26:47.034"/>
</kw>
<kw name="Click Element" library="SeleniumLibrary">
<arg>${Retour_à_la_boutique}</arg>
<doc>Click the element identified by ``locator``.</doc>
<msg timestamp="20230317 11:26:47.035" level="INFO">Clicking element 'xpath://a[contains(text(),'Retour à la boutique')]'.</msg>
<status status="PASS" starttime="20230317 11:26:47.034" endtime="20230317 11:26:49.746"/>
</kw>
<kw name="Sleep" library="BuiltIn">
<arg>5</arg>
<doc>Pauses the test executed for the given time.</doc>
<msg timestamp="20230317 11:26:54.749" level="INFO">Slept 5 seconds</msg>
<status status="PASS" starttime="20230317 11:26:49.746" endtime="20230317 11:26:54.752"/>
</kw>
<kw name="Wait Until Element Is Visible" library="SeleniumLibrary">
<arg>${Categories}</arg>
<doc>Waits until the element ``locator`` is visible.</doc>
<status status="PASS" starttime="20230317 11:26:54.753" endtime="20230317 11:26:54.851"/>
</kw>
<kw name="Sleep" library="BuiltIn">
<arg>3</arg>
<doc>Pauses the test executed for the given time.</doc>
<msg timestamp="20230317 11:26:57.854" level="INFO">Slept 3 seconds</msg>
<status status="PASS" starttime="20230317 11:26:54.852" endtime="20230317 11:26:57.854"/>
</kw>
<kw name="Click Element" library="SeleniumLibrary">
<arg>${Accessoires_de_cablages}</arg>
<doc>Click the element identified by ``locator``.</doc>
<msg timestamp="20230317 11:26:57.862" level="INFO">Clicking element 'xpath://span[contains(text(),'Accessoires de cablages')]'.</msg>
<status status="PASS" starttime="20230317 11:26:57.856" endtime="20230317 11:26:59.197"/>
</kw>
<kw name="Sleep" library="BuiltIn">
<arg>4</arg>
<doc>Pauses the test executed for the given time.</doc>
<msg timestamp="20230317 11:27:03.199" level="INFO">Slept 4 seconds</msg>
<status status="PASS" starttime="20230317 11:26:59.198" endtime="20230317 11:27:03.200"/>
</kw>
<kw name="Wait Until Element Is Visible" library="SeleniumLibrary">
<arg>${PRODUITS_4_Fils_de_cable}</arg>
<doc>Waits until the element ``locator`` is visible.</doc>
<status status="PASS" starttime="20230317 11:27:03.202" endtime="20230317 11:27:03.247"/>
</kw>
<status status="PASS" starttime="20230317 11:26:34.788" endtime="20230317 11:27:03.248"/>
</kw>
<status status="PASS" starttime="20230317 11:25:23.837" endtime="20230317 11:27:03.248"/>
</test>
<doc>Cables et fils electrique-Fils de cable_Partie de Commande</doc>
<status status="PASS" starttime="20230317 11:25:23.414" endtime="20230317 11:27:03.249"/>
</suite>
<doc>[https://pabot.org/?ref=log|Pabot] result from 9 executions.</doc>
<status status="FAIL" starttime="20230317 11:21:57.484" endtime="20230317 11:27:03.251"/>
</suite>
<statistics>
<total>
<stat pass="7" fail="2" skip="0">All Tests</stat>
</total>
<tag>
</tag>
<suite>
<stat pass="7" fail="2" skip="0" id="s1" name="projert1 - FILS DE CABLE - Quantite">projert1 - FILS DE CABLE - Quantite</stat>
<stat pass="1" fail="0" skip="0" id="s1-s1" name="test1-Quantité">projert1 - FILS DE CABLE - Quantite.test1-Quantité</stat>
<stat pass="1" fail="0" skip="0" id="s1-s2" name="test2-Quantité">projert1 - FILS DE CABLE - Quantite.test2-Quantité</stat>
<stat pass="1" fail="0" skip="0" id="s1-s3" name="test3-Quantité">projert1 - FILS DE CABLE - Quantite.test3-Quantité</stat>
<stat pass="1" fail="0" skip="0" id="s1-s4" name="test4-Quantité">projert1 - FILS DE CABLE - Quantite.test4-Quantité</stat>
<stat pass="0" fail="1" skip="0" id="s1-s5" name="test5-1-Quantité">projert1 - FILS DE CABLE - Quantite.test5-1-Quantité</stat>
<stat pass="0" fail="1" skip="0" id="s1-s6" name="test5-2-Quantité">projert1 - FILS DE CABLE - Quantite.test5-2-Quantité</stat>
<stat pass="1" fail="0" skip="0" id="s1-s7" name="test5-3-Quantité">projert1 - FILS DE CABLE - Quantite.test5-3-Quantité</stat>
<stat pass="1" fail="0" skip="0" id="s1-s8" name="test5-4-Quantité">projert1 - FILS DE CABLE - Quantite.test5-4-Quantité</stat>
<stat pass="1" fail="0" skip="0" id="s1-s9" name="test5-Quantité">projert1 - FILS DE CABLE - Quantite.test5-Quantité</stat>
</suite>
</statistics>
<errors>
</errors>
</robot>
