<?xml version="1.0" encoding="UTF-8"?>
<robot generator="Robot 6.0.1 (Python 3.11.1 on win32)" generated="20230317 11:25:23.370" rpa="false" schemaversion="3">
<suite id="s1" name="projert1 - FILS DE CABLE - Quantite" source="C:\Users\Ilham BOURHAIM\PycharmProjects\pythonProject14\projert1 - FILS DE CABLE - Quantite">
<suite id="s1-s1" name="test5-Quantité" source="C:\Users\Ilham BOURHAIM\PycharmProjects\pythonProject14\projert1 - FILS DE CABLE - Quantite\test5-Quantité.robot">
<test id="s1-s1-t1" name="Cables et fils electrique-Fils de cable" line="10">
<kw name="open the browser with URL" library="resources">
<kw name="Create Webdriver" library="SeleniumLibrary">
<arg>Chrome</arg>
<doc>Creates an instance of Selenium WebDriver.</doc>
<msg timestamp="20230317 11:25:23.839" level="INFO">Creating an instance of the Chrome WebDriver.</msg>
<status status="PASS" starttime="20230317 11:25:23.839" endtime="20230317 11:25:26.015"/>
</kw>
<kw name="Go To" library="SeleniumLibrary">
<arg>${URL}</arg>
<doc>Navigates the current browser window to the provided ``url``.</doc>
<msg timestamp="20230317 11:25:26.016" level="INFO">Opening url 'http://192.168.31.31/'</msg>
<status status="PASS" starttime="20230317 11:25:26.015" endtime="20230317 11:25:31.098"/>
</kw>
<kw name="Maximize Browser Window" library="SeleniumLibrary">
<doc>Maximizes current browser window.</doc>
<status status="PASS" starttime="20230317 11:25:31.099" endtime="20230317 11:25:31.217"/>
</kw>
<kw name="Sleep" library="BuiltIn">
<arg>6</arg>
<doc>Pauses the test executed for the given time.</doc>
<msg timestamp="20230317 11:25:37.219" level="INFO">Slept 6 seconds</msg>
<status status="PASS" starttime="20230317 11:25:31.218" endtime="20230317 11:25:37.219"/>
</kw>
<status status="PASS" starttime="20230317 11:25:23.837" endtime="20230317 11:25:37.219"/>
</kw>
<kw name="click an Cables et fils electrique-Fils de cable" library="clickAn">
<arg>${Categories}</arg>
<arg>${Câbles_fils}</arg>
<arg>${FILS_CABLE}</arg>
<kw name="Click Element" library="SeleniumLibrary">
<arg>${Categories}</arg>
<doc>Click the element identified by ``locator``.</doc>
<msg timestamp="20230317 11:25:37.222" level="INFO">Clicking element 'xpath://span[contains(text(),'Categories')]'.</msg>
<status status="PASS" starttime="20230317 11:25:37.221" endtime="20230317 11:25:37.337"/>
</kw>
<kw name="Sleep" library="BuiltIn">
<arg>5</arg>
<doc>Pauses the test executed for the given time.</doc>
<msg timestamp="20230317 11:25:42.339" level="INFO">Slept 5 seconds</msg>
<status status="PASS" starttime="20230317 11:25:37.337" endtime="20230317 11:25:42.339"/>
</kw>
<kw name="Click Element" library="SeleniumLibrary">
<arg>${Câbles_fils}</arg>
<doc>Click the element identified by ``locator``.</doc>
<msg timestamp="20230317 11:25:42.341" level="INFO">Clicking element 'xpath://header/div[1]/div[2]/div[1]/div[1]/ul[1]/li[2]/div[2]/div[1]/ul[1]/li[2]/a[1]'.</msg>
<status status="PASS" starttime="20230317 11:25:42.340" endtime="20230317 11:25:45.024"/>
</kw>
<kw name="Sleep" library="BuiltIn">
<arg>5</arg>
<doc>Pauses the test executed for the given time.</doc>
<msg timestamp="20230317 11:25:50.027" level="INFO">Slept 5 seconds</msg>
<status status="PASS" starttime="20230317 11:25:45.025" endtime="20230317 11:25:50.028"/>
</kw>
<kw name="Click Element" library="SeleniumLibrary">
<arg>${FILS_CABLE}</arg>
<doc>Click the element identified by ``locator``.</doc>
<msg timestamp="20230317 11:25:50.033" level="INFO">Clicking element 'css:body.page-template-default.page.page-id-837.theme-flatsome.woocommerce-js.yith-wcan-pro.lightbox.nav-dropdown-has-shadow.nav-dropdown-has-border.page-template-blank.page-template-blank-php:nth-child(2) div.content-area section.section:nth-child(3) div.section-content.relative:nth-child(2) div.row div.col.medium-4.small-12.large-4:nth-child(3) div.col-inner.box-shadow-3:nth-child(1) div.row.row-collapse div.col.medium-8.large-8:nth-child(2) div.col-inner h3:nth-child(2) &gt; a:nth-child(1)'.</msg>
<status status="PASS" starttime="20230317 11:25:50.030" endtime="20230317 11:25:55.164"/>
</kw>
<kw name="Sleep" library="BuiltIn">
<arg>5</arg>
<doc>Pauses the test executed for the given time.</doc>
<msg timestamp="20230317 11:26:00.165" level="INFO">Slept 5 seconds</msg>
<status status="PASS" starttime="20230317 11:25:55.164" endtime="20230317 11:26:00.165"/>
</kw>
<status status="PASS" starttime="20230317 11:25:37.220" endtime="20230317 11:26:00.166"/>
</kw>
<kw name="clicker sur un produit et voir le panier" library="Choose5_Quantite">
<arg>${clicker_Produit}</arg>
<arg>${Ajout_Panier}</arg>
<arg>${Voirr_Panier}</arg>
<kw name="Sleep" library="BuiltIn">
<arg>5</arg>
<doc>Pauses the test executed for the given time.</doc>
<msg timestamp="20230317 11:26:05.172" level="INFO">Slept 5 seconds</msg>
<status status="PASS" starttime="20230317 11:26:00.170" endtime="20230317 11:26:05.172"/>
</kw>
<kw name="Click Element" library="SeleniumLibrary">
<arg>${clicker_Produit}</arg>
<doc>Click the element identified by ``locator``.</doc>
<msg timestamp="20230317 11:26:05.174" level="INFO">Clicking element 'xpath://a[contains(text(),'cable souple 16mm')]'.</msg>
<status status="PASS" starttime="20230317 11:26:05.173" endtime="20230317 11:26:13.619"/>
</kw>
<kw name="Sleep" library="BuiltIn">
<arg>5</arg>
<doc>Pauses the test executed for the given time.</doc>
<msg timestamp="20230317 11:26:18.621" level="INFO">Slept 5 seconds</msg>
<status status="PASS" starttime="20230317 11:26:13.620" endtime="20230317 11:26:18.621"/>
</kw>
<kw name="Click Element" library="SeleniumLibrary">
<arg>${Ajout_Panier}</arg>
<doc>Click the element identified by ``locator``.</doc>
<msg timestamp="20230317 11:26:18.622" level="INFO">Clicking element 'xpath://button[contains(text(),'Ajouter au panier')]'.</msg>
<status status="PASS" starttime="20230317 11:26:18.621" endtime="20230317 11:26:24.324"/>
</kw>
<kw name="Sleep" library="BuiltIn">
<arg>3</arg>
<doc>Pauses the test executed for the given time.</doc>
<msg timestamp="20230317 11:26:27.327" level="INFO">Slept 3 seconds</msg>
<status status="PASS" starttime="20230317 11:26:24.324" endtime="20230317 11:26:27.327"/>
</kw>
<kw name="Click Element" library="SeleniumLibrary">
<arg>${Voirr_Panier}</arg>
<doc>Click the element identified by ``locator``.</doc>
<msg timestamp="20230317 11:26:27.333" level="INFO">Clicking element 'xpath://header/div[1]/div[1]/div[1]/div[4]/ul[1]/li[3]/ul[1]/li[1]/div[1]/p[2]/a[1]'.</msg>
<status status="PASS" starttime="20230317 11:26:27.329" endtime="20230317 11:26:29.786"/>
</kw>
<kw name="Sleep" library="BuiltIn">
<arg>5</arg>
<doc>Pauses the test executed for the given time.</doc>
<msg timestamp="20230317 11:26:34.786" level="INFO">Slept 5 seconds</msg>
<status status="PASS" starttime="20230317 11:26:29.786" endtime="20230317 11:26:34.786"/>
</kw>
<status status="PASS" starttime="20230317 11:26:00.167" endtime="20230317 11:26:34.787"/>
</kw>
<kw name="Eliminer le produit (0 Produits)" library="Choose5_Quantite">
<arg>${Soustracter_nbr_produit}</arg>
<arg>${Mettre_à_jour_panier}</arg>
<arg>${Retour_à_la_boutique}</arg>
<kw name="Click Element" library="SeleniumLibrary">
<arg>${Soustracter_nbr_produit}</arg>
<doc>Click the element identified by ``locator``.</doc>
<msg timestamp="20230317 11:26:34.793" level="INFO">Clicking element 'xpath://tbody/tr[1]/td[5]/div[1]/input[1]'.</msg>
<status status="PASS" starttime="20230317 11:26:34.791" endtime="20230317 11:26:34.898"/>
</kw>
<kw name="Sleep" library="BuiltIn">
<arg>3</arg>
<doc>Pauses the test executed for the given time.</doc>
<msg timestamp="20230317 11:26:37.898" level="INFO">Slept 3 seconds</msg>
<status status="PASS" starttime="20230317 11:26:34.898" endtime="20230317 11:26:37.898"/>
</kw>
<kw name="Click Element" library="SeleniumLibrary">
<arg>${Mettre_à_jour_panier}</arg>
<doc>Click the element identified by ``locator``.</doc>
<msg timestamp="20230317 11:26:37.907" level="INFO">Clicking element 'xpath: // button[contains(text(), 'Mettre à jour le panier')]'.</msg>
<status status="PASS" starttime="20230317 11:26:37.902" endtime="20230317 11:26:38.031"/>
</kw>
<kw name="Sleep" library="BuiltIn">
<arg>9</arg>
<doc>Pauses the test executed for the given time.</doc>
<msg timestamp="20230317 11:26:47.033" level="INFO">Slept 9 seconds</msg>
<status status="PASS" starttime="20230317 11:26:38.032" endtime="20230317 11:26:47.034"/>
</kw>
<kw name="Click Element" library="SeleniumLibrary">
<arg>${Retour_à_la_boutique}</arg>
<doc>Click the element identified by ``locator``.</doc>
<msg timestamp="20230317 11:26:47.035" level="INFO">Clicking element 'xpath://a[contains(text(),'Retour à la boutique')]'.</msg>
<status status="PASS" starttime="20230317 11:26:47.034" endtime="20230317 11:26:49.746"/>
</kw>
<kw name="Sleep" library="BuiltIn">
<arg>5</arg>
<doc>Pauses the test executed for the given time.</doc>
<msg timestamp="20230317 11:26:54.749" level="INFO">Slept 5 seconds</msg>
<status status="PASS" starttime="20230317 11:26:49.746" endtime="20230317 11:26:54.752"/>
</kw>
<kw name="Wait Until Element Is Visible" library="SeleniumLibrary">
<arg>${Categories}</arg>
<doc>Waits until the element ``locator`` is visible.</doc>
<status status="PASS" starttime="20230317 11:26:54.753" endtime="20230317 11:26:54.851"/>
</kw>
<kw name="Sleep" library="BuiltIn">
<arg>3</arg>
<doc>Pauses the test executed for the given time.</doc>
<msg timestamp="20230317 11:26:57.854" level="INFO">Slept 3 seconds</msg>
<status status="PASS" starttime="20230317 11:26:54.852" endtime="20230317 11:26:57.854"/>
</kw>
<kw name="Click Element" library="SeleniumLibrary">
<arg>${Accessoires_de_cablages}</arg>
<doc>Click the element identified by ``locator``.</doc>
<msg timestamp="20230317 11:26:57.862" level="INFO">Clicking element 'xpath://span[contains(text(),'Accessoires de cablages')]'.</msg>
<status status="PASS" starttime="20230317 11:26:57.856" endtime="20230317 11:26:59.197"/>
</kw>
<kw name="Sleep" library="BuiltIn">
<arg>4</arg>
<doc>Pauses the test executed for the given time.</doc>
<msg timestamp="20230317 11:27:03.199" level="INFO">Slept 4 seconds</msg>
<status status="PASS" starttime="20230317 11:26:59.198" endtime="20230317 11:27:03.200"/>
</kw>
<kw name="Wait Until Element Is Visible" library="SeleniumLibrary">
<arg>${PRODUITS_4_Fils_de_cable}</arg>
<doc>Waits until the element ``locator`` is visible.</doc>
<status status="PASS" starttime="20230317 11:27:03.202" endtime="20230317 11:27:03.247"/>
</kw>
<status status="PASS" starttime="20230317 11:26:34.788" endtime="20230317 11:27:03.248"/>
</kw>
<status status="PASS" starttime="20230317 11:25:23.837" endtime="20230317 11:27:03.248"/>
</test>
<doc>Cables et fils electrique-Fils de cable_Partie de Commande</doc>
<status status="PASS" starttime="20230317 11:25:23.414" endtime="20230317 11:27:03.249"/>
</suite>
<status status="PASS" starttime="20230317 11:25:23.387" endtime="20230317 11:27:03.251"/>
</suite>
<statistics>
<total>
<stat pass="1" fail="0" skip="0">All Tests</stat>
</total>
<tag>
</tag>
<suite>
<stat pass="1" fail="0" skip="0" id="s1" name="projert1 - FILS DE CABLE - Quantite">projert1 - FILS DE CABLE - Quantite</stat>
<stat pass="1" fail="0" skip="0" id="s1-s1" name="test5-Quantité">projert1 - FILS DE CABLE - Quantite.test5-Quantité</stat>
</suite>
</statistics>
<errors>
</errors>
</robot>
