<?xml version="1.0" encoding="UTF-8"?>
<robot generator="Robot 6.0.1 (Python 3.11.1 on win32)" generated="20230313 14:41:54.835" rpa="false" schemaversion="3">
<suite id="s1" name="projert1 - FILS DE CABLE - Quantite" source="C:\Users\Ilham BOURHAIM\PycharmProjects\pythonProject13\projert1 - FILS DE CABLE - Quantite">
<suite id="s1-s1" name="test2-Quantité" source="C:\Users\Ilham BOURHAIM\PycharmProjects\pythonProject13\projert1 - FILS DE CABLE - Quantite\test2-Quantité.robot">
<test id="s1-s1-t1" name="Cables et fils electrique-Fils de cable" line="10">
<kw name="open the browser with URL" library="resources">
<kw name="Create Webdriver" library="SeleniumLibrary">
<arg>Chrome</arg>
<doc>Creates an instance of Selenium WebDriver.</doc>
<msg timestamp="20230313 14:41:55.304" level="INFO">Creating an instance of the Chrome WebDriver.</msg>
<status status="PASS" starttime="20230313 14:41:55.304" endtime="20230313 14:42:00.804"/>
</kw>
<kw name="Go To" library="SeleniumLibrary">
<arg>${URL}</arg>
<doc>Navigates the current browser window to the provided ``url``.</doc>
<msg timestamp="20230313 14:42:00.806" level="INFO">Opening url 'http://192.168.31.31/'</msg>
<status status="PASS" starttime="20230313 14:42:00.805" endtime="20230313 14:42:02.842"/>
</kw>
<kw name="Maximize Browser Window" library="SeleniumLibrary">
<doc>Maximizes current browser window.</doc>
<status status="PASS" starttime="20230313 14:42:02.843" endtime="20230313 14:42:02.970"/>
</kw>
<kw name="Sleep" library="BuiltIn">
<arg>6</arg>
<doc>Pauses the test executed for the given time.</doc>
<msg timestamp="20230313 14:42:08.971" level="INFO">Slept 6 seconds</msg>
<status status="PASS" starttime="20230313 14:42:02.971" endtime="20230313 14:42:08.971"/>
</kw>
<status status="PASS" starttime="20230313 14:41:55.299" endtime="20230313 14:42:08.971"/>
</kw>
<kw name="click an Cables et fils electrique-Fils de cable" library="clickAn">
<arg>${Categories}</arg>
<arg>${Câbles_fils}</arg>
<arg>${FILS_CABLE}</arg>
<kw name="Click Element" library="SeleniumLibrary">
<arg>${Categories}</arg>
<doc>Click the element identified by ``locator``.</doc>
<msg timestamp="20230313 14:42:08.973" level="INFO">Clicking element 'xpath://span[contains(text(),'Categories')]'.</msg>
<status status="PASS" starttime="20230313 14:42:08.972" endtime="20230313 14:42:09.048"/>
</kw>
<kw name="Sleep" library="BuiltIn">
<arg>5</arg>
<doc>Pauses the test executed for the given time.</doc>
<msg timestamp="20230313 14:42:14.050" level="INFO">Slept 5 seconds</msg>
<status status="PASS" starttime="20230313 14:42:09.048" endtime="20230313 14:42:14.050"/>
</kw>
<kw name="Click Element" library="SeleniumLibrary">
<arg>${Câbles_fils}</arg>
<doc>Click the element identified by ``locator``.</doc>
<msg timestamp="20230313 14:42:14.053" level="INFO">Clicking element 'xpath://header/div[1]/div[2]/div[1]/div[1]/ul[1]/li[2]/div[2]/div[1]/ul[1]/li[2]/a[1]'.</msg>
<status status="PASS" starttime="20230313 14:42:14.052" endtime="20230313 14:42:15.326"/>
</kw>
<kw name="Sleep" library="BuiltIn">
<arg>5</arg>
<doc>Pauses the test executed for the given time.</doc>
<msg timestamp="20230313 14:42:20.327" level="INFO">Slept 5 seconds</msg>
<status status="PASS" starttime="20230313 14:42:15.326" endtime="20230313 14:42:20.327"/>
</kw>
<kw name="Click Element" library="SeleniumLibrary">
<arg>${FILS_CABLE}</arg>
<doc>Click the element identified by ``locator``.</doc>
<msg timestamp="20230313 14:42:20.329" level="INFO">Clicking element 'css:body.page-template-default.page.page-id-837.theme-flatsome.woocommerce-js.yith-wcan-pro.lightbox.nav-dropdown-has-shadow.nav-dropdown-has-border.page-template-blank.page-template-blank-php:nth-child(2) div.content-area section.section:nth-child(3) div.section-content.relative:nth-child(2) div.row div.col.medium-4.small-12.large-4:nth-child(3) div.col-inner.box-shadow-3:nth-child(1) div.row.row-collapse div.col.medium-8.large-8:nth-child(2) div.col-inner h3:nth-child(2) &gt; a:nth-child(1)'.</msg>
<status status="PASS" starttime="20230313 14:42:20.328" endtime="20230313 14:42:27.609"/>
</kw>
<kw name="Sleep" library="BuiltIn">
<arg>5</arg>
<doc>Pauses the test executed for the given time.</doc>
<msg timestamp="20230313 14:42:32.611" level="INFO">Slept 5 seconds</msg>
<status status="PASS" starttime="20230313 14:42:27.609" endtime="20230313 14:42:32.611"/>
</kw>
<status status="PASS" starttime="20230313 14:42:08.971" endtime="20230313 14:42:32.611"/>
</kw>
<kw name="clicker sur un produit et voir le panier" library="Choose2_Quantite">
<arg>${clicker_Produit}</arg>
<arg>${Ajout_Panier}</arg>
<arg>${Voirr_Panier}</arg>
<kw name="Sleep" library="BuiltIn">
<arg>5</arg>
<doc>Pauses the test executed for the given time.</doc>
<msg timestamp="20230313 14:42:37.615" level="INFO">Slept 5 seconds</msg>
<status status="PASS" starttime="20230313 14:42:32.613" endtime="20230313 14:42:37.615"/>
</kw>
<kw name="Click Element" library="SeleniumLibrary">
<arg>${clicker_Produit}</arg>
<doc>Click the element identified by ``locator``.</doc>
<msg timestamp="20230313 14:42:37.618" level="INFO">Clicking element 'xpath://a[contains(text(),'cable souple 16mm')]'.</msg>
<status status="PASS" starttime="20230313 14:42:37.616" endtime="20230313 14:42:45.221"/>
</kw>
<kw name="Sleep" library="BuiltIn">
<arg>5</arg>
<doc>Pauses the test executed for the given time.</doc>
<msg timestamp="20230313 14:42:50.222" level="INFO">Slept 5 seconds</msg>
<status status="PASS" starttime="20230313 14:42:45.221" endtime="20230313 14:42:50.222"/>
</kw>
<kw name="Click Element" library="SeleniumLibrary">
<arg>${Ajout_Panier}</arg>
<doc>Click the element identified by ``locator``.</doc>
<msg timestamp="20230313 14:42:50.225" level="INFO">Clicking element 'xpath://button[contains(text(),'Ajouter au panier')]'.</msg>
<status status="PASS" starttime="20230313 14:42:50.223" endtime="20230313 14:42:58.407"/>
</kw>
<kw name="Sleep" library="BuiltIn">
<arg>3</arg>
<doc>Pauses the test executed for the given time.</doc>
<msg timestamp="20230313 14:43:01.409" level="INFO">Slept 3 seconds</msg>
<status status="PASS" starttime="20230313 14:42:58.407" endtime="20230313 14:43:01.409"/>
</kw>
<kw name="Click Element" library="SeleniumLibrary">
<arg>${Voirr_Panier}</arg>
<doc>Click the element identified by ``locator``.</doc>
<msg timestamp="20230313 14:43:01.411" level="INFO">Clicking element 'xpath://header/div[1]/div[1]/div[1]/div[4]/ul[1]/li[3]/ul[1]/li[1]/div[1]/p[2]/a[1]'.</msg>
<status status="PASS" starttime="20230313 14:43:01.409" endtime="20230313 14:43:10.167"/>
</kw>
<kw name="Sleep" library="BuiltIn">
<arg>5</arg>
<doc>Pauses the test executed for the given time.</doc>
<msg timestamp="20230313 14:43:15.168" level="INFO">Slept 5 seconds</msg>
<status status="PASS" starttime="20230313 14:43:10.168" endtime="20230313 14:43:15.168"/>
</kw>
<status status="PASS" starttime="20230313 14:42:32.612" endtime="20230313 14:43:15.170"/>
</kw>
<kw name="Eliminer le produit (0 Produits)" library="Choose2_Quantite">
<arg>${Soustracter_nbr_produit}</arg>
<arg>${Mettre_à_jour_panier}</arg>
<arg>${Retour_à_la_boutique}</arg>
<kw name="Click Element" library="SeleniumLibrary">
<arg>${Soustracter_nbr_produit}</arg>
<doc>Click the element identified by ``locator``.</doc>
<msg timestamp="20230313 14:43:15.172" level="INFO">Clicking element 'xpath://tbody/tr[1]/td[5]/div[1]/input[1]'.</msg>
<status status="PASS" starttime="20230313 14:43:15.171" endtime="20230313 14:43:15.284"/>
</kw>
<kw name="Sleep" library="BuiltIn">
<arg>3</arg>
<doc>Pauses the test executed for the given time.</doc>
<msg timestamp="20230313 14:43:18.286" level="INFO">Slept 3 seconds</msg>
<status status="PASS" starttime="20230313 14:43:15.285" endtime="20230313 14:43:18.287"/>
</kw>
<kw name="Click Element" library="SeleniumLibrary">
<arg>${Mettre_à_jour_panier}</arg>
<doc>Click the element identified by ``locator``.</doc>
<msg timestamp="20230313 14:43:18.302" level="INFO">Clicking element 'xpath: // button[contains(text(), 'Mettre à jour le panier')]'.</msg>
<status status="PASS" starttime="20230313 14:43:18.288" endtime="20230313 14:43:18.417"/>
</kw>
<kw name="Sleep" library="BuiltIn">
<arg>7</arg>
<doc>Pauses the test executed for the given time.</doc>
<msg timestamp="20230313 14:43:25.418" level="INFO">Slept 7 seconds</msg>
<status status="PASS" starttime="20230313 14:43:18.418" endtime="20230313 14:43:25.418"/>
</kw>
<kw name="Click Element" library="SeleniumLibrary">
<arg>${Retour_à_la_boutique}</arg>
<doc>Click the element identified by ``locator``.</doc>
<msg timestamp="20230313 14:43:25.421" level="INFO">Clicking element 'xpath://a[contains(text(),'Retour à la boutique')]'.</msg>
<msg timestamp="20230313 14:43:25.594" level="INFO" html="true">&lt;/td&gt;&lt;/tr&gt;&lt;tr&gt;&lt;td colspan="3"&gt;&lt;a href="selenium-screenshot-1.png"&gt;&lt;img src="selenium-screenshot-1.png" width="800px"&gt;&lt;/a&gt;</msg>
<msg timestamp="20230313 14:43:25.594" level="FAIL">Element with locator 'xpath://a[contains(text(),'Retour à la boutique')]' not found.</msg>
<status status="FAIL" starttime="20230313 14:43:25.419" endtime="20230313 14:43:25.619"/>
</kw>
<kw name="Sleep" library="BuiltIn">
<arg>5</arg>
<doc>Pauses the test executed for the given time.</doc>
<status status="NOT RUN" starttime="20230313 14:43:25.620" endtime="20230313 14:43:25.620"/>
</kw>
<kw name="Wait Until Element Is Visible" library="SeleniumLibrary">
<arg>${Categories}</arg>
<doc>Waits until the element ``locator`` is visible.</doc>
<status status="NOT RUN" starttime="20230313 14:43:25.620" endtime="20230313 14:43:25.620"/>
</kw>
<kw name="Sleep" library="BuiltIn">
<arg>3</arg>
<doc>Pauses the test executed for the given time.</doc>
<status status="NOT RUN" starttime="20230313 14:43:25.620" endtime="20230313 14:43:25.620"/>
</kw>
<kw name="Click Element" library="SeleniumLibrary">
<arg>${Câbles_plats}</arg>
<doc>Click the element identified by ``locator``.</doc>
<status status="NOT RUN" starttime="20230313 14:43:25.621" endtime="20230313 14:43:25.621"/>
</kw>
<kw name="Sleep" library="BuiltIn">
<arg>4</arg>
<doc>Pauses the test executed for the given time.</doc>
<status status="NOT RUN" starttime="20230313 14:43:25.621" endtime="20230313 14:43:25.621"/>
</kw>
<kw name="Wait Until Element Is Visible" library="SeleniumLibrary">
<arg>${PRODUITS_1_Câbles_assembles}</arg>
<doc>Waits until the element ``locator`` is visible.</doc>
<status status="NOT RUN" starttime="20230313 14:43:25.621" endtime="20230313 14:43:25.621"/>
</kw>
<status status="FAIL" starttime="20230313 14:43:15.170" endtime="20230313 14:43:25.622"/>
</kw>
<status status="FAIL" starttime="20230313 14:41:55.299" endtime="20230313 14:43:25.622">Element with locator 'xpath://a[contains(text(),'Retour à la boutique')]' not found.</status>
</test>
<doc>Cables et fils electrique-Fils de cable_Partie de Commande</doc>
<status status="FAIL" starttime="20230313 14:41:54.891" endtime="20230313 14:43:25.623"/>
</suite>
<status status="FAIL" starttime="20230313 14:41:54.859" endtime="20230313 14:43:25.626"/>
</suite>
<statistics>
<total>
<stat pass="0" fail="1" skip="0">All Tests</stat>
</total>
<tag>
</tag>
<suite>
<stat pass="0" fail="1" skip="0" id="s1" name="projert1 - FILS DE CABLE - Quantite">projert1 - FILS DE CABLE - Quantite</stat>
<stat pass="0" fail="1" skip="0" id="s1-s1" name="test2-Quantité">projert1 - FILS DE CABLE - Quantite.test2-Quantité</stat>
</suite>
</statistics>
<errors>
</errors>
</robot>
